[0.049s] Invoking command in '/Users/howardkang/auto_car/build/yolobot_algo': CONDA_PROMPT_MODIFIER=(ros2) SHLVL=2 _=/Users/howardkang/miniconda3/envs/ros2/bin/env __CF_USER_TEXT_ENCODING=0x1F5:0x0:0x0 /Users/howardkang/miniconda3/envs/ros2/bin/cmake --build /Users/howardkang/auto_car/build/yolobot_algo -- -j8 -l8
[0.211s] [  2%] Built target yolobot_algo__cpp
[0.252s] [ 12%] Built target yolobot_algo__rosidl_generator_c
[0.329s] [ 12%] Built target ament_cmake_python_symlink_yolobot_algo
[0.405s] [ 23%] Built target yolobot_algo__rosidl_typesupport_introspection_cpp
[0.409s] [ 33%] Built target yolobot_algo__rosidl_typesupport_fastrtps_cpp
[0.419s] [ 43%] Built target yolobot_algo__rosidl_typesupport_cpp
[0.459s] [ 58%] Built target yolobot_algo__rosidl_typesupport_c
[0.464s] [ 74%] Built target yolobot_algo__rosidl_typesupport_fastrtps_c
[0.464s] [ 74%] Built target yolobot_algo__rosidl_typesupport_introspection_c
[0.502s] [ 74%] Built target yolobot_algo
[0.545s] [ 76%] Built target yolobot_algo__py
[0.591s] [ 84%] Built target yolobot_algo__rosidl_generator_py
[0.654s] [ 94%] Built target yolobot_algo__rosidl_typesupport_fastrtps_c__pyext
[0.654s] [ 94%] Built target yolobot_algo__rosidl_typesupport_c__pyext
[0.654s] [100%] Built target yolobot_algo__rosidl_typesupport_introspection_c__pyext
[0.901s] running egg_info
[0.940s] writing yolobot_algo.egg-info/PKG-INFO
[0.968s] writing dependency_links to yolobot_algo.egg-info/dependency_links.txt
[1.145s] writing top-level names to yolobot_algo.egg-info/top_level.txt
[1.215s] reading manifest file 'yolobot_algo.egg-info/SOURCES.txt'
[1.216s] writing manifest file 'yolobot_algo.egg-info/SOURCES.txt'
[1.250s] [100%] Built target ament_cmake_python_build_yolobot_algo_egg
[1.267s] Invoked command in '/Users/howardkang/auto_car/build/yolobot_algo' returned '0': CONDA_PROMPT_MODIFIER=(ros2) SHLVL=2 _=/Users/howardkang/miniconda3/envs/ros2/bin/env __CF_USER_TEXT_ENCODING=0x1F5:0x0:0x0 /Users/howardkang/miniconda3/envs/ros2/bin/cmake --build /Users/howardkang/auto_car/build/yolobot_algo -- -j8 -l8
