[0.000000] (-) TimerEvent: {}
[0.000114] (-) JobUnselected: {'identifier': 'my_package'}
[0.000290] (-) JobUnselected: {'identifier': 'urdf_example'}
[0.000354] (yolov8_interface) JobQueued: {'identifier': 'yolov8_interface', 'dependencies': OrderedDict()}
[0.000373] (yolov8_interface) JobStarted: {'identifier': 'yolov8_interface'}
[0.036573] (yolov8_interface) JobProgress: {'identifier': 'yolov8_interface', 'progress': 'cmake'}
[0.036836] (yolov8_interface) Command: {'cmd': ['/Users/howardkang/miniconda3/envs/ros2/bin/cmake', '/Users/howardkang/auto_car/src/yolov8_interface', '-DCMAKE_INSTALL_PREFIX=/Users/howardkang/auto_car/install/yolov8_interface'], 'cwd': '/Users/howardkang/auto_car/build/yolov8_interface', 'env': OrderedDict([('AS', 'arm64-apple-darwin20.0.0-as'), ('AR', 'arm64-apple-darwin20.0.0-ar'), ('LDFLAGS', '-Wl,-pie -Wl,-headerpad_max_install_names -Wl,-dead_strip_dylibs -Wl,-rpath,/Users/howardkang/miniconda3/envs/ros2/lib -L/Users/howardkang/miniconda3/envs/ros2/lib'), ('ac_cv_func_malloc_0_nonnull', 'yes'), ('TERM_PROGRAM', 'Apple_Terminal'), ('GDAL_DRIVER_PATH', '/Users/howardkang/miniconda3/envs/ros2/lib/gdalplugins'), ('ac_cv_func_realloc_0_nonnull', 'yes'), ('PROJ_DATA', '/Users/howardkang/miniconda3/envs/ros2/share/proj'), ('GEM_HOME', '/Users/howardkang/miniconda3/envs/ros2/share/rubygems/'), ('TERM', 'xterm-256color'), ('SHELL', '/bin/bash'), ('HOST', 'arm64-apple-darwin20.0.0'), ('OBJC', 'arm64-apple-darwin20.0.0-clang'), ('NM', 'arm64-apple-darwin20.0.0-nm'), ('TMPDIR', '/var/folders/gt/yt8_jftd34j813fpcqn_mz500000gn/T/'), ('CPPFLAGS', '-D_FORTIFY_SOURCE=2 -isystem /Users/howardkang/miniconda3/envs/ros2/include'), ('CONDA_SHLVL', '2'), ('PAGESTUFF', 'arm64-apple-darwin20.0.0-pagestuff'), ('TERM_PROGRAM_VERSION', '452'), ('CONDA_PROMPT_MODIFIER', '(ros2)'), ('LIPO', 'arm64-apple-darwin20.0.0-lipo'), ('GAZEBO_MODEL_PATH', '/Users/howardkang/miniconda3/envs/ros2/share/gazebo-11/models:'), ('NMEDIT', 'arm64-apple-darwin20.0.0-nmedit'), ('SIZE', 'arm64-apple-darwin20.0.0-size'), ('GSETTINGS_SCHEMA_DIR_CONDA_BACKUP', ''), ('SDKROOT', '/Library/Developer/CommandLineTools/SDKs/MacOSX.sdk'), ('ROS_PYTHON_VERSION', '3'), ('TERM_SESSION_ID', '49F1C21A-8D21-4E8F-B152-A3FA27DD9FA7'), ('ROS_VERSION', '2'), ('INSTALL_NAME_TOOL', 'arm64-apple-darwin20.0.0-install_name_tool'), ('CXX_FOR_BUILD', '/Users/howardkang/miniconda3/envs/ros2/bin/arm64-apple-darwin20.0.0-clang++'), ('AMENT_PREFIX_PATH', '/Users/howardkang/miniconda3/envs/ros2'), ('GFORTRAN', '/Users/howardkang/miniconda3/envs/ros2/bin/arm64-apple-darwin20.0.0-gfortran'), ('SEGEDIT', 'arm64-apple-darwin20.0.0-segedit'), ('USER', 'howardkang'), ('SEG_HACK', 'arm64-apple-darwin20.0.0-seg_hack'), ('LD_LIBRARY_PATH', ':/Users/howardkang/miniconda3/envs/ros2/lib/gazebo-11/plugins:'), ('LIBTOOL', 'arm64-apple-darwin20.0.0-libtool'), ('CLANGXX', 'arm64-apple-darwin20.0.0-clang++'), ('CONDA_EXE', '/Users/howardkang/miniconda3/bin/conda'), ('FC_FOR_BUILD', '/Users/howardkang/miniconda3/envs/ros2/bin/arm64-apple-darwin20.0.0-gfortran'), ('CONDA_TOOLCHAIN_BUILD', 'arm64-apple-darwin20.0.0'), ('OTOOL', 'arm64-apple-darwin20.0.0-otool'), ('SSH_AUTH_SOCK', '/private/tmp/com.apple.launchd.wk9mgPo29b/Listeners'), ('__CF_USER_TEXT_ENCODING', '0x1F5:0x0:0x0'), ('DEBUG_FORTRANFLAGS', '-march=armv8.3-a -ftree-vectorize -fPIC -fno-stack-protector -O2 -pipe -isystem /Users/howardkang/miniconda3/envs/ros2/include -march=armv8.3-a -ftree-vectorize -fPIC -fno-stack-protector -O2 -pipe -Og -g -Wall -Wextra -fcheck=all -fbacktrace -fimplicit-none -fvar-tracking-assignments'), ('CXXFLAGS', '-ftree-vectorize -fPIC -fPIE -fstack-protector-strong -O2 -pipe -stdlib=libc++ -fvisibility-inlines-hidden -fmessage-length=0 -isystem /Users/howardkang/miniconda3/envs/ros2/include'), ('ROS_OS_OVERRIDE', 'conda:osx'), ('CONDA_TOOLCHAIN_HOST', 'arm64-apple-darwin20.0.0'), ('STRINGS', 'arm64-apple-darwin20.0.0-strings'), ('_CE_CONDA', ''), ('CONDA_PREFIX_1', '/Users/howardkang/miniconda3'), ('CHECKSYMS', 'arm64-apple-darwin20.0.0-checksyms'), ('PATH', '/Users/howardkang/miniconda3/envs/ros2/share/rubygems/bin:/Users/howardkang/miniconda3/envs/ros2/bin:/Users/howardkang/miniconda3/condabin:/usr/local/bin:/your/jupyterlab/directory:/Users/howardkang/Library/Python/3.9/lib/python/site-packages:/Users/howardkang/.local/bin:/usr/bin:/bin:/usr/sbin:/sbin:/usr/local/bin:/usr$'), ('MAVEN_HOME', '/Users/howardkang/apache-maven-3.9.5'), ('GAZEBO_RESOURCE_PATH', '/Users/howardkang/miniconda3/envs/ros2/share/gazebo-11:'), ('CPL_ZIP_ENCODING', 'UTF-8'), ('MESON_ARGS', '--buildtype release'), ('GSETTINGS_SCHEMA_DIR', '/Users/howardkang/miniconda3/envs/ros2/share/glib-2.0/schemas'), ('PROJ_NETWORK', 'ON'), ('XML_CATALOG_FILES', 'file:///Users/howardkang/miniconda3/envs/ros2/etc/xml/catalog file:///etc/xml/catalog'), ('__CFBundleIdentifier', 'com.apple.Terminal'), ('CONDA_PREFIX', '/Users/howardkang/miniconda3/envs/ros2'), ('LD', 'arm64-apple-darwin20.0.0-ld'), ('BUILD', 'arm64-apple-darwin20.0.0'), ('DEBUG_CXXFLAGS', '-ftree-vectorize -fPIC -fPIE -fstack-protector-strong -O2 -pipe -stdlib=libc++ -fvisibility-inlines-hidden -fmessage-length=0 -Og -g -Wall -Wextra -isystem /Users/howardkang/miniconda3/envs/ros2/include'), ('PWD', '/Users/howardkang/auto_car/build/yolov8_interface'), ('F90', '/Users/howardkang/miniconda3/envs/ros2/bin/arm64-apple-darwin20.0.0-gfortran'), ('COLCON', '1'), ('STRIP', 'arm64-apple-darwin20.0.0-strip'), ('OGRE_RESOURCE_PATH', '/Users/howardkang/miniconda3/envs/ros2/lib/OGRE'), ('CMAKE_ARGS', '-DCMAKE_AR=/Users/howardkang/miniconda3/envs/ros2/bin/arm64-apple-darwin20.0.0-ar -DCMAKE_CXX_COMPILER_AR=/Users/howardkang/miniconda3/envs/ros2/bin/arm64-apple-darwin20.0.0-ar -DCMAKE_C_COMPILER_AR=/Users/howardkang/miniconda3/envs/ros2/bin/arm64-apple-darwin20.0.0-ar -DCMAKE_RANLIB=/Users/howardkang/miniconda3/envs/ros2/bin/arm64-apple-darwin20.0.0-ranlib -DCMAKE_CXX_COMPILER_RANLIB=/Users/howardkang/miniconda3/envs/ros2/bin/arm64-apple-darwin20.0.0-ranlib -DCMAKE_C_COMPILER_RANLIB=/Users/howardkang/miniconda3/envs/ros2/bin/arm64-apple-darwin20.0.0-ranlib -DCMAKE_LINKER=/Users/howardkang/miniconda3/envs/ros2/bin/arm64-apple-darwin20.0.0-ld -DCMAKE_STRIP=/Users/howardkang/miniconda3/envs/ros2/bin/arm64-apple-darwin20.0.0-strip -DCMAKE_INSTALL_NAME_TOOL=/Users/howardkang/miniconda3/envs/ros2/bin/arm64-apple-darwin20.0.0-install_name_tool -DCMAKE_LIBTOOL=/Users/howardkang/miniconda3/envs/ros2/bin/arm64-apple-darwin20.0.0-libtool -DCMAKE_BUILD_TYPE=Release -DCMAKE_OSX_SYSROOT=/Library/Developer/CommandLineTools/SDKs/MacOSX.sdk'), ('F95', '/Users/howardkang/miniconda3/envs/ros2/bin/arm64-apple-darwin20.0.0-gfortran'), ('GAZEBO_MASTER_URI', 'http://localhost:11345'), ('XPC_FLAGS', '0x0'), ('DEBUG_FFLAGS', '-march=armv8.3-a -ftree-vectorize -fPIC -fno-stack-protector -O2 -pipe -isystem /Users/howardkang/miniconda3/envs/ros2/include -march=armv8.3-a -ftree-vectorize -fPIC -fno-stack-protector -O2 -pipe -Og -g -Wall -Wextra -fcheck=all -fbacktrace -fimplicit-none -fvar-tracking-assignments'), ('RMW_IMPLEMENTATION', 'rmw_cyclonedds_cpp'), ('F77', '/Users/howardkang/miniconda3/envs/ros2/bin/arm64-apple-darwin20.0.0-gfortran'), ('REDO_PREBINDING', 'arm64-apple-darwin20.0.0-redo_prebinding'), ('GDAL_DATA', '/Users/howardkang/miniconda3/envs/ros2/share/gdal'), ('XPC_SERVICE_NAME', '0'), ('_CE_M', ''), ('CLANG', 'arm64-apple-darwin20.0.0-clang'), ('CC_FOR_BUILD', '/Users/howardkang/miniconda3/envs/ros2/bin/arm64-apple-darwin20.0.0-clang'), ('CXX', 'arm64-apple-darwin20.0.0-clang++'), ('HOME', '/Users/howardkang'), ('SHLVL', '2'), ('OPENSSL_ROOT_DIR', '/opt/homebrew/opt/openssl@3'), ('ROS_DISTRO', 'humble'), ('FORTRANFLAGS', '-march=armv8.3-a -ftree-vectorize -fPIC -fno-stack-protector -O2 -pipe -isystem /Users/howardkang/miniconda3/envs/ros2/include'), ('CFLAGS', '-ftree-vectorize -fPIC -fPIE -fstack-protector-strong -O2 -pipe -isystem /Users/howardkang/miniconda3/envs/ros2/include'), ('FC', '/Users/howardkang/miniconda3/envs/ros2/bin/arm64-apple-darwin20.0.0-gfortran'), ('_CONDA_PYTHON_SYSCONFIGDATA_NAME', '_sysconfigdata_arm64_apple_darwin20_0_0'), ('GAZEBO_PLUGIN_PATH', '/Users/howardkang/miniconda3/envs/ros2/lib/gazebo-11/plugins:'), ('LOGNAME', 'howardkang'), ('CONDA_PYTHON_EXE', '/Users/howardkang/miniconda3/bin/python'), ('PYTHONPATH', '/Users/howardkang/miniconda3/envs/ros2/lib/python310/site-packages:/Users/howardkang/miniconda3/envs/ros2/lib/python3.10/site-packages'), ('M1_HOME', '/Users/pankaj/Downloads/apache-maven-3.9.5'), ('LC_CTYPE', 'UTF-8'), ('build_alias', 'arm64-apple-darwin20.0.0'), ('CONDA_DEFAULT_ENV', 'ros2'), ('GAZEBO_MODEL_DATABASE_URI', 'http://models.gazebosim.org'), ('RANLIB', 'arm64-apple-darwin20.0.0-ranlib'), ('DEBUG_CFLAGS', '-ftree-vectorize -fPIC -fPIE -fstack-protector-strong -O2 -pipe -Og -g -Wall -Wextra -isystem /Users/howardkang/miniconda3/envs/ros2/include'), ('SEG_ADDR_TABLE', 'arm64-apple-darwin20.0.0-seg_addr_table'), ('CC', 'arm64-apple-darwin20.0.0-clang'), ('CMAKE_PREFIX_PATH', ':/Users/howardkang/miniconda3/envs/ros2'), ('host_alias', 'arm64-apple-darwin20.0.0'), ('ROS_LOCALHOST_ONLY', '0'), ('LDFLAGS_LD', '-pie -headerpad_max_install_names -dead_strip_dylibs -rpath /Users/howardkang/miniconda3/envs/ros2/lib -L/Users/howardkang/miniconda3/envs/ros2/lib'), ('FFLAGS', '-march=armv8.3-a -ftree-vectorize -fPIC -fno-stack-protector -O2 -pipe -isystem /Users/howardkang/miniconda3/envs/ros2/include'), ('OBJC_FOR_BUILD', '/Users/howardkang/miniconda3/envs/ros2/bin/arm64-apple-darwin20.0.0-clang'), ('ROS_ETC_DIR', '/Users/howardkang/miniconda3/envs/ros2/etc/ros'), ('_', '/Users/howardkang/miniconda3/envs/ros2/bin/env')]), 'shell': False}
[0.104589] (-) TimerEvent: {}
[0.209708] (-) TimerEvent: {}
[0.314797] (-) TimerEvent: {}
[0.419918] (-) TimerEvent: {}
[0.462233] (yolov8_interface) StdoutLine: {'line': b'-- The C compiler identification is Clang 16.0.1\n'}
[0.524943] (-) TimerEvent: {}
[0.539903] (yolov8_interface) StdoutLine: {'line': b'-- The CXX compiler identification is Clang 16.0.1\n'}
[0.549320] (yolov8_interface) StdoutLine: {'line': b'-- Detecting C compiler ABI info\n'}
[0.629999] (-) TimerEvent: {}
[0.683208] (yolov8_interface) StdoutLine: {'line': b'-- Detecting C compiler ABI info - done\n'}
[0.686560] (yolov8_interface) StdoutLine: {'line': b'-- Check for working C compiler: /Users/howardkang/miniconda3/envs/ros2/bin/arm64-apple-darwin20.0.0-clang - skipped\n'}
[0.686921] (yolov8_interface) StdoutLine: {'line': b'-- Detecting C compile features\n'}
[0.687316] (yolov8_interface) StdoutLine: {'line': b'-- Detecting C compile features - done\n'}
[0.691645] (yolov8_interface) StdoutLine: {'line': b'-- Detecting CXX compiler ABI info\n'}
[0.734112] (-) TimerEvent: {}
[0.814325] (yolov8_interface) StdoutLine: {'line': b'-- Detecting CXX compiler ABI info - done\n'}
[0.817776] (yolov8_interface) StdoutLine: {'line': b'-- Check for working CXX compiler: /Users/howardkang/miniconda3/envs/ros2/bin/arm64-apple-darwin20.0.0-clang++ - skipped\n'}
[0.817994] (yolov8_interface) StdoutLine: {'line': b'-- Detecting CXX compile features\n'}
[0.818333] (yolov8_interface) StdoutLine: {'line': b'-- Detecting CXX compile features - done\n'}
[0.838060] (-) TimerEvent: {}
[0.943127] (-) TimerEvent: {}
[1.048239] (-) TimerEvent: {}
[1.153329] (-) TimerEvent: {}
[1.159373] (yolov8_interface) StdoutLine: {'line': b'-- Found Python3: /Users/howardkang/miniconda3/envs/ros2/bin/python3.10 (found version "3.10.13") found components: Interpreter \n'}
[1.183137] (yolov8_interface) StdoutLine: {'line': b'-- Found ament_cmake: 1.3.3 (/Users/howardkang/miniconda3/envs/ros2/share/ament_cmake/cmake)\n'}
[1.258389] (-) TimerEvent: {}
[1.363474] (-) TimerEvent: {}
[1.380456] (yolov8_interface) StdoutLine: {'line': b'-- Found rosidl_default_generators: 1.2.0 (/Users/howardkang/miniconda3/envs/ros2/share/rosidl_default_generators/cmake)\n'}
[1.391291] (yolov8_interface) StdoutLine: {'line': b'-- Using all available rosidl_typesupport_c: rosidl_typesupport_fastrtps_c;rosidl_typesupport_introspection_c\n'}
[1.415772] (yolov8_interface) StdoutLine: {'line': b'-- Found rosidl_adapter: 3.1.4 (/Users/howardkang/miniconda3/envs/ros2/share/rosidl_adapter/cmake)\n'}
[1.468483] (-) TimerEvent: {}
[1.507508] (yolov8_interface) StdoutLine: {'line': b'-- Using all available rosidl_typesupport_cpp: rosidl_typesupport_fastrtps_cpp;rosidl_typesupport_introspection_cpp\n'}
[1.573519] (-) TimerEvent: {}
[1.678618] (-) TimerEvent: {}
[1.713759] (yolov8_interface) StdoutLine: {'line': b'-- Found ament_cmake_ros: 0.10.0 (/Users/howardkang/miniconda3/envs/ros2/share/ament_cmake_ros/cmake)\n'}
[1.783651] (-) TimerEvent: {}
[1.792198] (yolov8_interface) StdoutLine: {'line': b'-- Using all available rosidl_typesupport_c: rosidl_typesupport_fastrtps_c;rosidl_typesupport_introspection_c\n'}
[1.862494] (yolov8_interface) StdoutLine: {'line': b'-- Using all available rosidl_typesupport_cpp: rosidl_typesupport_fastrtps_cpp;rosidl_typesupport_introspection_cpp\n'}
[1.876146] (yolov8_interface) StdoutLine: {'line': b'-- Found PythonInterp: /Users/howardkang/miniconda3/envs/ros2/bin/python3 (found suitable version "3.10.13", minimum required is "3.6") \n'}
[1.883896] (-) TimerEvent: {}
[1.883936] (yolov8_interface) StdoutLine: {'line': b'-- Found python_cmake_module: 0.10.0 (/Users/howardkang/miniconda3/envs/ros2/share/python_cmake_module/cmake)\n'}
[1.913707] (yolov8_interface) StdoutLine: {'line': b'-- Using PythonExtra_INCLUDE_DIRS: /Users/howardkang/miniconda3/envs/ros2/include/python3.10;/Users/howardkang/miniconda3/envs/ros2/include/python3.10\n'}
[1.937713] (yolov8_interface) StdoutLine: {'line': b'-- Using PythonExtra_LIBRARIES: /Users/howardkang/miniconda3/envs/ros2/lib/libpython3.10.dylib\n'}
[1.953434] (yolov8_interface) StdoutLine: {'line': b'-- Found PythonExtra: .so  \n'}
[1.988926] (-) TimerEvent: {}
[2.093994] (-) TimerEvent: {}
[2.199104] (-) TimerEvent: {}
[2.304207] (-) TimerEvent: {}
[2.409279] (-) TimerEvent: {}
[2.514381] (-) TimerEvent: {}
[2.619485] (-) TimerEvent: {}
[2.688489] (yolov8_interface) StdoutLine: {'line': b'-- Found Python3: /Users/howardkang/miniconda3/envs/ros2/bin/python3.10 (found version "3.10.13") found components: Development NumPy Interpreter Development.Module Development.Embed \n'}
[2.721589] (-) TimerEvent: {}
[2.721652] (yolov8_interface) StdoutLine: {'line': b'-- Found ament_lint_auto: 0.12.5 (/Users/howardkang/miniconda3/envs/ros2/share/ament_lint_auto/cmake)\n'}
[2.794474] (yolov8_interface) StdoutLine: {'line': b"-- Added test 'lint_cmake' to check CMake code style\n"}
[2.796514] (yolov8_interface) StdoutLine: {'line': b"-- Added test 'xmllint' to check XML markup files\n"}
[2.799861] (yolov8_interface) StdoutLine: {'line': b'-- Configuring done (2.7s)\n'}
[2.826619] (-) TimerEvent: {}
[2.863121] (yolov8_interface) StdoutLine: {'line': b'-- Generating done (0.0s)\n'}
[2.869612] (yolov8_interface) StdoutLine: {'line': b'-- Build files have been written to: /Users/howardkang/auto_car/build/yolov8_interface\n'}
[2.873070] (yolov8_interface) CommandEnded: {'returncode': 0}
[2.873572] (yolov8_interface) JobProgress: {'identifier': 'yolov8_interface', 'progress': 'build'}
[2.874108] (yolov8_interface) Command: {'cmd': ['/Users/howardkang/miniconda3/envs/ros2/bin/cmake', '--build', '/Users/howardkang/auto_car/build/yolov8_interface', '--', '-j8', '-l8'], 'cwd': '/Users/howardkang/auto_car/build/yolov8_interface', 'env': OrderedDict([('AS', 'arm64-apple-darwin20.0.0-as'), ('AR', 'arm64-apple-darwin20.0.0-ar'), ('LDFLAGS', '-Wl,-pie -Wl,-headerpad_max_install_names -Wl,-dead_strip_dylibs -Wl,-rpath,/Users/howardkang/miniconda3/envs/ros2/lib -L/Users/howardkang/miniconda3/envs/ros2/lib'), ('ac_cv_func_malloc_0_nonnull', 'yes'), ('TERM_PROGRAM', 'Apple_Terminal'), ('GDAL_DRIVER_PATH', '/Users/howardkang/miniconda3/envs/ros2/lib/gdalplugins'), ('ac_cv_func_realloc_0_nonnull', 'yes'), ('PROJ_DATA', '/Users/howardkang/miniconda3/envs/ros2/share/proj'), ('GEM_HOME', '/Users/howardkang/miniconda3/envs/ros2/share/rubygems/'), ('TERM', 'xterm-256color'), ('SHELL', '/bin/bash'), ('HOST', 'arm64-apple-darwin20.0.0'), ('OBJC', 'arm64-apple-darwin20.0.0-clang'), ('NM', 'arm64-apple-darwin20.0.0-nm'), ('TMPDIR', '/var/folders/gt/yt8_jftd34j813fpcqn_mz500000gn/T/'), ('CPPFLAGS', '-D_FORTIFY_SOURCE=2 -isystem /Users/howardkang/miniconda3/envs/ros2/include'), ('CONDA_SHLVL', '2'), ('PAGESTUFF', 'arm64-apple-darwin20.0.0-pagestuff'), ('TERM_PROGRAM_VERSION', '452'), ('CONDA_PROMPT_MODIFIER', '(ros2)'), ('LIPO', 'arm64-apple-darwin20.0.0-lipo'), ('GAZEBO_MODEL_PATH', '/Users/howardkang/miniconda3/envs/ros2/share/gazebo-11/models:'), ('NMEDIT', 'arm64-apple-darwin20.0.0-nmedit'), ('SIZE', 'arm64-apple-darwin20.0.0-size'), ('GSETTINGS_SCHEMA_DIR_CONDA_BACKUP', ''), ('SDKROOT', '/Library/Developer/CommandLineTools/SDKs/MacOSX.sdk'), ('ROS_PYTHON_VERSION', '3'), ('TERM_SESSION_ID', '49F1C21A-8D21-4E8F-B152-A3FA27DD9FA7'), ('ROS_VERSION', '2'), ('INSTALL_NAME_TOOL', 'arm64-apple-darwin20.0.0-install_name_tool'), ('CXX_FOR_BUILD', '/Users/howardkang/miniconda3/envs/ros2/bin/arm64-apple-darwin20.0.0-clang++'), ('AMENT_PREFIX_PATH', '/Users/howardkang/miniconda3/envs/ros2'), ('GFORTRAN', '/Users/howardkang/miniconda3/envs/ros2/bin/arm64-apple-darwin20.0.0-gfortran'), ('SEGEDIT', 'arm64-apple-darwin20.0.0-segedit'), ('USER', 'howardkang'), ('SEG_HACK', 'arm64-apple-darwin20.0.0-seg_hack'), ('LD_LIBRARY_PATH', ':/Users/howardkang/miniconda3/envs/ros2/lib/gazebo-11/plugins:'), ('LIBTOOL', 'arm64-apple-darwin20.0.0-libtool'), ('CLANGXX', 'arm64-apple-darwin20.0.0-clang++'), ('CONDA_EXE', '/Users/howardkang/miniconda3/bin/conda'), ('FC_FOR_BUILD', '/Users/howardkang/miniconda3/envs/ros2/bin/arm64-apple-darwin20.0.0-gfortran'), ('CONDA_TOOLCHAIN_BUILD', 'arm64-apple-darwin20.0.0'), ('OTOOL', 'arm64-apple-darwin20.0.0-otool'), ('SSH_AUTH_SOCK', '/private/tmp/com.apple.launchd.wk9mgPo29b/Listeners'), ('__CF_USER_TEXT_ENCODING', '0x1F5:0x0:0x0'), ('DEBUG_FORTRANFLAGS', '-march=armv8.3-a -ftree-vectorize -fPIC -fno-stack-protector -O2 -pipe -isystem /Users/howardkang/miniconda3/envs/ros2/include -march=armv8.3-a -ftree-vectorize -fPIC -fno-stack-protector -O2 -pipe -Og -g -Wall -Wextra -fcheck=all -fbacktrace -fimplicit-none -fvar-tracking-assignments'), ('CXXFLAGS', '-ftree-vectorize -fPIC -fPIE -fstack-protector-strong -O2 -pipe -stdlib=libc++ -fvisibility-inlines-hidden -fmessage-length=0 -isystem /Users/howardkang/miniconda3/envs/ros2/include'), ('ROS_OS_OVERRIDE', 'conda:osx'), ('CONDA_TOOLCHAIN_HOST', 'arm64-apple-darwin20.0.0'), ('STRINGS', 'arm64-apple-darwin20.0.0-strings'), ('_CE_CONDA', ''), ('CONDA_PREFIX_1', '/Users/howardkang/miniconda3'), ('CHECKSYMS', 'arm64-apple-darwin20.0.0-checksyms'), ('PATH', '/Users/howardkang/miniconda3/envs/ros2/share/rubygems/bin:/Users/howardkang/miniconda3/envs/ros2/bin:/Users/howardkang/miniconda3/condabin:/usr/local/bin:/your/jupyterlab/directory:/Users/howardkang/Library/Python/3.9/lib/python/site-packages:/Users/howardkang/.local/bin:/usr/bin:/bin:/usr/sbin:/sbin:/usr/local/bin:/usr$'), ('MAVEN_HOME', '/Users/howardkang/apache-maven-3.9.5'), ('GAZEBO_RESOURCE_PATH', '/Users/howardkang/miniconda3/envs/ros2/share/gazebo-11:'), ('CPL_ZIP_ENCODING', 'UTF-8'), ('MESON_ARGS', '--buildtype release'), ('GSETTINGS_SCHEMA_DIR', '/Users/howardkang/miniconda3/envs/ros2/share/glib-2.0/schemas'), ('PROJ_NETWORK', 'ON'), ('XML_CATALOG_FILES', 'file:///Users/howardkang/miniconda3/envs/ros2/etc/xml/catalog file:///etc/xml/catalog'), ('__CFBundleIdentifier', 'com.apple.Terminal'), ('CONDA_PREFIX', '/Users/howardkang/miniconda3/envs/ros2'), ('LD', 'arm64-apple-darwin20.0.0-ld'), ('BUILD', 'arm64-apple-darwin20.0.0'), ('DEBUG_CXXFLAGS', '-ftree-vectorize -fPIC -fPIE -fstack-protector-strong -O2 -pipe -stdlib=libc++ -fvisibility-inlines-hidden -fmessage-length=0 -Og -g -Wall -Wextra -isystem /Users/howardkang/miniconda3/envs/ros2/include'), ('PWD', '/Users/howardkang/auto_car/build/yolov8_interface'), ('F90', '/Users/howardkang/miniconda3/envs/ros2/bin/arm64-apple-darwin20.0.0-gfortran'), ('COLCON', '1'), ('STRIP', 'arm64-apple-darwin20.0.0-strip'), ('OGRE_RESOURCE_PATH', '/Users/howardkang/miniconda3/envs/ros2/lib/OGRE'), ('CMAKE_ARGS', '-DCMAKE_AR=/Users/howardkang/miniconda3/envs/ros2/bin/arm64-apple-darwin20.0.0-ar -DCMAKE_CXX_COMPILER_AR=/Users/howardkang/miniconda3/envs/ros2/bin/arm64-apple-darwin20.0.0-ar -DCMAKE_C_COMPILER_AR=/Users/howardkang/miniconda3/envs/ros2/bin/arm64-apple-darwin20.0.0-ar -DCMAKE_RANLIB=/Users/howardkang/miniconda3/envs/ros2/bin/arm64-apple-darwin20.0.0-ranlib -DCMAKE_CXX_COMPILER_RANLIB=/Users/howardkang/miniconda3/envs/ros2/bin/arm64-apple-darwin20.0.0-ranlib -DCMAKE_C_COMPILER_RANLIB=/Users/howardkang/miniconda3/envs/ros2/bin/arm64-apple-darwin20.0.0-ranlib -DCMAKE_LINKER=/Users/howardkang/miniconda3/envs/ros2/bin/arm64-apple-darwin20.0.0-ld -DCMAKE_STRIP=/Users/howardkang/miniconda3/envs/ros2/bin/arm64-apple-darwin20.0.0-strip -DCMAKE_INSTALL_NAME_TOOL=/Users/howardkang/miniconda3/envs/ros2/bin/arm64-apple-darwin20.0.0-install_name_tool -DCMAKE_LIBTOOL=/Users/howardkang/miniconda3/envs/ros2/bin/arm64-apple-darwin20.0.0-libtool -DCMAKE_BUILD_TYPE=Release -DCMAKE_OSX_SYSROOT=/Library/Developer/CommandLineTools/SDKs/MacOSX.sdk'), ('F95', '/Users/howardkang/miniconda3/envs/ros2/bin/arm64-apple-darwin20.0.0-gfortran'), ('GAZEBO_MASTER_URI', 'http://localhost:11345'), ('XPC_FLAGS', '0x0'), ('DEBUG_FFLAGS', '-march=armv8.3-a -ftree-vectorize -fPIC -fno-stack-protector -O2 -pipe -isystem /Users/howardkang/miniconda3/envs/ros2/include -march=armv8.3-a -ftree-vectorize -fPIC -fno-stack-protector -O2 -pipe -Og -g -Wall -Wextra -fcheck=all -fbacktrace -fimplicit-none -fvar-tracking-assignments'), ('RMW_IMPLEMENTATION', 'rmw_cyclonedds_cpp'), ('F77', '/Users/howardkang/miniconda3/envs/ros2/bin/arm64-apple-darwin20.0.0-gfortran'), ('REDO_PREBINDING', 'arm64-apple-darwin20.0.0-redo_prebinding'), ('GDAL_DATA', '/Users/howardkang/miniconda3/envs/ros2/share/gdal'), ('XPC_SERVICE_NAME', '0'), ('_CE_M', ''), ('CLANG', 'arm64-apple-darwin20.0.0-clang'), ('CC_FOR_BUILD', '/Users/howardkang/miniconda3/envs/ros2/bin/arm64-apple-darwin20.0.0-clang'), ('CXX', 'arm64-apple-darwin20.0.0-clang++'), ('HOME', '/Users/howardkang'), ('SHLVL', '2'), ('OPENSSL_ROOT_DIR', '/opt/homebrew/opt/openssl@3'), ('ROS_DISTRO', 'humble'), ('FORTRANFLAGS', '-march=armv8.3-a -ftree-vectorize -fPIC -fno-stack-protector -O2 -pipe -isystem /Users/howardkang/miniconda3/envs/ros2/include'), ('CFLAGS', '-ftree-vectorize -fPIC -fPIE -fstack-protector-strong -O2 -pipe -isystem /Users/howardkang/miniconda3/envs/ros2/include'), ('FC', '/Users/howardkang/miniconda3/envs/ros2/bin/arm64-apple-darwin20.0.0-gfortran'), ('_CONDA_PYTHON_SYSCONFIGDATA_NAME', '_sysconfigdata_arm64_apple_darwin20_0_0'), ('GAZEBO_PLUGIN_PATH', '/Users/howardkang/miniconda3/envs/ros2/lib/gazebo-11/plugins:'), ('LOGNAME', 'howardkang'), ('CONDA_PYTHON_EXE', '/Users/howardkang/miniconda3/bin/python'), ('PYTHONPATH', '/Users/howardkang/miniconda3/envs/ros2/lib/python310/site-packages:/Users/howardkang/miniconda3/envs/ros2/lib/python3.10/site-packages'), ('M1_HOME', '/Users/pankaj/Downloads/apache-maven-3.9.5'), ('LC_CTYPE', 'UTF-8'), ('build_alias', 'arm64-apple-darwin20.0.0'), ('CONDA_DEFAULT_ENV', 'ros2'), ('GAZEBO_MODEL_DATABASE_URI', 'http://models.gazebosim.org'), ('RANLIB', 'arm64-apple-darwin20.0.0-ranlib'), ('DEBUG_CFLAGS', '-ftree-vectorize -fPIC -fPIE -fstack-protector-strong -O2 -pipe -Og -g -Wall -Wextra -isystem /Users/howardkang/miniconda3/envs/ros2/include'), ('SEG_ADDR_TABLE', 'arm64-apple-darwin20.0.0-seg_addr_table'), ('CC', 'arm64-apple-darwin20.0.0-clang'), ('CMAKE_PREFIX_PATH', ':/Users/howardkang/miniconda3/envs/ros2'), ('host_alias', 'arm64-apple-darwin20.0.0'), ('ROS_LOCALHOST_ONLY', '0'), ('LDFLAGS_LD', '-pie -headerpad_max_install_names -dead_strip_dylibs -rpath /Users/howardkang/miniconda3/envs/ros2/lib -L/Users/howardkang/miniconda3/envs/ros2/lib'), ('FFLAGS', '-march=armv8.3-a -ftree-vectorize -fPIC -fno-stack-protector -O2 -pipe -isystem /Users/howardkang/miniconda3/envs/ros2/include'), ('OBJC_FOR_BUILD', '/Users/howardkang/miniconda3/envs/ros2/bin/arm64-apple-darwin20.0.0-clang'), ('ROS_ETC_DIR', '/Users/howardkang/miniconda3/envs/ros2/etc/ros'), ('_', '/Users/howardkang/miniconda3/envs/ros2/bin/env')]), 'shell': False}
[2.925452] (yolov8_interface) StdoutLine: {'line': b'[  2%] Generating C code for ROS interfaces\n'}
[2.926918] (-) TimerEvent: {}
[2.939074] (yolov8_interface) StdoutLine: {'line': b'[  5%] Generating C++ code for ROS interfaces\n'}
[2.949118] (yolov8_interface) StdoutLine: {'line': b'[  5%] Built target ament_cmake_python_copy_yolov8_interface\n'}
[3.030949] (-) TimerEvent: {}
[3.140656] (-) TimerEvent: {}
[3.210174] (yolov8_interface) StdoutLine: {'line': b'[  5%] Built target yolov8_interface__cpp\n'}
[3.229295] (yolov8_interface) StdoutLine: {'line': b'[  7%] Generating C++ type support dispatch for ROS interfaces\n'}
[3.231737] (yolov8_interface) StdoutLine: {'line': b'[ 10%] Generating C++ introspection for ROS interfaces\n'}
[3.235940] (yolov8_interface) StdoutLine: {'line': b'[ 12%] Generating C++ type support for eProsima Fast-RTPS\n'}
[3.241931] (-) TimerEvent: {}
[3.248607] (yolov8_interface) StdoutLine: {'line': b'[ 15%] Building C object CMakeFiles/yolov8_interface__rosidl_generator_c.dir/rosidl_generator_c/yolov8_interface/msg/detail/inference_result__functions.c.o\n'}
[3.250955] (yolov8_interface) StdoutLine: {'line': b'[ 17%] Building C object CMakeFiles/yolov8_interface__rosidl_generator_c.dir/rosidl_generator_c/yolov8_interface/msg/detail/yolov8_inference__functions.c.o\n'}
[3.347071] (-) TimerEvent: {}
[3.380294] (yolov8_interface) StderrLine: {'line': b'In file included from /Users/howardkang/auto_car/build/yolov8_interface/rosidl_generator_c/yolov8_interface/msg/detail/yolov8_inference__functions.c:4:\n'}
[3.380495] (yolov8_interface) StderrLine: {'line': b'In file included from /Users/howardkang/auto_car/build/yolov8_interface/rosidl_generator_c/yolov8_interface/msg/detail/yolov8_inference__functions.h:19:\n'}
[3.380544] (yolov8_interface) StderrLine: {'line': b"/Users/howardkang/auto_car/build/yolov8_interface/rosidl_generator_c/yolov8_interface/msg/detail/yolov8_inference__struct.h:22:10: fatal error: 'std_msgs/msg/detail/header__struct.h' file not found\n"}
[3.380593] (yolov8_interface) StderrLine: {'line': b'#include "std_msgs/msg/detail/header__struct.h"\n'}
[3.380633] (yolov8_interface) StderrLine: {'line': b'         ^~~~~~~~~~~~~~~~~~~~~~~~~~~~~~~~~~~~~~\n'}
[3.396698] (yolov8_interface) StderrLine: {'line': b'1 error generated.\n'}
[3.403585] (yolov8_interface) StderrLine: {'line': b'make[2]: *** [CMakeFiles/yolov8_interface__rosidl_generator_c.dir/build.make:135: CMakeFiles/yolov8_interface__rosidl_generator_c.dir/rosidl_generator_c/yolov8_interface/msg/detail/yolov8_inference__functions.c.o] Error 1\n'}
[3.403902] (yolov8_interface) StderrLine: {'line': b'make[2]: *** Waiting for unfinished jobs....\n'}
[3.447742] (-) TimerEvent: {}
[3.549817] (-) TimerEvent: {}
[3.556698] (yolov8_interface) StdoutLine: {'line': b'running egg_info\n'}
[3.557149] (yolov8_interface) StdoutLine: {'line': b'creating yolov8_interface.egg-info\n'}
[3.575529] (yolov8_interface) StdoutLine: {'line': b'[ 20%] Building CXX object CMakeFiles/yolov8_interface__rosidl_typesupport_cpp.dir/rosidl_typesupport_cpp/yolov8_interface/msg/inference_result__type_support.cpp.o\n'}
[3.588935] (yolov8_interface) StdoutLine: {'line': b'[ 23%] Building CXX object CMakeFiles/yolov8_interface__rosidl_typesupport_cpp.dir/rosidl_typesupport_cpp/yolov8_interface/msg/yolov8_inference__type_support.cpp.o\n'}
[3.607744] (yolov8_interface) StdoutLine: {'line': b'writing yolov8_interface.egg-info/PKG-INFO\n'}
[3.628731] (yolov8_interface) StdoutLine: {'line': b'[ 25%] Building CXX object CMakeFiles/yolov8_interface__rosidl_typesupport_introspection_cpp.dir/rosidl_typesupport_introspection_cpp/yolov8_interface/msg/detail/inference_result__type_support.cpp.o\n'}
[3.630756] (yolov8_interface) StdoutLine: {'line': b'[ 28%] Building CXX object CMakeFiles/yolov8_interface__rosidl_typesupport_introspection_cpp.dir/rosidl_typesupport_introspection_cpp/yolov8_interface/msg/detail/yolov8_inference__type_support.cpp.o\n'}
[3.632190] (yolov8_interface) StderrLine: {'line': b'make[1]: *** [CMakeFiles/Makefile2:213: CMakeFiles/yolov8_interface__rosidl_generator_c.dir/all] Error 2\n'}
[3.632276] (yolov8_interface) StderrLine: {'line': b'make[1]: *** Waiting for unfinished jobs....\n'}
[3.650967] (yolov8_interface) StdoutLine: {'line': b'writing dependency_links to yolov8_interface.egg-info/dependency_links.txt\n'}
[3.651252] (-) TimerEvent: {}
[3.651620] (yolov8_interface) StdoutLine: {'line': b'[ 30%] Building CXX object CMakeFiles/yolov8_interface__rosidl_typesupport_fastrtps_cpp.dir/rosidl_typesupport_fastrtps_cpp/yolov8_interface/msg/detail/dds_fastrtps/inference_result__type_support.cpp.o\n'}
[3.665120] (yolov8_interface) StdoutLine: {'line': b'[ 33%] Building CXX object CMakeFiles/yolov8_interface__rosidl_typesupport_fastrtps_cpp.dir/rosidl_typesupport_fastrtps_cpp/yolov8_interface/msg/detail/dds_fastrtps/yolov8_inference__type_support.cpp.o\n'}
[3.762677] (-) TimerEvent: {}
[3.865603] (-) TimerEvent: {}
[3.969881] (-) TimerEvent: {}
[4.076264] (-) TimerEvent: {}
[4.085760] (yolov8_interface) StdoutLine: {'line': b'writing top-level names to yolov8_interface.egg-info/top_level.txt\n'}
[4.086028] (yolov8_interface) StdoutLine: {'line': b"writing manifest file 'yolov8_interface.egg-info/SOURCES.txt'\n"}
[4.176526] (yolov8_interface) StdoutLine: {'line': b"reading manifest file 'yolov8_interface.egg-info/SOURCES.txt'\n"}
[4.176645] (-) TimerEvent: {}
[4.178203] (yolov8_interface) StdoutLine: {'line': b"writing manifest file 'yolov8_interface.egg-info/SOURCES.txt'\n"}
[4.258101] (yolov8_interface) StdoutLine: {'line': b'[ 33%] Built target ament_cmake_python_build_yolov8_interface_egg\n'}
[4.272963] (yolov8_interface) StderrLine: {'line': b'In file included from /Users/howardkang/auto_car/build/yolov8_interface/rosidl_typesupport_cpp/yolov8_interface/msg/yolov8_inference__type_support.cpp:7:\n'}
[4.273120] (yolov8_interface) StderrLine: {'line': b"/Users/howardkang/auto_car/build/yolov8_interface/rosidl_generator_cpp/yolov8_interface/msg/detail/yolov8_inference__struct.hpp:20:10: fatal error: 'std_msgs/msg/detail/header__struct.hpp' file not found\n"}
[4.273706] (yolov8_interface) StderrLine: {'line': b'#include "std_msgs/msg/detail/header__struct.hpp"\n'}
[4.273757] (yolov8_interface) StderrLine: {'line': b'         ^~~~~~~~~~~~~~~~~~~~~~~~~~~~~~~~~~~~~~~~\n'}
[4.277417] (-) TimerEvent: {}
[4.278781] (yolov8_interface) StderrLine: {'line': b'1 error generated.\n'}
[4.279829] (yolov8_interface) StderrLine: {'line': b'make[2]: *** [CMakeFiles/yolov8_interface__rosidl_typesupport_cpp.dir/build.make:104: CMakeFiles/yolov8_interface__rosidl_typesupport_cpp.dir/rosidl_typesupport_cpp/yolov8_interface/msg/yolov8_inference__type_support.cpp.o] Error 1\n'}
[4.279899] (yolov8_interface) StderrLine: {'line': b'make[2]: *** Waiting for unfinished jobs....\n'}
[4.281347] (yolov8_interface) StderrLine: {'line': b'In file included from /Users/howardkang/auto_car/build/yolov8_interface/rosidl_typesupport_fastrtps_cpp/yolov8_interface/msg/detail/dds_fastrtps/yolov8_inference__type_support.cpp:4:\n'}
[4.281580] (yolov8_interface) StderrLine: {'line': b'In file included from /Users/howardkang/auto_car/build/yolov8_interface/rosidl_typesupport_fastrtps_cpp/yolov8_interface/msg/detail/yolov8_inference__rosidl_typesupport_fastrtps_cpp.hpp:11:\n'}
[4.281629] (yolov8_interface) StderrLine: {'line': b"/Users/howardkang/auto_car/build/yolov8_interface/rosidl_generator_cpp/yolov8_interface/msg/detail/yolov8_inference__struct.hpp:20:10: fatal error: 'std_msgs/msg/detail/header__struct.hpp' file not found\n"}
[4.281668] (yolov8_interface) StderrLine: {'line': b'#include "std_msgs/msg/detail/header__struct.hpp"\n'}
[4.281703] (yolov8_interface) StderrLine: {'line': b'         ^~~~~~~~~~~~~~~~~~~~~~~~~~~~~~~~~~~~~~~~\n'}
[4.324966] (yolov8_interface) StderrLine: {'line': b'In file included from /Users/howardkang/auto_car/build/yolov8_interface/rosidl_typesupport_introspection_cpp/yolov8_interface/msg/detail/yolov8_inference__type_support.cpp:12:\n'}
[4.325153] (yolov8_interface) StderrLine: {'line': b"/Users/howardkang/auto_car/build/yolov8_interface/rosidl_generator_cpp/yolov8_interface/msg/detail/yolov8_inference__struct.hpp:20:10: fatal error: 'std_msgs/msg/detail/header__struct.hpp' file not found\n"}
[4.325206] (yolov8_interface) StderrLine: {'line': b'#include "std_msgs/msg/detail/header__struct.hpp"\n'}
[4.325301] (yolov8_interface) StderrLine: {'line': b'         ^~~~~~~~~~~~~~~~~~~~~~~~~~~~~~~~~~~~~~~~\n'}
[4.325346] (yolov8_interface) StderrLine: {'line': b'1 error generated.\n'}
[4.325382] (yolov8_interface) StderrLine: {'line': b'make[2]: *** [CMakeFiles/yolov8_interface__rosidl_typesupport_introspection_cpp.dir/build.make:112: CMakeFiles/yolov8_interface__rosidl_typesupport_introspection_cpp.dir/rosidl_typesupport_introspection_cpp/yolov8_interface/msg/detail/yolov8_inference__type_support.cpp.o] Error 1\n'}
[4.325422] (yolov8_interface) StderrLine: {'line': b'make[2]: *** Waiting for unfinished jobs....\n'}
[4.342985] (yolov8_interface) StderrLine: {'line': b'make[1]: *** [CMakeFiles/Makefile2:395: CMakeFiles/yolov8_interface__rosidl_typesupport_cpp.dir/all] Error 2\n'}
[4.373734] (yolov8_interface) StderrLine: {'line': b'make[1]: *** [CMakeFiles/Makefile2:369: CMakeFiles/yolov8_interface__rosidl_typesupport_introspection_cpp.dir/all] Error 2\n'}
[4.378340] (-) TimerEvent: {}
[4.403052] (yolov8_interface) StderrLine: {'line': b'1 error generated.\n'}
[4.405479] (yolov8_interface) StderrLine: {'line': b'make[2]: *** [CMakeFiles/yolov8_interface__rosidl_typesupport_fastrtps_cpp.dir/build.make:112: CMakeFiles/yolov8_interface__rosidl_typesupport_fastrtps_cpp.dir/rosidl_typesupport_fastrtps_cpp/yolov8_interface/msg/detail/dds_fastrtps/yolov8_inference__type_support.cpp.o] Error 1\n'}
[4.405565] (yolov8_interface) StderrLine: {'line': b'make[2]: *** Waiting for unfinished jobs....\n'}
[4.470127] (yolov8_interface) StderrLine: {'line': b'make[1]: *** [CMakeFiles/Makefile2:343: CMakeFiles/yolov8_interface__rosidl_typesupport_fastrtps_cpp.dir/all] Error 2\n'}
[4.470309] (yolov8_interface) StderrLine: {'line': b'make: *** [Makefile:146: all] Error 2\n'}
[4.471335] (yolov8_interface) CommandEnded: {'returncode': 2}
[4.480022] (-) TimerEvent: {}
[4.581395] (-) TimerEvent: {}
[4.681771] (-) TimerEvent: {}
[4.708431] (yolov8_interface) JobEnded: {'identifier': 'yolov8_interface', 'rc': 2}
[4.708984] (-) EventReactorShutdown: {}
