[0.048s] Invoking command in '/Users/howardkang/auto_car/build/yolobot_algo': CONDA_PROMPT_MODIFIER=(ros2) SHLVL=2 _=/Users/howardkang/miniconda3/envs/ros2/bin/env __CF_USER_TEXT_ENCODING=0x1F5:0x0:0x0 /Users/howardkang/miniconda3/envs/ros2/bin/cmake --build /Users/howardkang/auto_car/build/yolobot_algo -- -j8 -l8
[0.140s] [ 10%] Built target yolobot_algo__rosidl_generator_c
[0.145s] [ 12%] Built target yolobot_algo__cpp
[0.162s] [ 12%] Built target ament_cmake_python_symlink_yolobot_algo
[0.209s] [ 30%] Built target yolobot_algo__rosidl_typesupport_c
[0.211s] [ 33%] Built target yolobot_algo__rosidl_typesupport_introspection_c
[0.233s] [ 43%] Built target yolobot_algo__rosidl_typesupport_fastrtps_c
[0.239s] [ 53%] Built target yolobot_algo__rosidl_typesupport_cpp
[0.249s] [ 64%] Built target yolobot_algo__rosidl_typesupport_fastrtps_cpp
[0.250s] [ 74%] Built target yolobot_algo__rosidl_typesupport_introspection_cpp
[0.305s] [ 74%] Built target yolobot_algo
[0.338s] [ 76%] Built target yolobot_algo__py
[0.373s] [ 84%] Built target yolobot_algo__rosidl_generator_py
[0.427s] [ 89%] Built target yolobot_algo__rosidl_typesupport_introspection_c__pyext
[0.435s] [ 94%] Built target yolobot_algo__rosidl_typesupport_fastrtps_c__pyext
[0.436s] [100%] Built target yolobot_algo__rosidl_typesupport_c__pyext
[0.656s] running egg_info
[0.692s] writing yolobot_algo.egg-info/PKG-INFO
[0.719s] writing dependency_links to yolobot_algo.egg-info/dependency_links.txt
[0.882s] writing top-level names to yolobot_algo.egg-info/top_level.txt
[0.941s] reading manifest file 'yolobot_algo.egg-info/SOURCES.txt'
[0.942s] writing manifest file 'yolobot_algo.egg-info/SOURCES.txt'
[0.973s] [100%] Built target ament_cmake_python_build_yolobot_algo_egg
