[0.000000] (-) TimerEvent: {}
[0.000087] (-) JobUnselected: {'identifier': 'my_package'}
[0.000109] (-) JobUnselected: {'identifier': 'urdf_example'}
[0.000125] (yolov8_interface) JobQueued: {'identifier': 'yolov8_interface', 'dependencies': OrderedDict()}
[0.000271] (yolov8_interface) JobStarted: {'identifier': 'yolov8_interface'}
[0.052182] (yolov8_interface) JobProgress: {'identifier': 'yolov8_interface', 'progress': 'cmake'}
[0.053600] (yolov8_interface) JobProgress: {'identifier': 'yolov8_interface', 'progress': 'build'}
[0.054180] (yolov8_interface) Command: {'cmd': ['/Users/howardkang/miniconda3/envs/ros2/bin/cmake', '--build', '/Users/howardkang/auto_car/build/yolov8_interface', '--', '-j8', '-l8'], 'cwd': '/Users/howardkang/auto_car/build/yolov8_interface', 'env': OrderedDict([('AS', 'arm64-apple-darwin20.0.0-as'), ('AR', 'arm64-apple-darwin20.0.0-ar'), ('LDFLAGS', '-Wl,-pie -Wl,-headerpad_max_install_names -Wl,-dead_strip_dylibs -Wl,-rpath,/Users/howardkang/miniconda3/envs/ros2/lib -L/Users/howardkang/miniconda3/envs/ros2/lib'), ('ac_cv_func_malloc_0_nonnull', 'yes'), ('TERM_PROGRAM', 'Apple_Terminal'), ('GDAL_DRIVER_PATH', '/Users/howardkang/miniconda3/envs/ros2/lib/gdalplugins'), ('ac_cv_func_realloc_0_nonnull', 'yes'), ('PROJ_DATA', '/Users/howardkang/miniconda3/envs/ros2/share/proj'), ('GEM_HOME', '/Users/howardkang/miniconda3/envs/ros2/share/rubygems/'), ('TERM', 'xterm-256color'), ('SHELL', '/bin/bash'), ('HOST', 'arm64-apple-darwin20.0.0'), ('OBJC', 'arm64-apple-darwin20.0.0-clang'), ('NM', 'arm64-apple-darwin20.0.0-nm'), ('TMPDIR', '/var/folders/gt/yt8_jftd34j813fpcqn_mz500000gn/T/'), ('CPPFLAGS', '-D_FORTIFY_SOURCE=2 -isystem /Users/howardkang/miniconda3/envs/ros2/include'), ('CONDA_SHLVL', '2'), ('PAGESTUFF', 'arm64-apple-darwin20.0.0-pagestuff'), ('TERM_PROGRAM_VERSION', '452'), ('CONDA_PROMPT_MODIFIER', '(ros2)'), ('LIPO', 'arm64-apple-darwin20.0.0-lipo'), ('GAZEBO_MODEL_PATH', '/Users/howardkang/miniconda3/envs/ros2/share/gazebo-11/models:'), ('NMEDIT', 'arm64-apple-darwin20.0.0-nmedit'), ('SIZE', 'arm64-apple-darwin20.0.0-size'), ('GSETTINGS_SCHEMA_DIR_CONDA_BACKUP', ''), ('SDKROOT', '/Library/Developer/CommandLineTools/SDKs/MacOSX.sdk'), ('ROS_PYTHON_VERSION', '3'), ('TERM_SESSION_ID', '49F1C21A-8D21-4E8F-B152-A3FA27DD9FA7'), ('ROS_VERSION', '2'), ('INSTALL_NAME_TOOL', 'arm64-apple-darwin20.0.0-install_name_tool'), ('CXX_FOR_BUILD', '/Users/howardkang/miniconda3/envs/ros2/bin/arm64-apple-darwin20.0.0-clang++'), ('AMENT_PREFIX_PATH', '/Users/howardkang/miniconda3/envs/ros2'), ('GFORTRAN', '/Users/howardkang/miniconda3/envs/ros2/bin/arm64-apple-darwin20.0.0-gfortran'), ('SEGEDIT', 'arm64-apple-darwin20.0.0-segedit'), ('USER', 'howardkang'), ('SEG_HACK', 'arm64-apple-darwin20.0.0-seg_hack'), ('LD_LIBRARY_PATH', ':/Users/howardkang/miniconda3/envs/ros2/lib/gazebo-11/plugins:'), ('LIBTOOL', 'arm64-apple-darwin20.0.0-libtool'), ('CLANGXX', 'arm64-apple-darwin20.0.0-clang++'), ('CONDA_EXE', '/Users/howardkang/miniconda3/bin/conda'), ('FC_FOR_BUILD', '/Users/howardkang/miniconda3/envs/ros2/bin/arm64-apple-darwin20.0.0-gfortran'), ('CONDA_TOOLCHAIN_BUILD', 'arm64-apple-darwin20.0.0'), ('OTOOL', 'arm64-apple-darwin20.0.0-otool'), ('SSH_AUTH_SOCK', '/private/tmp/com.apple.launchd.wk9mgPo29b/Listeners'), ('__CF_USER_TEXT_ENCODING', '0x1F5:0x0:0x0'), ('DEBUG_FORTRANFLAGS', '-march=armv8.3-a -ftree-vectorize -fPIC -fno-stack-protector -O2 -pipe -isystem /Users/howardkang/miniconda3/envs/ros2/include -march=armv8.3-a -ftree-vectorize -fPIC -fno-stack-protector -O2 -pipe -Og -g -Wall -Wextra -fcheck=all -fbacktrace -fimplicit-none -fvar-tracking-assignments'), ('CXXFLAGS', '-ftree-vectorize -fPIC -fPIE -fstack-protector-strong -O2 -pipe -stdlib=libc++ -fvisibility-inlines-hidden -fmessage-length=0 -isystem /Users/howardkang/miniconda3/envs/ros2/include'), ('ROS_OS_OVERRIDE', 'conda:osx'), ('CONDA_TOOLCHAIN_HOST', 'arm64-apple-darwin20.0.0'), ('STRINGS', 'arm64-apple-darwin20.0.0-strings'), ('_CE_CONDA', ''), ('CONDA_PREFIX_1', '/Users/howardkang/miniconda3'), ('CHECKSYMS', 'arm64-apple-darwin20.0.0-checksyms'), ('PATH', '/Users/howardkang/miniconda3/envs/ros2/share/rubygems/bin:/Users/howardkang/miniconda3/envs/ros2/bin:/Users/howardkang/miniconda3/condabin:/usr/local/bin:/your/jupyterlab/directory:/Users/howardkang/Library/Python/3.9/lib/python/site-packages:/Users/howardkang/.local/bin:/usr/bin:/bin:/usr/sbin:/sbin:/usr/local/bin:/usr$'), ('MAVEN_HOME', '/Users/howardkang/apache-maven-3.9.5'), ('GAZEBO_RESOURCE_PATH', '/Users/howardkang/miniconda3/envs/ros2/share/gazebo-11:'), ('CPL_ZIP_ENCODING', 'UTF-8'), ('MESON_ARGS', '--buildtype release'), ('GSETTINGS_SCHEMA_DIR', '/Users/howardkang/miniconda3/envs/ros2/share/glib-2.0/schemas'), ('PROJ_NETWORK', 'ON'), ('XML_CATALOG_FILES', 'file:///Users/howardkang/miniconda3/envs/ros2/etc/xml/catalog file:///etc/xml/catalog'), ('__CFBundleIdentifier', 'com.apple.Terminal'), ('CONDA_PREFIX', '/Users/howardkang/miniconda3/envs/ros2'), ('LD', 'arm64-apple-darwin20.0.0-ld'), ('BUILD', 'arm64-apple-darwin20.0.0'), ('DEBUG_CXXFLAGS', '-ftree-vectorize -fPIC -fPIE -fstack-protector-strong -O2 -pipe -stdlib=libc++ -fvisibility-inlines-hidden -fmessage-length=0 -Og -g -Wall -Wextra -isystem /Users/howardkang/miniconda3/envs/ros2/include'), ('PWD', '/Users/howardkang/auto_car/build/yolov8_interface'), ('F90', '/Users/howardkang/miniconda3/envs/ros2/bin/arm64-apple-darwin20.0.0-gfortran'), ('COLCON', '1'), ('STRIP', 'arm64-apple-darwin20.0.0-strip'), ('OGRE_RESOURCE_PATH', '/Users/howardkang/miniconda3/envs/ros2/lib/OGRE'), ('CMAKE_ARGS', '-DCMAKE_AR=/Users/howardkang/miniconda3/envs/ros2/bin/arm64-apple-darwin20.0.0-ar -DCMAKE_CXX_COMPILER_AR=/Users/howardkang/miniconda3/envs/ros2/bin/arm64-apple-darwin20.0.0-ar -DCMAKE_C_COMPILER_AR=/Users/howardkang/miniconda3/envs/ros2/bin/arm64-apple-darwin20.0.0-ar -DCMAKE_RANLIB=/Users/howardkang/miniconda3/envs/ros2/bin/arm64-apple-darwin20.0.0-ranlib -DCMAKE_CXX_COMPILER_RANLIB=/Users/howardkang/miniconda3/envs/ros2/bin/arm64-apple-darwin20.0.0-ranlib -DCMAKE_C_COMPILER_RANLIB=/Users/howardkang/miniconda3/envs/ros2/bin/arm64-apple-darwin20.0.0-ranlib -DCMAKE_LINKER=/Users/howardkang/miniconda3/envs/ros2/bin/arm64-apple-darwin20.0.0-ld -DCMAKE_STRIP=/Users/howardkang/miniconda3/envs/ros2/bin/arm64-apple-darwin20.0.0-strip -DCMAKE_INSTALL_NAME_TOOL=/Users/howardkang/miniconda3/envs/ros2/bin/arm64-apple-darwin20.0.0-install_name_tool -DCMAKE_LIBTOOL=/Users/howardkang/miniconda3/envs/ros2/bin/arm64-apple-darwin20.0.0-libtool -DCMAKE_BUILD_TYPE=Release -DCMAKE_OSX_SYSROOT=/Library/Developer/CommandLineTools/SDKs/MacOSX.sdk'), ('F95', '/Users/howardkang/miniconda3/envs/ros2/bin/arm64-apple-darwin20.0.0-gfortran'), ('GAZEBO_MASTER_URI', 'http://localhost:11345'), ('XPC_FLAGS', '0x0'), ('DEBUG_FFLAGS', '-march=armv8.3-a -ftree-vectorize -fPIC -fno-stack-protector -O2 -pipe -isystem /Users/howardkang/miniconda3/envs/ros2/include -march=armv8.3-a -ftree-vectorize -fPIC -fno-stack-protector -O2 -pipe -Og -g -Wall -Wextra -fcheck=all -fbacktrace -fimplicit-none -fvar-tracking-assignments'), ('RMW_IMPLEMENTATION', 'rmw_cyclonedds_cpp'), ('F77', '/Users/howardkang/miniconda3/envs/ros2/bin/arm64-apple-darwin20.0.0-gfortran'), ('REDO_PREBINDING', 'arm64-apple-darwin20.0.0-redo_prebinding'), ('GDAL_DATA', '/Users/howardkang/miniconda3/envs/ros2/share/gdal'), ('XPC_SERVICE_NAME', '0'), ('_CE_M', ''), ('CLANG', 'arm64-apple-darwin20.0.0-clang'), ('CC_FOR_BUILD', '/Users/howardkang/miniconda3/envs/ros2/bin/arm64-apple-darwin20.0.0-clang'), ('CXX', 'arm64-apple-darwin20.0.0-clang++'), ('HOME', '/Users/howardkang'), ('SHLVL', '2'), ('OPENSSL_ROOT_DIR', '/opt/homebrew/opt/openssl@3'), ('ROS_DISTRO', 'humble'), ('FORTRANFLAGS', '-march=armv8.3-a -ftree-vectorize -fPIC -fno-stack-protector -O2 -pipe -isystem /Users/howardkang/miniconda3/envs/ros2/include'), ('CFLAGS', '-ftree-vectorize -fPIC -fPIE -fstack-protector-strong -O2 -pipe -isystem /Users/howardkang/miniconda3/envs/ros2/include'), ('FC', '/Users/howardkang/miniconda3/envs/ros2/bin/arm64-apple-darwin20.0.0-gfortran'), ('_CONDA_PYTHON_SYSCONFIGDATA_NAME', '_sysconfigdata_arm64_apple_darwin20_0_0'), ('GAZEBO_PLUGIN_PATH', '/Users/howardkang/miniconda3/envs/ros2/lib/gazebo-11/plugins:'), ('LOGNAME', 'howardkang'), ('CONDA_PYTHON_EXE', '/Users/howardkang/miniconda3/bin/python'), ('PYTHONPATH', '/Users/howardkang/miniconda3/envs/ros2/lib/python310/site-packages:/Users/howardkang/miniconda3/envs/ros2/lib/python3.10/site-packages'), ('M1_HOME', '/Users/pankaj/Downloads/apache-maven-3.9.5'), ('LC_CTYPE', 'UTF-8'), ('build_alias', 'arm64-apple-darwin20.0.0'), ('CONDA_DEFAULT_ENV', 'ros2'), ('GAZEBO_MODEL_DATABASE_URI', 'http://models.gazebosim.org'), ('RANLIB', 'arm64-apple-darwin20.0.0-ranlib'), ('DEBUG_CFLAGS', '-ftree-vectorize -fPIC -fPIE -fstack-protector-strong -O2 -pipe -Og -g -Wall -Wextra -isystem /Users/howardkang/miniconda3/envs/ros2/include'), ('SEG_ADDR_TABLE', 'arm64-apple-darwin20.0.0-seg_addr_table'), ('CC', 'arm64-apple-darwin20.0.0-clang'), ('CMAKE_PREFIX_PATH', ':/Users/howardkang/miniconda3/envs/ros2'), ('host_alias', 'arm64-apple-darwin20.0.0'), ('ROS_LOCALHOST_ONLY', '0'), ('LDFLAGS_LD', '-pie -headerpad_max_install_names -dead_strip_dylibs -rpath /Users/howardkang/miniconda3/envs/ros2/lib -L/Users/howardkang/miniconda3/envs/ros2/lib'), ('FFLAGS', '-march=armv8.3-a -ftree-vectorize -fPIC -fno-stack-protector -O2 -pipe -isystem /Users/howardkang/miniconda3/envs/ros2/include'), ('OBJC_FOR_BUILD', '/Users/howardkang/miniconda3/envs/ros2/bin/arm64-apple-darwin20.0.0-clang'), ('ROS_ETC_DIR', '/Users/howardkang/miniconda3/envs/ros2/etc/ros'), ('_', '/Users/howardkang/miniconda3/envs/ros2/bin/env')]), 'shell': False}
[0.102708] (-) TimerEvent: {}
[0.191465] (yolov8_interface) StdoutLine: {'line': b'-- Found Python3: /Users/howardkang/miniconda3/envs/ros2/bin/python3.10 (found version "3.10.13") found components: Interpreter \n'}
[0.205455] (-) TimerEvent: {}
[0.208981] (yolov8_interface) StdoutLine: {'line': b'-- Found std_msgs: 4.2.3 (/Users/howardkang/miniconda3/envs/ros2/share/std_msgs/cmake)\n'}
[0.307140] (-) TimerEvent: {}
[0.327034] (yolov8_interface) StdoutLine: {'line': b'-- Found rosidl_generator_c: 3.1.4 (/Users/howardkang/miniconda3/envs/ros2/share/rosidl_generator_c/cmake)\n'}
[0.330397] (yolov8_interface) StdoutLine: {'line': b'-- Found rosidl_adapter: 3.1.4 (/Users/howardkang/miniconda3/envs/ros2/share/rosidl_adapter/cmake)\n'}
[0.338341] (yolov8_interface) StdoutLine: {'line': b'-- Found rosidl_generator_cpp: 3.1.4 (/Users/howardkang/miniconda3/envs/ros2/share/rosidl_generator_cpp/cmake)\n'}
[0.350720] (yolov8_interface) StdoutLine: {'line': b'-- Using all available rosidl_typesupport_c: rosidl_typesupport_fastrtps_c;rosidl_typesupport_introspection_c\n'}
[0.369144] (yolov8_interface) StdoutLine: {'line': b'-- Using all available rosidl_typesupport_cpp: rosidl_typesupport_fastrtps_cpp;rosidl_typesupport_introspection_cpp\n'}
[0.412150] (-) TimerEvent: {}
[0.412524] (yolov8_interface) StdoutLine: {'line': b'-- Found rosidl_default_generators: 1.2.0 (/Users/howardkang/miniconda3/envs/ros2/share/rosidl_default_generators/cmake)\n'}
[0.517204] (-) TimerEvent: {}
[0.569225] (yolov8_interface) StdoutLine: {'line': b'-- Found ament_cmake_ros: 0.10.0 (/Users/howardkang/miniconda3/envs/ros2/share/ament_cmake_ros/cmake)\n'}
[0.622301] (-) TimerEvent: {}
[0.722102] (yolov8_interface) StdoutLine: {'line': b'-- Using all available rosidl_typesupport_c: rosidl_typesupport_fastrtps_c;rosidl_typesupport_introspection_c\n'}
[0.722302] (-) TimerEvent: {}
[0.775198] (yolov8_interface) StdoutLine: {'line': b'-- Using all available rosidl_typesupport_cpp: rosidl_typesupport_fastrtps_cpp;rosidl_typesupport_introspection_cpp\n'}
[0.789270] (yolov8_interface) StdoutLine: {'line': b'-- Found python_cmake_module: 0.10.0 (/Users/howardkang/miniconda3/envs/ros2/share/python_cmake_module/cmake)\n'}
[0.801189] (yolov8_interface) StdoutLine: {'line': b'-- Using PythonExtra_INCLUDE_DIRS: /Users/howardkang/miniconda3/envs/ros2/include/python3.10;/Users/howardkang/miniconda3/envs/ros2/include/python3.10\n'}
[0.801285] (yolov8_interface) StdoutLine: {'line': b'-- Using PythonExtra_LIBRARIES: /Users/howardkang/miniconda3/envs/ros2/lib/libpython3.10.dylib\n'}
[0.827338] (-) TimerEvent: {}
[0.932412] (-) TimerEvent: {}
[1.027149] (yolov8_interface) StdoutLine: {'line': b'-- Found Python3: /Users/howardkang/miniconda3/envs/ros2/bin/python3.10 (found version "3.10.13") found components: Development NumPy Interpreter Development.Module Development.Embed \n'}
[1.033712] (-) TimerEvent: {}
[1.048539] (yolov8_interface) StdoutLine: {'line': b'-- Found ament_lint_auto: 0.12.5 (/Users/howardkang/miniconda3/envs/ros2/share/ament_lint_auto/cmake)\n'}
[1.070903] (yolov8_interface) StdoutLine: {'line': b"-- Added test 'lint_cmake' to check CMake code style\n"}
[1.072145] (yolov8_interface) StdoutLine: {'line': b"-- Added test 'xmllint' to check XML markup files\n"}
[1.076001] (yolov8_interface) StdoutLine: {'line': b'-- Configuring done (1.0s)\n'}
[1.134185] (-) TimerEvent: {}
[1.153101] (yolov8_interface) StdoutLine: {'line': b'-- Generating done (0.1s)\n'}
[1.160729] (yolov8_interface) StdoutLine: {'line': b'-- Build files have been written to: /Users/howardkang/auto_car/build/yolov8_interface\n'}
[1.206313] (yolov8_interface) StdoutLine: {'line': b'[  2%] Built target yolov8_interface__cpp\n'}
[1.211281] (yolov8_interface) StdoutLine: {'line': b'[  5%] Building C object CMakeFiles/yolov8_interface__rosidl_generator_c.dir/rosidl_generator_c/yolov8_interface/msg/detail/inference_result__functions.c.o\n'}
[1.211558] (yolov8_interface) StdoutLine: {'line': b'[  7%] Building C object CMakeFiles/yolov8_interface__rosidl_generator_c.dir/rosidl_generator_c/yolov8_interface/msg/detail/yolov8_inference__functions.c.o\n'}
[1.219459] (yolov8_interface) StdoutLine: {'line': b'[  7%] Built target ament_cmake_python_copy_yolov8_interface\n'}
[1.237912] (-) TimerEvent: {}
[1.263447] (yolov8_interface) StdoutLine: {'line': b'[ 10%] Building CXX object CMakeFiles/yolov8_interface__rosidl_typesupport_cpp.dir/rosidl_typesupport_cpp/yolov8_interface/msg/inference_result__type_support.cpp.o\n'}
[1.266191] (yolov8_interface) StdoutLine: {'line': b'[ 12%] Building CXX object CMakeFiles/yolov8_interface__rosidl_typesupport_introspection_cpp.dir/rosidl_typesupport_introspection_cpp/yolov8_interface/msg/detail/yolov8_inference__type_support.cpp.o\n'}
[1.266618] (yolov8_interface) StdoutLine: {'line': b'[ 15%] Building CXX object CMakeFiles/yolov8_interface__rosidl_typesupport_fastrtps_cpp.dir/rosidl_typesupport_fastrtps_cpp/yolov8_interface/msg/detail/dds_fastrtps/inference_result__type_support.cpp.o\n'}
[1.269161] (yolov8_interface) StdoutLine: {'line': b'[ 17%] Building CXX object CMakeFiles/yolov8_interface__rosidl_typesupport_cpp.dir/rosidl_typesupport_cpp/yolov8_interface/msg/yolov8_inference__type_support.cpp.o\n'}
[1.269715] (yolov8_interface) StdoutLine: {'line': b'[ 20%] Building CXX object CMakeFiles/yolov8_interface__rosidl_typesupport_introspection_cpp.dir/rosidl_typesupport_introspection_cpp/yolov8_interface/msg/detail/inference_result__type_support.cpp.o\n'}
[1.342956] (-) TimerEvent: {}
[1.449380] (-) TimerEvent: {}
[1.559093] (-) TimerEvent: {}
[1.664332] (-) TimerEvent: {}
[1.730402] (yolov8_interface) StdoutLine: {'line': b'[ 23%] Building CXX object CMakeFiles/yolov8_interface__rosidl_typesupport_fastrtps_cpp.dir/rosidl_typesupport_fastrtps_cpp/yolov8_interface/msg/detail/dds_fastrtps/yolov8_inference__type_support.cpp.o\n'}
[1.730857] (yolov8_interface) StdoutLine: {'line': b'[ 25%] Linking C shared library libyolov8_interface__rosidl_generator_c.dylib\n'}
[1.768430] (-) TimerEvent: {}
[1.848973] (yolov8_interface) StdoutLine: {'line': b'running egg_info\n'}
[1.874430] (-) TimerEvent: {}
[1.887292] (yolov8_interface) StderrLine: {'line': b'ld: warning: -pie being ignored. It is only used when linking a main executable\n'}
[1.894997] (yolov8_interface) StdoutLine: {'line': b'writing yolov8_interface.egg-info/PKG-INFO\n'}
[1.944322] (yolov8_interface) StdoutLine: {'line': b'writing dependency_links to yolov8_interface.egg-info/dependency_links.txt\n'}
[1.987930] (-) TimerEvent: {}
[2.099608] (yolov8_interface) StdoutLine: {'line': b'[ 28%] Built target yolov8_interface__rosidl_generator_c\n'}
[2.099924] (-) TimerEvent: {}
[2.127130] (yolov8_interface) StdoutLine: {'line': b'[ 30%] Generating C type support for eProsima Fast-RTPS\n'}
[2.159339] (yolov8_interface) StdoutLine: {'line': b'[ 33%] Generating C introspection for ROS interfaces\n'}
[2.161721] (yolov8_interface) StdoutLine: {'line': b'[ 35%] Linking CXX shared library libyolov8_interface__rosidl_typesupport_cpp.dylib\n'}
[2.176844] (yolov8_interface) StdoutLine: {'line': b'[ 38%] Generating C type support dispatch for ROS interfaces\n'}
[2.204770] (-) TimerEvent: {}
[2.211085] (yolov8_interface) StderrLine: {'line': b'ld: warning: -pie being ignored. It is only used when linking a main executable\n'}
[2.260960] (yolov8_interface) StdoutLine: {'line': b'[ 41%] Linking CXX shared library libyolov8_interface__rosidl_typesupport_introspection_cpp.dylib\n'}
[2.282289] (yolov8_interface) StdoutLine: {'line': b'writing top-level names to yolov8_interface.egg-info/top_level.txt\n'}
[2.296473] (yolov8_interface) StdoutLine: {'line': b'[ 43%] Built target yolov8_interface__rosidl_typesupport_cpp\n'}
[2.306881] (-) TimerEvent: {}
[2.308376] (yolov8_interface) StderrLine: {'line': b'ld: warning: -pie being ignored. It is only used when linking a main executable\n'}
[2.351097] (yolov8_interface) StdoutLine: {'line': b'[ 46%] Built target yolov8_interface__rosidl_typesupport_introspection_cpp\n'}
[2.371333] (yolov8_interface) StdoutLine: {'line': b"reading manifest file 'yolov8_interface.egg-info/SOURCES.txt'\n"}
[2.371842] (yolov8_interface) StdoutLine: {'line': b"writing manifest file 'yolov8_interface.egg-info/SOURCES.txt'\n"}
[2.410086] (-) TimerEvent: {}
[2.419084] (yolov8_interface) StdoutLine: {'line': b'[ 46%] Built target ament_cmake_python_build_yolov8_interface_egg\n'}
[2.436852] (yolov8_interface) StdoutLine: {'line': b'[ 51%] Building CXX object CMakeFiles/yolov8_interface__rosidl_typesupport_fastrtps_c.dir/rosidl_typesupport_fastrtps_c/yolov8_interface/msg/detail/yolov8_inference__type_support_c.cpp.o\n'}
[2.437108] (yolov8_interface) StdoutLine: {'line': b'[ 51%] Building CXX object CMakeFiles/yolov8_interface__rosidl_typesupport_fastrtps_c.dir/rosidl_typesupport_fastrtps_c/yolov8_interface/msg/detail/inference_result__type_support_c.cpp.o\n'}
[2.455256] (yolov8_interface) StdoutLine: {'line': b'[ 53%] Building CXX object CMakeFiles/yolov8_interface__rosidl_typesupport_c.dir/rosidl_typesupport_c/yolov8_interface/msg/yolov8_inference__type_support.cpp.o\n'}
[2.457950] (yolov8_interface) StdoutLine: {'line': b'[ 56%] Building CXX object CMakeFiles/yolov8_interface__rosidl_typesupport_c.dir/rosidl_typesupport_c/yolov8_interface/msg/inference_result__type_support.cpp.o\n'}
[2.468092] (yolov8_interface) StdoutLine: {'line': b'[ 58%] Building C object CMakeFiles/yolov8_interface__rosidl_typesupport_introspection_c.dir/rosidl_typesupport_introspection_c/yolov8_interface/msg/detail/yolov8_inference__type_support.c.o\n'}
[2.469648] (yolov8_interface) StdoutLine: {'line': b'[ 61%] Building C object CMakeFiles/yolov8_interface__rosidl_typesupport_introspection_c.dir/rosidl_typesupport_introspection_c/yolov8_interface/msg/detail/inference_result__type_support.c.o\n'}
[2.476262] (yolov8_interface) StdoutLine: {'line': b'[ 64%] Linking CXX shared library libyolov8_interface__rosidl_typesupport_fastrtps_cpp.dylib\n'}
[2.514715] (-) TimerEvent: {}
[2.518645] (yolov8_interface) StdoutLine: {'line': b'[ 66%] Linking CXX shared library libyolov8_interface__rosidl_typesupport_c.dylib\n'}
[2.523714] (yolov8_interface) StderrLine: {'line': b'ld: warning: -pie being ignored. It is only used when linking a main executable\n'}
[2.545451] (yolov8_interface) StdoutLine: {'line': b'[ 69%] Linking C shared library libyolov8_interface__rosidl_typesupport_introspection_c.dylib\n'}
[2.560867] (yolov8_interface) StderrLine: {'line': b'ld: warning: -pie being ignored. It is only used when linking a main executable\n'}
[2.562222] (yolov8_interface) StdoutLine: {'line': b'[ 71%] Built target yolov8_interface__rosidl_typesupport_fastrtps_cpp\n'}
[2.577853] (yolov8_interface) StderrLine: {'line': b'ld: warning: -pie being ignored. It is only used when linking a main executable\n'}
[2.598161] (yolov8_interface) StdoutLine: {'line': b'[ 71%] Built target yolov8_interface__rosidl_typesupport_c\n'}
[2.611332] (yolov8_interface) StdoutLine: {'line': b'[ 71%] Built target yolov8_interface__rosidl_typesupport_introspection_c\n'}
[2.615551] (-) TimerEvent: {}
[2.720651] (-) TimerEvent: {}
[2.823667] (-) TimerEvent: {}
[2.873167] (yolov8_interface) StdoutLine: {'line': b'[ 74%] Linking CXX shared library libyolov8_interface__rosidl_typesupport_fastrtps_c.dylib\n'}
[2.904171] (yolov8_interface) StderrLine: {'line': b'ld: warning: -pie being ignored. It is only used when linking a main executable\n'}
[2.928544] (-) TimerEvent: {}
[2.935593] (yolov8_interface) StdoutLine: {'line': b'[ 74%] Built target yolov8_interface__rosidl_typesupport_fastrtps_c\n'}
[2.962631] (yolov8_interface) StdoutLine: {'line': b'[ 74%] Built target yolov8_interface\n'}
[2.989482] (yolov8_interface) StdoutLine: {'line': b'[ 76%] Generating Python code for ROS interfaces\n'}
[3.033574] (-) TimerEvent: {}
[3.137159] (-) TimerEvent: {}
[3.242176] (-) TimerEvent: {}
[3.243468] (yolov8_interface) StdoutLine: {'line': b'[ 76%] Built target yolov8_interface__py\n'}
[3.272367] (yolov8_interface) StdoutLine: {'line': b'[ 82%] Building C object CMakeFiles/yolov8_interface__rosidl_generator_py.dir/rosidl_generator_py/yolov8_interface/msg/_inference_result_s.c.o\n'}
[3.272493] (yolov8_interface) StdoutLine: {'line': b'[ 82%] Building C object CMakeFiles/yolov8_interface__rosidl_generator_py.dir/rosidl_generator_py/yolov8_interface/msg/_yolov8_inference_s.c.o\n'}
[3.347212] (-) TimerEvent: {}
[3.386212] (yolov8_interface) StdoutLine: {'line': b'[ 84%] Linking C shared library rosidl_generator_py/yolov8_interface/libyolov8_interface__rosidl_generator_py.dylib\n'}
[3.416991] (yolov8_interface) StderrLine: {'line': b'ld: warning: -pie being ignored. It is only used when linking a main executable\n'}
[3.447940] (-) TimerEvent: {}
[3.448017] (yolov8_interface) StdoutLine: {'line': b'[ 84%] Built target yolov8_interface__rosidl_generator_py\n'}
[3.478271] (yolov8_interface) StdoutLine: {'line': b'[ 92%] Building C object CMakeFiles/yolov8_interface__rosidl_typesupport_fastrtps_c__pyext.dir/rosidl_generator_py/yolov8_interface/_yolov8_interface_s.ep.rosidl_typesupport_fastrtps_c.c.o\n'}
[3.478394] (yolov8_interface) StdoutLine: {'line': b'[ 92%] Building C object CMakeFiles/yolov8_interface__rosidl_typesupport_introspection_c__pyext.dir/rosidl_generator_py/yolov8_interface/_yolov8_interface_s.ep.rosidl_typesupport_introspection_c.c.o\n'}
[3.478442] (yolov8_interface) StdoutLine: {'line': b'[ 92%] Building C object CMakeFiles/yolov8_interface__rosidl_typesupport_c__pyext.dir/rosidl_generator_py/yolov8_interface/_yolov8_interface_s.ep.rosidl_typesupport_c.c.o\n'}
[3.549321] (-) TimerEvent: {}
[3.558454] (yolov8_interface) StdoutLine: {'line': b'[100%] Linking C shared library rosidl_generator_py/yolov8_interface/yolov8_interface_s__rosidl_typesupport_introspection_c.cpython-310-darwin.so\n'}
[3.558687] (yolov8_interface) StdoutLine: {'line': b'[100%] Linking C shared library rosidl_generator_py/yolov8_interface/yolov8_interface_s__rosidl_typesupport_c.cpython-310-darwin.so\n'}
[3.558738] (yolov8_interface) StdoutLine: {'line': b'[100%] Linking C shared library rosidl_generator_py/yolov8_interface/yolov8_interface_s__rosidl_typesupport_fastrtps_c.cpython-310-darwin.so\n'}
[3.597907] (yolov8_interface) StderrLine: {'line': b'ld: warning: ld: warning: ld: warning: -pie being ignored. It is only used when linking a main executable-pie being ignored. It is only used when linking a main executable\n'}
[3.598032] (yolov8_interface) StderrLine: {'line': b'\n'}
[3.598589] (yolov8_interface) StderrLine: {'line': b'-pie being ignored. It is only used when linking a main executable\n'}
[3.631661] (yolov8_interface) StdoutLine: {'line': b'[100%] Built target yolov8_interface__rosidl_typesupport_fastrtps_c__pyext\n'}
[3.631897] (yolov8_interface) StdoutLine: {'line': b'[100%] Built target yolov8_interface__rosidl_typesupport_c__pyext\n'}
[3.631963] (yolov8_interface) StdoutLine: {'line': b'[100%] Built target yolov8_interface__rosidl_typesupport_introspection_c__pyext\n'}
[3.644380] (yolov8_interface) CommandEnded: {'returncode': 0}
[3.650476] (-) TimerEvent: {}
[3.755572] (-) TimerEvent: {}
[3.811528] (yolov8_interface) JobProgress: {'identifier': 'yolov8_interface', 'progress': 'install'}
[3.825779] (yolov8_interface) Command: {'cmd': ['/Users/howardkang/miniconda3/envs/ros2/bin/cmake', '--install', '/Users/howardkang/auto_car/build/yolov8_interface'], 'cwd': '/Users/howardkang/auto_car/build/yolov8_interface', 'env': OrderedDict([('AS', 'arm64-apple-darwin20.0.0-as'), ('AR', 'arm64-apple-darwin20.0.0-ar'), ('LDFLAGS', '-Wl,-pie -Wl,-headerpad_max_install_names -Wl,-dead_strip_dylibs -Wl,-rpath,/Users/howardkang/miniconda3/envs/ros2/lib -L/Users/howardkang/miniconda3/envs/ros2/lib'), ('ac_cv_func_malloc_0_nonnull', 'yes'), ('TERM_PROGRAM', 'Apple_Terminal'), ('GDAL_DRIVER_PATH', '/Users/howardkang/miniconda3/envs/ros2/lib/gdalplugins'), ('ac_cv_func_realloc_0_nonnull', 'yes'), ('PROJ_DATA', '/Users/howardkang/miniconda3/envs/ros2/share/proj'), ('GEM_HOME', '/Users/howardkang/miniconda3/envs/ros2/share/rubygems/'), ('TERM', 'xterm-256color'), ('SHELL', '/bin/bash'), ('HOST', 'arm64-apple-darwin20.0.0'), ('OBJC', 'arm64-apple-darwin20.0.0-clang'), ('NM', 'arm64-apple-darwin20.0.0-nm'), ('TMPDIR', '/var/folders/gt/yt8_jftd34j813fpcqn_mz500000gn/T/'), ('CPPFLAGS', '-D_FORTIFY_SOURCE=2 -isystem /Users/howardkang/miniconda3/envs/ros2/include'), ('CONDA_SHLVL', '2'), ('PAGESTUFF', 'arm64-apple-darwin20.0.0-pagestuff'), ('TERM_PROGRAM_VERSION', '452'), ('CONDA_PROMPT_MODIFIER', '(ros2)'), ('LIPO', 'arm64-apple-darwin20.0.0-lipo'), ('GAZEBO_MODEL_PATH', '/Users/howardkang/miniconda3/envs/ros2/share/gazebo-11/models:'), ('NMEDIT', 'arm64-apple-darwin20.0.0-nmedit'), ('SIZE', 'arm64-apple-darwin20.0.0-size'), ('GSETTINGS_SCHEMA_DIR_CONDA_BACKUP', ''), ('SDKROOT', '/Library/Developer/CommandLineTools/SDKs/MacOSX.sdk'), ('ROS_PYTHON_VERSION', '3'), ('TERM_SESSION_ID', '49F1C21A-8D21-4E8F-B152-A3FA27DD9FA7'), ('ROS_VERSION', '2'), ('INSTALL_NAME_TOOL', 'arm64-apple-darwin20.0.0-install_name_tool'), ('CXX_FOR_BUILD', '/Users/howardkang/miniconda3/envs/ros2/bin/arm64-apple-darwin20.0.0-clang++'), ('AMENT_PREFIX_PATH', '/Users/howardkang/miniconda3/envs/ros2'), ('GFORTRAN', '/Users/howardkang/miniconda3/envs/ros2/bin/arm64-apple-darwin20.0.0-gfortran'), ('SEGEDIT', 'arm64-apple-darwin20.0.0-segedit'), ('USER', 'howardkang'), ('SEG_HACK', 'arm64-apple-darwin20.0.0-seg_hack'), ('LD_LIBRARY_PATH', ':/Users/howardkang/miniconda3/envs/ros2/lib/gazebo-11/plugins:'), ('LIBTOOL', 'arm64-apple-darwin20.0.0-libtool'), ('CLANGXX', 'arm64-apple-darwin20.0.0-clang++'), ('CONDA_EXE', '/Users/howardkang/miniconda3/bin/conda'), ('FC_FOR_BUILD', '/Users/howardkang/miniconda3/envs/ros2/bin/arm64-apple-darwin20.0.0-gfortran'), ('CONDA_TOOLCHAIN_BUILD', 'arm64-apple-darwin20.0.0'), ('OTOOL', 'arm64-apple-darwin20.0.0-otool'), ('SSH_AUTH_SOCK', '/private/tmp/com.apple.launchd.wk9mgPo29b/Listeners'), ('__CF_USER_TEXT_ENCODING', '0x1F5:0x0:0x0'), ('DEBUG_FORTRANFLAGS', '-march=armv8.3-a -ftree-vectorize -fPIC -fno-stack-protector -O2 -pipe -isystem /Users/howardkang/miniconda3/envs/ros2/include -march=armv8.3-a -ftree-vectorize -fPIC -fno-stack-protector -O2 -pipe -Og -g -Wall -Wextra -fcheck=all -fbacktrace -fimplicit-none -fvar-tracking-assignments'), ('CXXFLAGS', '-ftree-vectorize -fPIC -fPIE -fstack-protector-strong -O2 -pipe -stdlib=libc++ -fvisibility-inlines-hidden -fmessage-length=0 -isystem /Users/howardkang/miniconda3/envs/ros2/include'), ('ROS_OS_OVERRIDE', 'conda:osx'), ('CONDA_TOOLCHAIN_HOST', 'arm64-apple-darwin20.0.0'), ('STRINGS', 'arm64-apple-darwin20.0.0-strings'), ('_CE_CONDA', ''), ('CONDA_PREFIX_1', '/Users/howardkang/miniconda3'), ('CHECKSYMS', 'arm64-apple-darwin20.0.0-checksyms'), ('PATH', '/Users/howardkang/miniconda3/envs/ros2/share/rubygems/bin:/Users/howardkang/miniconda3/envs/ros2/bin:/Users/howardkang/miniconda3/condabin:/usr/local/bin:/your/jupyterlab/directory:/Users/howardkang/Library/Python/3.9/lib/python/site-packages:/Users/howardkang/.local/bin:/usr/bin:/bin:/usr/sbin:/sbin:/usr/local/bin:/usr$'), ('MAVEN_HOME', '/Users/howardkang/apache-maven-3.9.5'), ('GAZEBO_RESOURCE_PATH', '/Users/howardkang/miniconda3/envs/ros2/share/gazebo-11:'), ('CPL_ZIP_ENCODING', 'UTF-8'), ('MESON_ARGS', '--buildtype release'), ('GSETTINGS_SCHEMA_DIR', '/Users/howardkang/miniconda3/envs/ros2/share/glib-2.0/schemas'), ('PROJ_NETWORK', 'ON'), ('XML_CATALOG_FILES', 'file:///Users/howardkang/miniconda3/envs/ros2/etc/xml/catalog file:///etc/xml/catalog'), ('__CFBundleIdentifier', 'com.apple.Terminal'), ('CONDA_PREFIX', '/Users/howardkang/miniconda3/envs/ros2'), ('LD', 'arm64-apple-darwin20.0.0-ld'), ('BUILD', 'arm64-apple-darwin20.0.0'), ('DEBUG_CXXFLAGS', '-ftree-vectorize -fPIC -fPIE -fstack-protector-strong -O2 -pipe -stdlib=libc++ -fvisibility-inlines-hidden -fmessage-length=0 -Og -g -Wall -Wextra -isystem /Users/howardkang/miniconda3/envs/ros2/include'), ('PWD', '/Users/howardkang/auto_car/build/yolov8_interface'), ('F90', '/Users/howardkang/miniconda3/envs/ros2/bin/arm64-apple-darwin20.0.0-gfortran'), ('COLCON', '1'), ('STRIP', 'arm64-apple-darwin20.0.0-strip'), ('OGRE_RESOURCE_PATH', '/Users/howardkang/miniconda3/envs/ros2/lib/OGRE'), ('CMAKE_ARGS', '-DCMAKE_AR=/Users/howardkang/miniconda3/envs/ros2/bin/arm64-apple-darwin20.0.0-ar -DCMAKE_CXX_COMPILER_AR=/Users/howardkang/miniconda3/envs/ros2/bin/arm64-apple-darwin20.0.0-ar -DCMAKE_C_COMPILER_AR=/Users/howardkang/miniconda3/envs/ros2/bin/arm64-apple-darwin20.0.0-ar -DCMAKE_RANLIB=/Users/howardkang/miniconda3/envs/ros2/bin/arm64-apple-darwin20.0.0-ranlib -DCMAKE_CXX_COMPILER_RANLIB=/Users/howardkang/miniconda3/envs/ros2/bin/arm64-apple-darwin20.0.0-ranlib -DCMAKE_C_COMPILER_RANLIB=/Users/howardkang/miniconda3/envs/ros2/bin/arm64-apple-darwin20.0.0-ranlib -DCMAKE_LINKER=/Users/howardkang/miniconda3/envs/ros2/bin/arm64-apple-darwin20.0.0-ld -DCMAKE_STRIP=/Users/howardkang/miniconda3/envs/ros2/bin/arm64-apple-darwin20.0.0-strip -DCMAKE_INSTALL_NAME_TOOL=/Users/howardkang/miniconda3/envs/ros2/bin/arm64-apple-darwin20.0.0-install_name_tool -DCMAKE_LIBTOOL=/Users/howardkang/miniconda3/envs/ros2/bin/arm64-apple-darwin20.0.0-libtool -DCMAKE_BUILD_TYPE=Release -DCMAKE_OSX_SYSROOT=/Library/Developer/CommandLineTools/SDKs/MacOSX.sdk'), ('F95', '/Users/howardkang/miniconda3/envs/ros2/bin/arm64-apple-darwin20.0.0-gfortran'), ('GAZEBO_MASTER_URI', 'http://localhost:11345'), ('XPC_FLAGS', '0x0'), ('DEBUG_FFLAGS', '-march=armv8.3-a -ftree-vectorize -fPIC -fno-stack-protector -O2 -pipe -isystem /Users/howardkang/miniconda3/envs/ros2/include -march=armv8.3-a -ftree-vectorize -fPIC -fno-stack-protector -O2 -pipe -Og -g -Wall -Wextra -fcheck=all -fbacktrace -fimplicit-none -fvar-tracking-assignments'), ('RMW_IMPLEMENTATION', 'rmw_cyclonedds_cpp'), ('F77', '/Users/howardkang/miniconda3/envs/ros2/bin/arm64-apple-darwin20.0.0-gfortran'), ('REDO_PREBINDING', 'arm64-apple-darwin20.0.0-redo_prebinding'), ('GDAL_DATA', '/Users/howardkang/miniconda3/envs/ros2/share/gdal'), ('XPC_SERVICE_NAME', '0'), ('_CE_M', ''), ('CLANG', 'arm64-apple-darwin20.0.0-clang'), ('CC_FOR_BUILD', '/Users/howardkang/miniconda3/envs/ros2/bin/arm64-apple-darwin20.0.0-clang'), ('CXX', 'arm64-apple-darwin20.0.0-clang++'), ('HOME', '/Users/howardkang'), ('SHLVL', '2'), ('OPENSSL_ROOT_DIR', '/opt/homebrew/opt/openssl@3'), ('ROS_DISTRO', 'humble'), ('FORTRANFLAGS', '-march=armv8.3-a -ftree-vectorize -fPIC -fno-stack-protector -O2 -pipe -isystem /Users/howardkang/miniconda3/envs/ros2/include'), ('CFLAGS', '-ftree-vectorize -fPIC -fPIE -fstack-protector-strong -O2 -pipe -isystem /Users/howardkang/miniconda3/envs/ros2/include'), ('FC', '/Users/howardkang/miniconda3/envs/ros2/bin/arm64-apple-darwin20.0.0-gfortran'), ('_CONDA_PYTHON_SYSCONFIGDATA_NAME', '_sysconfigdata_arm64_apple_darwin20_0_0'), ('GAZEBO_PLUGIN_PATH', '/Users/howardkang/miniconda3/envs/ros2/lib/gazebo-11/plugins:'), ('LOGNAME', 'howardkang'), ('CONDA_PYTHON_EXE', '/Users/howardkang/miniconda3/bin/python'), ('PYTHONPATH', '/Users/howardkang/miniconda3/envs/ros2/lib/python310/site-packages:/Users/howardkang/miniconda3/envs/ros2/lib/python3.10/site-packages'), ('M1_HOME', '/Users/pankaj/Downloads/apache-maven-3.9.5'), ('LC_CTYPE', 'UTF-8'), ('build_alias', 'arm64-apple-darwin20.0.0'), ('CONDA_DEFAULT_ENV', 'ros2'), ('GAZEBO_MODEL_DATABASE_URI', 'http://models.gazebosim.org'), ('RANLIB', 'arm64-apple-darwin20.0.0-ranlib'), ('DEBUG_CFLAGS', '-ftree-vectorize -fPIC -fPIE -fstack-protector-strong -O2 -pipe -Og -g -Wall -Wextra -isystem /Users/howardkang/miniconda3/envs/ros2/include'), ('SEG_ADDR_TABLE', 'arm64-apple-darwin20.0.0-seg_addr_table'), ('CC', 'arm64-apple-darwin20.0.0-clang'), ('CMAKE_PREFIX_PATH', ':/Users/howardkang/miniconda3/envs/ros2'), ('host_alias', 'arm64-apple-darwin20.0.0'), ('ROS_LOCALHOST_ONLY', '0'), ('LDFLAGS_LD', '-pie -headerpad_max_install_names -dead_strip_dylibs -rpath /Users/howardkang/miniconda3/envs/ros2/lib -L/Users/howardkang/miniconda3/envs/ros2/lib'), ('FFLAGS', '-march=armv8.3-a -ftree-vectorize -fPIC -fno-stack-protector -O2 -pipe -isystem /Users/howardkang/miniconda3/envs/ros2/include'), ('OBJC_FOR_BUILD', '/Users/howardkang/miniconda3/envs/ros2/bin/arm64-apple-darwin20.0.0-clang'), ('ROS_ETC_DIR', '/Users/howardkang/miniconda3/envs/ros2/etc/ros'), ('_', '/Users/howardkang/miniconda3/envs/ros2/bin/env')]), 'shell': False}
[3.836303] (yolov8_interface) StdoutLine: {'line': b'-- Install configuration: ""\n'}
[3.836636] (yolov8_interface) StdoutLine: {'line': b'-- Installing: /Users/howardkang/auto_car/install/yolov8_interface/share/ament_index/resource_index/rosidl_interfaces/yolov8_interface\n'}
[3.836808] (yolov8_interface) StdoutLine: {'line': b'-- Installing: /Users/howardkang/auto_car/install/yolov8_interface/include/yolov8_interface/yolov8_interface\n'}
[3.836928] (yolov8_interface) StdoutLine: {'line': b'-- Installing: /Users/howardkang/auto_car/install/yolov8_interface/include/yolov8_interface/yolov8_interface/msg\n'}
[3.837040] (yolov8_interface) StdoutLine: {'line': b'-- Installing: /Users/howardkang/auto_car/install/yolov8_interface/include/yolov8_interface/yolov8_interface/msg/inference_result.h\n'}
[3.837174] (yolov8_interface) StdoutLine: {'line': b'-- Installing: /Users/howardkang/auto_car/install/yolov8_interface/include/yolov8_interface/yolov8_interface/msg/rosidl_generator_c__visibility_control.h\n'}
[3.837319] (yolov8_interface) StdoutLine: {'line': b'-- Installing: /Users/howardkang/auto_car/install/yolov8_interface/include/yolov8_interface/yolov8_interface/msg/yolov8_inference.h\n'}
[3.837441] (yolov8_interface) StdoutLine: {'line': b'-- Installing: /Users/howardkang/auto_car/install/yolov8_interface/include/yolov8_interface/yolov8_interface/msg/detail\n'}
[3.837529] (yolov8_interface) StdoutLine: {'line': b'-- Installing: /Users/howardkang/auto_car/install/yolov8_interface/include/yolov8_interface/yolov8_interface/msg/detail/inference_result__struct.h\n'}
[3.837694] (yolov8_interface) StdoutLine: {'line': b'-- Installing: /Users/howardkang/auto_car/install/yolov8_interface/include/yolov8_interface/yolov8_interface/msg/detail/yolov8_inference__struct.h\n'}
[3.837911] (yolov8_interface) StdoutLine: {'line': b'-- Installing: /Users/howardkang/auto_car/install/yolov8_interface/include/yolov8_interface/yolov8_interface/msg/detail/yolov8_inference__functions.h\n'}
[3.838086] (yolov8_interface) StdoutLine: {'line': b'-- Installing: /Users/howardkang/auto_car/install/yolov8_interface/include/yolov8_interface/yolov8_interface/msg/detail/inference_result__functions.c\n'}
[3.838257] (yolov8_interface) StdoutLine: {'line': b'-- Installing: /Users/howardkang/auto_car/install/yolov8_interface/include/yolov8_interface/yolov8_interface/msg/detail/yolov8_inference__type_support.h\n'}
[3.838458] (yolov8_interface) StdoutLine: {'line': b'-- Installing: /Users/howardkang/auto_car/install/yolov8_interface/include/yolov8_interface/yolov8_interface/msg/detail/inference_result__type_support.h\n'}
[3.838641] (yolov8_interface) StdoutLine: {'line': b'-- Installing: /Users/howardkang/auto_car/install/yolov8_interface/include/yolov8_interface/yolov8_interface/msg/detail/yolov8_inference__functions.c\n'}
[3.838768] (yolov8_interface) StdoutLine: {'line': b'-- Installing: /Users/howardkang/auto_car/install/yolov8_interface/include/yolov8_interface/yolov8_interface/msg/detail/inference_result__functions.h\n'}
[3.838968] (yolov8_interface) StdoutLine: {'line': b'-- Installing: /Users/howardkang/auto_car/install/yolov8_interface/lib/libyolov8_interface__rosidl_generator_c.dylib\n'}
[3.839180] (yolov8_interface) StdoutLine: {'line': b'-- Up-to-date: /Users/howardkang/auto_car/install/yolov8_interface/include/yolov8_interface/yolov8_interface\n'}
[3.839259] (yolov8_interface) StdoutLine: {'line': b'-- Up-to-date: /Users/howardkang/auto_car/install/yolov8_interface/include/yolov8_interface/yolov8_interface/msg\n'}
[3.839318] (yolov8_interface) StdoutLine: {'line': b'-- Up-to-date: /Users/howardkang/auto_car/install/yolov8_interface/include/yolov8_interface/yolov8_interface/msg/detail\n'}
[3.839368] (yolov8_interface) StdoutLine: {'line': b'-- Installing: /Users/howardkang/auto_car/install/yolov8_interface/include/yolov8_interface/yolov8_interface/msg/detail/yolov8_inference__rosidl_typesupport_fastrtps_c.h\n'}
[3.839547] (yolov8_interface) StdoutLine: {'line': b'-- Installing: /Users/howardkang/auto_car/install/yolov8_interface/include/yolov8_interface/yolov8_interface/msg/detail/inference_result__rosidl_typesupport_fastrtps_c.h\n'}
[3.839740] (yolov8_interface) StdoutLine: {'line': b'-- Installing: /Users/howardkang/auto_car/install/yolov8_interface/include/yolov8_interface/yolov8_interface/msg/rosidl_typesupport_fastrtps_c__visibility_control.h\n'}
[3.839953] (yolov8_interface) StdoutLine: {'line': b'-- Installing: /Users/howardkang/auto_car/install/yolov8_interface/lib/libyolov8_interface__rosidl_typesupport_fastrtps_c.dylib\n'}
[3.859483] (-) TimerEvent: {}
[3.860105] (yolov8_interface) StderrLine: {'line': b"[cctools-port]: generating fake signature for '/Users/howardkang/auto_car/install/yolov8_interface/lib/libyolov8_interface__rosidl_typesupport_fastrtps_c.dylib'\n"}
[3.903349] (yolov8_interface) StdoutLine: {'line': b'-- Up-to-date: /Users/howardkang/auto_car/install/yolov8_interface/include/yolov8_interface/yolov8_interface\n'}
[3.903463] (yolov8_interface) StdoutLine: {'line': b'-- Up-to-date: /Users/howardkang/auto_car/install/yolov8_interface/include/yolov8_interface/yolov8_interface/msg\n'}
[3.903525] (yolov8_interface) StdoutLine: {'line': b'-- Installing: /Users/howardkang/auto_car/install/yolov8_interface/include/yolov8_interface/yolov8_interface/msg/inference_result.hpp\n'}
[3.903604] (yolov8_interface) StdoutLine: {'line': b'-- Installing: /Users/howardkang/auto_car/install/yolov8_interface/include/yolov8_interface/yolov8_interface/msg/yolov8_inference.hpp\n'}
[3.903728] (yolov8_interface) StdoutLine: {'line': b'-- Up-to-date: /Users/howardkang/auto_car/install/yolov8_interface/include/yolov8_interface/yolov8_interface/msg/detail\n'}
[3.903845] (yolov8_interface) StdoutLine: {'line': b'-- Installing: /Users/howardkang/auto_car/install/yolov8_interface/include/yolov8_interface/yolov8_interface/msg/detail/inference_result__struct.hpp\n'}
[3.904017] (yolov8_interface) StdoutLine: {'line': b'-- Installing: /Users/howardkang/auto_car/install/yolov8_interface/include/yolov8_interface/yolov8_interface/msg/detail/inference_result__builder.hpp\n'}
[3.904187] (yolov8_interface) StdoutLine: {'line': b'-- Installing: /Users/howardkang/auto_car/install/yolov8_interface/include/yolov8_interface/yolov8_interface/msg/detail/yolov8_inference__struct.hpp\n'}
[3.904333] (yolov8_interface) StdoutLine: {'line': b'-- Installing: /Users/howardkang/auto_car/install/yolov8_interface/include/yolov8_interface/yolov8_interface/msg/detail/inference_result__traits.hpp\n'}
[3.904488] (yolov8_interface) StdoutLine: {'line': b'-- Installing: /Users/howardkang/auto_car/install/yolov8_interface/include/yolov8_interface/yolov8_interface/msg/detail/yolov8_inference__builder.hpp\n'}
[3.904626] (yolov8_interface) StdoutLine: {'line': b'-- Installing: /Users/howardkang/auto_car/install/yolov8_interface/include/yolov8_interface/yolov8_interface/msg/detail/yolov8_inference__traits.hpp\n'}
[3.904812] (yolov8_interface) StdoutLine: {'line': b'-- Up-to-date: /Users/howardkang/auto_car/install/yolov8_interface/include/yolov8_interface/yolov8_interface\n'}
[3.904880] (yolov8_interface) StdoutLine: {'line': b'-- Up-to-date: /Users/howardkang/auto_car/install/yolov8_interface/include/yolov8_interface/yolov8_interface/msg\n'}
[3.904956] (yolov8_interface) StdoutLine: {'line': b'-- Installing: /Users/howardkang/auto_car/install/yolov8_interface/include/yolov8_interface/yolov8_interface/msg/rosidl_typesupport_fastrtps_cpp__visibility_control.h\n'}
[3.905124] (yolov8_interface) StdoutLine: {'line': b'-- Up-to-date: /Users/howardkang/auto_car/install/yolov8_interface/include/yolov8_interface/yolov8_interface/msg/detail\n'}
[3.905195] (yolov8_interface) StdoutLine: {'line': b'-- Installing: /Users/howardkang/auto_car/install/yolov8_interface/include/yolov8_interface/yolov8_interface/msg/detail/yolov8_inference__rosidl_typesupport_fastrtps_cpp.hpp\n'}
[3.905364] (yolov8_interface) StdoutLine: {'line': b'-- Installing: /Users/howardkang/auto_car/install/yolov8_interface/include/yolov8_interface/yolov8_interface/msg/detail/inference_result__rosidl_typesupport_fastrtps_cpp.hpp\n'}
[3.905526] (yolov8_interface) StdoutLine: {'line': b'-- Installing: /Users/howardkang/auto_car/install/yolov8_interface/include/yolov8_interface/yolov8_interface/msg/detail/dds_fastrtps\n'}
[3.905665] (yolov8_interface) StdoutLine: {'line': b'-- Installing: /Users/howardkang/auto_car/install/yolov8_interface/lib/libyolov8_interface__rosidl_typesupport_fastrtps_cpp.dylib\n'}
[3.905907] (yolov8_interface) StdoutLine: {'line': b'-- Up-to-date: /Users/howardkang/auto_car/install/yolov8_interface/include/yolov8_interface/yolov8_interface\n'}
[3.905993] (yolov8_interface) StdoutLine: {'line': b'-- Up-to-date: /Users/howardkang/auto_car/install/yolov8_interface/include/yolov8_interface/yolov8_interface/msg\n'}
[3.906045] (yolov8_interface) StdoutLine: {'line': b'-- Up-to-date: /Users/howardkang/auto_car/install/yolov8_interface/include/yolov8_interface/yolov8_interface/msg/detail\n'}
[3.906125] (yolov8_interface) StdoutLine: {'line': b'-- Installing: /Users/howardkang/auto_car/install/yolov8_interface/include/yolov8_interface/yolov8_interface/msg/detail/inference_result__rosidl_typesupport_introspection_c.h\n'}
[3.906345] (yolov8_interface) StdoutLine: {'line': b'-- Installing: /Users/howardkang/auto_car/install/yolov8_interface/include/yolov8_interface/yolov8_interface/msg/detail/inference_result__type_support.c\n'}
[3.906525] (yolov8_interface) StdoutLine: {'line': b'-- Installing: /Users/howardkang/auto_car/install/yolov8_interface/include/yolov8_interface/yolov8_interface/msg/detail/yolov8_inference__rosidl_typesupport_introspection_c.h\n'}
[3.906703] (yolov8_interface) StdoutLine: {'line': b'-- Installing: /Users/howardkang/auto_car/install/yolov8_interface/include/yolov8_interface/yolov8_interface/msg/detail/yolov8_inference__type_support.c\n'}
[3.906904] (yolov8_interface) StdoutLine: {'line': b'-- Installing: /Users/howardkang/auto_car/install/yolov8_interface/include/yolov8_interface/yolov8_interface/msg/rosidl_typesupport_introspection_c__visibility_control.h\n'}
[3.907099] (yolov8_interface) StdoutLine: {'line': b'-- Installing: /Users/howardkang/auto_car/install/yolov8_interface/lib/libyolov8_interface__rosidl_typesupport_introspection_c.dylib\n'}
[3.909339] (yolov8_interface) StderrLine: {'line': b"[cctools-port]: generating fake signature for '/Users/howardkang/auto_car/install/yolov8_interface/lib/libyolov8_interface__rosidl_typesupport_introspection_c.dylib'\n"}
[3.917664] (yolov8_interface) StdoutLine: {'line': b'-- Installing: /Users/howardkang/auto_car/install/yolov8_interface/lib/libyolov8_interface__rosidl_typesupport_c.dylib\n'}
[3.919603] (yolov8_interface) StderrLine: {'line': b"[cctools-port]: generating fake signature for '/Users/howardkang/auto_car/install/yolov8_interface/lib/libyolov8_interface__rosidl_typesupport_c.dylib'\n"}
[3.926922] (yolov8_interface) StdoutLine: {'line': b'-- Up-to-date: /Users/howardkang/auto_car/install/yolov8_interface/include/yolov8_interface/yolov8_interface\n'}
[3.927012] (yolov8_interface) StdoutLine: {'line': b'-- Up-to-date: /Users/howardkang/auto_car/install/yolov8_interface/include/yolov8_interface/yolov8_interface/msg\n'}
[3.927086] (yolov8_interface) StdoutLine: {'line': b'-- Up-to-date: /Users/howardkang/auto_car/install/yolov8_interface/include/yolov8_interface/yolov8_interface/msg/detail\n'}
[3.927145] (yolov8_interface) StdoutLine: {'line': b'-- Installing: /Users/howardkang/auto_car/install/yolov8_interface/include/yolov8_interface/yolov8_interface/msg/detail/inference_result__type_support.cpp\n'}
[3.927204] (yolov8_interface) StdoutLine: {'line': b'-- Installing: /Users/howardkang/auto_car/install/yolov8_interface/include/yolov8_interface/yolov8_interface/msg/detail/yolov8_inference__type_support.cpp\n'}
[3.927377] (yolov8_interface) StdoutLine: {'line': b'-- Installing: /Users/howardkang/auto_car/install/yolov8_interface/include/yolov8_interface/yolov8_interface/msg/detail/yolov8_inference__rosidl_typesupport_introspection_cpp.hpp\n'}
[3.927544] (yolov8_interface) StdoutLine: {'line': b'-- Installing: /Users/howardkang/auto_car/install/yolov8_interface/include/yolov8_interface/yolov8_interface/msg/detail/inference_result__rosidl_typesupport_introspection_cpp.hpp\n'}
[3.927720] (yolov8_interface) StdoutLine: {'line': b'-- Installing: /Users/howardkang/auto_car/install/yolov8_interface/lib/libyolov8_interface__rosidl_typesupport_introspection_cpp.dylib\n'}
[3.927974] (yolov8_interface) StdoutLine: {'line': b'-- Installing: /Users/howardkang/auto_car/install/yolov8_interface/lib/libyolov8_interface__rosidl_typesupport_cpp.dylib\n'}
[3.928267] (yolov8_interface) StdoutLine: {'line': b'-- Installing: /Users/howardkang/auto_car/install/yolov8_interface/share/yolov8_interface/environment/pythonpath.sh\n'}
[3.928439] (yolov8_interface) StdoutLine: {'line': b'-- Installing: /Users/howardkang/auto_car/install/yolov8_interface/share/yolov8_interface/environment/pythonpath.dsv\n'}
[3.928577] (yolov8_interface) StdoutLine: {'line': b'-- Installing: /Users/howardkang/auto_car/install/yolov8_interface/lib/python3.10/site-packages/yolov8_interface-0.0.0-py3.10.egg-info\n'}
[3.928725] (yolov8_interface) StdoutLine: {'line': b'-- Installing: /Users/howardkang/auto_car/install/yolov8_interface/lib/python3.10/site-packages/yolov8_interface-0.0.0-py3.10.egg-info/PKG-INFO\n'}
[3.928877] (yolov8_interface) StdoutLine: {'line': b'-- Installing: /Users/howardkang/auto_car/install/yolov8_interface/lib/python3.10/site-packages/yolov8_interface-0.0.0-py3.10.egg-info/SOURCES.txt\n'}
[3.929062] (yolov8_interface) StdoutLine: {'line': b'-- Installing: /Users/howardkang/auto_car/install/yolov8_interface/lib/python3.10/site-packages/yolov8_interface-0.0.0-py3.10.egg-info/top_level.txt\n'}
[3.929258] (yolov8_interface) StdoutLine: {'line': b'-- Installing: /Users/howardkang/auto_car/install/yolov8_interface/lib/python3.10/site-packages/yolov8_interface-0.0.0-py3.10.egg-info/dependency_links.txt\n'}
[3.929424] (yolov8_interface) StdoutLine: {'line': b'-- Installing: /Users/howardkang/auto_car/install/yolov8_interface/lib/python3.10/site-packages/yolov8_interface\n'}
[3.929510] (yolov8_interface) StdoutLine: {'line': b'-- Installing: /Users/howardkang/auto_car/install/yolov8_interface/lib/python3.10/site-packages/yolov8_interface/yolov8_interface_s__rosidl_typesupport_fastrtps_c.cpython-310-darwin.so\n'}
[3.929682] (yolov8_interface) StdoutLine: {'line': b'-- Installing: /Users/howardkang/auto_car/install/yolov8_interface/lib/python3.10/site-packages/yolov8_interface/_yolov8_interface_s.ep.rosidl_typesupport_fastrtps_c.c\n'}
[3.929829] (yolov8_interface) StdoutLine: {'line': b'-- Installing: /Users/howardkang/auto_car/install/yolov8_interface/lib/python3.10/site-packages/yolov8_interface/msg\n'}
[3.929910] (yolov8_interface) StdoutLine: {'line': b'-- Installing: /Users/howardkang/auto_car/install/yolov8_interface/lib/python3.10/site-packages/yolov8_interface/msg/_inference_result_s.c\n'}
[3.930128] (yolov8_interface) StdoutLine: {'line': b'-- Installing: /Users/howardkang/auto_car/install/yolov8_interface/lib/python3.10/site-packages/yolov8_interface/msg/__init__.py\n'}
[3.930327] (yolov8_interface) StdoutLine: {'line': b'-- Installing: /Users/howardkang/auto_car/install/yolov8_interface/lib/python3.10/site-packages/yolov8_interface/msg/_inference_result.py\n'}
[3.930529] (yolov8_interface) StdoutLine: {'line': b'-- Installing: /Users/howardkang/auto_car/install/yolov8_interface/lib/python3.10/site-packages/yolov8_interface/msg/_yolov8_inference_s.c\n'}
[3.930721] (yolov8_interface) StdoutLine: {'line': b'-- Installing: /Users/howardkang/auto_car/install/yolov8_interface/lib/python3.10/site-packages/yolov8_interface/msg/_yolov8_inference.py\n'}
[3.930923] (yolov8_interface) StdoutLine: {'line': b'-- Installing: /Users/howardkang/auto_car/install/yolov8_interface/lib/python3.10/site-packages/yolov8_interface/yolov8_interface_s__rosidl_typesupport_c.cpython-310-darwin.so\n'}
[3.931132] (yolov8_interface) StdoutLine: {'line': b'-- Installing: /Users/howardkang/auto_car/install/yolov8_interface/lib/python3.10/site-packages/yolov8_interface/__init__.py\n'}
[3.931316] (yolov8_interface) StdoutLine: {'line': b'-- Installing: /Users/howardkang/auto_car/install/yolov8_interface/lib/python3.10/site-packages/yolov8_interface/_yolov8_interface_s.ep.rosidl_typesupport_introspection_c.c\n'}
[3.931542] (yolov8_interface) StdoutLine: {'line': b'-- Installing: /Users/howardkang/auto_car/install/yolov8_interface/lib/python3.10/site-packages/yolov8_interface/yolov8_interface_s__rosidl_typesupport_introspection_c.cpython-310-darwin.so\n'}
[3.931761] (yolov8_interface) StdoutLine: {'line': b'-- Installing: /Users/howardkang/auto_car/install/yolov8_interface/lib/python3.10/site-packages/yolov8_interface/libyolov8_interface__rosidl_generator_py.dylib\n'}
[3.931969] (yolov8_interface) StdoutLine: {'line': b'-- Installing: /Users/howardkang/auto_car/install/yolov8_interface/lib/python3.10/site-packages/yolov8_interface/_yolov8_interface_s.ep.rosidl_typesupport_c.c\n'}
[3.953397] (yolov8_interface) StdoutLine: {'line': b"Listing 'lib/python3.10/site-packages/yolov8_interface'...\n"}
[3.953472] (yolov8_interface) StdoutLine: {'line': b"Can't list 'lib/python3.10/site-packages/yolov8_interface'\n"}
[3.955930] (yolov8_interface) StdoutLine: {'line': b'-- Up-to-date: /Users/howardkang/auto_car/install/yolov8_interface/lib/python3.10/site-packages/yolov8_interface/yolov8_interface_s__rosidl_typesupport_fastrtps_c.cpython-310-darwin.so\n'}
[3.957901] (yolov8_interface) StderrLine: {'line': b"[cctools-port]: generating fake signature for '/Users/howardkang/auto_car/install/yolov8_interface/lib/python3.10/site-packages/yolov8_interface/yolov8_interface_s__rosidl_typesupport_fastrtps_c.cpython-310-darwin.so'\n"}
[3.959875] (-) TimerEvent: {}
[3.965217] (yolov8_interface) StdoutLine: {'line': b'-- Up-to-date: /Users/howardkang/auto_car/install/yolov8_interface/lib/python3.10/site-packages/yolov8_interface/yolov8_interface_s__rosidl_typesupport_introspection_c.cpython-310-darwin.so\n'}
[3.966948] (yolov8_interface) StderrLine: {'line': b"[cctools-port]: generating fake signature for '/Users/howardkang/auto_car/install/yolov8_interface/lib/python3.10/site-packages/yolov8_interface/yolov8_interface_s__rosidl_typesupport_introspection_c.cpython-310-darwin.so'\n"}
[3.973995] (yolov8_interface) StdoutLine: {'line': b'-- Up-to-date: /Users/howardkang/auto_car/install/yolov8_interface/lib/python3.10/site-packages/yolov8_interface/yolov8_interface_s__rosidl_typesupport_c.cpython-310-darwin.so\n'}
[3.975732] (yolov8_interface) StderrLine: {'line': b"[cctools-port]: generating fake signature for '/Users/howardkang/auto_car/install/yolov8_interface/lib/python3.10/site-packages/yolov8_interface/yolov8_interface_s__rosidl_typesupport_c.cpython-310-darwin.so'\n"}
[3.982703] (yolov8_interface) StdoutLine: {'line': b'-- Installing: /Users/howardkang/auto_car/install/yolov8_interface/lib/libyolov8_interface__rosidl_generator_py.dylib\n'}
[3.984506] (yolov8_interface) StderrLine: {'line': b"[cctools-port]: generating fake signature for '/Users/howardkang/auto_car/install/yolov8_interface/lib/libyolov8_interface__rosidl_generator_py.dylib'\n"}
[3.991490] (yolov8_interface) StdoutLine: {'line': b'-- Installing: /Users/howardkang/auto_car/install/yolov8_interface/share/yolov8_interface/msg/InferenceResult.idl\n'}
[3.991656] (yolov8_interface) StdoutLine: {'line': b'-- Installing: /Users/howardkang/auto_car/install/yolov8_interface/share/yolov8_interface/msg/Yolov8Inference.idl\n'}
[3.991855] (yolov8_interface) StdoutLine: {'line': b'-- Installing: /Users/howardkang/auto_car/install/yolov8_interface/share/yolov8_interface/msg/InferenceResult.msg\n'}
[3.992037] (yolov8_interface) StdoutLine: {'line': b'-- Installing: /Users/howardkang/auto_car/install/yolov8_interface/share/yolov8_interface/msg/Yolov8Inference.msg\n'}
[3.992244] (yolov8_interface) StdoutLine: {'line': b'-- Installing: /Users/howardkang/auto_car/install/yolov8_interface/share/ament_index/resource_index/package_run_dependencies/yolov8_interface\n'}
[3.992442] (yolov8_interface) StdoutLine: {'line': b'-- Installing: /Users/howardkang/auto_car/install/yolov8_interface/share/ament_index/resource_index/parent_prefix_path/yolov8_interface\n'}
[3.992628] (yolov8_interface) StdoutLine: {'line': b'-- Installing: /Users/howardkang/auto_car/install/yolov8_interface/share/yolov8_interface/environment/ament_prefix_path.sh\n'}
[3.992840] (yolov8_interface) StdoutLine: {'line': b'-- Installing: /Users/howardkang/auto_car/install/yolov8_interface/share/yolov8_interface/environment/ament_prefix_path.dsv\n'}
[3.993047] (yolov8_interface) StdoutLine: {'line': b'-- Installing: /Users/howardkang/auto_car/install/yolov8_interface/share/yolov8_interface/environment/path.sh\n'}
[3.993247] (yolov8_interface) StdoutLine: {'line': b'-- Installing: /Users/howardkang/auto_car/install/yolov8_interface/share/yolov8_interface/environment/path.dsv\n'}
[3.993428] (yolov8_interface) StdoutLine: {'line': b'-- Installing: /Users/howardkang/auto_car/install/yolov8_interface/share/yolov8_interface/local_setup.bash\n'}
[3.993637] (yolov8_interface) StdoutLine: {'line': b'-- Installing: /Users/howardkang/auto_car/install/yolov8_interface/share/yolov8_interface/local_setup.sh\n'}
[3.993839] (yolov8_interface) StdoutLine: {'line': b'-- Installing: /Users/howardkang/auto_car/install/yolov8_interface/share/yolov8_interface/local_setup.zsh\n'}
[3.994043] (yolov8_interface) StdoutLine: {'line': b'-- Installing: /Users/howardkang/auto_car/install/yolov8_interface/share/yolov8_interface/local_setup.dsv\n'}
[3.994261] (yolov8_interface) StdoutLine: {'line': b'-- Installing: /Users/howardkang/auto_car/install/yolov8_interface/share/yolov8_interface/package.dsv\n'}
[3.995278] (yolov8_interface) StdoutLine: {'line': b'-- Installing: /Users/howardkang/auto_car/install/yolov8_interface/share/ament_index/resource_index/packages/yolov8_interface\n'}
[3.995563] (yolov8_interface) StdoutLine: {'line': b'-- Installing: /Users/howardkang/auto_car/install/yolov8_interface/share/yolov8_interface/cmake/export_yolov8_interface__rosidl_generator_cExport.cmake\n'}
[3.995805] (yolov8_interface) StdoutLine: {'line': b'-- Installing: /Users/howardkang/auto_car/install/yolov8_interface/share/yolov8_interface/cmake/export_yolov8_interface__rosidl_generator_cExport-noconfig.cmake\n'}
[3.996052] (yolov8_interface) StdoutLine: {'line': b'-- Installing: /Users/howardkang/auto_car/install/yolov8_interface/share/yolov8_interface/cmake/export_yolov8_interface__rosidl_typesupport_fastrtps_cExport.cmake\n'}
[3.996274] (yolov8_interface) StdoutLine: {'line': b'-- Installing: /Users/howardkang/auto_car/install/yolov8_interface/share/yolov8_interface/cmake/export_yolov8_interface__rosidl_typesupport_fastrtps_cExport-noconfig.cmake\n'}
[3.996532] (yolov8_interface) StdoutLine: {'line': b'-- Installing: /Users/howardkang/auto_car/install/yolov8_interface/share/yolov8_interface/cmake/export_yolov8_interface__rosidl_generator_cppExport.cmake\n'}
[3.996783] (yolov8_interface) StdoutLine: {'line': b'-- Installing: /Users/howardkang/auto_car/install/yolov8_interface/share/yolov8_interface/cmake/export_yolov8_interface__rosidl_typesupport_fastrtps_cppExport.cmake\n'}
[3.997006] (yolov8_interface) StdoutLine: {'line': b'-- Installing: /Users/howardkang/auto_car/install/yolov8_interface/share/yolov8_interface/cmake/export_yolov8_interface__rosidl_typesupport_fastrtps_cppExport-noconfig.cmake\n'}
[3.997288] (yolov8_interface) StdoutLine: {'line': b'-- Installing: /Users/howardkang/auto_car/install/yolov8_interface/share/yolov8_interface/cmake/yolov8_interface__rosidl_typesupport_introspection_cExport.cmake\n'}
[3.997516] (yolov8_interface) StdoutLine: {'line': b'-- Installing: /Users/howardkang/auto_car/install/yolov8_interface/share/yolov8_interface/cmake/yolov8_interface__rosidl_typesupport_introspection_cExport-noconfig.cmake\n'}
[3.997769] (yolov8_interface) StdoutLine: {'line': b'-- Installing: /Users/howardkang/auto_car/install/yolov8_interface/share/yolov8_interface/cmake/yolov8_interface__rosidl_typesupport_cExport.cmake\n'}
[3.998017] (yolov8_interface) StdoutLine: {'line': b'-- Installing: /Users/howardkang/auto_car/install/yolov8_interface/share/yolov8_interface/cmake/yolov8_interface__rosidl_typesupport_cExport-noconfig.cmake\n'}
[3.998257] (yolov8_interface) StdoutLine: {'line': b'-- Installing: /Users/howardkang/auto_car/install/yolov8_interface/share/yolov8_interface/cmake/yolov8_interface__rosidl_typesupport_introspection_cppExport.cmake\n'}
[3.998541] (yolov8_interface) StdoutLine: {'line': b'-- Installing: /Users/howardkang/auto_car/install/yolov8_interface/share/yolov8_interface/cmake/yolov8_interface__rosidl_typesupport_introspection_cppExport-noconfig.cmake\n'}
[3.998797] (yolov8_interface) StdoutLine: {'line': b'-- Installing: /Users/howardkang/auto_car/install/yolov8_interface/share/yolov8_interface/cmake/yolov8_interface__rosidl_typesupport_cppExport.cmake\n'}
[3.999046] (yolov8_interface) StdoutLine: {'line': b'-- Installing: /Users/howardkang/auto_car/install/yolov8_interface/share/yolov8_interface/cmake/yolov8_interface__rosidl_typesupport_cppExport-noconfig.cmake\n'}
[3.999290] (yolov8_interface) StdoutLine: {'line': b'-- Installing: /Users/howardkang/auto_car/install/yolov8_interface/share/yolov8_interface/cmake/export_yolov8_interface__rosidl_generator_pyExport.cmake\n'}
[3.999539] (yolov8_interface) StdoutLine: {'line': b'-- Installing: /Users/howardkang/auto_car/install/yolov8_interface/share/yolov8_interface/cmake/export_yolov8_interface__rosidl_generator_pyExport-noconfig.cmake\n'}
[3.999777] (yolov8_interface) StdoutLine: {'line': b'-- Installing: /Users/howardkang/auto_car/install/yolov8_interface/share/yolov8_interface/cmake/rosidl_cmake-extras.cmake\n'}
[4.000007] (yolov8_interface) StdoutLine: {'line': b'-- Installing: /Users/howardkang/auto_car/install/yolov8_interface/share/yolov8_interface/cmake/ament_cmake_export_dependencies-extras.cmake\n'}
[4.000247] (yolov8_interface) StdoutLine: {'line': b'-- Installing: /Users/howardkang/auto_car/install/yolov8_interface/share/yolov8_interface/cmake/ament_cmake_export_include_directories-extras.cmake\n'}
[4.000488] (yolov8_interface) StdoutLine: {'line': b'-- Installing: /Users/howardkang/auto_car/install/yolov8_interface/share/yolov8_interface/cmake/ament_cmake_export_libraries-extras.cmake\n'}
[4.000704] (yolov8_interface) StdoutLine: {'line': b'-- Installing: /Users/howardkang/auto_car/install/yolov8_interface/share/yolov8_interface/cmake/ament_cmake_export_targets-extras.cmake\n'}
[4.000955] (yolov8_interface) StdoutLine: {'line': b'-- Installing: /Users/howardkang/auto_car/install/yolov8_interface/share/yolov8_interface/cmake/rosidl_cmake_export_typesupport_targets-extras.cmake\n'}
[4.001182] (yolov8_interface) StdoutLine: {'line': b'-- Installing: /Users/howardkang/auto_car/install/yolov8_interface/share/yolov8_interface/cmake/rosidl_cmake_export_typesupport_libraries-extras.cmake\n'}
[4.001406] (yolov8_interface) StdoutLine: {'line': b'-- Installing: /Users/howardkang/auto_car/install/yolov8_interface/share/yolov8_interface/cmake/yolov8_interfaceConfig.cmake\n'}
[4.001605] (yolov8_interface) StdoutLine: {'line': b'-- Installing: /Users/howardkang/auto_car/install/yolov8_interface/share/yolov8_interface/cmake/yolov8_interfaceConfig-version.cmake\n'}
[4.001793] (yolov8_interface) StdoutLine: {'line': b'-- Installing: /Users/howardkang/auto_car/install/yolov8_interface/share/yolov8_interface/package.xml\n'}
[4.003077] (yolov8_interface) CommandEnded: {'returncode': 0}
[4.064919] (-) TimerEvent: {}
[4.166553] (-) TimerEvent: {}
[4.272040] (-) TimerEvent: {}
[4.300271] (yolov8_interface) JobEnded: {'identifier': 'yolov8_interface', 'rc': 0}
[4.301782] (-) EventReactorShutdown: {}
