[  7%] Built target my_package__cpp
[ 12%] Built target my_package__rosidl_generator_c
[ 12%] Built target ament_cmake_python_symlink_my_package
[ 23%] Built target my_package__rosidl_typesupport_introspection_c
[ 33%] Built target my_package__rosidl_typesupport_c
[ 43%] Built target my_package__rosidl_typesupport_introspection_cpp
[ 53%] Built target my_package__rosidl_typesupport_fastrtps_cpp
[ 64%] Built target my_package__rosidl_typesupport_cpp
[ 74%] Built target my_package__rosidl_typesupport_fastrtps_c
[ 74%] Built target my_package
[ 76%] Built target my_package__py
[ 84%] Built target my_package__rosidl_generator_py
[100%] Built target my_package__rosidl_typesupport_c__pyext
[100%] Built target my_package__rosidl_typesupport_fastrtps_c__pyext
[100%] Built target my_package__rosidl_typesupport_introspection_c__pyext
running egg_info
writing my_package.egg-info/PKG-INFO
writing dependency_links to my_package.egg-info/dependency_links.txt
writing top-level names to my_package.egg-info/top_level.txt
reading manifest file 'my_package.egg-info/SOURCES.txt'
writing manifest file 'my_package.egg-info/SOURCES.txt'
[100%] Built target ament_cmake_python_build_my_package_egg
