[0.114s] Invoking command in '/Users/howardkang/auto_car/build/my_package': CONDA_PROMPT_MODIFIER=(ros2) SHLVL=2 _=/Users/howardkang/miniconda3/envs/ros2/bin/env __CF_USER_TEXT_ENCODING=0x1F5:0x0:0x0 /Users/howardkang/miniconda3/envs/ros2/bin/cmake --build /Users/howardkang/auto_car/build/my_package -- -j8 -l8
[0.219s] [  7%] Built target my_package__cpp
[0.219s] [ 12%] Built target my_package__rosidl_generator_c
[0.228s] [ 12%] Built target ament_cmake_python_symlink_my_package
[0.262s] [ 23%] Built target my_package__rosidl_typesupport_introspection_c
[0.270s] [ 33%] Built target my_package__rosidl_typesupport_c
[0.274s] [ 43%] Built target my_package__rosidl_typesupport_introspection_cpp
[0.276s] [ 53%] Built target my_package__rosidl_typesupport_fastrtps_cpp
[0.276s] [ 64%] Built target my_package__rosidl_typesupport_cpp
[0.282s] [ 74%] Built target my_package__rosidl_typesupport_fastrtps_c
[0.309s] [ 74%] Built target my_package
[0.337s] [ 76%] Built target my_package__py
[0.368s] [ 84%] Built target my_package__rosidl_generator_py
[0.411s] [100%] Built target my_package__rosidl_typesupport_c__pyext
[0.411s] [100%] Built target my_package__rosidl_typesupport_fastrtps_c__pyext
[0.411s] [100%] Built target my_package__rosidl_typesupport_introspection_c__pyext
[0.594s] running egg_info
[0.628s] writing my_package.egg-info/PKG-INFO
[0.654s] writing dependency_links to my_package.egg-info/dependency_links.txt
[0.815s] writing top-level names to my_package.egg-info/top_level.txt
[0.865s] reading manifest file 'my_package.egg-info/SOURCES.txt'
[0.866s] writing manifest file 'my_package.egg-info/SOURCES.txt'
[0.889s] [100%] Built target ament_cmake_python_build_my_package_egg
