[0.104s] Invoking command in '/Users/howardkang/auto_car/build/my_package': CONDA_PROMPT_MODIFIER=(ros2) SHLVL=2 _=/Users/howardkang/miniconda3/envs/ros2/bin/env __CF_USER_TEXT_ENCODING=0x1F5:0x0:0x0 /Users/howardkang/miniconda3/envs/ros2/bin/cmake --build /Users/howardkang/auto_car/build/my_package -- -j8 -l8
[0.260s] [  2%] Built target my_package__cpp
[0.307s] [  2%] Built target ament_cmake_python_symlink_my_package
[0.389s] [ 12%] Built target my_package__rosidl_typesupport_introspection_cpp
[0.812s] running egg_info
[0.856s] writing my_package.egg-info/PKG-INFO
[0.888s] writing dependency_links to my_package.egg-info/dependency_links.txt
[1.091s] writing top-level names to my_package.egg-info/top_level.txt
[1.163s] reading manifest file 'my_package.egg-info/SOURCES.txt'
[1.164s] writing manifest file 'my_package.egg-info/SOURCES.txt'
[1.207s] [ 12%] Built target ament_cmake_python_build_my_package_egg
[1.262s] [ 23%] Built target my_package__rosidl_typesupport_fastrtps_cpp
[1.345s] [ 33%] Built target my_package__rosidl_typesupport_cpp
[1.424s] [ 43%] Built target my_package__rosidl_generator_c
[1.497s] [ 53%] Built target my_package__rosidl_typesupport_fastrtps_c
[1.558s] [ 64%] Built target my_package__rosidl_typesupport_c
[1.604s] [ 74%] Built target my_package__rosidl_typesupport_introspection_c
[1.643s] [ 74%] Built target my_package
[1.701s] [ 76%] Built target my_package__py
[1.765s] [ 84%] Built target my_package__rosidl_generator_py
[1.814s] [ 89%] Built target my_package__rosidl_typesupport_fastrtps_c__pyext
[1.850s] [ 94%] Built target my_package__rosidl_typesupport_c__pyext
[1.883s] [100%] Built target my_package__rosidl_typesupport_introspection_c__pyext
[1.898s] Invoked command in '/Users/howardkang/auto_car/build/my_package' returned '0': CONDA_PROMPT_MODIFIER=(ros2) SHLVL=2 _=/Users/howardkang/miniconda3/envs/ros2/bin/env __CF_USER_TEXT_ENCODING=0x1F5:0x0:0x0 /Users/howardkang/miniconda3/envs/ros2/bin/cmake --build /Users/howardkang/auto_car/build/my_package -- -j8 -l8
[2.087s] Invoking command in '/Users/howardkang/auto_car/build/my_package': CONDA_PROMPT_MODIFIER=(ros2) SHLVL=2 _=/Users/howardkang/miniconda3/envs/ros2/bin/env __CF_USER_TEXT_ENCODING=0x1F5:0x0:0x0 /Users/howardkang/miniconda3/envs/ros2/bin/cmake --install /Users/howardkang/auto_car/build/my_package
[2.097s] -- Install configuration: ""
[2.099s] -- Execute custom install script
[2.099s] -- Up-to-date symlink: /Users/howardkang/auto_car/install/my_package/share/ament_index/resource_index/rosidl_interfaces/my_package
[2.099s] -- Up-to-date symlink: /Users/howardkang/auto_car/install/my_package/include/my_package/my_package/msg/detail/inference_result__functions.h
[2.100s] -- Up-to-date symlink: /Users/howardkang/auto_car/install/my_package/include/my_package/my_package/msg/detail/inference_result__struct.h
[2.100s] -- Up-to-date symlink: /Users/howardkang/auto_car/install/my_package/include/my_package/my_package/msg/detail/inference_result__type_support.h
[2.100s] -- Up-to-date symlink: /Users/howardkang/auto_car/install/my_package/include/my_package/my_package/msg/detail/yolov8_inference__functions.h
[2.100s] -- Up-to-date symlink: /Users/howardkang/auto_car/install/my_package/include/my_package/my_package/msg/detail/yolov8_inference__struct.h
[2.100s] -- Up-to-date symlink: /Users/howardkang/auto_car/install/my_package/include/my_package/my_package/msg/detail/yolov8_inference__type_support.h
[2.100s] -- Up-to-date symlink: /Users/howardkang/auto_car/install/my_package/include/my_package/my_package/msg/inference_result.h
[2.100s] -- Up-to-date symlink: /Users/howardkang/auto_car/install/my_package/include/my_package/my_package/msg/rosidl_generator_c__visibility_control.h
[2.101s] -- Up-to-date symlink: /Users/howardkang/auto_car/install/my_package/include/my_package/my_package/msg/yolov8_inference.h
[2.101s] -- Up-to-date symlink: /Users/howardkang/auto_car/install/my_package/include/my_package/my_package/msg/detail/inference_result__rosidl_typesupport_fastrtps_c.h
[2.101s] -- Up-to-date symlink: /Users/howardkang/auto_car/install/my_package/include/my_package/my_package/msg/detail/yolov8_inference__rosidl_typesupport_fastrtps_c.h
[2.101s] -- Up-to-date symlink: /Users/howardkang/auto_car/install/my_package/include/my_package/my_package/msg/rosidl_typesupport_fastrtps_c__visibility_control.h
[2.102s] -- Up-to-date symlink: /Users/howardkang/auto_car/install/my_package/include/my_package/my_package/msg/detail/inference_result__builder.hpp
[2.102s] -- Up-to-date symlink: /Users/howardkang/auto_car/install/my_package/include/my_package/my_package/msg/detail/inference_result__struct.hpp
[2.102s] -- Up-to-date symlink: /Users/howardkang/auto_car/install/my_package/include/my_package/my_package/msg/detail/inference_result__traits.hpp
[2.102s] -- Up-to-date symlink: /Users/howardkang/auto_car/install/my_package/include/my_package/my_package/msg/detail/yolov8_inference__builder.hpp
[2.102s] -- Up-to-date symlink: /Users/howardkang/auto_car/install/my_package/include/my_package/my_package/msg/detail/yolov8_inference__struct.hpp
[2.102s] -- Up-to-date symlink: /Users/howardkang/auto_car/install/my_package/include/my_package/my_package/msg/detail/yolov8_inference__traits.hpp
[2.103s] -- Up-to-date symlink: /Users/howardkang/auto_car/install/my_package/include/my_package/my_package/msg/inference_result.hpp
[2.103s] -- Up-to-date symlink: /Users/howardkang/auto_car/install/my_package/include/my_package/my_package/msg/yolov8_inference.hpp
[2.103s] -- Up-to-date symlink: /Users/howardkang/auto_car/install/my_package/include/my_package/my_package/msg/detail/inference_result__rosidl_typesupport_fastrtps_cpp.hpp
[2.103s] -- Up-to-date symlink: /Users/howardkang/auto_car/install/my_package/include/my_package/my_package/msg/detail/yolov8_inference__rosidl_typesupport_fastrtps_cpp.hpp
[2.104s] -- Up-to-date symlink: /Users/howardkang/auto_car/install/my_package/include/my_package/my_package/msg/rosidl_typesupport_fastrtps_cpp__visibility_control.h
[2.104s] -- Up-to-date symlink: /Users/howardkang/auto_car/install/my_package/include/my_package/my_package/msg/detail/inference_result__rosidl_typesupport_introspection_c.h
[2.104s] -- Up-to-date symlink: /Users/howardkang/auto_car/install/my_package/include/my_package/my_package/msg/detail/yolov8_inference__rosidl_typesupport_introspection_c.h
[2.104s] -- Up-to-date symlink: /Users/howardkang/auto_car/install/my_package/include/my_package/my_package/msg/rosidl_typesupport_introspection_c__visibility_control.h
[2.105s] -- Up-to-date symlink: /Users/howardkang/auto_car/install/my_package/include/my_package/my_package/msg/detail/inference_result__rosidl_typesupport_introspection_cpp.hpp
[2.105s] -- Up-to-date symlink: /Users/howardkang/auto_car/install/my_package/include/my_package/my_package/msg/detail/yolov8_inference__rosidl_typesupport_introspection_cpp.hpp
[2.105s] -- Up-to-date symlink: /Users/howardkang/auto_car/install/my_package/share/my_package/environment/pythonpath.sh
[2.105s] -- Up-to-date symlink: /Users/howardkang/auto_car/install/my_package/share/my_package/environment/pythonpath.dsv
[2.105s] -- Up-to-date symlink: /Users/howardkang/auto_car/install/my_package/lib/python3.10/site-packages/my_package-0.0.0-py3.10.egg-info/PKG-INFO
[2.106s] -- Up-to-date symlink: /Users/howardkang/auto_car/install/my_package/lib/python3.10/site-packages/my_package-0.0.0-py3.10.egg-info/SOURCES.txt
[2.106s] -- Up-to-date symlink: /Users/howardkang/auto_car/install/my_package/lib/python3.10/site-packages/my_package-0.0.0-py3.10.egg-info/dependency_links.txt
[2.106s] -- Up-to-date symlink: /Users/howardkang/auto_car/install/my_package/lib/python3.10/site-packages/my_package-0.0.0-py3.10.egg-info/top_level.txt
[2.106s] -- Up-to-date symlink: /Users/howardkang/auto_car/install/my_package/lib/python3.10/site-packages/my_package/__init__.py
[2.107s] -- Up-to-date symlink: /Users/howardkang/auto_car/install/my_package/lib/python3.10/site-packages/my_package/_my_package_s.ep.rosidl_typesupport_c.c
[2.107s] -- Up-to-date symlink: /Users/howardkang/auto_car/install/my_package/lib/python3.10/site-packages/my_package/_my_package_s.ep.rosidl_typesupport_fastrtps_c.c
[2.107s] -- Up-to-date symlink: /Users/howardkang/auto_car/install/my_package/lib/python3.10/site-packages/my_package/_my_package_s.ep.rosidl_typesupport_introspection_c.c
[2.107s] -- Up-to-date symlink: /Users/howardkang/auto_car/install/my_package/lib/python3.10/site-packages/my_package/libmy_package__rosidl_generator_py.dylib
[2.107s] -- Up-to-date symlink: /Users/howardkang/auto_car/install/my_package/lib/python3.10/site-packages/my_package/msg/__init__.py
[2.107s] -- Up-to-date symlink: /Users/howardkang/auto_car/install/my_package/lib/python3.10/site-packages/my_package/msg/_inference_result.py
[2.108s] -- Up-to-date symlink: /Users/howardkang/auto_car/install/my_package/lib/python3.10/site-packages/my_package/msg/_inference_result_s.c
[2.108s] -- Up-to-date symlink: /Users/howardkang/auto_car/install/my_package/lib/python3.10/site-packages/my_package/msg/_yolov8_inference.py
[2.108s] -- Up-to-date symlink: /Users/howardkang/auto_car/install/my_package/lib/python3.10/site-packages/my_package/msg/_yolov8_inference_s.c
[2.108s] -- Up-to-date symlink: /Users/howardkang/auto_car/install/my_package/lib/python3.10/site-packages/my_package/my_package_s__rosidl_typesupport_c.cpython-310-darwin.so
[2.108s] -- Up-to-date symlink: /Users/howardkang/auto_car/install/my_package/lib/python3.10/site-packages/my_package/my_package_s__rosidl_typesupport_fastrtps_c.cpython-310-darwin.so
[2.108s] -- Up-to-date symlink: /Users/howardkang/auto_car/install/my_package/lib/python3.10/site-packages/my_package/my_package_s__rosidl_typesupport_introspection_c.cpython-310-darwin.so
[2.109s] -- Up-to-date symlink: /Users/howardkang/auto_car/install/my_package/lib/python3.10/site-packages/my_package/my_package_s__rosidl_typesupport_fastrtps_c.cpython-310-darwin.so
[2.109s] -- Up-to-date symlink: /Users/howardkang/auto_car/install/my_package/lib/python3.10/site-packages/my_package/my_package_s__rosidl_typesupport_introspection_c.cpython-310-darwin.so
[2.109s] -- Up-to-date symlink: /Users/howardkang/auto_car/install/my_package/lib/python3.10/site-packages/my_package/my_package_s__rosidl_typesupport_c.cpython-310-darwin.so
[2.110s] -- Up-to-date symlink: /Users/howardkang/auto_car/install/my_package/share/my_package/msg/InferenceResult.idl
[2.110s] -- Up-to-date symlink: /Users/howardkang/auto_car/install/my_package/share/my_package/msg/Yolov8Inference.idl
[2.110s] -- Up-to-date symlink: /Users/howardkang/auto_car/install/my_package/share/my_package/msgs/InferenceResult.msg
[2.110s] -- Up-to-date symlink: /Users/howardkang/auto_car/install/my_package/share/my_package/msgs/Yolov8Inference.msg
[2.111s] -- Up-to-date symlink: /Users/howardkang/auto_car/install/my_package/share/my_package/description/.DS_Store
[2.111s] -- Up-to-date symlink: /Users/howardkang/auto_car/install/my_package/share/my_package/description/camera.xacro
[2.111s] -- Up-to-date symlink: /Users/howardkang/auto_car/install/my_package/share/my_package/description/camera1.xacro
[2.111s] -- Up-to-date symlink: /Users/howardkang/auto_car/install/my_package/share/my_package/description/camera_bigger.xacro
[2.111s] -- Up-to-date symlink: /Users/howardkang/auto_car/install/my_package/share/my_package/description/camera_full.xacro
[2.111s] -- Up-to-date symlink: /Users/howardkang/auto_car/install/my_package/share/my_package/description/gazebo_control.xacro
[2.112s] -- Up-to-date symlink: /Users/howardkang/auto_car/install/my_package/share/my_package/description/gazebo_control_bigger.xacro
[2.112s] -- Up-to-date symlink: /Users/howardkang/auto_car/install/my_package/share/my_package/description/gazebo_control_full.xacro
[2.112s] -- Up-to-date symlink: /Users/howardkang/auto_car/install/my_package/share/my_package/description/inertial_macros.xacro
[2.112s] -- Up-to-date symlink: /Users/howardkang/auto_car/install/my_package/share/my_package/description/lidar.xacro
[2.112s] -- Up-to-date symlink: /Users/howardkang/auto_car/install/my_package/share/my_package/description/lidar_bigger.xacro
[2.112s] -- Up-to-date symlink: /Users/howardkang/auto_car/install/my_package/share/my_package/description/lidar_full.xacro
[2.112s] -- Up-to-date symlink: /Users/howardkang/auto_car/install/my_package/share/my_package/description/robot.urdf.bigger.xacro
[2.113s] -- Up-to-date symlink: /Users/howardkang/auto_car/install/my_package/share/my_package/description/robot.urdf.full.xacro
[2.113s] -- Up-to-date symlink: /Users/howardkang/auto_car/install/my_package/share/my_package/description/robot.urdf.xacro
[2.113s] -- Up-to-date symlink: /Users/howardkang/auto_car/install/my_package/share/my_package/description/robot_core.xacro
[2.113s] -- Up-to-date symlink: /Users/howardkang/auto_car/install/my_package/share/my_package/description/robot_core_bigger.xacro
[2.113s] -- Up-to-date symlink: /Users/howardkang/auto_car/install/my_package/share/my_package/description/robot_core_full.xacro
[2.113s] -- Up-to-date symlink: /Users/howardkang/auto_car/install/my_package/share/my_package/description/robot_github.urdf.xacro
[2.114s] -- Up-to-date symlink: /Users/howardkang/auto_car/install/my_package/share/my_package/description/ros2_control.xacro
[2.114s] -- Up-to-date symlink: /Users/howardkang/auto_car/install/my_package/share/my_package/description/yolobot.urdf
[2.114s] -- Up-to-date symlink: /Users/howardkang/auto_car/install/my_package/share/my_package/launch/listener.launch.py
[2.114s] -- Up-to-date symlink: /Users/howardkang/auto_car/install/my_package/share/my_package/launch/rsp.launch.py
[2.114s] -- Up-to-date symlink: /Users/howardkang/auto_car/install/my_package/share/my_package/launch/rsp.launch.sim.py
[2.115s] -- Up-to-date symlink: /Users/howardkang/auto_car/install/my_package/share/my_package/launch/talker.launch.py
[2.115s] -- Up-to-date symlink: /Users/howardkang/auto_car/install/my_package/share/my_package/launch/yolov8.launch.py
[2.115s] -- Up-to-date symlink: /Users/howardkang/auto_car/install/my_package/share/my_package/worlds/city
[2.115s] -- Up-to-date symlink: /Users/howardkang/auto_car/install/my_package/share/my_package/worlds/city2
[2.115s] -- Up-to-date symlink: /Users/howardkang/auto_car/install/my_package/share/my_package/worlds/city_old
[2.116s] -- Up-to-date symlink: /Users/howardkang/auto_car/install/my_package/share/my_package/worlds/city_small
[2.116s] -- Up-to-date symlink: /Users/howardkang/auto_car/install/my_package/share/my_package/worlds/city_small_new
[2.116s] -- Up-to-date symlink: /Users/howardkang/auto_car/install/my_package/share/my_package/worlds/city_small_newest
[2.116s] -- Up-to-date symlink: /Users/howardkang/auto_car/install/my_package/share/my_package/worlds/city_with_small_bot
[2.116s] -- Up-to-date symlink: /Users/howardkang/auto_car/install/my_package/share/my_package/worlds/city_with_walls_half
[2.116s] -- Up-to-date symlink: /Users/howardkang/auto_car/install/my_package/share/my_package/worlds/city_without_walls
[2.117s] -- Up-to-date symlink: /Users/howardkang/auto_car/install/my_package/share/my_package/worlds/cone_world
[2.117s] -- Up-to-date symlink: /Users/howardkang/auto_car/install/my_package/share/my_package/worlds/hello.world
[2.117s] -- Up-to-date symlink: /Users/howardkang/auto_car/install/my_package/share/my_package/worlds/objects
[2.117s] -- Up-to-date symlink: /Users/howardkang/auto_car/install/my_package/share/my_package/worlds/small_city.world
[2.117s] -- Up-to-date symlink: /Users/howardkang/auto_car/install/my_package/share/my_package/worlds/testing_wall
[2.117s] -- Up-to-date symlink: /Users/howardkang/auto_car/install/my_package/share/my_package/worlds/world_config
[2.117s] -- Up-to-date symlink: /Users/howardkang/auto_car/install/my_package/share/my_package/worlds/world_config_full
[2.118s] -- Up-to-date symlink: /Users/howardkang/auto_car/install/my_package/share/my_package/worlds/world_test.world
[2.118s] -- Up-to-date symlink: /Users/howardkang/auto_car/install/my_package/share/my_package/worlds/world_test2.world
[2.118s] -- Up-to-date symlink: /Users/howardkang/auto_car/install/my_package/share/my_package/scripts/.DS_Store
[2.118s] -- Symlinking: /Users/howardkang/auto_car/install/my_package/share/my_package/scripts/ObjectDetectionCostmapUpdater.py
[2.130s] -- Up-to-date symlink: /Users/howardkang/auto_car/install/my_package/share/my_package/scripts/actuators.py
[2.130s] -- Up-to-date symlink: /Users/howardkang/auto_car/install/my_package/share/my_package/scripts/decision_making.py
[2.130s] -- Up-to-date symlink: /Users/howardkang/auto_car/install/my_package/share/my_package/scripts/odometry.py
[2.130s] -- Up-to-date symlink: /Users/howardkang/auto_car/install/my_package/share/my_package/scripts/sensor_sim.py
[2.130s] -- Up-to-date symlink: /Users/howardkang/auto_car/install/my_package/share/my_package/msgs/InferenceResult.msg
[2.130s] -- Up-to-date symlink: /Users/howardkang/auto_car/install/my_package/share/my_package/msgs/Yolov8Inference.msg
[2.130s] -- Up-to-date symlink: /Users/howardkang/auto_car/install/my_package/share/my_package/config/drive_bot.rviz
[2.131s] -- Up-to-date symlink: /Users/howardkang/auto_car/install/my_package/share/my_package/config/drive_bot2.rviz
[2.131s] -- Up-to-date symlink: /Users/howardkang/auto_car/install/my_package/share/my_package/config/local_planner_params.yaml
[2.131s] -- Up-to-date symlink: /Users/howardkang/auto_car/install/my_package/share/my_package/config/mapper_params_online_async.yaml
[2.131s] -- Up-to-date symlink: /Users/howardkang/auto_car/install/my_package/share/my_package/config/move_base_params.yaml
[2.131s] -- Up-to-date symlink: /Users/howardkang/auto_car/install/my_package/share/my_package/config/my_controllers.yaml
[2.131s] -- Up-to-date symlink: /Users/howardkang/auto_car/install/my_package/share/my_package/config/twist_message.yaml
[2.131s] -- Up-to-date symlink: /Users/howardkang/auto_car/install/my_package/share/my_package/map/.DS_Store
[2.132s] -- Up-to-date symlink: /Users/howardkang/auto_car/install/my_package/share/my_package/map/city_map_save.pgm
[2.132s] -- Up-to-date symlink: /Users/howardkang/auto_car/install/my_package/share/my_package/map/city_map_save.yaml
[2.132s] -- Up-to-date symlink: /Users/howardkang/auto_car/install/my_package/share/my_package/map/city_map_serialize.data
[2.132s] -- Up-to-date symlink: /Users/howardkang/auto_car/install/my_package/share/my_package/map/city_map_serialize.posegraph
[2.132s] -- Up-to-date symlink: /Users/howardkang/auto_car/install/my_package/share/my_package/map/map_save.pgm
[2.132s] -- Up-to-date symlink: /Users/howardkang/auto_car/install/my_package/share/my_package/map/map_save.yaml
[2.132s] -- Up-to-date symlink: /Users/howardkang/auto_car/install/my_package/share/my_package/map/map_serialize.data
[2.132s] -- Up-to-date symlink: /Users/howardkang/auto_car/install/my_package/share/my_package/map/map_serialize.posegraph
[2.133s] -- Up-to-date symlink: /Users/howardkang/auto_car/install/my_package/share/my_package/map/my_map_save.pgm
[2.133s] -- Up-to-date symlink: /Users/howardkang/auto_car/install/my_package/share/my_package/map/my_map_save.yaml
[2.133s] -- Up-to-date symlink: /Users/howardkang/auto_car/install/my_package/share/my_package/map/my_map_serialize.data
[2.133s] -- Up-to-date symlink: /Users/howardkang/auto_car/install/my_package/share/my_package/map/my_map_serialize.posegraph
[2.133s] -- Up-to-date symlink: /Users/howardkang/auto_car/install/my_package/lib/my_package/description/.DS_Store
[2.133s] -- Up-to-date symlink: /Users/howardkang/auto_car/install/my_package/lib/my_package/description/camera.xacro
[2.134s] -- Up-to-date symlink: /Users/howardkang/auto_car/install/my_package/lib/my_package/description/camera1.xacro
[2.134s] -- Up-to-date symlink: /Users/howardkang/auto_car/install/my_package/lib/my_package/description/camera_bigger.xacro
[2.134s] -- Up-to-date symlink: /Users/howardkang/auto_car/install/my_package/lib/my_package/description/camera_full.xacro
[2.134s] -- Up-to-date symlink: /Users/howardkang/auto_car/install/my_package/lib/my_package/description/gazebo_control.xacro
[2.134s] -- Up-to-date symlink: /Users/howardkang/auto_car/install/my_package/lib/my_package/description/gazebo_control_bigger.xacro
[2.134s] -- Up-to-date symlink: /Users/howardkang/auto_car/install/my_package/lib/my_package/description/gazebo_control_full.xacro
[2.134s] -- Up-to-date symlink: /Users/howardkang/auto_car/install/my_package/lib/my_package/description/inertial_macros.xacro
[2.134s] -- Up-to-date symlink: /Users/howardkang/auto_car/install/my_package/lib/my_package/description/lidar.xacro
[2.134s] -- Up-to-date symlink: /Users/howardkang/auto_car/install/my_package/lib/my_package/description/lidar_bigger.xacro
[2.135s] -- Up-to-date symlink: /Users/howardkang/auto_car/install/my_package/lib/my_package/description/lidar_full.xacro
[2.135s] -- Up-to-date symlink: /Users/howardkang/auto_car/install/my_package/lib/my_package/description/robot.urdf.bigger.xacro
[2.135s] -- Up-to-date symlink: /Users/howardkang/auto_car/install/my_package/lib/my_package/description/robot.urdf.full.xacro
[2.135s] -- Up-to-date symlink: /Users/howardkang/auto_car/install/my_package/lib/my_package/description/robot.urdf.xacro
[2.135s] -- Up-to-date symlink: /Users/howardkang/auto_car/install/my_package/lib/my_package/description/robot_core.xacro
[2.135s] -- Up-to-date symlink: /Users/howardkang/auto_car/install/my_package/lib/my_package/description/robot_core_bigger.xacro
[2.135s] -- Up-to-date symlink: /Users/howardkang/auto_car/install/my_package/lib/my_package/description/robot_core_full.xacro
[2.135s] -- Up-to-date symlink: /Users/howardkang/auto_car/install/my_package/lib/my_package/description/robot_github.urdf.xacro
[2.136s] -- Up-to-date symlink: /Users/howardkang/auto_car/install/my_package/lib/my_package/description/ros2_control.xacro
[2.136s] -- Up-to-date symlink: /Users/howardkang/auto_car/install/my_package/lib/my_package/description/yolobot.urdf
[2.136s] -- Up-to-date symlink: /Users/howardkang/auto_car/install/my_package/lib/my_package/launch/listener.launch.py
[2.136s] -- Up-to-date symlink: /Users/howardkang/auto_car/install/my_package/lib/my_package/launch/rsp.launch.py
[2.136s] -- Up-to-date symlink: /Users/howardkang/auto_car/install/my_package/lib/my_package/launch/rsp.launch.sim.py
[2.136s] -- Up-to-date symlink: /Users/howardkang/auto_car/install/my_package/lib/my_package/launch/talker.launch.py
[2.137s] -- Up-to-date symlink: /Users/howardkang/auto_car/install/my_package/lib/my_package/launch/yolov8.launch.py
[2.137s] -- Up-to-date symlink: /Users/howardkang/auto_car/install/my_package/lib/my_package/worlds/city
[2.137s] -- Up-to-date symlink: /Users/howardkang/auto_car/install/my_package/lib/my_package/worlds/city2
[2.137s] -- Up-to-date symlink: /Users/howardkang/auto_car/install/my_package/lib/my_package/worlds/city_old
[2.137s] -- Up-to-date symlink: /Users/howardkang/auto_car/install/my_package/lib/my_package/worlds/city_small
[2.137s] -- Up-to-date symlink: /Users/howardkang/auto_car/install/my_package/lib/my_package/worlds/city_small_new
[2.138s] -- Up-to-date symlink: /Users/howardkang/auto_car/install/my_package/lib/my_package/worlds/city_small_newest
[2.138s] -- Up-to-date symlink: /Users/howardkang/auto_car/install/my_package/lib/my_package/worlds/city_with_small_bot
[2.138s] -- Up-to-date symlink: /Users/howardkang/auto_car/install/my_package/lib/my_package/worlds/city_with_walls_half
[2.138s] -- Up-to-date symlink: /Users/howardkang/auto_car/install/my_package/lib/my_package/worlds/city_without_walls
[2.138s] -- Up-to-date symlink: /Users/howardkang/auto_car/install/my_package/lib/my_package/worlds/cone_world
[2.138s] -- Up-to-date symlink: /Users/howardkang/auto_car/install/my_package/lib/my_package/worlds/hello.world
[2.138s] -- Up-to-date symlink: /Users/howardkang/auto_car/install/my_package/lib/my_package/worlds/objects
[2.138s] -- Up-to-date symlink: /Users/howardkang/auto_car/install/my_package/lib/my_package/worlds/small_city.world
[2.139s] -- Up-to-date symlink: /Users/howardkang/auto_car/install/my_package/lib/my_package/worlds/testing_wall
[2.139s] -- Up-to-date symlink: /Users/howardkang/auto_car/install/my_package/lib/my_package/worlds/world_config
[2.139s] -- Up-to-date symlink: /Users/howardkang/auto_car/install/my_package/lib/my_package/worlds/world_config_full
[2.139s] -- Up-to-date symlink: /Users/howardkang/auto_car/install/my_package/lib/my_package/worlds/world_test.world
[2.139s] -- Up-to-date symlink: /Users/howardkang/auto_car/install/my_package/lib/my_package/worlds/world_test2.world
[2.139s] -- Up-to-date symlink: /Users/howardkang/auto_car/install/my_package/lib/my_package/scripts/.DS_Store
[2.139s] -- Symlinking: /Users/howardkang/auto_car/install/my_package/lib/my_package/scripts/ObjectDetectionCostmapUpdater.py
[2.150s] -- Up-to-date symlink: /Users/howardkang/auto_car/install/my_package/lib/my_package/scripts/actuators.py
[2.150s] -- Up-to-date symlink: /Users/howardkang/auto_car/install/my_package/lib/my_package/scripts/decision_making.py
[2.150s] -- Up-to-date symlink: /Users/howardkang/auto_car/install/my_package/lib/my_package/scripts/odometry.py
[2.150s] -- Up-to-date symlink: /Users/howardkang/auto_car/install/my_package/lib/my_package/scripts/sensor_sim.py
[2.150s] -- Up-to-date symlink: /Users/howardkang/auto_car/install/my_package/lib/my_package/msgs/InferenceResult.msg
[2.150s] -- Up-to-date symlink: /Users/howardkang/auto_car/install/my_package/lib/my_package/msgs/Yolov8Inference.msg
[2.151s] -- Up-to-date symlink: /Users/howardkang/auto_car/install/my_package/lib/my_package/config/drive_bot.rviz
[2.151s] -- Up-to-date symlink: /Users/howardkang/auto_car/install/my_package/lib/my_package/config/drive_bot2.rviz
[2.151s] -- Up-to-date symlink: /Users/howardkang/auto_car/install/my_package/lib/my_package/config/local_planner_params.yaml
[2.151s] -- Up-to-date symlink: /Users/howardkang/auto_car/install/my_package/lib/my_package/config/mapper_params_online_async.yaml
[2.151s] -- Up-to-date symlink: /Users/howardkang/auto_car/install/my_package/lib/my_package/config/move_base_params.yaml
[2.151s] -- Up-to-date symlink: /Users/howardkang/auto_car/install/my_package/lib/my_package/config/my_controllers.yaml
[2.151s] -- Up-to-date symlink: /Users/howardkang/auto_car/install/my_package/lib/my_package/config/twist_message.yaml
[2.152s] -- Up-to-date symlink: /Users/howardkang/auto_car/install/my_package/lib/my_package/map/.DS_Store
[2.152s] -- Up-to-date symlink: /Users/howardkang/auto_car/install/my_package/lib/my_package/map/city_map_save.pgm
[2.152s] -- Up-to-date symlink: /Users/howardkang/auto_car/install/my_package/lib/my_package/map/city_map_save.yaml
[2.152s] -- Up-to-date symlink: /Users/howardkang/auto_car/install/my_package/lib/my_package/map/city_map_serialize.data
[2.152s] -- Up-to-date symlink: /Users/howardkang/auto_car/install/my_package/lib/my_package/map/city_map_serialize.posegraph
[2.152s] -- Up-to-date symlink: /Users/howardkang/auto_car/install/my_package/lib/my_package/map/map_save.pgm
[2.152s] -- Up-to-date symlink: /Users/howardkang/auto_car/install/my_package/lib/my_package/map/map_save.yaml
[2.153s] -- Up-to-date symlink: /Users/howardkang/auto_car/install/my_package/lib/my_package/map/map_serialize.data
[2.153s] -- Up-to-date symlink: /Users/howardkang/auto_car/install/my_package/lib/my_package/map/map_serialize.posegraph
[2.153s] -- Up-to-date symlink: /Users/howardkang/auto_car/install/my_package/lib/my_package/map/my_map_save.pgm
[2.153s] -- Up-to-date symlink: /Users/howardkang/auto_car/install/my_package/lib/my_package/map/my_map_save.yaml
[2.153s] -- Up-to-date symlink: /Users/howardkang/auto_car/install/my_package/lib/my_package/map/my_map_serialize.data
[2.153s] -- Up-to-date symlink: /Users/howardkang/auto_car/install/my_package/lib/my_package/map/my_map_serialize.posegraph
[2.153s] -- Up-to-date symlink: /Users/howardkang/auto_car/install/my_package/share/ament_index/resource_index/package_run_dependencies/my_package
[2.153s] -- Up-to-date symlink: /Users/howardkang/auto_car/install/my_package/share/ament_index/resource_index/parent_prefix_path/my_package
[2.154s] -- Up-to-date symlink: /Users/howardkang/auto_car/install/my_package/share/my_package/environment/ament_prefix_path.sh
[2.154s] -- Up-to-date symlink: /Users/howardkang/auto_car/install/my_package/share/my_package/environment/ament_prefix_path.dsv
[2.154s] -- Up-to-date symlink: /Users/howardkang/auto_car/install/my_package/share/my_package/environment/path.sh
[2.154s] -- Up-to-date symlink: /Users/howardkang/auto_car/install/my_package/share/my_package/environment/path.dsv
[2.154s] -- Up-to-date symlink: /Users/howardkang/auto_car/install/my_package/share/my_package/local_setup.bash
[2.154s] -- Up-to-date symlink: /Users/howardkang/auto_car/install/my_package/share/my_package/local_setup.sh
[2.154s] -- Up-to-date symlink: /Users/howardkang/auto_car/install/my_package/share/my_package/local_setup.zsh
[2.155s] -- Up-to-date symlink: /Users/howardkang/auto_car/install/my_package/share/my_package/local_setup.dsv
[2.155s] -- Symlinking: /Users/howardkang/auto_car/install/my_package/share/my_package/package.dsv
[2.165s] -- Up-to-date symlink: /Users/howardkang/auto_car/install/my_package/share/ament_index/resource_index/packages/my_package
[2.165s] -- Up-to-date symlink: /Users/howardkang/auto_car/install/my_package/share/my_package/cmake/rosidl_cmake-extras.cmake
[2.165s] -- Up-to-date symlink: /Users/howardkang/auto_car/install/my_package/share/my_package/cmake/ament_cmake_export_dependencies-extras.cmake
[2.165s] -- Up-to-date symlink: /Users/howardkang/auto_car/install/my_package/share/my_package/cmake/ament_cmake_export_include_directories-extras.cmake
[2.165s] -- Up-to-date symlink: /Users/howardkang/auto_car/install/my_package/share/my_package/cmake/ament_cmake_export_libraries-extras.cmake
[2.166s] -- Up-to-date symlink: /Users/howardkang/auto_car/install/my_package/share/my_package/cmake/ament_cmake_export_targets-extras.cmake
[2.166s] -- Up-to-date symlink: /Users/howardkang/auto_car/install/my_package/share/my_package/cmake/rosidl_cmake_export_typesupport_targets-extras.cmake
[2.166s] -- Up-to-date symlink: /Users/howardkang/auto_car/install/my_package/share/my_package/cmake/rosidl_cmake_export_typesupport_libraries-extras.cmake
[2.166s] -- Up-to-date symlink: /Users/howardkang/auto_car/install/my_package/share/my_package/cmake/my_packageConfig.cmake
[2.166s] -- Up-to-date symlink: /Users/howardkang/auto_car/install/my_package/share/my_package/cmake/my_packageConfig-version.cmake
[2.166s] -- Up-to-date symlink: /Users/howardkang/auto_car/install/my_package/share/my_package/package.xml
[2.166s] -- Up-to-date: /Users/howardkang/auto_car/install/my_package/lib/libmy_package__rosidl_generator_c.dylib
[2.166s] -- Installing: /Users/howardkang/auto_car/install/my_package/lib/libmy_package__rosidl_typesupport_fastrtps_c.dylib
[2.171s] [cctools-port]: generating fake signature for '/Users/howardkang/auto_car/install/my_package/lib/libmy_package__rosidl_typesupport_fastrtps_c.dylib'
[2.219s] -- Up-to-date: /Users/howardkang/auto_car/install/my_package/lib/libmy_package__rosidl_typesupport_fastrtps_cpp.dylib
[2.219s] -- Installing: /Users/howardkang/auto_car/install/my_package/lib/libmy_package__rosidl_typesupport_introspection_c.dylib
[2.222s] [cctools-port]: generating fake signature for '/Users/howardkang/auto_car/install/my_package/lib/libmy_package__rosidl_typesupport_introspection_c.dylib'
[2.230s] -- Installing: /Users/howardkang/auto_car/install/my_package/lib/libmy_package__rosidl_typesupport_c.dylib
[2.234s] [cctools-port]: generating fake signature for '/Users/howardkang/auto_car/install/my_package/lib/libmy_package__rosidl_typesupport_c.dylib'
[2.241s] -- Up-to-date: /Users/howardkang/auto_car/install/my_package/lib/libmy_package__rosidl_typesupport_introspection_cpp.dylib
[2.241s] -- Up-to-date: /Users/howardkang/auto_car/install/my_package/lib/libmy_package__rosidl_typesupport_cpp.dylib
[2.265s] Listing 'lib/python3.10/site-packages/my_package'...
[2.265s] Can't list 'lib/python3.10/site-packages/my_package'
[2.268s] -- Installing: /Users/howardkang/auto_car/install/my_package/lib/libmy_package__rosidl_generator_py.dylib
[2.271s] [cctools-port]: generating fake signature for '/Users/howardkang/auto_car/install/my_package/lib/libmy_package__rosidl_generator_py.dylib'
[2.280s] -- Up-to-date: /Users/howardkang/auto_car/install/my_package/share/my_package/cmake/export_my_package__rosidl_generator_cExport.cmake
[2.280s] -- Up-to-date: /Users/howardkang/auto_car/install/my_package/share/my_package/cmake/export_my_package__rosidl_generator_cExport-noconfig.cmake
[2.280s] -- Up-to-date: /Users/howardkang/auto_car/install/my_package/share/my_package/cmake/export_my_package__rosidl_typesupport_fastrtps_cExport.cmake
[2.280s] -- Up-to-date: /Users/howardkang/auto_car/install/my_package/share/my_package/cmake/export_my_package__rosidl_typesupport_fastrtps_cExport-noconfig.cmake
[2.280s] -- Up-to-date: /Users/howardkang/auto_car/install/my_package/share/my_package/cmake/export_my_package__rosidl_generator_cppExport.cmake
[2.281s] -- Up-to-date: /Users/howardkang/auto_car/install/my_package/share/my_package/cmake/export_my_package__rosidl_typesupport_fastrtps_cppExport.cmake
[2.281s] -- Up-to-date: /Users/howardkang/auto_car/install/my_package/share/my_package/cmake/export_my_package__rosidl_typesupport_fastrtps_cppExport-noconfig.cmake
[2.281s] -- Up-to-date: /Users/howardkang/auto_car/install/my_package/share/my_package/cmake/my_package__rosidl_typesupport_introspection_cExport.cmake
[2.281s] -- Up-to-date: /Users/howardkang/auto_car/install/my_package/share/my_package/cmake/my_package__rosidl_typesupport_introspection_cExport-noconfig.cmake
[2.281s] -- Up-to-date: /Users/howardkang/auto_car/install/my_package/share/my_package/cmake/my_package__rosidl_typesupport_cExport.cmake
[2.281s] -- Up-to-date: /Users/howardkang/auto_car/install/my_package/share/my_package/cmake/my_package__rosidl_typesupport_cExport-noconfig.cmake
[2.281s] -- Up-to-date: /Users/howardkang/auto_car/install/my_package/share/my_package/cmake/my_package__rosidl_typesupport_introspection_cppExport.cmake
[2.282s] -- Up-to-date: /Users/howardkang/auto_car/install/my_package/share/my_package/cmake/my_package__rosidl_typesupport_introspection_cppExport-noconfig.cmake
[2.282s] -- Up-to-date: /Users/howardkang/auto_car/install/my_package/share/my_package/cmake/my_package__rosidl_typesupport_cppExport.cmake
[2.282s] -- Up-to-date: /Users/howardkang/auto_car/install/my_package/share/my_package/cmake/my_package__rosidl_typesupport_cppExport-noconfig.cmake
[2.282s] -- Up-to-date: /Users/howardkang/auto_car/install/my_package/share/my_package/cmake/export_my_package__rosidl_generator_pyExport.cmake
[2.282s] -- Up-to-date: /Users/howardkang/auto_car/install/my_package/share/my_package/cmake/export_my_package__rosidl_generator_pyExport-noconfig.cmake
[2.284s] Invoked command in '/Users/howardkang/auto_car/build/my_package' returned '0': CONDA_PROMPT_MODIFIER=(ros2) SHLVL=2 _=/Users/howardkang/miniconda3/envs/ros2/bin/env __CF_USER_TEXT_ENCODING=0x1F5:0x0:0x0 /Users/howardkang/miniconda3/envs/ros2/bin/cmake --install /Users/howardkang/auto_car/build/my_package
