[0.047s] Invoking command in '/Users/howardkang/auto_car/build/yolobot_algo': CONDA_PROMPT_MODIFIER=(ros2) SHLVL=2 _=/Users/howardkang/miniconda3/envs/ros2/bin/env __CF_USER_TEXT_ENCODING=0x1F5:0x0:0x0 /Users/howardkang/miniconda3/envs/ros2/bin/cmake --build /Users/howardkang/auto_car/build/yolobot_algo -- -j8 -l8
[0.200s] [  2%] Built target yolobot_algo__cpp
[0.212s] [ 12%] Built target yolobot_algo__rosidl_generator_c
[0.223s] [ 12%] Built target ament_cmake_python_symlink_yolobot_algo
[0.292s] [ 23%] Built target yolobot_algo__rosidl_typesupport_c
[0.307s] [ 33%] Built target yolobot_algo__rosidl_typesupport_introspection_cpp
[0.321s] [ 43%] Built target yolobot_algo__rosidl_typesupport_introspection_c
[0.321s] [ 64%] Built target yolobot_algo__rosidl_typesupport_fastrtps_c
[0.323s] [ 64%] Built target yolobot_algo__rosidl_typesupport_fastrtps_cpp
[0.325s] [ 74%] Built target yolobot_algo__rosidl_typesupport_cpp
[0.366s] [ 74%] Built target yolobot_algo
[0.442s] [ 76%] Built target yolobot_algo__py
[0.447s] [ 84%] Built target yolobot_algo__rosidl_generator_py
[0.499s] [ 89%] Built target yolobot_algo__rosidl_typesupport_c__pyext
[0.501s] [ 94%] Built target yolobot_algo__rosidl_typesupport_introspection_c__pyext
[0.501s] [100%] Built target yolobot_algo__rosidl_typesupport_fastrtps_c__pyext
[0.720s] running egg_info
[0.759s] writing yolobot_algo.egg-info/PKG-INFO
[0.788s] writing dependency_links to yolobot_algo.egg-info/dependency_links.txt
[0.963s] writing top-level names to yolobot_algo.egg-info/top_level.txt
[1.033s] reading manifest file 'yolobot_algo.egg-info/SOURCES.txt'
[1.033s] writing manifest file 'yolobot_algo.egg-info/SOURCES.txt'
[1.069s] [100%] Built target ament_cmake_python_build_yolobot_algo_egg
[1.081s] Invoked command in '/Users/howardkang/auto_car/build/yolobot_algo' returned '0': CONDA_PROMPT_MODIFIER=(ros2) SHLVL=2 _=/Users/howardkang/miniconda3/envs/ros2/bin/env __CF_USER_TEXT_ENCODING=0x1F5:0x0:0x0 /Users/howardkang/miniconda3/envs/ros2/bin/cmake --build /Users/howardkang/auto_car/build/yolobot_algo -- -j8 -l8
[1.318s] Invoking command in '/Users/howardkang/auto_car/build/yolobot_algo': CONDA_PROMPT_MODIFIER=(ros2) SHLVL=2 _=/Users/howardkang/miniconda3/envs/ros2/bin/env __CF_USER_TEXT_ENCODING=0x1F5:0x0:0x0 /Users/howardkang/miniconda3/envs/ros2/bin/cmake --install /Users/howardkang/auto_car/build/yolobot_algo
[1.328s] -- Install configuration: ""
[1.329s] -- Execute custom install script
[1.329s] -- Up-to-date symlink: /Users/howardkang/auto_car/install/yolobot_algo/share/ament_index/resource_index/rosidl_interfaces/yolobot_algo
[1.329s] -- Up-to-date symlink: /Users/howardkang/auto_car/install/yolobot_algo/include/yolobot_algo/yolobot_algo/msg/detail/inference_result__functions.h
[1.330s] -- Up-to-date symlink: /Users/howardkang/auto_car/install/yolobot_algo/include/yolobot_algo/yolobot_algo/msg/detail/inference_result__struct.h
[1.330s] -- Up-to-date symlink: /Users/howardkang/auto_car/install/yolobot_algo/include/yolobot_algo/yolobot_algo/msg/detail/inference_result__type_support.h
[1.330s] -- Up-to-date symlink: /Users/howardkang/auto_car/install/yolobot_algo/include/yolobot_algo/yolobot_algo/msg/detail/yolov8_inference__functions.h
[1.330s] -- Up-to-date symlink: /Users/howardkang/auto_car/install/yolobot_algo/include/yolobot_algo/yolobot_algo/msg/detail/yolov8_inference__struct.h
[1.330s] -- Up-to-date symlink: /Users/howardkang/auto_car/install/yolobot_algo/include/yolobot_algo/yolobot_algo/msg/detail/yolov8_inference__type_support.h
[1.330s] -- Up-to-date symlink: /Users/howardkang/auto_car/install/yolobot_algo/include/yolobot_algo/yolobot_algo/msg/inference_result.h
[1.330s] -- Up-to-date symlink: /Users/howardkang/auto_car/install/yolobot_algo/include/yolobot_algo/yolobot_algo/msg/rosidl_generator_c__visibility_control.h
[1.330s] -- Up-to-date symlink: /Users/howardkang/auto_car/install/yolobot_algo/include/yolobot_algo/yolobot_algo/msg/yolov8_inference.h
[1.331s] -- Up-to-date symlink: /Users/howardkang/auto_car/install/yolobot_algo/include/yolobot_algo/yolobot_algo/msg/detail/inference_result__rosidl_typesupport_fastrtps_c.h
[1.331s] -- Up-to-date symlink: /Users/howardkang/auto_car/install/yolobot_algo/include/yolobot_algo/yolobot_algo/msg/detail/yolov8_inference__rosidl_typesupport_fastrtps_c.h
[1.331s] -- Up-to-date symlink: /Users/howardkang/auto_car/install/yolobot_algo/include/yolobot_algo/yolobot_algo/msg/rosidl_typesupport_fastrtps_c__visibility_control.h
[1.331s] -- Up-to-date symlink: /Users/howardkang/auto_car/install/yolobot_algo/include/yolobot_algo/yolobot_algo/msg/detail/inference_result__builder.hpp
[1.331s] -- Up-to-date symlink: /Users/howardkang/auto_car/install/yolobot_algo/include/yolobot_algo/yolobot_algo/msg/detail/inference_result__struct.hpp
[1.332s] -- Up-to-date symlink: /Users/howardkang/auto_car/install/yolobot_algo/include/yolobot_algo/yolobot_algo/msg/detail/inference_result__traits.hpp
[1.332s] -- Up-to-date symlink: /Users/howardkang/auto_car/install/yolobot_algo/include/yolobot_algo/yolobot_algo/msg/detail/yolov8_inference__builder.hpp
[1.332s] -- Up-to-date symlink: /Users/howardkang/auto_car/install/yolobot_algo/include/yolobot_algo/yolobot_algo/msg/detail/yolov8_inference__struct.hpp
[1.332s] -- Up-to-date symlink: /Users/howardkang/auto_car/install/yolobot_algo/include/yolobot_algo/yolobot_algo/msg/detail/yolov8_inference__traits.hpp
[1.332s] -- Up-to-date symlink: /Users/howardkang/auto_car/install/yolobot_algo/include/yolobot_algo/yolobot_algo/msg/inference_result.hpp
[1.332s] -- Up-to-date symlink: /Users/howardkang/auto_car/install/yolobot_algo/include/yolobot_algo/yolobot_algo/msg/yolov8_inference.hpp
[1.333s] -- Up-to-date symlink: /Users/howardkang/auto_car/install/yolobot_algo/include/yolobot_algo/yolobot_algo/msg/detail/inference_result__rosidl_typesupport_fastrtps_cpp.hpp
[1.333s] -- Up-to-date symlink: /Users/howardkang/auto_car/install/yolobot_algo/include/yolobot_algo/yolobot_algo/msg/detail/yolov8_inference__rosidl_typesupport_fastrtps_cpp.hpp
[1.333s] -- Up-to-date symlink: /Users/howardkang/auto_car/install/yolobot_algo/include/yolobot_algo/yolobot_algo/msg/rosidl_typesupport_fastrtps_cpp__visibility_control.h
[1.333s] -- Up-to-date symlink: /Users/howardkang/auto_car/install/yolobot_algo/include/yolobot_algo/yolobot_algo/msg/detail/inference_result__rosidl_typesupport_introspection_c.h
[1.333s] -- Up-to-date symlink: /Users/howardkang/auto_car/install/yolobot_algo/include/yolobot_algo/yolobot_algo/msg/detail/yolov8_inference__rosidl_typesupport_introspection_c.h
[1.333s] -- Up-to-date symlink: /Users/howardkang/auto_car/install/yolobot_algo/include/yolobot_algo/yolobot_algo/msg/rosidl_typesupport_introspection_c__visibility_control.h
[1.334s] -- Up-to-date symlink: /Users/howardkang/auto_car/install/yolobot_algo/include/yolobot_algo/yolobot_algo/msg/detail/inference_result__rosidl_typesupport_introspection_cpp.hpp
[1.334s] -- Up-to-date symlink: /Users/howardkang/auto_car/install/yolobot_algo/include/yolobot_algo/yolobot_algo/msg/detail/yolov8_inference__rosidl_typesupport_introspection_cpp.hpp
[1.334s] -- Up-to-date symlink: /Users/howardkang/auto_car/install/yolobot_algo/share/yolobot_algo/environment/pythonpath.sh
[1.334s] -- Up-to-date symlink: /Users/howardkang/auto_car/install/yolobot_algo/share/yolobot_algo/environment/pythonpath.dsv
[1.334s] -- Up-to-date symlink: /Users/howardkang/auto_car/install/yolobot_algo/lib/python3.10/site-packages/yolobot_algo-0.0.0-py3.10.egg-info/PKG-INFO
[1.335s] -- Up-to-date symlink: /Users/howardkang/auto_car/install/yolobot_algo/lib/python3.10/site-packages/yolobot_algo-0.0.0-py3.10.egg-info/SOURCES.txt
[1.335s] -- Up-to-date symlink: /Users/howardkang/auto_car/install/yolobot_algo/lib/python3.10/site-packages/yolobot_algo-0.0.0-py3.10.egg-info/dependency_links.txt
[1.335s] -- Up-to-date symlink: /Users/howardkang/auto_car/install/yolobot_algo/lib/python3.10/site-packages/yolobot_algo-0.0.0-py3.10.egg-info/top_level.txt
[1.335s] -- Up-to-date symlink: /Users/howardkang/auto_car/install/yolobot_algo/lib/python3.10/site-packages/yolobot_algo/__init__.py
[1.336s] -- Up-to-date symlink: /Users/howardkang/auto_car/install/yolobot_algo/lib/python3.10/site-packages/yolobot_algo/_yolobot_algo_s.ep.rosidl_typesupport_c.c
[1.336s] -- Up-to-date symlink: /Users/howardkang/auto_car/install/yolobot_algo/lib/python3.10/site-packages/yolobot_algo/_yolobot_algo_s.ep.rosidl_typesupport_fastrtps_c.c
[1.336s] -- Up-to-date symlink: /Users/howardkang/auto_car/install/yolobot_algo/lib/python3.10/site-packages/yolobot_algo/_yolobot_algo_s.ep.rosidl_typesupport_introspection_c.c
[1.336s] -- Up-to-date symlink: /Users/howardkang/auto_car/install/yolobot_algo/lib/python3.10/site-packages/yolobot_algo/libyolobot_algo__rosidl_generator_py.dylib
[1.336s] -- Up-to-date symlink: /Users/howardkang/auto_car/install/yolobot_algo/lib/python3.10/site-packages/yolobot_algo/msg/__init__.py
[1.336s] -- Up-to-date symlink: /Users/howardkang/auto_car/install/yolobot_algo/lib/python3.10/site-packages/yolobot_algo/msg/_inference_result.py
[1.336s] -- Up-to-date symlink: /Users/howardkang/auto_car/install/yolobot_algo/lib/python3.10/site-packages/yolobot_algo/msg/_inference_result_s.c
[1.337s] -- Up-to-date symlink: /Users/howardkang/auto_car/install/yolobot_algo/lib/python3.10/site-packages/yolobot_algo/msg/_yolov8_inference.py
[1.337s] -- Up-to-date symlink: /Users/howardkang/auto_car/install/yolobot_algo/lib/python3.10/site-packages/yolobot_algo/msg/_yolov8_inference_s.c
[1.337s] -- Up-to-date symlink: /Users/howardkang/auto_car/install/yolobot_algo/lib/python3.10/site-packages/yolobot_algo/yolobot_algo_s__rosidl_typesupport_c.cpython-310-darwin.so
[1.337s] -- Up-to-date symlink: /Users/howardkang/auto_car/install/yolobot_algo/lib/python3.10/site-packages/yolobot_algo/yolobot_algo_s__rosidl_typesupport_fastrtps_c.cpython-310-darwin.so
[1.337s] -- Up-to-date symlink: /Users/howardkang/auto_car/install/yolobot_algo/lib/python3.10/site-packages/yolobot_algo/yolobot_algo_s__rosidl_typesupport_introspection_c.cpython-310-darwin.so
[1.338s] -- Up-to-date symlink: /Users/howardkang/auto_car/install/yolobot_algo/lib/python3.10/site-packages/yolobot_algo/yolobot_algo_s__rosidl_typesupport_fastrtps_c.cpython-310-darwin.so
[1.338s] -- Up-to-date symlink: /Users/howardkang/auto_car/install/yolobot_algo/lib/python3.10/site-packages/yolobot_algo/yolobot_algo_s__rosidl_typesupport_introspection_c.cpython-310-darwin.so
[1.338s] -- Up-to-date symlink: /Users/howardkang/auto_car/install/yolobot_algo/lib/python3.10/site-packages/yolobot_algo/yolobot_algo_s__rosidl_typesupport_c.cpython-310-darwin.so
[1.339s] -- Up-to-date symlink: /Users/howardkang/auto_car/install/yolobot_algo/share/yolobot_algo/msg/InferenceResult.idl
[1.339s] -- Up-to-date symlink: /Users/howardkang/auto_car/install/yolobot_algo/share/yolobot_algo/msg/Yolov8Inference.idl
[1.339s] -- Up-to-date symlink: /Users/howardkang/auto_car/install/yolobot_algo/share/yolobot_algo/msg/InferenceResult.msg
[1.339s] -- Up-to-date symlink: /Users/howardkang/auto_car/install/yolobot_algo/share/yolobot_algo/msg/Yolov8Inference.msg
[1.339s] -- Up-to-date symlink: /Users/howardkang/auto_car/install/yolobot_algo/share/yolobot_algo/launch/yolov8.launch.py
[1.340s] -- Up-to-date symlink: /Users/howardkang/auto_car/install/yolobot_algo/share/yolobot_algo/scripts/.DS_Store
[1.340s] -- Up-to-date symlink: /Users/howardkang/auto_car/install/yolobot_algo/share/yolobot_algo/scripts/.dockerignore
[1.340s] -- Up-to-date symlink: /Users/howardkang/auto_car/install/yolobot_algo/share/yolobot_algo/scripts/.gitattributes
[1.340s] -- Up-to-date symlink: /Users/howardkang/auto_car/install/yolobot_algo/share/yolobot_algo/scripts/.gitignore
[1.340s] -- Up-to-date symlink: /Users/howardkang/auto_car/install/yolobot_algo/share/yolobot_algo/scripts/yolov8_ros2_pt.py
[1.341s] -- Up-to-date symlink: /Users/howardkang/auto_car/install/yolobot_algo/share/yolobot_algo/scripts/yolov8_ros2_subscriber.py
[1.341s] -- Up-to-date symlink: /Users/howardkang/auto_car/install/yolobot_algo/share/yolobot_algo/scripts/yolov8n.pt
[1.341s] -- Up-to-date symlink: /Users/howardkang/auto_car/install/yolobot_algo/share/yolobot_algo/scripts/~/.DS_Store
[1.341s] -- Up-to-date symlink: /Users/howardkang/auto_car/install/yolobot_algo/share/yolobot_algo/scripts/~/yolobot/.DS_Store
[1.341s] -- Up-to-date symlink: /Users/howardkang/auto_car/install/yolobot_algo/share/yolobot_algo/scripts/~/yolobot/src/.DS_Store
[1.341s] -- Up-to-date symlink: /Users/howardkang/auto_car/install/yolobot_algo/share/yolobot_algo/scripts/~/yolobot/src/yolobot_recognition/.DS_Store
[1.341s] -- Up-to-date symlink: /Users/howardkang/auto_car/install/yolobot_algo/share/yolobot_algo/scripts/~/yolobot/src/yolobot_recognition/scripts/yolov8n.pt
[1.342s] -- Up-to-date symlink: /Users/howardkang/auto_car/install/yolobot_algo/share/yolobot_algo/msg/InferenceResult.msg
[1.342s] -- Up-to-date symlink: /Users/howardkang/auto_car/install/yolobot_algo/share/yolobot_algo/msg/Yolov8Inference.msg
[1.342s] -- Up-to-date symlink: /Users/howardkang/auto_car/install/yolobot_algo/lib/yolobot_algo/launch/yolov8.launch.py
[1.342s] -- Up-to-date symlink: /Users/howardkang/auto_car/install/yolobot_algo/lib/yolobot_algo/scripts/.DS_Store
[1.343s] -- Up-to-date symlink: /Users/howardkang/auto_car/install/yolobot_algo/lib/yolobot_algo/scripts/.dockerignore
[1.343s] -- Up-to-date symlink: /Users/howardkang/auto_car/install/yolobot_algo/lib/yolobot_algo/scripts/.gitattributes
[1.343s] -- Up-to-date symlink: /Users/howardkang/auto_car/install/yolobot_algo/lib/yolobot_algo/scripts/.gitignore
[1.343s] -- Up-to-date symlink: /Users/howardkang/auto_car/install/yolobot_algo/lib/yolobot_algo/scripts/yolov8_ros2_pt.py
[1.343s] -- Up-to-date symlink: /Users/howardkang/auto_car/install/yolobot_algo/lib/yolobot_algo/scripts/yolov8_ros2_subscriber.py
[1.343s] -- Up-to-date symlink: /Users/howardkang/auto_car/install/yolobot_algo/lib/yolobot_algo/scripts/yolov8n.pt
[1.343s] -- Up-to-date symlink: /Users/howardkang/auto_car/install/yolobot_algo/lib/yolobot_algo/scripts/~/.DS_Store
[1.343s] -- Up-to-date symlink: /Users/howardkang/auto_car/install/yolobot_algo/lib/yolobot_algo/scripts/~/yolobot/.DS_Store
[1.344s] -- Up-to-date symlink: /Users/howardkang/auto_car/install/yolobot_algo/lib/yolobot_algo/scripts/~/yolobot/src/.DS_Store
[1.344s] -- Up-to-date symlink: /Users/howardkang/auto_car/install/yolobot_algo/lib/yolobot_algo/scripts/~/yolobot/src/yolobot_recognition/.DS_Store
[1.344s] -- Up-to-date symlink: /Users/howardkang/auto_car/install/yolobot_algo/lib/yolobot_algo/scripts/~/yolobot/src/yolobot_recognition/scripts/yolov8n.pt
[1.344s] -- Up-to-date symlink: /Users/howardkang/auto_car/install/yolobot_algo/lib/yolobot_algo/msg/InferenceResult.msg
[1.344s] -- Up-to-date symlink: /Users/howardkang/auto_car/install/yolobot_algo/lib/yolobot_algo/msg/Yolov8Inference.msg
[1.344s] -- Up-to-date symlink: /Users/howardkang/auto_car/install/yolobot_algo/lib/yolobot_algo/yolov8_ros2_pt.py
[1.345s] -- Up-to-date symlink: /Users/howardkang/auto_car/install/yolobot_algo/share/ament_index/resource_index/package_run_dependencies/yolobot_algo
[1.345s] -- Up-to-date symlink: /Users/howardkang/auto_car/install/yolobot_algo/share/ament_index/resource_index/parent_prefix_path/yolobot_algo
[1.345s] -- Up-to-date symlink: /Users/howardkang/auto_car/install/yolobot_algo/share/yolobot_algo/environment/ament_prefix_path.sh
[1.345s] -- Up-to-date symlink: /Users/howardkang/auto_car/install/yolobot_algo/share/yolobot_algo/environment/ament_prefix_path.dsv
[1.345s] -- Up-to-date symlink: /Users/howardkang/auto_car/install/yolobot_algo/share/yolobot_algo/environment/path.sh
[1.346s] -- Up-to-date symlink: /Users/howardkang/auto_car/install/yolobot_algo/share/yolobot_algo/environment/path.dsv
[1.346s] -- Up-to-date symlink: /Users/howardkang/auto_car/install/yolobot_algo/share/yolobot_algo/local_setup.bash
[1.346s] -- Up-to-date symlink: /Users/howardkang/auto_car/install/yolobot_algo/share/yolobot_algo/local_setup.sh
[1.346s] -- Up-to-date symlink: /Users/howardkang/auto_car/install/yolobot_algo/share/yolobot_algo/local_setup.zsh
[1.346s] -- Up-to-date symlink: /Users/howardkang/auto_car/install/yolobot_algo/share/yolobot_algo/local_setup.dsv
[1.346s] -- Symlinking: /Users/howardkang/auto_car/install/yolobot_algo/share/yolobot_algo/package.dsv
[1.357s] -- Up-to-date symlink: /Users/howardkang/auto_car/install/yolobot_algo/share/ament_index/resource_index/packages/yolobot_algo
[1.357s] -- Up-to-date symlink: /Users/howardkang/auto_car/install/yolobot_algo/share/yolobot_algo/cmake/rosidl_cmake-extras.cmake
[1.357s] -- Up-to-date symlink: /Users/howardkang/auto_car/install/yolobot_algo/share/yolobot_algo/cmake/ament_cmake_export_dependencies-extras.cmake
[1.357s] -- Up-to-date symlink: /Users/howardkang/auto_car/install/yolobot_algo/share/yolobot_algo/cmake/ament_cmake_export_include_directories-extras.cmake
[1.357s] -- Up-to-date symlink: /Users/howardkang/auto_car/install/yolobot_algo/share/yolobot_algo/cmake/ament_cmake_export_libraries-extras.cmake
[1.358s] -- Up-to-date symlink: /Users/howardkang/auto_car/install/yolobot_algo/share/yolobot_algo/cmake/ament_cmake_export_targets-extras.cmake
[1.358s] -- Up-to-date symlink: /Users/howardkang/auto_car/install/yolobot_algo/share/yolobot_algo/cmake/rosidl_cmake_export_typesupport_targets-extras.cmake
[1.358s] -- Up-to-date symlink: /Users/howardkang/auto_car/install/yolobot_algo/share/yolobot_algo/cmake/rosidl_cmake_export_typesupport_libraries-extras.cmake
[1.358s] -- Up-to-date symlink: /Users/howardkang/auto_car/install/yolobot_algo/share/yolobot_algo/cmake/yolobot_algoConfig.cmake
[1.358s] -- Up-to-date symlink: /Users/howardkang/auto_car/install/yolobot_algo/share/yolobot_algo/cmake/yolobot_algoConfig-version.cmake
[1.358s] -- Up-to-date symlink: /Users/howardkang/auto_car/install/yolobot_algo/share/yolobot_algo/package.xml
[1.358s] -- Up-to-date: /Users/howardkang/auto_car/install/yolobot_algo/lib/libyolobot_algo__rosidl_generator_c.dylib
[1.359s] -- Installing: /Users/howardkang/auto_car/install/yolobot_algo/lib/libyolobot_algo__rosidl_typesupport_fastrtps_c.dylib
[1.363s] [cctools-port]: generating fake signature for '/Users/howardkang/auto_car/install/yolobot_algo/lib/libyolobot_algo__rosidl_typesupport_fastrtps_c.dylib'
[1.374s] -- Up-to-date: /Users/howardkang/auto_car/install/yolobot_algo/lib/libyolobot_algo__rosidl_typesupport_fastrtps_cpp.dylib
[1.374s] -- Installing: /Users/howardkang/auto_car/install/yolobot_algo/lib/libyolobot_algo__rosidl_typesupport_introspection_c.dylib
[1.376s] [cctools-port]: generating fake signature for '/Users/howardkang/auto_car/install/yolobot_algo/lib/libyolobot_algo__rosidl_typesupport_introspection_c.dylib'
[1.384s] -- Installing: /Users/howardkang/auto_car/install/yolobot_algo/lib/libyolobot_algo__rosidl_typesupport_c.dylib
[1.386s] [cctools-port]: generating fake signature for '/Users/howardkang/auto_car/install/yolobot_algo/lib/libyolobot_algo__rosidl_typesupport_c.dylib'
[1.394s] -- Up-to-date: /Users/howardkang/auto_car/install/yolobot_algo/lib/libyolobot_algo__rosidl_typesupport_introspection_cpp.dylib
[1.394s] -- Up-to-date: /Users/howardkang/auto_car/install/yolobot_algo/lib/libyolobot_algo__rosidl_typesupport_cpp.dylib
[1.418s] Listing 'lib/python3.10/site-packages/yolobot_algo'...
[1.418s] Can't list 'lib/python3.10/site-packages/yolobot_algo'
[1.421s] -- Installing: /Users/howardkang/auto_car/install/yolobot_algo/lib/libyolobot_algo__rosidl_generator_py.dylib
[1.424s] [cctools-port]: generating fake signature for '/Users/howardkang/auto_car/install/yolobot_algo/lib/libyolobot_algo__rosidl_generator_py.dylib'
[1.432s] -- Up-to-date: /Users/howardkang/auto_car/install/yolobot_algo/share/yolobot_algo/cmake/export_yolobot_algo__rosidl_generator_cExport.cmake
[1.432s] -- Up-to-date: /Users/howardkang/auto_car/install/yolobot_algo/share/yolobot_algo/cmake/export_yolobot_algo__rosidl_generator_cExport-noconfig.cmake
[1.432s] -- Up-to-date: /Users/howardkang/auto_car/install/yolobot_algo/share/yolobot_algo/cmake/export_yolobot_algo__rosidl_typesupport_fastrtps_cExport.cmake
[1.432s] -- Up-to-date: /Users/howardkang/auto_car/install/yolobot_algo/share/yolobot_algo/cmake/export_yolobot_algo__rosidl_typesupport_fastrtps_cExport-noconfig.cmake
[1.432s] -- Up-to-date: /Users/howardkang/auto_car/install/yolobot_algo/share/yolobot_algo/cmake/export_yolobot_algo__rosidl_generator_cppExport.cmake
[1.433s] -- Up-to-date: /Users/howardkang/auto_car/install/yolobot_algo/share/yolobot_algo/cmake/export_yolobot_algo__rosidl_typesupport_fastrtps_cppExport.cmake
[1.433s] -- Up-to-date: /Users/howardkang/auto_car/install/yolobot_algo/share/yolobot_algo/cmake/export_yolobot_algo__rosidl_typesupport_fastrtps_cppExport-noconfig.cmake
[1.433s] -- Up-to-date: /Users/howardkang/auto_car/install/yolobot_algo/share/yolobot_algo/cmake/yolobot_algo__rosidl_typesupport_introspection_cExport.cmake
[1.433s] -- Up-to-date: /Users/howardkang/auto_car/install/yolobot_algo/share/yolobot_algo/cmake/yolobot_algo__rosidl_typesupport_introspection_cExport-noconfig.cmake
[1.433s] -- Up-to-date: /Users/howardkang/auto_car/install/yolobot_algo/share/yolobot_algo/cmake/yolobot_algo__rosidl_typesupport_cExport.cmake
[1.433s] -- Up-to-date: /Users/howardkang/auto_car/install/yolobot_algo/share/yolobot_algo/cmake/yolobot_algo__rosidl_typesupport_cExport-noconfig.cmake
[1.433s] -- Up-to-date: /Users/howardkang/auto_car/install/yolobot_algo/share/yolobot_algo/cmake/yolobot_algo__rosidl_typesupport_introspection_cppExport.cmake
[1.433s] -- Up-to-date: /Users/howardkang/auto_car/install/yolobot_algo/share/yolobot_algo/cmake/yolobot_algo__rosidl_typesupport_introspection_cppExport-noconfig.cmake
[1.433s] -- Up-to-date: /Users/howardkang/auto_car/install/yolobot_algo/share/yolobot_algo/cmake/yolobot_algo__rosidl_typesupport_cppExport.cmake
[1.433s] -- Up-to-date: /Users/howardkang/auto_car/install/yolobot_algo/share/yolobot_algo/cmake/yolobot_algo__rosidl_typesupport_cppExport-noconfig.cmake
[1.434s] -- Up-to-date: /Users/howardkang/auto_car/install/yolobot_algo/share/yolobot_algo/cmake/export_yolobot_algo__rosidl_generator_pyExport.cmake
[1.434s] -- Up-to-date: /Users/howardkang/auto_car/install/yolobot_algo/share/yolobot_algo/cmake/export_yolobot_algo__rosidl_generator_pyExport-noconfig.cmake
[1.435s] Invoked command in '/Users/howardkang/auto_car/build/yolobot_algo' returned '0': CONDA_PROMPT_MODIFIER=(ros2) SHLVL=2 _=/Users/howardkang/miniconda3/envs/ros2/bin/env __CF_USER_TEXT_ENCODING=0x1F5:0x0:0x0 /Users/howardkang/miniconda3/envs/ros2/bin/cmake --install /Users/howardkang/auto_car/build/yolobot_algo
