[0.111s] Invoking command in '/Users/howardkang/auto_car/build/my_package': CONDA_PROMPT_MODIFIER=(ros2) SHLVL=2 _=/Users/howardkang/miniconda3/envs/ros2/bin/env __CF_USER_TEXT_ENCODING=0x1F5:0x0:0x0 /Users/howardkang/miniconda3/envs/ros2/bin/cmake --build /Users/howardkang/auto_car/build/my_package -- -j8 -l8
[0.225s] [  2%] Built target my_package__cpp
[0.233s] [  2%] Built target ament_cmake_python_symlink_my_package
[0.242s] [ 12%] Built target my_package__rosidl_generator_c
[0.321s] [ 23%] Built target my_package__rosidl_typesupport_c
[0.323s] [ 33%] Built target my_package__rosidl_typesupport_introspection_c
[0.325s] [ 43%] Built target my_package__rosidl_typesupport_introspection_cpp
[0.328s] [ 53%] Built target my_package__rosidl_typesupport_fastrtps_cpp
[0.332s] [ 64%] Built target my_package__rosidl_typesupport_cpp
[0.334s] [ 74%] Built target my_package__rosidl_typesupport_fastrtps_c
[0.364s] [ 74%] Built target my_package
[0.394s] [ 76%] Built target my_package__py
[0.442s] [ 84%] Built target my_package__rosidl_generator_py
[0.491s] [ 94%] Built target my_package__rosidl_typesupport_fastrtps_c__pyext
[0.491s] [ 94%] Built target my_package__rosidl_typesupport_c__pyext
[0.508s] [100%] Built target my_package__rosidl_typesupport_introspection_c__pyext
[0.759s] running egg_info
[0.795s] writing my_package.egg-info/PKG-INFO
[0.822s] writing dependency_links to my_package.egg-info/dependency_links.txt
[0.991s] writing top-level names to my_package.egg-info/top_level.txt
[1.055s] reading manifest file 'my_package.egg-info/SOURCES.txt'
[1.056s] writing manifest file 'my_package.egg-info/SOURCES.txt'
[1.088s] [100%] Built target ament_cmake_python_build_my_package_egg
