[0.115s] Invoking command in '/Users/howardkang/auto_car/build/my_package': CONDA_PROMPT_MODIFIER=(ros2) SHLVL=2 _=/Users/howardkang/miniconda3/envs/ros2/bin/env __CF_USER_TEXT_ENCODING=0x1F5:0x0:0x0 /Users/howardkang/miniconda3/envs/ros2/bin/cmake --build /Users/howardkang/auto_car/build/my_package -- -j8 -l8
[0.280s] [  2%] Built target my_package__cpp
[0.349s] [ 12%] Built target my_package__rosidl_generator_c
[0.352s] [ 12%] Built target ament_cmake_python_symlink_my_package
[0.479s] [ 23%] Built target my_package__rosidl_typesupport_cpp
[0.488s] [ 33%] Built target my_package__rosidl_typesupport_introspection_c
[0.495s] [ 43%] Built target my_package__rosidl_typesupport_fastrtps_c
[0.495s] [ 53%] Built target my_package__rosidl_typesupport_introspection_cpp
[0.501s] [ 64%] Built target my_package__rosidl_typesupport_fastrtps_cpp
[0.517s] [ 74%] Built target my_package__rosidl_typesupport_c
[0.567s] [ 74%] Built target my_package
[0.607s] [ 76%] Built target my_package__py
[0.648s] [ 84%] Built target my_package__rosidl_generator_py
[0.696s] [ 89%] Built target my_package__rosidl_typesupport_c__pyext
[0.697s] [ 94%] Built target my_package__rosidl_typesupport_introspection_c__pyext
[0.711s] [100%] Built target my_package__rosidl_typesupport_fastrtps_c__pyext
[0.968s] running egg_info
[1.006s] writing my_package.egg-info/PKG-INFO
[1.034s] writing dependency_links to my_package.egg-info/dependency_links.txt
[1.208s] writing top-level names to my_package.egg-info/top_level.txt
[1.278s] reading manifest file 'my_package.egg-info/SOURCES.txt'
[1.279s] writing manifest file 'my_package.egg-info/SOURCES.txt'
[1.314s] [100%] Built target ament_cmake_python_build_my_package_egg
[1.329s] Invoked command in '/Users/howardkang/auto_car/build/my_package' returned '0': CONDA_PROMPT_MODIFIER=(ros2) SHLVL=2 _=/Users/howardkang/miniconda3/envs/ros2/bin/env __CF_USER_TEXT_ENCODING=0x1F5:0x0:0x0 /Users/howardkang/miniconda3/envs/ros2/bin/cmake --build /Users/howardkang/auto_car/build/my_package -- -j8 -l8
