[0.117s] Invoking command in '/Users/howardkang/auto_car/build/my_package': CONDA_PROMPT_MODIFIER=(ros2) SHLVL=2 _=/Users/howardkang/miniconda3/envs/ros2/bin/env __CF_USER_TEXT_ENCODING=0x1F5:0x0:0x0 /Users/howardkang/miniconda3/envs/ros2/bin/cmake --build /Users/howardkang/auto_car/build/my_package -- -j8 -l8
[0.227s] [  2%] Built target my_package__cpp
[0.234s] [ 12%] Built target my_package__rosidl_generator_c
[0.248s] [ 12%] Built target ament_cmake_python_symlink_my_package
[0.319s] [ 23%] Built target my_package__rosidl_typesupport_cpp
[0.336s] [ 41%] Built target my_package__rosidl_typesupport_c
[0.336s] [ 43%] Built target my_package__rosidl_typesupport_introspection_c
[0.348s] [ 53%] Built target my_package__rosidl_typesupport_fastrtps_cpp
[0.354s] [ 64%] Built target my_package__rosidl_typesupport_introspection_cpp
[0.363s] [ 74%] Built target my_package__rosidl_typesupport_fastrtps_c
[0.399s] [ 74%] Built target my_package
[0.443s] [ 76%] Built target my_package__py
[0.480s] [ 84%] Built target my_package__rosidl_generator_py
[0.530s] [ 89%] Built target my_package__rosidl_typesupport_fastrtps_c__pyext
[0.531s] [ 94%] Built target my_package__rosidl_typesupport_c__pyext
[0.538s] [100%] Built target my_package__rosidl_typesupport_introspection_c__pyext
[0.820s] running egg_info
[0.874s] writing my_package.egg-info/PKG-INFO
[0.920s] writing dependency_links to my_package.egg-info/dependency_links.txt
[1.157s] writing top-level names to my_package.egg-info/top_level.txt
[1.255s] reading manifest file 'my_package.egg-info/SOURCES.txt'
[1.256s] writing manifest file 'my_package.egg-info/SOURCES.txt'
[1.314s] [100%] Built target ament_cmake_python_build_my_package_egg
[1.330s] Invoked command in '/Users/howardkang/auto_car/build/my_package' returned '0': CONDA_PROMPT_MODIFIER=(ros2) SHLVL=2 _=/Users/howardkang/miniconda3/envs/ros2/bin/env __CF_USER_TEXT_ENCODING=0x1F5:0x0:0x0 /Users/howardkang/miniconda3/envs/ros2/bin/cmake --build /Users/howardkang/auto_car/build/my_package -- -j8 -l8
