[0.114s] Invoking command in '/Users/howardkang/auto_car/build/my_package': CONDA_PROMPT_MODIFIER=(ros2) SHLVL=2 _=/Users/howardkang/miniconda3/envs/ros2/bin/env __CF_USER_TEXT_ENCODING=0x1F5:0x0:0x0 /Users/howardkang/miniconda3/envs/ros2/bin/cmake --build /Users/howardkang/auto_car/build/my_package -- -j8 -l8
[0.198s] [  2%] Built target my_package__cpp
[0.214s] [ 12%] Built target my_package__rosidl_generator_c
[0.231s] [ 12%] Built target ament_cmake_python_symlink_my_package
[0.316s] [ 23%] Built target my_package__rosidl_typesupport_c
[0.317s] [ 33%] Built target my_package__rosidl_typesupport_introspection_c
[0.336s] [ 43%] Built target my_package__rosidl_typesupport_fastrtps_c
[0.336s] [ 53%] Built target my_package__rosidl_typesupport_cpp
[0.361s] [ 64%] Built target my_package__rosidl_typesupport_fastrtps_cpp
[0.368s] [ 74%] Built target my_package__rosidl_typesupport_introspection_cpp
[0.447s] [ 74%] Built target my_package
[0.484s] [ 76%] Built target my_package__py
[0.546s] [ 84%] Built target my_package__rosidl_generator_py
[0.608s] [ 89%] Built target my_package__rosidl_typesupport_introspection_c__pyext
[0.613s] [ 94%] Built target my_package__rosidl_typesupport_c__pyext
[0.616s] [100%] Built target my_package__rosidl_typesupport_fastrtps_c__pyext
[1.270s] running egg_info
[1.318s] writing my_package.egg-info/PKG-INFO
[1.352s] writing dependency_links to my_package.egg-info/dependency_links.txt
[1.580s] writing top-level names to my_package.egg-info/top_level.txt
[1.636s] reading manifest file 'my_package.egg-info/SOURCES.txt'
[1.637s] writing manifest file 'my_package.egg-info/SOURCES.txt'
[1.673s] [100%] Built target ament_cmake_python_build_my_package_egg
