[0.048s] Invoking command in '/Users/howardkang/auto_car/build/yolobot_algo': CONDA_PROMPT_MODIFIER=(ros2) SHLVL=2 _=/Users/howardkang/miniconda3/envs/ros2/bin/env __CF_USER_TEXT_ENCODING=0x1F5:0x0:0x0 /Users/howardkang/miniconda3/envs/ros2/bin/cmake --build /Users/howardkang/auto_car/build/yolobot_algo -- -j8 -l8
[0.142s] [  2%] Built target yolobot_algo__cpp
[0.150s] [ 12%] Built target yolobot_algo__rosidl_generator_c
[0.155s] [ 12%] Built target ament_cmake_python_symlink_yolobot_algo
[0.235s] [ 23%] Built target yolobot_algo__rosidl_typesupport_introspection_c
[0.243s] [ 43%] Built target yolobot_algo__rosidl_typesupport_cpp
[0.243s] [ 43%] Built target yolobot_algo__rosidl_typesupport_introspection_cpp
[0.247s] [ 53%] Built target yolobot_algo__rosidl_typesupport_c
[0.258s] [ 64%] Built target yolobot_algo__rosidl_typesupport_fastrtps_cpp
[0.261s] [ 74%] Built target yolobot_algo__rosidl_typesupport_fastrtps_c
[0.293s] [ 74%] Built target yolobot_algo
[0.328s] [ 76%] Built target yolobot_algo__py
[0.374s] [ 84%] Built target yolobot_algo__rosidl_generator_py
[0.417s] [ 89%] Built target yolobot_algo__rosidl_typesupport_fastrtps_c__pyext
[0.426s] [ 94%] Built target yolobot_algo__rosidl_typesupport_introspection_c__pyext
[0.430s] [100%] Built target yolobot_algo__rosidl_typesupport_c__pyext
[0.607s] running egg_info
[0.643s] writing yolobot_algo.egg-info/PKG-INFO
[0.670s] writing dependency_links to yolobot_algo.egg-info/dependency_links.txt
[0.829s] writing top-level names to yolobot_algo.egg-info/top_level.txt
[0.890s] reading manifest file 'yolobot_algo.egg-info/SOURCES.txt'
[0.891s] writing manifest file 'yolobot_algo.egg-info/SOURCES.txt'
[0.921s] [100%] Built target ament_cmake_python_build_yolobot_algo_egg
