[0.049s] Invoking command in '/Users/howardkang/auto_car/build/yolobot_algo': CONDA_PROMPT_MODIFIER=(ros2) SHLVL=2 _=/Users/howardkang/miniconda3/envs/ros2/bin/env __CF_USER_TEXT_ENCODING=0x1F5:0x0:0x0 /Users/howardkang/miniconda3/envs/ros2/bin/cmake --build /Users/howardkang/auto_car/build/yolobot_algo -- -j8 -l8
[0.153s] [  2%] Built target yolobot_algo__cpp
[0.163s] [ 12%] Built target yolobot_algo__rosidl_generator_c
[0.173s] [ 12%] Built target ament_cmake_python_symlink_yolobot_algo
[0.251s] [ 23%] Built target yolobot_algo__rosidl_typesupport_fastrtps_cpp
[0.256s] [ 33%] Built target yolobot_algo__rosidl_typesupport_introspection_cpp
[0.257s] [ 43%] Built target yolobot_algo__rosidl_typesupport_cpp
[0.264s] [ 53%] Built target yolobot_algo__rosidl_typesupport_introspection_c
[0.267s] [ 64%] Built target yolobot_algo__rosidl_typesupport_c
[0.272s] [ 74%] Built target yolobot_algo__rosidl_typesupport_fastrtps_c
[0.304s] [ 74%] Built target yolobot_algo
[0.335s] [ 76%] Built target yolobot_algo__py
[0.370s] [ 84%] Built target yolobot_algo__rosidl_generator_py
[0.460s] [ 89%] Built target yolobot_algo__rosidl_typesupport_c__pyext
[0.460s] [ 94%] Built target yolobot_algo__rosidl_typesupport_introspection_c__pyext
[0.463s] [100%] Built target yolobot_algo__rosidl_typesupport_fastrtps_c__pyext
[0.649s] running egg_info
[0.685s] writing yolobot_algo.egg-info/PKG-INFO
[0.712s] writing dependency_links to yolobot_algo.egg-info/dependency_links.txt
[0.873s] writing top-level names to yolobot_algo.egg-info/top_level.txt
[0.936s] reading manifest file 'yolobot_algo.egg-info/SOURCES.txt'
[0.936s] writing manifest file 'yolobot_algo.egg-info/SOURCES.txt'
[0.977s] [100%] Built target ament_cmake_python_build_yolobot_algo_egg
