[0.048s] Invoking command in '/Users/howardkang/auto_car/build/yolobot_algo': CONDA_PROMPT_MODIFIER=(ros2) SHLVL=2 _=/Users/howardkang/miniconda3/envs/ros2/bin/env __CF_USER_TEXT_ENCODING=0x1F5:0x0:0x0 /Users/howardkang/miniconda3/envs/ros2/bin/cmake --build /Users/howardkang/auto_car/build/yolobot_algo -- -j8 -l8
[0.183s] [  2%] Built target yolobot_algo__cpp
[0.189s] [ 12%] Built target yolobot_algo__rosidl_generator_c
[0.208s] [ 12%] Built target ament_cmake_python_symlink_yolobot_algo
[0.274s] [ 23%] Built target yolobot_algo__rosidl_typesupport_introspection_c
[0.291s] [ 33%] Built target yolobot_algo__rosidl_typesupport_c
[0.311s] [ 43%] Built target yolobot_algo__rosidl_typesupport_introspection_cpp
[0.311s] [ 53%] Built target yolobot_algo__rosidl_typesupport_cpp
[0.322s] [ 64%] Built target yolobot_algo__rosidl_typesupport_fastrtps_cpp
[0.333s] [ 74%] Built target yolobot_algo__rosidl_typesupport_fastrtps_c
[0.375s] [ 74%] Built target yolobot_algo
[0.416s] [ 76%] Built target yolobot_algo__py
[0.460s] [ 84%] Built target yolobot_algo__rosidl_generator_py
[0.517s] [ 89%] Built target yolobot_algo__rosidl_typesupport_fastrtps_c__pyext
[0.518s] [ 94%] Built target yolobot_algo__rosidl_typesupport_introspection_c__pyext
[0.527s] [100%] Built target yolobot_algo__rosidl_typesupport_c__pyext
[0.774s] running egg_info
[0.826s] writing yolobot_algo.egg-info/PKG-INFO
[0.861s] writing dependency_links to yolobot_algo.egg-info/dependency_links.txt
[1.098s] writing top-level names to yolobot_algo.egg-info/top_level.txt
[1.181s] reading manifest file 'yolobot_algo.egg-info/SOURCES.txt'
[1.182s] writing manifest file 'yolobot_algo.egg-info/SOURCES.txt'
[1.223s] [100%] Built target ament_cmake_python_build_yolobot_algo_egg
[1.246s] Invoked command in '/Users/howardkang/auto_car/build/yolobot_algo' returned '0': CONDA_PROMPT_MODIFIER=(ros2) SHLVL=2 _=/Users/howardkang/miniconda3/envs/ros2/bin/env __CF_USER_TEXT_ENCODING=0x1F5:0x0:0x0 /Users/howardkang/miniconda3/envs/ros2/bin/cmake --build /Users/howardkang/auto_car/build/yolobot_algo -- -j8 -l8
