[0.047s] Invoking command in '/Users/howardkang/auto_car/build/yolobot_algo': CONDA_PROMPT_MODIFIER=(ros2) SHLVL=2 _=/Users/howardkang/miniconda3/envs/ros2/bin/env __CF_USER_TEXT_ENCODING=0x1F5:0x0:0x0 /Users/howardkang/miniconda3/envs/ros2/bin/cmake --build /Users/howardkang/auto_car/build/yolobot_algo -- -j8 -l8
[0.157s] [ 10%] Built target yolobot_algo__rosidl_generator_c
[0.157s] [ 12%] Built target yolobot_algo__cpp
[0.191s] [ 12%] Built target ament_cmake_python_symlink_yolobot_algo
[0.265s] [ 23%] Built target yolobot_algo__rosidl_typesupport_c
[0.273s] [ 33%] Built target yolobot_algo__rosidl_typesupport_introspection_c
[0.276s] [ 43%] Built target yolobot_algo__rosidl_typesupport_cpp
[0.277s] [ 53%] Built target yolobot_algo__rosidl_typesupport_fastrtps_cpp
[0.291s] [ 64%] Built target yolobot_algo__rosidl_typesupport_fastrtps_c
[0.291s] [ 74%] Built target yolobot_algo__rosidl_typesupport_introspection_cpp
[0.331s] [ 74%] Built target yolobot_algo
[0.372s] [ 76%] Built target yolobot_algo__py
[0.411s] [ 84%] Built target yolobot_algo__rosidl_generator_py
[0.465s] [ 89%] Built target yolobot_algo__rosidl_typesupport_introspection_c__pyext
[0.468s] [100%] Built target yolobot_algo__rosidl_typesupport_fastrtps_c__pyext
[0.468s] [100%] Built target yolobot_algo__rosidl_typesupport_c__pyext
[0.736s] running egg_info
[0.786s] writing yolobot_algo.egg-info/PKG-INFO
[0.825s] writing dependency_links to yolobot_algo.egg-info/dependency_links.txt
[1.056s] writing top-level names to yolobot_algo.egg-info/top_level.txt
[1.139s] reading manifest file 'yolobot_algo.egg-info/SOURCES.txt'
[1.140s] writing manifest file 'yolobot_algo.egg-info/SOURCES.txt'
[1.191s] [100%] Built target ament_cmake_python_build_yolobot_algo_egg
[1.210s] Invoked command in '/Users/howardkang/auto_car/build/yolobot_algo' returned '0': CONDA_PROMPT_MODIFIER=(ros2) SHLVL=2 _=/Users/howardkang/miniconda3/envs/ros2/bin/env __CF_USER_TEXT_ENCODING=0x1F5:0x0:0x0 /Users/howardkang/miniconda3/envs/ros2/bin/cmake --build /Users/howardkang/auto_car/build/yolobot_algo -- -j8 -l8
