[  2%] Built target yolobot_algo__cpp
[ 12%] Built target yolobot_algo__rosidl_generator_c
[ 12%] Built target ament_cmake_python_symlink_yolobot_algo
[ 23%] Built target yolobot_algo__rosidl_typesupport_introspection_c
[ 33%] Built target yolobot_algo__rosidl_typesupport_c
[ 46%] Built target yolobot_algo__rosidl_typesupport_introspection_cpp
[ 53%] Built target yolobot_algo__rosidl_typesupport_cpp
[ 64%] Built target yolobot_algo__rosidl_typesupport_fastrtps_cpp
[ 74%] Built target yolobot_algo__rosidl_typesupport_fastrtps_c
[ 74%] Built target yolobot_algo
[ 76%] Built target yolobot_algo__py
[ 84%] Built target yolobot_algo__rosidl_generator_py
[ 89%] Built target yolobot_algo__rosidl_typesupport_fastrtps_c__pyext
[ 94%] Built target yolobot_algo__rosidl_typesupport_introspection_c__pyext
[100%] Built target yolobot_algo__rosidl_typesupport_c__pyext
running egg_info
writing yolobot_algo.egg-info/PKG-INFO
writing dependency_links to yolobot_algo.egg-info/dependency_links.txt
writing top-level names to yolobot_algo.egg-info/top_level.txt
reading manifest file 'yolobot_algo.egg-info/SOURCES.txt'
writing manifest file 'yolobot_algo.egg-info/SOURCES.txt'
[100%] Built target ament_cmake_python_build_yolobot_algo_egg
-- Install configuration: ""
-- Execute custom install script
-- Up-to-date symlink: /Users/howardkang/auto_car/install/yolobot_algo/share/ament_index/resource_index/rosidl_interfaces/yolobot_algo
-- Up-to-date symlink: /Users/howardkang/auto_car/install/yolobot_algo/include/yolobot_algo/yolobot_algo/msg/detail/inference_result__functions.h
-- Up-to-date symlink: /Users/howardkang/auto_car/install/yolobot_algo/include/yolobot_algo/yolobot_algo/msg/detail/inference_result__struct.h
-- Up-to-date symlink: /Users/howardkang/auto_car/install/yolobot_algo/include/yolobot_algo/yolobot_algo/msg/detail/inference_result__type_support.h
-- Up-to-date symlink: /Users/howardkang/auto_car/install/yolobot_algo/include/yolobot_algo/yolobot_algo/msg/detail/yolov8_inference__functions.h
-- Up-to-date symlink: /Users/howardkang/auto_car/install/yolobot_algo/include/yolobot_algo/yolobot_algo/msg/detail/yolov8_inference__struct.h
-- Up-to-date symlink: /Users/howardkang/auto_car/install/yolobot_algo/include/yolobot_algo/yolobot_algo/msg/detail/yolov8_inference__type_support.h
-- Up-to-date symlink: /Users/howardkang/auto_car/install/yolobot_algo/include/yolobot_algo/yolobot_algo/msg/inference_result.h
-- Up-to-date symlink: /Users/howardkang/auto_car/install/yolobot_algo/include/yolobot_algo/yolobot_algo/msg/rosidl_generator_c__visibility_control.h
-- Up-to-date symlink: /Users/howardkang/auto_car/install/yolobot_algo/include/yolobot_algo/yolobot_algo/msg/yolov8_inference.h
-- Up-to-date symlink: /Users/howardkang/auto_car/install/yolobot_algo/include/yolobot_algo/yolobot_algo/msg/detail/inference_result__rosidl_typesupport_fastrtps_c.h
-- Up-to-date symlink: /Users/howardkang/auto_car/install/yolobot_algo/include/yolobot_algo/yolobot_algo/msg/detail/yolov8_inference__rosidl_typesupport_fastrtps_c.h
-- Up-to-date symlink: /Users/howardkang/auto_car/install/yolobot_algo/include/yolobot_algo/yolobot_algo/msg/rosidl_typesupport_fastrtps_c__visibility_control.h
-- Up-to-date symlink: /Users/howardkang/auto_car/install/yolobot_algo/include/yolobot_algo/yolobot_algo/msg/detail/inference_result__builder.hpp
-- Up-to-date symlink: /Users/howardkang/auto_car/install/yolobot_algo/include/yolobot_algo/yolobot_algo/msg/detail/inference_result__struct.hpp
-- Up-to-date symlink: /Users/howardkang/auto_car/install/yolobot_algo/include/yolobot_algo/yolobot_algo/msg/detail/inference_result__traits.hpp
-- Up-to-date symlink: /Users/howardkang/auto_car/install/yolobot_algo/include/yolobot_algo/yolobot_algo/msg/detail/yolov8_inference__builder.hpp
-- Up-to-date symlink: /Users/howardkang/auto_car/install/yolobot_algo/include/yolobot_algo/yolobot_algo/msg/detail/yolov8_inference__struct.hpp
-- Up-to-date symlink: /Users/howardkang/auto_car/install/yolobot_algo/include/yolobot_algo/yolobot_algo/msg/detail/yolov8_inference__traits.hpp
-- Up-to-date symlink: /Users/howardkang/auto_car/install/yolobot_algo/include/yolobot_algo/yolobot_algo/msg/inference_result.hpp
-- Up-to-date symlink: /Users/howardkang/auto_car/install/yolobot_algo/include/yolobot_algo/yolobot_algo/msg/yolov8_inference.hpp
-- Up-to-date symlink: /Users/howardkang/auto_car/install/yolobot_algo/include/yolobot_algo/yolobot_algo/msg/detail/inference_result__rosidl_typesupport_fastrtps_cpp.hpp
-- Up-to-date symlink: /Users/howardkang/auto_car/install/yolobot_algo/include/yolobot_algo/yolobot_algo/msg/detail/yolov8_inference__rosidl_typesupport_fastrtps_cpp.hpp
-- Up-to-date symlink: /Users/howardkang/auto_car/install/yolobot_algo/include/yolobot_algo/yolobot_algo/msg/rosidl_typesupport_fastrtps_cpp__visibility_control.h
-- Up-to-date symlink: /Users/howardkang/auto_car/install/yolobot_algo/include/yolobot_algo/yolobot_algo/msg/detail/inference_result__rosidl_typesupport_introspection_c.h
-- Up-to-date symlink: /Users/howardkang/auto_car/install/yolobot_algo/include/yolobot_algo/yolobot_algo/msg/detail/yolov8_inference__rosidl_typesupport_introspection_c.h
-- Up-to-date symlink: /Users/howardkang/auto_car/install/yolobot_algo/include/yolobot_algo/yolobot_algo/msg/rosidl_typesupport_introspection_c__visibility_control.h
-- Up-to-date symlink: /Users/howardkang/auto_car/install/yolobot_algo/include/yolobot_algo/yolobot_algo/msg/detail/inference_result__rosidl_typesupport_introspection_cpp.hpp
-- Up-to-date symlink: /Users/howardkang/auto_car/install/yolobot_algo/include/yolobot_algo/yolobot_algo/msg/detail/yolov8_inference__rosidl_typesupport_introspection_cpp.hpp
-- Up-to-date symlink: /Users/howardkang/auto_car/install/yolobot_algo/share/yolobot_algo/environment/pythonpath.sh
-- Up-to-date symlink: /Users/howardkang/auto_car/install/yolobot_algo/share/yolobot_algo/environment/pythonpath.dsv
-- Up-to-date symlink: /Users/howardkang/auto_car/install/yolobot_algo/lib/python3.10/site-packages/yolobot_algo-0.0.0-py3.10.egg-info/PKG-INFO
-- Up-to-date symlink: /Users/howardkang/auto_car/install/yolobot_algo/lib/python3.10/site-packages/yolobot_algo-0.0.0-py3.10.egg-info/SOURCES.txt
-- Up-to-date symlink: /Users/howardkang/auto_car/install/yolobot_algo/lib/python3.10/site-packages/yolobot_algo-0.0.0-py3.10.egg-info/dependency_links.txt
-- Up-to-date symlink: /Users/howardkang/auto_car/install/yolobot_algo/lib/python3.10/site-packages/yolobot_algo-0.0.0-py3.10.egg-info/top_level.txt
-- Up-to-date symlink: /Users/howardkang/auto_car/install/yolobot_algo/lib/python3.10/site-packages/yolobot_algo/__init__.py
-- Up-to-date symlink: /Users/howardkang/auto_car/install/yolobot_algo/lib/python3.10/site-packages/yolobot_algo/_yolobot_algo_s.ep.rosidl_typesupport_c.c
-- Up-to-date symlink: /Users/howardkang/auto_car/install/yolobot_algo/lib/python3.10/site-packages/yolobot_algo/_yolobot_algo_s.ep.rosidl_typesupport_fastrtps_c.c
-- Up-to-date symlink: /Users/howardkang/auto_car/install/yolobot_algo/lib/python3.10/site-packages/yolobot_algo/_yolobot_algo_s.ep.rosidl_typesupport_introspection_c.c
-- Up-to-date symlink: /Users/howardkang/auto_car/install/yolobot_algo/lib/python3.10/site-packages/yolobot_algo/libyolobot_algo__rosidl_generator_py.dylib
-- Up-to-date symlink: /Users/howardkang/auto_car/install/yolobot_algo/lib/python3.10/site-packages/yolobot_algo/msg/__init__.py
-- Up-to-date symlink: /Users/howardkang/auto_car/install/yolobot_algo/lib/python3.10/site-packages/yolobot_algo/msg/_inference_result.py
-- Up-to-date symlink: /Users/howardkang/auto_car/install/yolobot_algo/lib/python3.10/site-packages/yolobot_algo/msg/_inference_result_s.c
-- Up-to-date symlink: /Users/howardkang/auto_car/install/yolobot_algo/lib/python3.10/site-packages/yolobot_algo/msg/_yolov8_inference.py
-- Up-to-date symlink: /Users/howardkang/auto_car/install/yolobot_algo/lib/python3.10/site-packages/yolobot_algo/msg/_yolov8_inference_s.c
-- Up-to-date symlink: /Users/howardkang/auto_car/install/yolobot_algo/lib/python3.10/site-packages/yolobot_algo/yolobot_algo_s__rosidl_typesupport_c.cpython-310-darwin.so
-- Up-to-date symlink: /Users/howardkang/auto_car/install/yolobot_algo/lib/python3.10/site-packages/yolobot_algo/yolobot_algo_s__rosidl_typesupport_fastrtps_c.cpython-310-darwin.so
-- Up-to-date symlink: /Users/howardkang/auto_car/install/yolobot_algo/lib/python3.10/site-packages/yolobot_algo/yolobot_algo_s__rosidl_typesupport_introspection_c.cpython-310-darwin.so
-- Up-to-date symlink: /Users/howardkang/auto_car/install/yolobot_algo/lib/python3.10/site-packages/yolobot_algo/yolobot_algo_s__rosidl_typesupport_fastrtps_c.cpython-310-darwin.so
-- Up-to-date symlink: /Users/howardkang/auto_car/install/yolobot_algo/lib/python3.10/site-packages/yolobot_algo/yolobot_algo_s__rosidl_typesupport_introspection_c.cpython-310-darwin.so
-- Up-to-date symlink: /Users/howardkang/auto_car/install/yolobot_algo/lib/python3.10/site-packages/yolobot_algo/yolobot_algo_s__rosidl_typesupport_c.cpython-310-darwin.so
-- Up-to-date symlink: /Users/howardkang/auto_car/install/yolobot_algo/share/yolobot_algo/msg/InferenceResult.idl
-- Up-to-date symlink: /Users/howardkang/auto_car/install/yolobot_algo/share/yolobot_algo/msg/Yolov8Inference.idl
-- Up-to-date symlink: /Users/howardkang/auto_car/install/yolobot_algo/share/yolobot_algo/msg/InferenceResult.msg
-- Up-to-date symlink: /Users/howardkang/auto_car/install/yolobot_algo/share/yolobot_algo/msg/Yolov8Inference.msg
-- Up-to-date symlink: /Users/howardkang/auto_car/install/yolobot_algo/share/yolobot_algo/launch/yolov8.launch.py
-- Up-to-date symlink: /Users/howardkang/auto_car/install/yolobot_algo/share/yolobot_algo/scripts/.DS_Store
-- Up-to-date symlink: /Users/howardkang/auto_car/install/yolobot_algo/share/yolobot_algo/scripts/.dockerignore
-- Up-to-date symlink: /Users/howardkang/auto_car/install/yolobot_algo/share/yolobot_algo/scripts/.gitattributes
-- Up-to-date symlink: /Users/howardkang/auto_car/install/yolobot_algo/share/yolobot_algo/scripts/.gitignore
-- Up-to-date symlink: /Users/howardkang/auto_car/install/yolobot_algo/share/yolobot_algo/scripts/yolov8_ros2_pt.py
-- Up-to-date symlink: /Users/howardkang/auto_car/install/yolobot_algo/share/yolobot_algo/scripts/yolov8_ros2_subscriber.py
-- Up-to-date symlink: /Users/howardkang/auto_car/install/yolobot_algo/share/yolobot_algo/scripts/yolov8n.pt
-- Up-to-date symlink: /Users/howardkang/auto_car/install/yolobot_algo/share/yolobot_algo/scripts/~/.DS_Store
-- Up-to-date symlink: /Users/howardkang/auto_car/install/yolobot_algo/share/yolobot_algo/scripts/~/yolobot/.DS_Store
-- Up-to-date symlink: /Users/howardkang/auto_car/install/yolobot_algo/share/yolobot_algo/scripts/~/yolobot/src/.DS_Store
-- Up-to-date symlink: /Users/howardkang/auto_car/install/yolobot_algo/share/yolobot_algo/scripts/~/yolobot/src/yolobot_recognition/.DS_Store
-- Up-to-date symlink: /Users/howardkang/auto_car/install/yolobot_algo/share/yolobot_algo/scripts/~/yolobot/src/yolobot_recognition/scripts/yolov8n.pt
-- Up-to-date symlink: /Users/howardkang/auto_car/install/yolobot_algo/share/yolobot_algo/msg/InferenceResult.msg
-- Up-to-date symlink: /Users/howardkang/auto_car/install/yolobot_algo/share/yolobot_algo/msg/Yolov8Inference.msg
-- Up-to-date symlink: /Users/howardkang/auto_car/install/yolobot_algo/lib/yolobot_algo/launch/yolov8.launch.py
-- Up-to-date symlink: /Users/howardkang/auto_car/install/yolobot_algo/lib/yolobot_algo/scripts/.DS_Store
-- Up-to-date symlink: /Users/howardkang/auto_car/install/yolobot_algo/lib/yolobot_algo/scripts/.dockerignore
-- Up-to-date symlink: /Users/howardkang/auto_car/install/yolobot_algo/lib/yolobot_algo/scripts/.gitattributes
-- Up-to-date symlink: /Users/howardkang/auto_car/install/yolobot_algo/lib/yolobot_algo/scripts/.gitignore
-- Up-to-date symlink: /Users/howardkang/auto_car/install/yolobot_algo/lib/yolobot_algo/scripts/yolov8_ros2_pt.py
-- Up-to-date symlink: /Users/howardkang/auto_car/install/yolobot_algo/lib/yolobot_algo/scripts/yolov8_ros2_subscriber.py
-- Up-to-date symlink: /Users/howardkang/auto_car/install/yolobot_algo/lib/yolobot_algo/scripts/yolov8n.pt
-- Up-to-date symlink: /Users/howardkang/auto_car/install/yolobot_algo/lib/yolobot_algo/scripts/~/.DS_Store
-- Up-to-date symlink: /Users/howardkang/auto_car/install/yolobot_algo/lib/yolobot_algo/scripts/~/yolobot/.DS_Store
-- Up-to-date symlink: /Users/howardkang/auto_car/install/yolobot_algo/lib/yolobot_algo/scripts/~/yolobot/src/.DS_Store
-- Up-to-date symlink: /Users/howardkang/auto_car/install/yolobot_algo/lib/yolobot_algo/scripts/~/yolobot/src/yolobot_recognition/.DS_Store
-- Up-to-date symlink: /Users/howardkang/auto_car/install/yolobot_algo/lib/yolobot_algo/scripts/~/yolobot/src/yolobot_recognition/scripts/yolov8n.pt
-- Up-to-date symlink: /Users/howardkang/auto_car/install/yolobot_algo/lib/yolobot_algo/msg/InferenceResult.msg
-- Up-to-date symlink: /Users/howardkang/auto_car/install/yolobot_algo/lib/yolobot_algo/msg/Yolov8Inference.msg
-- Up-to-date symlink: /Users/howardkang/auto_car/install/yolobot_algo/lib/yolobot_algo/yolov8_ros2_pt.py
-- Up-to-date symlink: /Users/howardkang/auto_car/install/yolobot_algo/share/ament_index/resource_index/package_run_dependencies/yolobot_algo
-- Up-to-date symlink: /Users/howardkang/auto_car/install/yolobot_algo/share/ament_index/resource_index/parent_prefix_path/yolobot_algo
-- Up-to-date symlink: /Users/howardkang/auto_car/install/yolobot_algo/share/yolobot_algo/environment/ament_prefix_path.sh
-- Up-to-date symlink: /Users/howardkang/auto_car/install/yolobot_algo/share/yolobot_algo/environment/ament_prefix_path.dsv
-- Up-to-date symlink: /Users/howardkang/auto_car/install/yolobot_algo/share/yolobot_algo/environment/path.sh
-- Up-to-date symlink: /Users/howardkang/auto_car/install/yolobot_algo/share/yolobot_algo/environment/path.dsv
-- Up-to-date symlink: /Users/howardkang/auto_car/install/yolobot_algo/share/yolobot_algo/local_setup.bash
-- Up-to-date symlink: /Users/howardkang/auto_car/install/yolobot_algo/share/yolobot_algo/local_setup.sh
-- Up-to-date symlink: /Users/howardkang/auto_car/install/yolobot_algo/share/yolobot_algo/local_setup.zsh
-- Up-to-date symlink: /Users/howardkang/auto_car/install/yolobot_algo/share/yolobot_algo/local_setup.dsv
-- Symlinking: /Users/howardkang/auto_car/install/yolobot_algo/share/yolobot_algo/package.dsv
-- Up-to-date symlink: /Users/howardkang/auto_car/install/yolobot_algo/share/ament_index/resource_index/packages/yolobot_algo
-- Up-to-date symlink: /Users/howardkang/auto_car/install/yolobot_algo/share/yolobot_algo/cmake/rosidl_cmake-extras.cmake
-- Up-to-date symlink: /Users/howardkang/auto_car/install/yolobot_algo/share/yolobot_algo/cmake/ament_cmake_export_dependencies-extras.cmake
-- Up-to-date symlink: /Users/howardkang/auto_car/install/yolobot_algo/share/yolobot_algo/cmake/ament_cmake_export_include_directories-extras.cmake
-- Up-to-date symlink: /Users/howardkang/auto_car/install/yolobot_algo/share/yolobot_algo/cmake/ament_cmake_export_libraries-extras.cmake
-- Up-to-date symlink: /Users/howardkang/auto_car/install/yolobot_algo/share/yolobot_algo/cmake/ament_cmake_export_targets-extras.cmake
-- Up-to-date symlink: /Users/howardkang/auto_car/install/yolobot_algo/share/yolobot_algo/cmake/rosidl_cmake_export_typesupport_targets-extras.cmake
-- Up-to-date symlink: /Users/howardkang/auto_car/install/yolobot_algo/share/yolobot_algo/cmake/rosidl_cmake_export_typesupport_libraries-extras.cmake
-- Up-to-date symlink: /Users/howardkang/auto_car/install/yolobot_algo/share/yolobot_algo/cmake/yolobot_algoConfig.cmake
-- Up-to-date symlink: /Users/howardkang/auto_car/install/yolobot_algo/share/yolobot_algo/cmake/yolobot_algoConfig-version.cmake
-- Up-to-date symlink: /Users/howardkang/auto_car/install/yolobot_algo/share/yolobot_algo/package.xml
-- Up-to-date: /Users/howardkang/auto_car/install/yolobot_algo/lib/libyolobot_algo__rosidl_generator_c.dylib
-- Installing: /Users/howardkang/auto_car/install/yolobot_algo/lib/libyolobot_algo__rosidl_typesupport_fastrtps_c.dylib
-- Up-to-date: /Users/howardkang/auto_car/install/yolobot_algo/lib/libyolobot_algo__rosidl_typesupport_fastrtps_cpp.dylib
-- Installing: /Users/howardkang/auto_car/install/yolobot_algo/lib/libyolobot_algo__rosidl_typesupport_introspection_c.dylib
-- Installing: /Users/howardkang/auto_car/install/yolobot_algo/lib/libyolobot_algo__rosidl_typesupport_c.dylib
-- Up-to-date: /Users/howardkang/auto_car/install/yolobot_algo/lib/libyolobot_algo__rosidl_typesupport_introspection_cpp.dylib
-- Up-to-date: /Users/howardkang/auto_car/install/yolobot_algo/lib/libyolobot_algo__rosidl_typesupport_cpp.dylib
Listing 'lib/python3.10/site-packages/yolobot_algo'...
Can't list 'lib/python3.10/site-packages/yolobot_algo'
-- Installing: /Users/howardkang/auto_car/install/yolobot_algo/lib/libyolobot_algo__rosidl_generator_py.dylib
-- Up-to-date: /Users/howardkang/auto_car/install/yolobot_algo/share/yolobot_algo/cmake/export_yolobot_algo__rosidl_generator_cExport.cmake
-- Up-to-date: /Users/howardkang/auto_car/install/yolobot_algo/share/yolobot_algo/cmake/export_yolobot_algo__rosidl_generator_cExport-noconfig.cmake
-- Up-to-date: /Users/howardkang/auto_car/install/yolobot_algo/share/yolobot_algo/cmake/export_yolobot_algo__rosidl_typesupport_fastrtps_cExport.cmake
-- Up-to-date: /Users/howardkang/auto_car/install/yolobot_algo/share/yolobot_algo/cmake/export_yolobot_algo__rosidl_typesupport_fastrtps_cExport-noconfig.cmake
-- Up-to-date: /Users/howardkang/auto_car/install/yolobot_algo/share/yolobot_algo/cmake/export_yolobot_algo__rosidl_generator_cppExport.cmake
-- Up-to-date: /Users/howardkang/auto_car/install/yolobot_algo/share/yolobot_algo/cmake/export_yolobot_algo__rosidl_typesupport_fastrtps_cppExport.cmake
-- Up-to-date: /Users/howardkang/auto_car/install/yolobot_algo/share/yolobot_algo/cmake/export_yolobot_algo__rosidl_typesupport_fastrtps_cppExport-noconfig.cmake
-- Up-to-date: /Users/howardkang/auto_car/install/yolobot_algo/share/yolobot_algo/cmake/yolobot_algo__rosidl_typesupport_introspection_cExport.cmake
-- Up-to-date: /Users/howardkang/auto_car/install/yolobot_algo/share/yolobot_algo/cmake/yolobot_algo__rosidl_typesupport_introspection_cExport-noconfig.cmake
-- Up-to-date: /Users/howardkang/auto_car/install/yolobot_algo/share/yolobot_algo/cmake/yolobot_algo__rosidl_typesupport_cExport.cmake
-- Up-to-date: /Users/howardkang/auto_car/install/yolobot_algo/share/yolobot_algo/cmake/yolobot_algo__rosidl_typesupport_cExport-noconfig.cmake
-- Up-to-date: /Users/howardkang/auto_car/install/yolobot_algo/share/yolobot_algo/cmake/yolobot_algo__rosidl_typesupport_introspection_cppExport.cmake
-- Up-to-date: /Users/howardkang/auto_car/install/yolobot_algo/share/yolobot_algo/cmake/yolobot_algo__rosidl_typesupport_introspection_cppExport-noconfig.cmake
-- Up-to-date: /Users/howardkang/auto_car/install/yolobot_algo/share/yolobot_algo/cmake/yolobot_algo__rosidl_typesupport_cppExport.cmake
-- Up-to-date: /Users/howardkang/auto_car/install/yolobot_algo/share/yolobot_algo/cmake/yolobot_algo__rosidl_typesupport_cppExport-noconfig.cmake
-- Up-to-date: /Users/howardkang/auto_car/install/yolobot_algo/share/yolobot_algo/cmake/export_yolobot_algo__rosidl_generator_pyExport.cmake
-- Up-to-date: /Users/howardkang/auto_car/install/yolobot_algo/share/yolobot_algo/cmake/export_yolobot_algo__rosidl_generator_pyExport-noconfig.cmake
