[0.080s] Invoking command in '/Users/howardkang/auto_car/build/rplidar_ros': CONDA_PROMPT_MODIFIER=(ros2) SHLVL=2 _=/Users/howardkang/miniconda3/envs/ros2/bin/env __CF_USER_TEXT_ENCODING=0x1F5:0x0:0x0 /Users/howardkang/miniconda3/envs/ros2/bin/cmake /Users/howardkang/auto_car/src/rplidar_ros -DCATKIN_INSTALL_INTO_PREFIX_ROOT=0 -DCATKIN_SYMLINK_INSTALL=ON -DCMAKE_INSTALL_PREFIX=/Users/howardkang/auto_car/install/rplidar_ros
[0.114s] CMake Deprecation Warning at CMakeLists.txt:1 (cmake_minimum_required):
[0.114s]   Compatibility with CMake < 2.8.12 will be removed from a future version of
[0.114s]   CMake.
[0.114s] 
[0.114s]   Update the VERSION argument <min> value or use a ...<max> suffix to tell
[0.114s]   CMake that the project does not need compatibility with older versions.
[0.114s] 
[0.114s] 
[1.022s] -- The C compiler identification is Clang 16.0.1
[1.112s] -- The CXX compiler identification is Clang 16.0.1
[1.125s] -- Detecting C compiler ABI info
[1.277s] -- Detecting C compiler ABI info - done
[1.282s] -- Check for working C compiler: /Users/howardkang/miniconda3/envs/ros2/bin/arm64-apple-darwin20.0.0-clang - skipped
[1.282s] -- Detecting C compile features
[1.282s] -- Detecting C compile features - done
[1.288s] -- Detecting CXX compiler ABI info
[1.492s] -- Detecting CXX compiler ABI info - done
[1.495s] -- Check for working CXX compiler: /Users/howardkang/miniconda3/envs/ros2/bin/arm64-apple-darwin20.0.0-clang++ - skipped
[1.496s] -- Detecting CXX compile features
[1.500s] -- Detecting CXX compile features - done
[1.545s] CMake Error at CMakeLists.txt:16 (find_package):
[1.545s]   By not providing "Findcatkin.cmake" in CMAKE_MODULE_PATH this project has
[1.546s]   asked CMake to find a package configuration file provided by "catkin", but
[1.546s]   CMake did not find one.
[1.546s] 
[1.546s]   Could not find a package configuration file provided by "catkin" with any
[1.546s]   of the following names:
[1.546s] 
[1.546s]     catkinConfig.cmake
[1.547s]     catkin-config.cmake
[1.547s] 
[1.547s]   Add the installation prefix of "catkin" to CMAKE_PREFIX_PATH or set
[1.547s]   "catkin_DIR" to a directory containing one of the above files.  If "catkin"
[1.547s]   provides a separate development package or SDK, be sure it has been
[1.547s]   installed.
[1.547s] 
[1.547s] 
[1.547s] -- Configuring incomplete, errors occurred!
[1.561s] Invoked command in '/Users/howardkang/auto_car/build/rplidar_ros' returned '1': CONDA_PROMPT_MODIFIER=(ros2) SHLVL=2 _=/Users/howardkang/miniconda3/envs/ros2/bin/env __CF_USER_TEXT_ENCODING=0x1F5:0x0:0x0 /Users/howardkang/miniconda3/envs/ros2/bin/cmake /Users/howardkang/auto_car/src/rplidar_ros -DCATKIN_INSTALL_INTO_PREFIX_ROOT=0 -DCATKIN_SYMLINK_INSTALL=ON -DCMAKE_INSTALL_PREFIX=/Users/howardkang/auto_car/install/rplidar_ros
