[0.147s] Invoking command in '/Users/howardkang/auto_car/build/yolobot_description': CONDA_PROMPT_MODIFIER=(ros2) SHLVL=2 _=/Users/howardkang/miniconda3/envs/ros2/bin/env __CF_USER_TEXT_ENCODING=0x1F5:0x0:0x0 /Users/howardkang/miniconda3/envs/ros2/bin/cmake /Users/howardkang/auto_car/src/yolobot/src/yolobot_description -DAMENT_CMAKE_SYMLINK_INSTALL=1 -DCMAKE_INSTALL_PREFIX=/Users/howardkang/auto_car/install/yolobot_description
[3.672s] -- The C compiler identification is Clang 16.0.1
[3.778s] -- The CXX compiler identification is Clang 16.0.1
[3.789s] -- Detecting C compiler ABI info
[3.961s] -- Detecting C compiler ABI info - done
[3.965s] -- Check for working C compiler: /Users/howardkang/miniconda3/envs/ros2/bin/arm64-apple-darwin20.0.0-clang - skipped
[3.965s] -- Detecting C compile features
[3.966s] -- Detecting C compile features - done
[3.973s] -- Detecting CXX compiler ABI info
[4.164s] -- Detecting CXX compiler ABI info - done
[4.167s] -- Check for working CXX compiler: /Users/howardkang/miniconda3/envs/ros2/bin/arm64-apple-darwin20.0.0-clang++ - skipped
[4.168s] -- Detecting CXX compile features
[4.168s] -- Detecting CXX compile features - done
[4.200s] -- Found ament_cmake: 1.3.3 (/Users/howardkang/miniconda3/envs/ros2/share/ament_cmake/cmake)
[4.715s] -- Found Python3: /opt/homebrew/Frameworks/Python.framework/Versions/3.12/bin/python3.12 (found version "3.12.1") found components: Interpreter 
[4.781s] -- Override CMake install command with custom implementation using symlinks instead of copying resources
[5.117s] -- Found urdf: 2.6.0 (/Users/howardkang/miniconda3/envs/ros2/share/urdf/cmake)
[5.288s] -- Found TinyXML2 via Config file: /Users/howardkang/miniconda3/envs/ros2/lib/cmake/tinyxml2
[5.392s] -- Found ament_lint_auto: 0.12.5 (/Users/howardkang/miniconda3/envs/ros2/share/ament_lint_auto/cmake)
[5.552s] -- Added test 'copyright' to check source files copyright and LICENSE
[5.553s] -- Added test 'flake8' to check Python code syntax and style conventions
[5.554s] -- Added test 'lint_cmake' to check CMake code style
[5.555s] -- Added test 'pep257' to check Python code against some of the docstring style conventions in PEP 257
[5.556s] -- Added test 'xmllint' to check XML markup files
[5.557s] -- Configuring done (5.4s)
[5.572s] -- Generating done (0.0s)
[5.574s] -- Build files have been written to: /Users/howardkang/auto_car/build/yolobot_description
