[0.091s] Invoking command in '/Users/howardkang/auto_car/build/rplidar_ros': CONDA_PROMPT_MODIFIER=(ros2) SHLVL=2 _=/Users/howardkang/miniconda3/envs/ros2/bin/env __CF_USER_TEXT_ENCODING=0x1F5:0x0:0x0 /Users/howardkang/miniconda3/envs/ros2/bin/cmake --build /Users/howardkang/auto_car/build/rplidar_ros -- -j8 -l8
[1.290s] [ 77%] Built target rplidar_composition_node
[1.342s] [100%] Built target rplidar_composition
[1.354s] Invoked command in '/Users/howardkang/auto_car/build/rplidar_ros' returned '0': CONDA_PROMPT_MODIFIER=(ros2) SHLVL=2 _=/Users/howardkang/miniconda3/envs/ros2/bin/env __CF_USER_TEXT_ENCODING=0x1F5:0x0:0x0 /Users/howardkang/miniconda3/envs/ros2/bin/cmake --build /Users/howardkang/auto_car/build/rplidar_ros -- -j8 -l8
[1.462s] Invoking command in '/Users/howardkang/auto_car/build/rplidar_ros': CONDA_PROMPT_MODIFIER=(ros2) SHLVL=2 _=/Users/howardkang/miniconda3/envs/ros2/bin/env __CF_USER_TEXT_ENCODING=0x1F5:0x0:0x0 /Users/howardkang/miniconda3/envs/ros2/bin/cmake --install /Users/howardkang/auto_car/build/rplidar_ros
[1.466s] -- Install configuration: ""
[1.469s] -- Execute custom install script
[1.470s] -- Up-to-date symlink: /Users/howardkang/auto_car/install/rplidar_ros/lib/rplidar_ros/rplidar_composition
[1.470s] -- Up-to-date symlink: /Users/howardkang/auto_car/install/rplidar_ros/share/rplidar_ros/launch/rplidar.launch.py
[1.470s] -- Up-to-date symlink: /Users/howardkang/auto_car/install/rplidar_ros/share/rplidar_ros/launch/rplidar_a3.launch.py
[1.471s] -- Up-to-date symlink: /Users/howardkang/auto_car/install/rplidar_ros/share/rplidar_ros/launch/rplidar_s1.launch.py
[1.471s] -- Up-to-date symlink: /Users/howardkang/auto_car/install/rplidar_ros/share/rplidar_ros/launch/rplidar_s1_tcp.launch.py
[1.471s] -- Up-to-date symlink: /Users/howardkang/auto_car/install/rplidar_ros/share/rplidar_ros/launch/test_rplidar_a3.launch.py
[1.471s] -- Up-to-date symlink: /Users/howardkang/auto_car/install/rplidar_ros/share/rplidar_ros/launch/view_rplidar.launch.py
[1.471s] -- Up-to-date symlink: /Users/howardkang/auto_car/install/rplidar_ros/share/rplidar_ros/launch/view_rplidar_a3.launch.py
[1.471s] -- Up-to-date symlink: /Users/howardkang/auto_car/install/rplidar_ros/share/rplidar_ros/launch/view_rplidar_s1.launch.py
[1.471s] -- Up-to-date symlink: /Users/howardkang/auto_car/install/rplidar_ros/share/rplidar_ros/launch/view_rplidar_s1_tcp.launch.py
[1.471s] -- Up-to-date symlink: /Users/howardkang/auto_car/install/rplidar_ros/share/rplidar_ros/rviz/rplidar.rviz
[1.472s] -- Up-to-date symlink: /Users/howardkang/auto_car/install/rplidar_ros/lib/librplidar_composition_node.dylib
[1.472s] -- Up-to-date symlink: /Users/howardkang/auto_car/install/rplidar_ros/include/rplidar_node.hpp
[1.472s] -- Up-to-date symlink: /Users/howardkang/auto_car/install/rplidar_ros/include/visibility.h
[1.472s] -- Up-to-date symlink: /Users/howardkang/auto_car/install/rplidar_ros/lib/rplidar_ros/rplidar_composition
[1.473s] -- Up-to-date symlink: /Users/howardkang/auto_car/install/rplidar_ros/share/ament_index/resource_index/package_run_dependencies/rplidar_ros
[1.473s] -- Up-to-date symlink: /Users/howardkang/auto_car/install/rplidar_ros/share/ament_index/resource_index/parent_prefix_path/rplidar_ros
[1.473s] -- Up-to-date symlink: /Users/howardkang/auto_car/install/rplidar_ros/share/rplidar_ros/environment/ament_prefix_path.sh
[1.473s] -- Up-to-date symlink: /Users/howardkang/auto_car/install/rplidar_ros/share/rplidar_ros/environment/ament_prefix_path.dsv
[1.473s] -- Up-to-date symlink: /Users/howardkang/auto_car/install/rplidar_ros/share/rplidar_ros/environment/path.sh
[1.474s] -- Up-to-date symlink: /Users/howardkang/auto_car/install/rplidar_ros/share/rplidar_ros/environment/path.dsv
[1.474s] -- Up-to-date symlink: /Users/howardkang/auto_car/install/rplidar_ros/share/rplidar_ros/local_setup.bash
[1.474s] -- Up-to-date symlink: /Users/howardkang/auto_car/install/rplidar_ros/share/rplidar_ros/local_setup.sh
[1.474s] -- Up-to-date symlink: /Users/howardkang/auto_car/install/rplidar_ros/share/rplidar_ros/local_setup.zsh
[1.474s] -- Up-to-date symlink: /Users/howardkang/auto_car/install/rplidar_ros/share/rplidar_ros/local_setup.dsv
[1.474s] -- Symlinking: /Users/howardkang/auto_car/install/rplidar_ros/share/rplidar_ros/package.dsv
[1.486s] -- Up-to-date symlink: /Users/howardkang/auto_car/install/rplidar_ros/share/ament_index/resource_index/packages/rplidar_ros
[1.487s] -- Up-to-date symlink: /Users/howardkang/auto_car/install/rplidar_ros/share/ament_index/resource_index/rclcpp_components/rplidar_ros
[1.487s] -- Up-to-date symlink: /Users/howardkang/auto_car/install/rplidar_ros/share/rplidar_ros/cmake/ament_cmake_export_dependencies-extras.cmake
[1.487s] -- Up-to-date symlink: /Users/howardkang/auto_car/install/rplidar_ros/share/rplidar_ros/cmake/ament_cmake_export_include_directories-extras.cmake
[1.487s] -- Up-to-date symlink: /Users/howardkang/auto_car/install/rplidar_ros/share/rplidar_ros/cmake/rplidar_rosConfig.cmake
[1.487s] -- Up-to-date symlink: /Users/howardkang/auto_car/install/rplidar_ros/share/rplidar_ros/cmake/rplidar_rosConfig-version.cmake
[1.487s] -- Up-to-date symlink: /Users/howardkang/auto_car/install/rplidar_ros/share/rplidar_ros/package.xml
[1.488s] Invoked command in '/Users/howardkang/auto_car/build/rplidar_ros' returned '0': CONDA_PROMPT_MODIFIER=(ros2) SHLVL=2 _=/Users/howardkang/miniconda3/envs/ros2/bin/env __CF_USER_TEXT_ENCODING=0x1F5:0x0:0x0 /Users/howardkang/miniconda3/envs/ros2/bin/cmake --install /Users/howardkang/auto_car/build/rplidar_ros
