In file included from /Users/howardkang/auto_car/build/yolov8_interface/rosidl_generator_c/yolov8_interface/msg/detail/yolov8_inference__functions.c:4:
In file included from /Users/howardkang/auto_car/build/yolov8_interface/rosidl_generator_c/yolov8_interface/msg/detail/yolov8_inference__functions.h:19:
/Users/howardkang/auto_car/build/yolov8_interface/rosidl_generator_c/yolov8_interface/msg/detail/yolov8_inference__struct.h:22:10: fatal error: 'std_msgs/msg/detail/header__struct.h' file not found
#include "std_msgs/msg/detail/header__struct.h"
         ^~~~~~~~~~~~~~~~~~~~~~~~~~~~~~~~~~~~~~
1 error generated.
make[2]: *** [CMakeFiles/yolov8_interface__rosidl_generator_c.dir/build.make:135: CMakeFiles/yolov8_interface__rosidl_generator_c.dir/rosidl_generator_c/yolov8_interface/msg/detail/yolov8_inference__functions.c.o] Error 1
make[2]: *** Waiting for unfinished jobs....
make[1]: *** [CMakeFiles/Makefile2:213: CMakeFiles/yolov8_interface__rosidl_generator_c.dir/all] Error 2
make[1]: *** Waiting for unfinished jobs....
In file included from /Users/howardkang/auto_car/build/yolov8_interface/rosidl_typesupport_cpp/yolov8_interface/msg/yolov8_inference__type_support.cpp:7:
/Users/howardkang/auto_car/build/yolov8_interface/rosidl_generator_cpp/yolov8_interface/msg/detail/yolov8_inference__struct.hpp:20:10: fatal error: 'std_msgs/msg/detail/header__struct.hpp' file not found
#include "std_msgs/msg/detail/header__struct.hpp"
         ^~~~~~~~~~~~~~~~~~~~~~~~~~~~~~~~~~~~~~~~
1 error generated.
make[2]: *** [CMakeFiles/yolov8_interface__rosidl_typesupport_cpp.dir/build.make:104: CMakeFiles/yolov8_interface__rosidl_typesupport_cpp.dir/rosidl_typesupport_cpp/yolov8_interface/msg/yolov8_inference__type_support.cpp.o] Error 1
make[2]: *** Waiting for unfinished jobs....
In file included from /Users/howardkang/auto_car/build/yolov8_interface/rosidl_typesupport_fastrtps_cpp/yolov8_interface/msg/detail/dds_fastrtps/yolov8_inference__type_support.cpp:4:
In file included from /Users/howardkang/auto_car/build/yolov8_interface/rosidl_typesupport_fastrtps_cpp/yolov8_interface/msg/detail/yolov8_inference__rosidl_typesupport_fastrtps_cpp.hpp:11:
/Users/howardkang/auto_car/build/yolov8_interface/rosidl_generator_cpp/yolov8_interface/msg/detail/yolov8_inference__struct.hpp:20:10: fatal error: 'std_msgs/msg/detail/header__struct.hpp' file not found
#include "std_msgs/msg/detail/header__struct.hpp"
         ^~~~~~~~~~~~~~~~~~~~~~~~~~~~~~~~~~~~~~~~
In file included from /Users/howardkang/auto_car/build/yolov8_interface/rosidl_typesupport_introspection_cpp/yolov8_interface/msg/detail/yolov8_inference__type_support.cpp:12:
/Users/howardkang/auto_car/build/yolov8_interface/rosidl_generator_cpp/yolov8_interface/msg/detail/yolov8_inference__struct.hpp:20:10: fatal error: 'std_msgs/msg/detail/header__struct.hpp' file not found
#include "std_msgs/msg/detail/header__struct.hpp"
         ^~~~~~~~~~~~~~~~~~~~~~~~~~~~~~~~~~~~~~~~
1 error generated.
make[2]: *** [CMakeFiles/yolov8_interface__rosidl_typesupport_introspection_cpp.dir/build.make:112: CMakeFiles/yolov8_interface__rosidl_typesupport_introspection_cpp.dir/rosidl_typesupport_introspection_cpp/yolov8_interface/msg/detail/yolov8_inference__type_support.cpp.o] Error 1
make[2]: *** Waiting for unfinished jobs....
make[1]: *** [CMakeFiles/Makefile2:395: CMakeFiles/yolov8_interface__rosidl_typesupport_cpp.dir/all] Error 2
make[1]: *** [CMakeFiles/Makefile2:369: CMakeFiles/yolov8_interface__rosidl_typesupport_introspection_cpp.dir/all] Error 2
1 error generated.
make[2]: *** [CMakeFiles/yolov8_interface__rosidl_typesupport_fastrtps_cpp.dir/build.make:112: CMakeFiles/yolov8_interface__rosidl_typesupport_fastrtps_cpp.dir/rosidl_typesupport_fastrtps_cpp/yolov8_interface/msg/detail/dds_fastrtps/yolov8_inference__type_support.cpp.o] Error 1
make[2]: *** Waiting for unfinished jobs....
make[1]: *** [CMakeFiles/Makefile2:343: CMakeFiles/yolov8_interface__rosidl_typesupport_fastrtps_cpp.dir/all] Error 2
make: *** [Makefile:146: all] Error 2
