[0.115s] Invoking command in '/Users/howardkang/auto_car/build/my_package': CONDA_PROMPT_MODIFIER=(ros2) SHLVL=2 _=/Users/howardkang/miniconda3/envs/ros2/bin/env __CF_USER_TEXT_ENCODING=0x1F5:0x0:0x0 /Users/howardkang/miniconda3/envs/ros2/bin/cmake --build /Users/howardkang/auto_car/build/my_package -- -j8 -l8
[0.238s] [  2%] Built target my_package__cpp
[0.247s] [ 12%] Built target my_package__rosidl_generator_c
[0.252s] [ 12%] Built target ament_cmake_python_symlink_my_package
[0.341s] [ 23%] Built target my_package__rosidl_typesupport_c
[0.342s] [ 33%] Built target my_package__rosidl_typesupport_cpp
[0.343s] [ 43%] Built target my_package__rosidl_typesupport_introspection_c
[0.345s] [ 53%] Built target my_package__rosidl_typesupport_introspection_cpp
[0.347s] [ 64%] Built target my_package__rosidl_typesupport_fastrtps_cpp
[0.354s] [ 74%] Built target my_package__rosidl_typesupport_fastrtps_c
[0.384s] [ 74%] Built target my_package
[0.415s] [ 76%] Built target my_package__py
[0.449s] [ 84%] Built target my_package__rosidl_generator_py
[0.534s] [ 94%] Built target my_package__rosidl_typesupport_c__pyext
[0.534s] [ 94%] Built target my_package__rosidl_typesupport_fastrtps_c__pyext
[0.539s] [100%] Built target my_package__rosidl_typesupport_introspection_c__pyext
[0.728s] running egg_info
[0.763s] writing my_package.egg-info/PKG-INFO
[0.789s] writing dependency_links to my_package.egg-info/dependency_links.txt
[0.947s] writing top-level names to my_package.egg-info/top_level.txt
[1.010s] reading manifest file 'my_package.egg-info/SOURCES.txt'
[1.011s] writing manifest file 'my_package.egg-info/SOURCES.txt'
[1.052s] [100%] Built target ament_cmake_python_build_my_package_egg
