[0.059s] Invoking command in '/Users/howardkang/auto_car/build/my_package': CONDA_PROMPT_MODIFIER=(ros2) SHLVL=2 _=/Users/howardkang/miniconda3/envs/ros2/bin/env __CF_USER_TEXT_ENCODING=0x1F5:0x0:0x0 /Users/howardkang/miniconda3/envs/ros2/bin/cmake --build /Users/howardkang/auto_car/build/my_package -- -j8 -l8
[0.508s] -- Found Python3: /Users/howardkang/miniconda3/envs/ros2/bin/python3.10 (found version "3.10.13") found components: Interpreter 
[0.523s] -- Found ament_cmake: 1.3.3 (/Users/howardkang/miniconda3/envs/ros2/share/ament_cmake/cmake)
[0.572s] -- Override CMake install command with custom implementation using symlinks instead of copying resources
[0.589s] -- Found std_msgs: 4.2.3 (/Users/howardkang/miniconda3/envs/ros2/share/std_msgs/cmake)
[0.617s] -- Found rosidl_generator_c: 3.1.4 (/Users/howardkang/miniconda3/envs/ros2/share/rosidl_generator_c/cmake)
[0.620s] -- Found rosidl_adapter: 3.1.4 (/Users/howardkang/miniconda3/envs/ros2/share/rosidl_adapter/cmake)
[0.628s] -- Found rosidl_generator_cpp: 3.1.4 (/Users/howardkang/miniconda3/envs/ros2/share/rosidl_generator_cpp/cmake)
[0.639s] -- Using all available rosidl_typesupport_c: rosidl_typesupport_fastrtps_c;rosidl_typesupport_introspection_c
[0.656s] -- Using all available rosidl_typesupport_cpp: rosidl_typesupport_fastrtps_cpp;rosidl_typesupport_introspection_cpp
[0.703s] -- Found rosidl_default_generators: 1.2.0 (/Users/howardkang/miniconda3/envs/ros2/share/rosidl_default_generators/cmake)
[0.886s] -- Found ament_cmake_ros: 0.10.0 (/Users/howardkang/miniconda3/envs/ros2/share/ament_cmake_ros/cmake)
[1.034s] -- Using all available rosidl_typesupport_c: rosidl_typesupport_fastrtps_c;rosidl_typesupport_introspection_c
[1.086s] -- Using all available rosidl_typesupport_cpp: rosidl_typesupport_fastrtps_cpp;rosidl_typesupport_introspection_cpp
[1.100s] -- Found python_cmake_module: 0.10.0 (/Users/howardkang/miniconda3/envs/ros2/share/python_cmake_module/cmake)
[1.112s] -- Using PythonExtra_INCLUDE_DIRS: /Users/howardkang/miniconda3/envs/ros2/include/python3.10;/Users/howardkang/miniconda3/envs/ros2/include/python3.10
[1.112s] -- Using PythonExtra_LIBRARIES: /Users/howardkang/miniconda3/envs/ros2/lib/libpython3.10.dylib
[2.031s] -- Found Python3: /Users/howardkang/miniconda3/envs/ros2/bin/python3.10 (found version "3.10.13") found components: Development NumPy Interpreter Development.Module Development.Embed 
[2.071s] -- Found ament_lint_auto: 0.12.5 (/Users/howardkang/miniconda3/envs/ros2/share/ament_lint_auto/cmake)
[2.102s] -- Added test 'flake8' to check Python code syntax and style conventions
[2.104s] -- Added test 'lint_cmake' to check CMake code style
[2.105s] -- Added test 'pep257' to check Python code against some of the docstring style conventions in PEP 257
[2.114s] -- Added test 'xmllint' to check XML markup files
[2.120s] -- Configuring done (2.0s)
[2.202s] -- Generating done (0.1s)
[2.209s] -- Build files have been written to: /Users/howardkang/auto_car/build/my_package
[2.238s] [  2%] Generating C code for ROS interfaces
[2.252s] [  5%] Generating C++ code for ROS interfaces
[2.262s] [  5%] Built target ament_cmake_python_symlink_my_package
[2.570s] [  5%] Built target my_package__cpp
[2.600s] [  7%] Generating C++ type support dispatch for ROS interfaces
[2.604s] [ 10%] Generating C++ type support for eProsima Fast-RTPS
[2.607s] [ 12%] Generating C++ introspection for ROS interfaces
[2.633s] [ 15%] Building C object CMakeFiles/my_package__rosidl_generator_c.dir/rosidl_generator_c/my_package/msg/detail/inference_result__functions.c.o
[2.634s] [ 17%] Building C object CMakeFiles/my_package__rosidl_generator_c.dir/rosidl_generator_c/my_package/msg/detail/yolov8_inference__functions.c.o
[2.986s] [ 20%] Building CXX object CMakeFiles/my_package__rosidl_typesupport_cpp.dir/rosidl_typesupport_cpp/my_package/msg/inference_result__type_support.cpp.o
[2.990s] [ 23%] Building CXX object CMakeFiles/my_package__rosidl_typesupport_cpp.dir/rosidl_typesupport_cpp/my_package/msg/yolov8_inference__type_support.cpp.o
[2.998s] [ 25%] Building CXX object CMakeFiles/my_package__rosidl_typesupport_introspection_cpp.dir/rosidl_typesupport_introspection_cpp/my_package/msg/detail/inference_result__type_support.cpp.o
[2.998s] [ 28%] Building CXX object CMakeFiles/my_package__rosidl_typesupport_introspection_cpp.dir/rosidl_typesupport_introspection_cpp/my_package/msg/detail/yolov8_inference__type_support.cpp.o
[3.009s] [ 30%] Building CXX object CMakeFiles/my_package__rosidl_typesupport_fastrtps_cpp.dir/rosidl_typesupport_fastrtps_cpp/my_package/msg/detail/dds_fastrtps/inference_result__type_support.cpp.o
[3.017s] running egg_info
[3.017s] creating my_package.egg-info
[3.055s] writing my_package.egg-info/PKG-INFO
[3.085s] writing dependency_links to my_package.egg-info/dependency_links.txt
[3.531s] writing top-level names to my_package.egg-info/top_level.txt
[3.531s] writing manifest file 'my_package.egg-info/SOURCES.txt'
[3.608s] reading manifest file 'my_package.egg-info/SOURCES.txt'
[3.609s] writing manifest file 'my_package.egg-info/SOURCES.txt'
[3.657s] [ 30%] Built target ament_cmake_python_build_my_package_egg
[3.673s] [ 33%] Building CXX object CMakeFiles/my_package__rosidl_typesupport_fastrtps_cpp.dir/rosidl_typesupport_fastrtps_cpp/my_package/msg/detail/dds_fastrtps/yolov8_inference__type_support.cpp.o
[4.243s] [ 35%] Linking C shared library libmy_package__rosidl_generator_c.dylib
[4.315s] ld: warning: -pie being ignored. It is only used when linking a main executable
[4.408s] [ 35%] Built target my_package__rosidl_generator_c
[4.431s] [ 38%] Generating C type support for eProsima Fast-RTPS
[4.432s] [ 41%] Generating C introspection for ROS interfaces
[4.502s] [ 43%] Generating C type support dispatch for ROS interfaces
[4.513s] [ 46%] Linking CXX shared library libmy_package__rosidl_typesupport_cpp.dylib
[4.560s] ld: warning: -pie being ignored. It is only used when linking a main executable
[4.624s] [ 46%] Built target my_package__rosidl_typesupport_cpp
[4.633s] [ 48%] Linking CXX shared library libmy_package__rosidl_typesupport_introspection_cpp.dylib
[4.669s] ld: warning: -pie being ignored. It is only used when linking a main executable
[4.719s] [ 48%] Built target my_package__rosidl_typesupport_introspection_cpp
[4.738s] [ 51%] Linking CXX shared library libmy_package__rosidl_typesupport_fastrtps_cpp.dylib
[4.754s] [ 53%] Building C object CMakeFiles/my_package__rosidl_typesupport_introspection_c.dir/rosidl_typesupport_introspection_c/my_package/msg/detail/inference_result__type_support.c.o
[4.756s] [ 56%] Building C object CMakeFiles/my_package__rosidl_typesupport_introspection_c.dir/rosidl_typesupport_introspection_c/my_package/msg/detail/yolov8_inference__type_support.c.o
[4.756s] [ 58%] Building CXX object CMakeFiles/my_package__rosidl_typesupport_c.dir/rosidl_typesupport_c/my_package/msg/inference_result__type_support.cpp.o
[4.757s] [ 61%] Building CXX object CMakeFiles/my_package__rosidl_typesupport_c.dir/rosidl_typesupport_c/my_package/msg/yolov8_inference__type_support.cpp.o
[4.781s] [ 64%] Building CXX object CMakeFiles/my_package__rosidl_typesupport_fastrtps_c.dir/rosidl_typesupport_fastrtps_c/my_package/msg/detail/yolov8_inference__type_support_c.cpp.o
[4.782s] ld: warning: -pie being ignored. It is only used when linking a main executable
[4.786s] [ 66%] Building CXX object CMakeFiles/my_package__rosidl_typesupport_fastrtps_c.dir/rosidl_typesupport_fastrtps_c/my_package/msg/detail/inference_result__type_support_c.cpp.o
[4.826s] [ 69%] Linking C shared library libmy_package__rosidl_typesupport_introspection_c.dylib
[4.827s] [ 69%] Built target my_package__rosidl_typesupport_fastrtps_cpp
[4.831s] [ 71%] Linking CXX shared library libmy_package__rosidl_typesupport_c.dylib
[4.863s] ld: warning: -pie being ignored. It is only used when linking a main executable
[4.867s] ld: warning: -pie being ignored. It is only used when linking a main executable
[4.903s] [ 71%] Built target my_package__rosidl_typesupport_introspection_c
[4.907s] [ 71%] Built target my_package__rosidl_typesupport_c
[5.233s] [ 74%] Linking CXX shared library libmy_package__rosidl_typesupport_fastrtps_c.dylib
[5.265s] ld: warning: -pie being ignored. It is only used when linking a main executable
[5.297s] [ 74%] Built target my_package__rosidl_typesupport_fastrtps_c
[5.323s] [ 74%] Built target my_package
[5.350s] [ 76%] Generating Python code for ROS interfaces
[5.632s] [ 76%] Built target my_package__py
[5.670s] [ 79%] Building C object CMakeFiles/my_package__rosidl_generator_py.dir/rosidl_generator_py/my_package/msg/_yolov8_inference_s.c.o
[5.672s] [ 82%] Building C object CMakeFiles/my_package__rosidl_generator_py.dir/rosidl_generator_py/my_package/msg/_inference_result_s.c.o
[5.785s] [ 84%] Linking C shared library rosidl_generator_py/my_package/libmy_package__rosidl_generator_py.dylib
[5.818s] ld: warning: -pie being ignored. It is only used when linking a main executable
[5.849s] [ 84%] Built target my_package__rosidl_generator_py
[5.886s] [ 92%] Building C object CMakeFiles/my_package__rosidl_typesupport_c__pyext.dir/rosidl_generator_py/my_package/_my_package_s.ep.rosidl_typesupport_c.c.o
[5.886s] [ 92%] Building C object CMakeFiles/my_package__rosidl_typesupport_fastrtps_c__pyext.dir/rosidl_generator_py/my_package/_my_package_s.ep.rosidl_typesupport_fastrtps_c.c.o
[5.886s] [ 92%] Building C object CMakeFiles/my_package__rosidl_typesupport_introspection_c__pyext.dir/rosidl_generator_py/my_package/_my_package_s.ep.rosidl_typesupport_introspection_c.c.o
[5.970s] [ 97%] Linking C shared library rosidl_generator_py/my_package/my_package_s__rosidl_typesupport_introspection_c.cpython-310-darwin.so
[5.971s] [ 97%] Linking C shared library rosidl_generator_py/my_package/my_package_s__rosidl_typesupport_fastrtps_c.cpython-310-darwin.so
[5.971s] [100%] Linking C shared library rosidl_generator_py/my_package/my_package_s__rosidl_typesupport_c.cpython-310-darwin.so
[6.008s] ld: warning: -pie being ignored. It is only used when linking a main executable
[6.011s] ld: warning: -pie being ignored. It is only used when linking a main executable
[6.014s] ld: warning: -pie being ignored. It is only used when linking a main executable
[6.042s] [100%] Built target my_package__rosidl_typesupport_c__pyext
[6.042s] [100%] Built target my_package__rosidl_typesupport_fastrtps_c__pyext
[6.050s] [100%] Built target my_package__rosidl_typesupport_introspection_c__pyext
[6.063s] Invoked command in '/Users/howardkang/auto_car/build/my_package' returned '0': CONDA_PROMPT_MODIFIER=(ros2) SHLVL=2 _=/Users/howardkang/miniconda3/envs/ros2/bin/env __CF_USER_TEXT_ENCODING=0x1F5:0x0:0x0 /Users/howardkang/miniconda3/envs/ros2/bin/cmake --build /Users/howardkang/auto_car/build/my_package -- -j8 -l8
[6.295s] Invoking command in '/Users/howardkang/auto_car/build/my_package': CONDA_PROMPT_MODIFIER=(ros2) SHLVL=2 _=/Users/howardkang/miniconda3/envs/ros2/bin/env __CF_USER_TEXT_ENCODING=0x1F5:0x0:0x0 /Users/howardkang/miniconda3/envs/ros2/bin/cmake --install /Users/howardkang/auto_car/build/my_package
[6.312s] -- Install configuration: ""
[6.312s] -- Execute custom install script
[6.312s] -- Symlinking: /Users/howardkang/auto_car/install/my_package/share/ament_index/resource_index/rosidl_interfaces/my_package
[6.329s] -- Symlinking: /Users/howardkang/auto_car/install/my_package/include/my_package/my_package/msg/detail/inference_result__functions.h
[6.340s] -- Symlinking: /Users/howardkang/auto_car/install/my_package/include/my_package/my_package/msg/detail/inference_result__struct.h
[6.349s] -- Symlinking: /Users/howardkang/auto_car/install/my_package/include/my_package/my_package/msg/detail/inference_result__type_support.h
[6.360s] -- Symlinking: /Users/howardkang/auto_car/install/my_package/include/my_package/my_package/msg/detail/yolov8_inference__functions.h
[6.369s] -- Symlinking: /Users/howardkang/auto_car/install/my_package/include/my_package/my_package/msg/detail/yolov8_inference__struct.h
[6.379s] -- Symlinking: /Users/howardkang/auto_car/install/my_package/include/my_package/my_package/msg/detail/yolov8_inference__type_support.h
[6.389s] -- Symlinking: /Users/howardkang/auto_car/install/my_package/include/my_package/my_package/msg/inference_result.h
[6.399s] -- Symlinking: /Users/howardkang/auto_car/install/my_package/include/my_package/my_package/msg/rosidl_generator_c__visibility_control.h
[6.409s] -- Symlinking: /Users/howardkang/auto_car/install/my_package/include/my_package/my_package/msg/yolov8_inference.h
[6.419s] -- Symlinking: /Users/howardkang/auto_car/install/my_package/include/my_package/my_package/msg/detail/inference_result__rosidl_typesupport_fastrtps_c.h
[6.428s] -- Symlinking: /Users/howardkang/auto_car/install/my_package/include/my_package/my_package/msg/detail/yolov8_inference__rosidl_typesupport_fastrtps_c.h
[6.438s] -- Symlinking: /Users/howardkang/auto_car/install/my_package/include/my_package/my_package/msg/rosidl_typesupport_fastrtps_c__visibility_control.h
[6.448s] -- Symlinking: /Users/howardkang/auto_car/install/my_package/include/my_package/my_package/msg/detail/inference_result__builder.hpp
[6.457s] -- Symlinking: /Users/howardkang/auto_car/install/my_package/include/my_package/my_package/msg/detail/inference_result__struct.hpp
[6.467s] -- Symlinking: /Users/howardkang/auto_car/install/my_package/include/my_package/my_package/msg/detail/inference_result__traits.hpp
[6.477s] -- Symlinking: /Users/howardkang/auto_car/install/my_package/include/my_package/my_package/msg/detail/yolov8_inference__builder.hpp
[6.486s] -- Symlinking: /Users/howardkang/auto_car/install/my_package/include/my_package/my_package/msg/detail/yolov8_inference__struct.hpp
[6.495s] -- Symlinking: /Users/howardkang/auto_car/install/my_package/include/my_package/my_package/msg/detail/yolov8_inference__traits.hpp
[6.505s] -- Symlinking: /Users/howardkang/auto_car/install/my_package/include/my_package/my_package/msg/inference_result.hpp
[6.514s] -- Symlinking: /Users/howardkang/auto_car/install/my_package/include/my_package/my_package/msg/yolov8_inference.hpp
[6.524s] -- Symlinking: /Users/howardkang/auto_car/install/my_package/include/my_package/my_package/msg/detail/inference_result__rosidl_typesupport_fastrtps_cpp.hpp
[6.534s] -- Symlinking: /Users/howardkang/auto_car/install/my_package/include/my_package/my_package/msg/detail/yolov8_inference__rosidl_typesupport_fastrtps_cpp.hpp
[6.543s] -- Symlinking: /Users/howardkang/auto_car/install/my_package/include/my_package/my_package/msg/rosidl_typesupport_fastrtps_cpp__visibility_control.h
[6.553s] -- Symlinking: /Users/howardkang/auto_car/install/my_package/include/my_package/my_package/msg/detail/inference_result__rosidl_typesupport_introspection_c.h
[6.563s] -- Symlinking: /Users/howardkang/auto_car/install/my_package/include/my_package/my_package/msg/detail/yolov8_inference__rosidl_typesupport_introspection_c.h
[6.572s] -- Symlinking: /Users/howardkang/auto_car/install/my_package/include/my_package/my_package/msg/rosidl_typesupport_introspection_c__visibility_control.h
[6.582s] -- Symlinking: /Users/howardkang/auto_car/install/my_package/include/my_package/my_package/msg/detail/inference_result__rosidl_typesupport_introspection_cpp.hpp
[6.592s] -- Symlinking: /Users/howardkang/auto_car/install/my_package/include/my_package/my_package/msg/detail/yolov8_inference__rosidl_typesupport_introspection_cpp.hpp
[6.602s] -- Symlinking: /Users/howardkang/auto_car/install/my_package/share/my_package/environment/pythonpath.sh
[6.611s] -- Symlinking: /Users/howardkang/auto_car/install/my_package/share/my_package/environment/pythonpath.dsv
[6.621s] -- Symlinking: /Users/howardkang/auto_car/install/my_package/lib/python3.10/site-packages/my_package-0.0.0-py3.10.egg-info/PKG-INFO
[6.631s] -- Symlinking: /Users/howardkang/auto_car/install/my_package/lib/python3.10/site-packages/my_package-0.0.0-py3.10.egg-info/SOURCES.txt
[6.641s] -- Symlinking: /Users/howardkang/auto_car/install/my_package/lib/python3.10/site-packages/my_package-0.0.0-py3.10.egg-info/dependency_links.txt
[6.651s] -- Symlinking: /Users/howardkang/auto_car/install/my_package/lib/python3.10/site-packages/my_package-0.0.0-py3.10.egg-info/top_level.txt
[6.661s] -- Symlinking: /Users/howardkang/auto_car/install/my_package/lib/python3.10/site-packages/my_package/__init__.py
[6.671s] -- Symlinking: /Users/howardkang/auto_car/install/my_package/lib/python3.10/site-packages/my_package/_my_package_s.ep.rosidl_typesupport_c.c
[6.680s] -- Symlinking: /Users/howardkang/auto_car/install/my_package/lib/python3.10/site-packages/my_package/_my_package_s.ep.rosidl_typesupport_fastrtps_c.c
[6.690s] -- Symlinking: /Users/howardkang/auto_car/install/my_package/lib/python3.10/site-packages/my_package/_my_package_s.ep.rosidl_typesupport_introspection_c.c
[6.700s] -- Symlinking: /Users/howardkang/auto_car/install/my_package/lib/python3.10/site-packages/my_package/libmy_package__rosidl_generator_py.dylib
[6.710s] -- Symlinking: /Users/howardkang/auto_car/install/my_package/lib/python3.10/site-packages/my_package/msg/__init__.py
[6.720s] -- Symlinking: /Users/howardkang/auto_car/install/my_package/lib/python3.10/site-packages/my_package/msg/_inference_result.py
[6.730s] -- Symlinking: /Users/howardkang/auto_car/install/my_package/lib/python3.10/site-packages/my_package/msg/_inference_result_s.c
[6.740s] -- Symlinking: /Users/howardkang/auto_car/install/my_package/lib/python3.10/site-packages/my_package/msg/_yolov8_inference.py
[6.750s] -- Symlinking: /Users/howardkang/auto_car/install/my_package/lib/python3.10/site-packages/my_package/msg/_yolov8_inference_s.c
[6.760s] -- Symlinking: /Users/howardkang/auto_car/install/my_package/lib/python3.10/site-packages/my_package/my_package_s__rosidl_typesupport_c.cpython-310-darwin.so
[6.769s] -- Symlinking: /Users/howardkang/auto_car/install/my_package/lib/python3.10/site-packages/my_package/my_package_s__rosidl_typesupport_fastrtps_c.cpython-310-darwin.so
[6.779s] -- Symlinking: /Users/howardkang/auto_car/install/my_package/lib/python3.10/site-packages/my_package/my_package_s__rosidl_typesupport_introspection_c.cpython-310-darwin.so
[6.789s] -- Up-to-date symlink: /Users/howardkang/auto_car/install/my_package/lib/python3.10/site-packages/my_package/my_package_s__rosidl_typesupport_fastrtps_c.cpython-310-darwin.so
[6.789s] -- Up-to-date symlink: /Users/howardkang/auto_car/install/my_package/lib/python3.10/site-packages/my_package/my_package_s__rosidl_typesupport_introspection_c.cpython-310-darwin.so
[6.789s] -- Up-to-date symlink: /Users/howardkang/auto_car/install/my_package/lib/python3.10/site-packages/my_package/my_package_s__rosidl_typesupport_c.cpython-310-darwin.so
[6.789s] -- Symlinking: /Users/howardkang/auto_car/install/my_package/share/my_package/msg/InferenceResult.idl
[6.799s] -- Symlinking: /Users/howardkang/auto_car/install/my_package/share/my_package/msg/Yolov8Inference.idl
[6.809s] -- Symlinking: /Users/howardkang/auto_car/install/my_package/share/my_package/msg/InferenceResult.msg
[6.819s] -- Symlinking: /Users/howardkang/auto_car/install/my_package/share/my_package/msg/Yolov8Inference.msg
[6.829s] -- Up-to-date symlink: /Users/howardkang/auto_car/install/my_package/share/my_package/description/camera.xacro
[6.829s] -- Up-to-date symlink: /Users/howardkang/auto_car/install/my_package/share/my_package/description/gazebo_control.xacro
[6.829s] -- Up-to-date symlink: /Users/howardkang/auto_car/install/my_package/share/my_package/description/inertial_macros.xacro
[6.829s] -- Up-to-date symlink: /Users/howardkang/auto_car/install/my_package/share/my_package/description/robot.urdf.xacro
[6.829s] -- Up-to-date symlink: /Users/howardkang/auto_car/install/my_package/share/my_package/description/robot_core.xacro
[6.829s] -- Up-to-date symlink: /Users/howardkang/auto_car/install/my_package/share/my_package/description/robot_github.urdf.xacro
[6.829s] -- Up-to-date symlink: /Users/howardkang/auto_car/install/my_package/share/my_package/launch/listener.launch.py
[6.829s] -- Up-to-date symlink: /Users/howardkang/auto_car/install/my_package/share/my_package/launch/rsp.launch.py
[6.829s] -- Up-to-date symlink: /Users/howardkang/auto_car/install/my_package/share/my_package/launch/rsp.launch.sim.py
[6.830s] -- Up-to-date symlink: /Users/howardkang/auto_car/install/my_package/share/my_package/launch/talker.launch.py
[6.830s] -- Up-to-date symlink: /Users/howardkang/auto_car/install/my_package/share/my_package/worlds/world_test.world
[6.830s] -- Up-to-date symlink: /Users/howardkang/auto_car/install/my_package/share/my_package/worlds/world_test2.world
[6.830s] -- Up-to-date symlink: /Users/howardkang/auto_car/install/my_package/share/ament_index/resource_index/package_run_dependencies/my_package
[6.830s] -- Up-to-date symlink: /Users/howardkang/auto_car/install/my_package/share/ament_index/resource_index/parent_prefix_path/my_package
[6.830s] -- Up-to-date symlink: /Users/howardkang/auto_car/install/my_package/share/my_package/environment/ament_prefix_path.sh
[6.831s] -- Up-to-date symlink: /Users/howardkang/auto_car/install/my_package/share/my_package/environment/ament_prefix_path.dsv
[6.831s] -- Up-to-date symlink: /Users/howardkang/auto_car/install/my_package/share/my_package/environment/path.sh
[6.831s] -- Up-to-date symlink: /Users/howardkang/auto_car/install/my_package/share/my_package/environment/path.dsv
[6.831s] -- Up-to-date symlink: /Users/howardkang/auto_car/install/my_package/share/my_package/local_setup.bash
[6.831s] -- Up-to-date symlink: /Users/howardkang/auto_car/install/my_package/share/my_package/local_setup.sh
[6.831s] -- Up-to-date symlink: /Users/howardkang/auto_car/install/my_package/share/my_package/local_setup.zsh
[6.831s] -- Up-to-date symlink: /Users/howardkang/auto_car/install/my_package/share/my_package/local_setup.dsv
[6.831s] -- Symlinking: /Users/howardkang/auto_car/install/my_package/share/my_package/package.dsv
[6.842s] -- Up-to-date symlink: /Users/howardkang/auto_car/install/my_package/share/ament_index/resource_index/packages/my_package
[6.842s] -- Symlinking: /Users/howardkang/auto_car/install/my_package/share/my_package/cmake/rosidl_cmake-extras.cmake
[6.851s] -- Symlinking: /Users/howardkang/auto_car/install/my_package/share/my_package/cmake/ament_cmake_export_dependencies-extras.cmake
[6.861s] -- Symlinking: /Users/howardkang/auto_car/install/my_package/share/my_package/cmake/ament_cmake_export_include_directories-extras.cmake
[6.871s] -- Symlinking: /Users/howardkang/auto_car/install/my_package/share/my_package/cmake/ament_cmake_export_libraries-extras.cmake
[6.881s] -- Symlinking: /Users/howardkang/auto_car/install/my_package/share/my_package/cmake/ament_cmake_export_targets-extras.cmake
[6.890s] -- Symlinking: /Users/howardkang/auto_car/install/my_package/share/my_package/cmake/rosidl_cmake_export_typesupport_targets-extras.cmake
[6.900s] -- Symlinking: /Users/howardkang/auto_car/install/my_package/share/my_package/cmake/rosidl_cmake_export_typesupport_libraries-extras.cmake
[6.910s] -- Up-to-date symlink: /Users/howardkang/auto_car/install/my_package/share/my_package/cmake/my_packageConfig.cmake
[6.910s] -- Up-to-date symlink: /Users/howardkang/auto_car/install/my_package/share/my_package/cmake/my_packageConfig-version.cmake
[6.910s] -- Up-to-date symlink: /Users/howardkang/auto_car/install/my_package/share/my_package/package.xml
[6.911s] -- Installing: /Users/howardkang/auto_car/install/my_package/lib/libmy_package__rosidl_generator_c.dylib
[6.911s] -- Installing: /Users/howardkang/auto_car/install/my_package/lib/libmy_package__rosidl_typesupport_fastrtps_c.dylib
[7.130s] [cctools-port]: generating fake signature for '/Users/howardkang/auto_car/install/my_package/lib/libmy_package__rosidl_typesupport_fastrtps_c.dylib'
[7.604s] -- Installing: /Users/howardkang/auto_car/install/my_package/lib/libmy_package__rosidl_typesupport_fastrtps_cpp.dylib
[7.604s] -- Installing: /Users/howardkang/auto_car/install/my_package/lib/libmy_package__rosidl_typesupport_introspection_c.dylib
[7.606s] [cctools-port]: generating fake signature for '/Users/howardkang/auto_car/install/my_package/lib/libmy_package__rosidl_typesupport_introspection_c.dylib'
[7.617s] -- Installing: /Users/howardkang/auto_car/install/my_package/lib/libmy_package__rosidl_typesupport_c.dylib
[7.621s] [cctools-port]: generating fake signature for '/Users/howardkang/auto_car/install/my_package/lib/libmy_package__rosidl_typesupport_c.dylib'
[7.631s] -- Installing: /Users/howardkang/auto_car/install/my_package/lib/libmy_package__rosidl_typesupport_introspection_cpp.dylib
[7.632s] -- Installing: /Users/howardkang/auto_car/install/my_package/lib/libmy_package__rosidl_typesupport_cpp.dylib
[7.657s] Listing 'lib/python3.10/site-packages/my_package'...
[7.657s] Can't list 'lib/python3.10/site-packages/my_package'
[7.660s] -- Installing: /Users/howardkang/auto_car/install/my_package/lib/libmy_package__rosidl_generator_py.dylib
[7.663s] [cctools-port]: generating fake signature for '/Users/howardkang/auto_car/install/my_package/lib/libmy_package__rosidl_generator_py.dylib'
[7.675s] -- Installing: /Users/howardkang/auto_car/install/my_package/share/my_package/cmake/export_my_package__rosidl_generator_cExport.cmake
[7.675s] -- Installing: /Users/howardkang/auto_car/install/my_package/share/my_package/cmake/export_my_package__rosidl_generator_cExport-noconfig.cmake
[7.676s] -- Installing: /Users/howardkang/auto_car/install/my_package/share/my_package/cmake/export_my_package__rosidl_typesupport_fastrtps_cExport.cmake
[7.676s] -- Installing: /Users/howardkang/auto_car/install/my_package/share/my_package/cmake/export_my_package__rosidl_typesupport_fastrtps_cExport-noconfig.cmake
[7.677s] -- Installing: /Users/howardkang/auto_car/install/my_package/share/my_package/cmake/export_my_package__rosidl_generator_cppExport.cmake
[7.677s] -- Installing: /Users/howardkang/auto_car/install/my_package/share/my_package/cmake/export_my_package__rosidl_typesupport_fastrtps_cppExport.cmake
[7.677s] -- Installing: /Users/howardkang/auto_car/install/my_package/share/my_package/cmake/export_my_package__rosidl_typesupport_fastrtps_cppExport-noconfig.cmake
[7.677s] -- Installing: /Users/howardkang/auto_car/install/my_package/share/my_package/cmake/my_package__rosidl_typesupport_introspection_cExport.cmake
[7.677s] -- Installing: /Users/howardkang/auto_car/install/my_package/share/my_package/cmake/my_package__rosidl_typesupport_introspection_cExport-noconfig.cmake
[7.677s] -- Installing: /Users/howardkang/auto_car/install/my_package/share/my_package/cmake/my_package__rosidl_typesupport_cExport.cmake
[7.677s] -- Installing: /Users/howardkang/auto_car/install/my_package/share/my_package/cmake/my_package__rosidl_typesupport_cExport-noconfig.cmake
[7.677s] -- Installing: /Users/howardkang/auto_car/install/my_package/share/my_package/cmake/my_package__rosidl_typesupport_introspection_cppExport.cmake
[7.678s] -- Installing: /Users/howardkang/auto_car/install/my_package/share/my_package/cmake/my_package__rosidl_typesupport_introspection_cppExport-noconfig.cmake
[7.678s] -- Installing: /Users/howardkang/auto_car/install/my_package/share/my_package/cmake/my_package__rosidl_typesupport_cppExport.cmake
[7.678s] -- Installing: /Users/howardkang/auto_car/install/my_package/share/my_package/cmake/my_package__rosidl_typesupport_cppExport-noconfig.cmake
[7.679s] -- Installing: /Users/howardkang/auto_car/install/my_package/share/my_package/cmake/export_my_package__rosidl_generator_pyExport.cmake
[7.679s] -- Installing: /Users/howardkang/auto_car/install/my_package/share/my_package/cmake/export_my_package__rosidl_generator_pyExport-noconfig.cmake
[7.681s] Invoked command in '/Users/howardkang/auto_car/build/my_package' returned '0': CONDA_PROMPT_MODIFIER=(ros2) SHLVL=2 _=/Users/howardkang/miniconda3/envs/ros2/bin/env __CF_USER_TEXT_ENCODING=0x1F5:0x0:0x0 /Users/howardkang/miniconda3/envs/ros2/bin/cmake --install /Users/howardkang/auto_car/build/my_package
