[0.034s] Invoking command in '/Users/howardkang/auto_car/build/my_package': CONDA_PROMPT_MODIFIER=(ros2) SHLVL=2 _=/Users/howardkang/miniconda3/envs/ros2/bin/env __CF_USER_TEXT_ENCODING=0x1F5:0x0:0x0 /Users/howardkang/miniconda3/envs/ros2/bin/cmake /Users/howardkang/auto_car/src/my_package -DAMENT_CMAKE_SYMLINK_INSTALL=1 -DCMAKE_INSTALL_PREFIX=/Users/howardkang/auto_car/install/my_package
[0.356s] -- The C compiler identification is Clang 16.0.1
[0.435s] -- The CXX compiler identification is Clang 16.0.1
[0.447s] -- Detecting C compiler ABI info
[0.578s] -- Detecting C compiler ABI info - done
[0.581s] -- Check for working C compiler: /Users/howardkang/miniconda3/envs/ros2/bin/arm64-apple-darwin20.0.0-clang - skipped
[0.582s] -- Detecting C compile features
[0.582s] -- Detecting C compile features - done
[0.587s] -- Detecting CXX compiler ABI info
[0.717s] -- Detecting CXX compiler ABI info - done
[0.720s] -- Check for working CXX compiler: /Users/howardkang/miniconda3/envs/ros2/bin/arm64-apple-darwin20.0.0-clang++ - skipped
[0.720s] -- Detecting CXX compile features
[0.721s] -- Detecting CXX compile features - done
[0.738s] -- Found ament_cmake: 1.3.3 (/Users/howardkang/miniconda3/envs/ros2/share/ament_cmake/cmake)
[1.090s] -- Found Python3: /opt/homebrew/Frameworks/Python.framework/Versions/3.12/bin/python3.12 (found version "3.12.1") found components: Interpreter 
[1.158s] -- Override CMake install command with custom implementation using symlinks instead of copying resources
[1.282s] -- Found ament_lint_auto: 0.12.5 (/Users/howardkang/miniconda3/envs/ros2/share/ament_lint_auto/cmake)
[1.408s] -- Added test 'flake8' to check Python code syntax and style conventions
[1.410s] -- Added test 'lint_cmake' to check CMake code style
[1.411s] -- Added test 'pep257' to check Python code against some of the docstring style conventions in PEP 257
[1.415s] -- Added test 'xmllint' to check XML markup files
[1.417s] -- Configuring done (1.4s)
[1.428s] -- Generating done (0.0s)
[1.430s] -- Build files have been written to: /Users/howardkang/auto_car/build/my_package
[1.432s] Invoked command in '/Users/howardkang/auto_car/build/my_package' returned '0': CONDA_PROMPT_MODIFIER=(ros2) SHLVL=2 _=/Users/howardkang/miniconda3/envs/ros2/bin/env __CF_USER_TEXT_ENCODING=0x1F5:0x0:0x0 /Users/howardkang/miniconda3/envs/ros2/bin/cmake /Users/howardkang/auto_car/src/my_package -DAMENT_CMAKE_SYMLINK_INSTALL=1 -DCMAKE_INSTALL_PREFIX=/Users/howardkang/auto_car/install/my_package
[1.434s] Invoking command in '/Users/howardkang/auto_car/build/my_package': CONDA_PROMPT_MODIFIER=(ros2) SHLVL=2 _=/Users/howardkang/miniconda3/envs/ros2/bin/env __CF_USER_TEXT_ENCODING=0x1F5:0x0:0x0 /Users/howardkang/miniconda3/envs/ros2/bin/cmake --build /Users/howardkang/auto_car/build/my_package -- -j8 -l8
[1.477s] Invoked command in '/Users/howardkang/auto_car/build/my_package' returned '0': CONDA_PROMPT_MODIFIER=(ros2) SHLVL=2 _=/Users/howardkang/miniconda3/envs/ros2/bin/env __CF_USER_TEXT_ENCODING=0x1F5:0x0:0x0 /Users/howardkang/miniconda3/envs/ros2/bin/cmake --build /Users/howardkang/auto_car/build/my_package -- -j8 -l8
[1.525s] Invoking command in '/Users/howardkang/auto_car/build/my_package': CONDA_PROMPT_MODIFIER=(ros2) SHLVL=2 _=/Users/howardkang/miniconda3/envs/ros2/bin/env __CF_USER_TEXT_ENCODING=0x1F5:0x0:0x0 /Users/howardkang/miniconda3/envs/ros2/bin/cmake --install /Users/howardkang/auto_car/build/my_package
[1.533s] -- Install configuration: ""
[1.533s] -- Execute custom install script
[1.534s] -- Symlinking: /Users/howardkang/auto_car/install/my_package/share/my_package/launch/listener.launch.py
[1.543s] -- Symlinking: /Users/howardkang/auto_car/install/my_package/share/my_package/launch/talker.launch.py
[1.553s] -- Symlinking: /Users/howardkang/auto_car/install/my_package/share/ament_index/resource_index/package_run_dependencies/my_package
[1.562s] -- Symlinking: /Users/howardkang/auto_car/install/my_package/share/ament_index/resource_index/parent_prefix_path/my_package
[1.571s] -- Symlinking: /Users/howardkang/auto_car/install/my_package/share/my_package/environment/ament_prefix_path.sh
[1.580s] -- Symlinking: /Users/howardkang/auto_car/install/my_package/share/my_package/environment/ament_prefix_path.dsv
[1.590s] -- Symlinking: /Users/howardkang/auto_car/install/my_package/share/my_package/environment/path.sh
[1.599s] -- Symlinking: /Users/howardkang/auto_car/install/my_package/share/my_package/environment/path.dsv
[1.608s] -- Symlinking: /Users/howardkang/auto_car/install/my_package/share/my_package/local_setup.bash
[1.617s] -- Symlinking: /Users/howardkang/auto_car/install/my_package/share/my_package/local_setup.sh
[1.626s] -- Symlinking: /Users/howardkang/auto_car/install/my_package/share/my_package/local_setup.zsh
[1.636s] -- Symlinking: /Users/howardkang/auto_car/install/my_package/share/my_package/local_setup.dsv
[1.645s] -- Symlinking: /Users/howardkang/auto_car/install/my_package/share/my_package/package.dsv
[1.654s] -- Symlinking: /Users/howardkang/auto_car/install/my_package/share/ament_index/resource_index/packages/my_package
[1.663s] -- Symlinking: /Users/howardkang/auto_car/install/my_package/share/my_package/cmake/my_packageConfig.cmake
[1.672s] -- Symlinking: /Users/howardkang/auto_car/install/my_package/share/my_package/cmake/my_packageConfig-version.cmake
[1.681s] -- Symlinking: /Users/howardkang/auto_car/install/my_package/share/my_package/package.xml
[1.691s] Invoked command in '/Users/howardkang/auto_car/build/my_package' returned '0': CONDA_PROMPT_MODIFIER=(ros2) SHLVL=2 _=/Users/howardkang/miniconda3/envs/ros2/bin/env __CF_USER_TEXT_ENCODING=0x1F5:0x0:0x0 /Users/howardkang/miniconda3/envs/ros2/bin/cmake --install /Users/howardkang/auto_car/build/my_package
