[0.115s] Invoking command in '/Users/howardkang/auto_car/build/my_package': CONDA_PROMPT_MODIFIER=(ros2) SHLVL=2 _=/Users/howardkang/miniconda3/envs/ros2/bin/env __CF_USER_TEXT_ENCODING=0x1F5:0x0:0x0 /Users/howardkang/miniconda3/envs/ros2/bin/cmake --build /Users/howardkang/auto_car/build/my_package -- -j8 -l8
[0.262s] [  2%] Built target my_package__cpp
[0.276s] [ 12%] Built target my_package__rosidl_generator_c
[0.287s] [ 12%] Built target ament_cmake_python_symlink_my_package
[0.380s] [ 23%] Built target my_package__rosidl_typesupport_introspection_cpp
[0.380s] [ 33%] Built target my_package__rosidl_typesupport_introspection_c
[0.386s] [ 43%] Built target my_package__rosidl_typesupport_cpp
[0.387s] [ 53%] Built target my_package__rosidl_typesupport_fastrtps_cpp
[0.391s] [ 64%] Built target my_package__rosidl_typesupport_fastrtps_c
[0.400s] [ 74%] Built target my_package__rosidl_typesupport_c
[0.443s] [ 74%] Built target my_package
[0.485s] [ 76%] Built target my_package__py
[0.528s] [ 84%] Built target my_package__rosidl_generator_py
[0.590s] [ 89%] Built target my_package__rosidl_typesupport_introspection_c__pyext
[0.592s] [ 94%] Built target my_package__rosidl_typesupport_fastrtps_c__pyext
[0.593s] [100%] Built target my_package__rosidl_typesupport_c__pyext
[0.865s] running egg_info
[0.913s] writing my_package.egg-info/PKG-INFO
[0.948s] writing dependency_links to my_package.egg-info/dependency_links.txt
[1.178s] writing top-level names to my_package.egg-info/top_level.txt
[1.266s] reading manifest file 'my_package.egg-info/SOURCES.txt'
[1.266s] writing manifest file 'my_package.egg-info/SOURCES.txt'
[1.330s] [100%] Built target ament_cmake_python_build_my_package_egg
[1.344s] Invoked command in '/Users/howardkang/auto_car/build/my_package' returned '0': CONDA_PROMPT_MODIFIER=(ros2) SHLVL=2 _=/Users/howardkang/miniconda3/envs/ros2/bin/env __CF_USER_TEXT_ENCODING=0x1F5:0x0:0x0 /Users/howardkang/miniconda3/envs/ros2/bin/cmake --build /Users/howardkang/auto_car/build/my_package -- -j8 -l8
