[0.038s] Invoking command in '/Users/howardkang/auto_car/build/urdf_example': CONDA_PROMPT_MODIFIER=(ros2) SHLVL=2 _=/Users/howardkang/miniconda3/envs/ros2/bin/env __CF_USER_TEXT_ENCODING=0x1F5:0x0:0x0 /Users/howardkang/miniconda3/envs/ros2/bin/cmake /Users/howardkang/auto_car/src/urdf_example-main -DCMAKE_INSTALL_PREFIX=/Users/howardkang/auto_car/install/urdf_example
[0.074s] -- Found ament_cmake: 1.3.3 (/Users/howardkang/miniconda3/envs/ros2/share/ament_cmake/cmake)
[0.320s] -- Override CMake install command with custom implementation using symlinks instead of copying resources
[0.339s] -- Found ament_lint_auto: 0.12.5 (/Users/howardkang/miniconda3/envs/ros2/share/ament_lint_auto/cmake)
[0.432s] -- Added test 'copyright' to check source files copyright and LICENSE
[0.435s] -- Added test 'flake8' to check Python code syntax and style conventions
[0.436s] -- Added test 'lint_cmake' to check CMake code style
[0.436s] -- Added test 'pep257' to check Python code against some of the docstring style conventions in PEP 257
[0.437s] -- Added test 'xmllint' to check XML markup files
[0.439s] -- Configuring done (0.4s)
[0.450s] -- Generating done (0.0s)
[0.453s] -- Build files have been written to: /Users/howardkang/auto_car/build/urdf_example
[0.454s] Invoked command in '/Users/howardkang/auto_car/build/urdf_example' returned '0': CONDA_PROMPT_MODIFIER=(ros2) SHLVL=2 _=/Users/howardkang/miniconda3/envs/ros2/bin/env __CF_USER_TEXT_ENCODING=0x1F5:0x0:0x0 /Users/howardkang/miniconda3/envs/ros2/bin/cmake /Users/howardkang/auto_car/src/urdf_example-main -DCMAKE_INSTALL_PREFIX=/Users/howardkang/auto_car/install/urdf_example
[0.457s] Invoking command in '/Users/howardkang/auto_car/build/urdf_example': CONDA_PROMPT_MODIFIER=(ros2) SHLVL=2 _=/Users/howardkang/miniconda3/envs/ros2/bin/env __CF_USER_TEXT_ENCODING=0x1F5:0x0:0x0 /Users/howardkang/miniconda3/envs/ros2/bin/cmake --build /Users/howardkang/auto_car/build/urdf_example -- -j8 -l8
[0.500s] Invoked command in '/Users/howardkang/auto_car/build/urdf_example' returned '0': CONDA_PROMPT_MODIFIER=(ros2) SHLVL=2 _=/Users/howardkang/miniconda3/envs/ros2/bin/env __CF_USER_TEXT_ENCODING=0x1F5:0x0:0x0 /Users/howardkang/miniconda3/envs/ros2/bin/cmake --build /Users/howardkang/auto_car/build/urdf_example -- -j8 -l8
[0.556s] Invoking command in '/Users/howardkang/auto_car/build/urdf_example': CONDA_PROMPT_MODIFIER=(ros2) SHLVL=2 _=/Users/howardkang/miniconda3/envs/ros2/bin/env __CF_USER_TEXT_ENCODING=0x1F5:0x0:0x0 /Users/howardkang/miniconda3/envs/ros2/bin/cmake --install /Users/howardkang/auto_car/build/urdf_example
[0.565s] -- Install configuration: ""
[0.565s] -- Execute custom install script
[0.565s] -- Up-to-date symlink: /Users/howardkang/auto_car/install/urdf_example/share/urdf_example/description/example_gazebo.xacro
[0.566s] -- Up-to-date symlink: /Users/howardkang/auto_car/install/urdf_example/share/urdf_example/description/example_include.xacro
[0.566s] -- Up-to-date symlink: /Users/howardkang/auto_car/install/urdf_example/share/urdf_example/description/example_robot.urdf.xacro
[0.566s] -- Up-to-date symlink: /Users/howardkang/auto_car/install/urdf_example/share/urdf_example/launch/rsp.launch.py
[0.566s] -- Up-to-date symlink: /Users/howardkang/auto_car/install/urdf_example/share/urdf_example/launch/rsp_sim.launch.py
[0.566s] -- Up-to-date symlink: /Users/howardkang/auto_car/install/urdf_example/share/urdf_example/worlds/test_world.world
[0.566s] -- Up-to-date symlink: /Users/howardkang/auto_car/install/urdf_example/share/urdf_example/worlds/world_test.world
[0.566s] -- Up-to-date symlink: /Users/howardkang/auto_car/install/urdf_example/share/urdf_example/worlds/world_test2.world
[0.567s] -- Up-to-date symlink: /Users/howardkang/auto_car/install/urdf_example/share/ament_index/resource_index/package_run_dependencies/urdf_example
[0.567s] -- Up-to-date symlink: /Users/howardkang/auto_car/install/urdf_example/share/ament_index/resource_index/parent_prefix_path/urdf_example
[0.567s] -- Up-to-date symlink: /Users/howardkang/auto_car/install/urdf_example/share/urdf_example/environment/ament_prefix_path.sh
[0.567s] -- Up-to-date symlink: /Users/howardkang/auto_car/install/urdf_example/share/urdf_example/environment/ament_prefix_path.dsv
[0.567s] -- Up-to-date symlink: /Users/howardkang/auto_car/install/urdf_example/share/urdf_example/environment/path.sh
[0.567s] -- Up-to-date symlink: /Users/howardkang/auto_car/install/urdf_example/share/urdf_example/environment/path.dsv
[0.567s] -- Up-to-date symlink: /Users/howardkang/auto_car/install/urdf_example/share/urdf_example/local_setup.bash
[0.568s] -- Up-to-date symlink: /Users/howardkang/auto_car/install/urdf_example/share/urdf_example/local_setup.sh
[0.568s] -- Up-to-date symlink: /Users/howardkang/auto_car/install/urdf_example/share/urdf_example/local_setup.zsh
[0.568s] -- Up-to-date symlink: /Users/howardkang/auto_car/install/urdf_example/share/urdf_example/local_setup.dsv
[0.568s] -- Symlinking: /Users/howardkang/auto_car/install/urdf_example/share/urdf_example/package.dsv
[0.578s] -- Up-to-date symlink: /Users/howardkang/auto_car/install/urdf_example/share/ament_index/resource_index/packages/urdf_example
[0.578s] -- Up-to-date symlink: /Users/howardkang/auto_car/install/urdf_example/share/urdf_example/cmake/urdf_exampleConfig.cmake
[0.578s] -- Up-to-date symlink: /Users/howardkang/auto_car/install/urdf_example/share/urdf_example/cmake/urdf_exampleConfig-version.cmake
[0.579s] -- Up-to-date symlink: /Users/howardkang/auto_car/install/urdf_example/share/urdf_example/package.xml
[0.580s] Invoked command in '/Users/howardkang/auto_car/build/urdf_example' returned '0': CONDA_PROMPT_MODIFIER=(ros2) SHLVL=2 _=/Users/howardkang/miniconda3/envs/ros2/bin/env __CF_USER_TEXT_ENCODING=0x1F5:0x0:0x0 /Users/howardkang/miniconda3/envs/ros2/bin/cmake --install /Users/howardkang/auto_car/build/urdf_example
