-- The C compiler identification is Clang 16.0.1
-- The CXX compiler identification is Clang 16.0.1
-- Detecting C compiler ABI info
-- Detecting C compiler ABI info - done
-- Check for working C compiler: /Users/howardkang/miniconda3/envs/ros2/bin/arm64-apple-darwin20.0.0-clang - skipped
-- Detecting C compile features
-- Detecting C compile features - done
-- Detecting CXX compiler ABI info
-- Detecting CXX compiler ABI info - done
-- Check for working CXX compiler: /Users/howardkang/miniconda3/envs/ros2/bin/arm64-apple-darwin20.0.0-clang++ - skipped
-- Detecting CXX compile features
-- Detecting CXX compile features - done
-- Found ament_cmake: 1.3.3 (/Users/howardkang/miniconda3/envs/ros2/share/ament_cmake/cmake)
-- Found Python3: /opt/homebrew/Frameworks/Python.framework/Versions/3.12/bin/python3.12 (found version "3.12.1") found components: Interpreter 
-- Override CMake install command with custom implementation using symlinks instead of copying resources
-- Found ament_lint_auto: 0.12.5 (/Users/howardkang/miniconda3/envs/ros2/share/ament_lint_auto/cmake)
-- Added test 'copyright' to check source files copyright and LICENSE
-- Added test 'flake8' to check Python code syntax and style conventions
-- Added test 'lint_cmake' to check CMake code style
-- Added test 'pep257' to check Python code against some of the docstring style conventions in PEP 257
-- Added test 'xmllint' to check XML markup files
-- Configuring done (2.7s)
-- Generating done (0.0s)
-- Build files have been written to: /Users/howardkang/auto_car/build/urdf_example
-- Install configuration: ""
-- Execute custom install script
-- Symlinking: /Users/howardkang/auto_car/install/urdf_example/share/urdf_example/description/example_gazebo.xacro
-- Symlinking: /Users/howardkang/auto_car/install/urdf_example/share/urdf_example/description/example_include.xacro
-- Symlinking: /Users/howardkang/auto_car/install/urdf_example/share/urdf_example/description/example_robot.urdf.xacro
-- Symlinking: /Users/howardkang/auto_car/install/urdf_example/share/urdf_example/launch/rsp.launch.py
-- Symlinking: /Users/howardkang/auto_car/install/urdf_example/share/urdf_example/launch/rsp_sim.launch.py
-- Symlinking: /Users/howardkang/auto_car/install/urdf_example/share/urdf_example/worlds/test_world.world
-- Symlinking: /Users/howardkang/auto_car/install/urdf_example/share/ament_index/resource_index/package_run_dependencies/urdf_example
-- Symlinking: /Users/howardkang/auto_car/install/urdf_example/share/ament_index/resource_index/parent_prefix_path/urdf_example
-- Symlinking: /Users/howardkang/auto_car/install/urdf_example/share/urdf_example/environment/ament_prefix_path.sh
-- Symlinking: /Users/howardkang/auto_car/install/urdf_example/share/urdf_example/environment/ament_prefix_path.dsv
-- Symlinking: /Users/howardkang/auto_car/install/urdf_example/share/urdf_example/environment/path.sh
-- Symlinking: /Users/howardkang/auto_car/install/urdf_example/share/urdf_example/environment/path.dsv
-- Symlinking: /Users/howardkang/auto_car/install/urdf_example/share/urdf_example/local_setup.bash
-- Symlinking: /Users/howardkang/auto_car/install/urdf_example/share/urdf_example/local_setup.sh
-- Symlinking: /Users/howardkang/auto_car/install/urdf_example/share/urdf_example/local_setup.zsh
-- Symlinking: /Users/howardkang/auto_car/install/urdf_example/share/urdf_example/local_setup.dsv
-- Symlinking: /Users/howardkang/auto_car/install/urdf_example/share/urdf_example/package.dsv
-- Symlinking: /Users/howardkang/auto_car/install/urdf_example/share/ament_index/resource_index/packages/urdf_example
-- Symlinking: /Users/howardkang/auto_car/install/urdf_example/share/urdf_example/cmake/urdf_exampleConfig.cmake
-- Symlinking: /Users/howardkang/auto_car/install/urdf_example/share/urdf_example/cmake/urdf_exampleConfig-version.cmake
-- Symlinking: /Users/howardkang/auto_car/install/urdf_example/share/urdf_example/package.xml
