-- The C compiler identification is Clang 16.0.1
-- The CXX compiler identification is Clang 16.0.1
-- Detecting C compiler ABI info
-- Detecting C compiler ABI info - done
-- Check for working C compiler: /Users/howardkang/miniconda3/envs/ros2/bin/arm64-apple-darwin20.0.0-clang - skipped
-- Detecting C compile features
-- Detecting C compile features - done
-- Detecting CXX compiler ABI info
-- Detecting CXX compiler ABI info - done
-- Check for working CXX compiler: /Users/howardkang/miniconda3/envs/ros2/bin/arm64-apple-darwin20.0.0-clang++ - skipped
-- Detecting CXX compile features
-- Detecting CXX compile features - done
-- Found Python3: /Users/howardkang/miniconda3/envs/ros2/bin/python3.10 (found version "3.10.13") found components: Interpreter 
-- Found ament_cmake: 1.3.3 (/Users/howardkang/miniconda3/envs/ros2/share/ament_cmake/cmake)
-- Override CMake install command with custom implementation using symlinks instead of copying resources
-- Found std_msgs: 4.2.3 (/Users/howardkang/miniconda3/envs/ros2/share/std_msgs/cmake)
-- Found rosidl_generator_c: 3.1.4 (/Users/howardkang/miniconda3/envs/ros2/share/rosidl_generator_c/cmake)
-- Found rosidl_adapter: 3.1.4 (/Users/howardkang/miniconda3/envs/ros2/share/rosidl_adapter/cmake)
-- Found rosidl_generator_cpp: 3.1.4 (/Users/howardkang/miniconda3/envs/ros2/share/rosidl_generator_cpp/cmake)
-- Using all available rosidl_typesupport_c: rosidl_typesupport_fastrtps_c;rosidl_typesupport_introspection_c
-- Using all available rosidl_typesupport_cpp: rosidl_typesupport_fastrtps_cpp;rosidl_typesupport_introspection_cpp
-- Found rosidl_default_generators: 1.2.0 (/Users/howardkang/miniconda3/envs/ros2/share/rosidl_default_generators/cmake)
-- Found ament_cmake_ros: 0.10.0 (/Users/howardkang/miniconda3/envs/ros2/share/ament_cmake_ros/cmake)
-- Using all available rosidl_typesupport_c: rosidl_typesupport_fastrtps_c;rosidl_typesupport_introspection_c
-- Using all available rosidl_typesupport_cpp: rosidl_typesupport_fastrtps_cpp;rosidl_typesupport_introspection_cpp
-- Found PythonInterp: /Users/howardkang/miniconda3/envs/ros2/bin/python3 (found suitable version "3.10.13", minimum required is "3.6") 
-- Found python_cmake_module: 0.10.0 (/Users/howardkang/miniconda3/envs/ros2/share/python_cmake_module/cmake)
-- Using PythonExtra_INCLUDE_DIRS: /Users/howardkang/miniconda3/envs/ros2/include/python3.10;/Users/howardkang/miniconda3/envs/ros2/include/python3.10
-- Using PythonExtra_LIBRARIES: /Users/howardkang/miniconda3/envs/ros2/lib/libpython3.10.dylib
-- Found PythonExtra: .so  
-- Found Python3: /Users/howardkang/miniconda3/envs/ros2/bin/python3.10 (found version "3.10.13") found components: Development NumPy Interpreter Development.Module Development.Embed 
-- Found ament_lint_auto: 0.12.5 (/Users/howardkang/miniconda3/envs/ros2/share/ament_lint_auto/cmake)
-- Added test 'flake8' to check Python code syntax and style conventions
-- Added test 'lint_cmake' to check CMake code style
-- Added test 'pep257' to check Python code against some of the docstring style conventions in PEP 257
-- Added test 'xmllint' to check XML markup files
-- Configuring done (5.1s)
-- Generating done (0.1s)
-- Build files have been written to: /Users/howardkang/auto_car/build/yolobot_algo
[  2%] Generating C code for ROS interfaces
[  5%] Generating C++ code for ROS interfaces
[  5%] Built target ament_cmake_python_symlink_yolobot_algo
[  5%] Built target yolobot_algo__cpp
[  7%] Generating C++ introspection for ROS interfaces
[ 10%] Generating C++ type support for eProsima Fast-RTPS
[ 12%] Generating C++ type support dispatch for ROS interfaces
[ 15%] Building C object CMakeFiles/yolobot_algo__rosidl_generator_c.dir/rosidl_generator_c/yolobot_algo/msg/detail/inference_result__functions.c.o
[ 17%] Building C object CMakeFiles/yolobot_algo__rosidl_generator_c.dir/rosidl_generator_c/yolobot_algo/msg/detail/yolov8_inference__functions.c.o
[ 20%] Linking C shared library libyolobot_algo__rosidl_generator_c.dylib
ld: warning: -pie being ignored. It is only used when linking a main executable
running egg_info
creating yolobot_algo.egg-info
[ 20%] Built target yolobot_algo__rosidl_generator_c
[ 23%] Building CXX object CMakeFiles/yolobot_algo__rosidl_typesupport_cpp.dir/rosidl_typesupport_cpp/yolobot_algo/msg/yolov8_inference__type_support.cpp.o
[ 25%] Building CXX object CMakeFiles/yolobot_algo__rosidl_typesupport_cpp.dir/rosidl_typesupport_cpp/yolobot_algo/msg/inference_result__type_support.cpp.o
[ 28%] Generating C type support dispatch for ROS interfaces
[ 30%] Generating C type support for eProsima Fast-RTPS
[ 33%] Generating C introspection for ROS interfaces
[ 35%] Building CXX object CMakeFiles/yolobot_algo__rosidl_typesupport_introspection_cpp.dir/rosidl_typesupport_introspection_cpp/yolobot_algo/msg/detail/inference_result__type_support.cpp.o
writing yolobot_algo.egg-info/PKG-INFO
writing dependency_links to yolobot_algo.egg-info/dependency_links.txt
[ 38%] Building CXX object CMakeFiles/yolobot_algo__rosidl_typesupport_fastrtps_cpp.dir/rosidl_typesupport_fastrtps_cpp/yolobot_algo/msg/detail/dds_fastrtps/inference_result__type_support.cpp.o
[ 41%] Building CXX object CMakeFiles/yolobot_algo__rosidl_typesupport_c.dir/rosidl_typesupport_c/yolobot_algo/msg/inference_result__type_support.cpp.o
writing top-level names to yolobot_algo.egg-info/top_level.txt
writing manifest file 'yolobot_algo.egg-info/SOURCES.txt'
[ 43%] Building C object CMakeFiles/yolobot_algo__rosidl_typesupport_introspection_c.dir/rosidl_typesupport_introspection_c/yolobot_algo/msg/detail/inference_result__type_support.c.o
[ 46%] Building CXX object CMakeFiles/yolobot_algo__rosidl_typesupport_c.dir/rosidl_typesupport_c/yolobot_algo/msg/yolov8_inference__type_support.cpp.o
[ 48%] Building CXX object CMakeFiles/yolobot_algo__rosidl_typesupport_fastrtps_c.dir/rosidl_typesupport_fastrtps_c/yolobot_algo/msg/detail/inference_result__type_support_c.cpp.o
[ 51%] Linking CXX shared library libyolobot_algo__rosidl_typesupport_c.dylib
[ 53%] Building C object CMakeFiles/yolobot_algo__rosidl_typesupport_introspection_c.dir/rosidl_typesupport_introspection_c/yolobot_algo/msg/detail/yolov8_inference__type_support.c.o
reading manifest file 'yolobot_algo.egg-info/SOURCES.txt'
writing manifest file 'yolobot_algo.egg-info/SOURCES.txt'
ld: warning: -pie being ignored. It is only used when linking a main executable
[ 53%] Built target ament_cmake_python_build_yolobot_algo_egg
[ 56%] Linking C shared library libyolobot_algo__rosidl_typesupport_introspection_c.dylib
[ 58%] Building CXX object CMakeFiles/yolobot_algo__rosidl_typesupport_fastrtps_c.dir/rosidl_typesupport_fastrtps_c/yolobot_algo/msg/detail/yolov8_inference__type_support_c.cpp.o
[ 58%] Built target yolobot_algo__rosidl_typesupport_c
[ 61%] Building CXX object CMakeFiles/yolobot_algo__rosidl_typesupport_fastrtps_cpp.dir/rosidl_typesupport_fastrtps_cpp/yolobot_algo/msg/detail/dds_fastrtps/yolov8_inference__type_support.cpp.o
ld: warning: -pie being ignored. It is only used when linking a main executable
[ 61%] Built target yolobot_algo__rosidl_typesupport_introspection_c
[ 64%] Building CXX object CMakeFiles/yolobot_algo__rosidl_typesupport_introspection_cpp.dir/rosidl_typesupport_introspection_cpp/yolobot_algo/msg/detail/yolov8_inference__type_support.cpp.o
[ 66%] Linking CXX shared library libyolobot_algo__rosidl_typesupport_cpp.dylib
ld: warning: -pie being ignored. It is only used when linking a main executable
[ 66%] Built target yolobot_algo__rosidl_typesupport_cpp
[ 69%] Linking CXX shared library libyolobot_algo__rosidl_typesupport_fastrtps_c.dylib
ld: warning: -pie being ignored. It is only used when linking a main executable
[ 71%] Linking CXX shared library libyolobot_algo__rosidl_typesupport_introspection_cpp.dylib
[ 71%] Built target yolobot_algo__rosidl_typesupport_fastrtps_c
ld: warning: -pie being ignored. It is only used when linking a main executable
[ 74%] Linking CXX shared library libyolobot_algo__rosidl_typesupport_fastrtps_cpp.dylib
[ 74%] Built target yolobot_algo__rosidl_typesupport_introspection_cpp
ld: warning: -pie being ignored. It is only used when linking a main executable
[ 74%] Built target yolobot_algo__rosidl_typesupport_fastrtps_cpp
[ 74%] Built target yolobot_algo
[ 76%] Generating Python code for ROS interfaces
[ 76%] Built target yolobot_algo__py
[ 82%] Building C object CMakeFiles/yolobot_algo__rosidl_generator_py.dir/rosidl_generator_py/yolobot_algo/msg/_yolov8_inference_s.c.o
[ 82%] Building C object CMakeFiles/yolobot_algo__rosidl_generator_py.dir/rosidl_generator_py/yolobot_algo/msg/_inference_result_s.c.o
[ 84%] Linking C shared library rosidl_generator_py/yolobot_algo/libyolobot_algo__rosidl_generator_py.dylib
ld: warning: -pie being ignored. It is only used when linking a main executable
[ 84%] Built target yolobot_algo__rosidl_generator_py
[ 92%] Building C object CMakeFiles/yolobot_algo__rosidl_typesupport_fastrtps_c__pyext.dir/rosidl_generator_py/yolobot_algo/_yolobot_algo_s.ep.rosidl_typesupport_fastrtps_c.c.o
[ 92%] Building C object CMakeFiles/yolobot_algo__rosidl_typesupport_c__pyext.dir/rosidl_generator_py/yolobot_algo/_yolobot_algo_s.ep.rosidl_typesupport_c.c.o
[ 92%] Building C object CMakeFiles/yolobot_algo__rosidl_typesupport_introspection_c__pyext.dir/rosidl_generator_py/yolobot_algo/_yolobot_algo_s.ep.rosidl_typesupport_introspection_c.c.o
[ 97%] Linking C shared library rosidl_generator_py/yolobot_algo/yolobot_algo_s__rosidl_typesupport_c.cpython-310-darwin.so
[ 97%] Linking C shared library rosidl_generator_py/yolobot_algo/yolobot_algo_s__rosidl_typesupport_fastrtps_c.cpython-310-darwin.so
[100%] Linking C shared library rosidl_generator_py/yolobot_algo/yolobot_algo_s__rosidl_typesupport_introspection_c.cpython-310-darwin.so
ld: warning: -pie being ignored. It is only used when linking a main executable
ld: warning: -pie being ignored. It is only used when linking a main executable
ld: warning: -pie being ignored. It is only used when linking a main executable
[100%] Built target yolobot_algo__rosidl_typesupport_fastrtps_c__pyext
[100%] Built target yolobot_algo__rosidl_typesupport_c__pyext
[100%] Built target yolobot_algo__rosidl_typesupport_introspection_c__pyext
-- Install configuration: ""
-- Execute custom install script
-- Symlinking: /Users/howardkang/auto_car/install/yolobot_algo/share/ament_index/resource_index/rosidl_interfaces/yolobot_algo
-- Symlinking: /Users/howardkang/auto_car/install/yolobot_algo/include/yolobot_algo/yolobot_algo/msg/detail/inference_result__functions.h
-- Symlinking: /Users/howardkang/auto_car/install/yolobot_algo/include/yolobot_algo/yolobot_algo/msg/detail/inference_result__struct.h
-- Symlinking: /Users/howardkang/auto_car/install/yolobot_algo/include/yolobot_algo/yolobot_algo/msg/detail/inference_result__type_support.h
-- Symlinking: /Users/howardkang/auto_car/install/yolobot_algo/include/yolobot_algo/yolobot_algo/msg/detail/yolov8_inference__functions.h
-- Symlinking: /Users/howardkang/auto_car/install/yolobot_algo/include/yolobot_algo/yolobot_algo/msg/detail/yolov8_inference__struct.h
-- Symlinking: /Users/howardkang/auto_car/install/yolobot_algo/include/yolobot_algo/yolobot_algo/msg/detail/yolov8_inference__type_support.h
-- Symlinking: /Users/howardkang/auto_car/install/yolobot_algo/include/yolobot_algo/yolobot_algo/msg/inference_result.h
-- Symlinking: /Users/howardkang/auto_car/install/yolobot_algo/include/yolobot_algo/yolobot_algo/msg/rosidl_generator_c__visibility_control.h
-- Symlinking: /Users/howardkang/auto_car/install/yolobot_algo/include/yolobot_algo/yolobot_algo/msg/yolov8_inference.h
-- Symlinking: /Users/howardkang/auto_car/install/yolobot_algo/include/yolobot_algo/yolobot_algo/msg/detail/inference_result__rosidl_typesupport_fastrtps_c.h
-- Symlinking: /Users/howardkang/auto_car/install/yolobot_algo/include/yolobot_algo/yolobot_algo/msg/detail/yolov8_inference__rosidl_typesupport_fastrtps_c.h
-- Symlinking: /Users/howardkang/auto_car/install/yolobot_algo/include/yolobot_algo/yolobot_algo/msg/rosidl_typesupport_fastrtps_c__visibility_control.h
-- Symlinking: /Users/howardkang/auto_car/install/yolobot_algo/include/yolobot_algo/yolobot_algo/msg/detail/inference_result__builder.hpp
-- Symlinking: /Users/howardkang/auto_car/install/yolobot_algo/include/yolobot_algo/yolobot_algo/msg/detail/inference_result__struct.hpp
-- Symlinking: /Users/howardkang/auto_car/install/yolobot_algo/include/yolobot_algo/yolobot_algo/msg/detail/inference_result__traits.hpp
-- Symlinking: /Users/howardkang/auto_car/install/yolobot_algo/include/yolobot_algo/yolobot_algo/msg/detail/yolov8_inference__builder.hpp
-- Symlinking: /Users/howardkang/auto_car/install/yolobot_algo/include/yolobot_algo/yolobot_algo/msg/detail/yolov8_inference__struct.hpp
-- Symlinking: /Users/howardkang/auto_car/install/yolobot_algo/include/yolobot_algo/yolobot_algo/msg/detail/yolov8_inference__traits.hpp
-- Symlinking: /Users/howardkang/auto_car/install/yolobot_algo/include/yolobot_algo/yolobot_algo/msg/inference_result.hpp
-- Symlinking: /Users/howardkang/auto_car/install/yolobot_algo/include/yolobot_algo/yolobot_algo/msg/yolov8_inference.hpp
-- Symlinking: /Users/howardkang/auto_car/install/yolobot_algo/include/yolobot_algo/yolobot_algo/msg/detail/inference_result__rosidl_typesupport_fastrtps_cpp.hpp
-- Symlinking: /Users/howardkang/auto_car/install/yolobot_algo/include/yolobot_algo/yolobot_algo/msg/detail/yolov8_inference__rosidl_typesupport_fastrtps_cpp.hpp
-- Symlinking: /Users/howardkang/auto_car/install/yolobot_algo/include/yolobot_algo/yolobot_algo/msg/rosidl_typesupport_fastrtps_cpp__visibility_control.h
-- Symlinking: /Users/howardkang/auto_car/install/yolobot_algo/include/yolobot_algo/yolobot_algo/msg/detail/inference_result__rosidl_typesupport_introspection_c.h
-- Symlinking: /Users/howardkang/auto_car/install/yolobot_algo/include/yolobot_algo/yolobot_algo/msg/detail/yolov8_inference__rosidl_typesupport_introspection_c.h
-- Symlinking: /Users/howardkang/auto_car/install/yolobot_algo/include/yolobot_algo/yolobot_algo/msg/rosidl_typesupport_introspection_c__visibility_control.h
-- Symlinking: /Users/howardkang/auto_car/install/yolobot_algo/include/yolobot_algo/yolobot_algo/msg/detail/inference_result__rosidl_typesupport_introspection_cpp.hpp
-- Symlinking: /Users/howardkang/auto_car/install/yolobot_algo/include/yolobot_algo/yolobot_algo/msg/detail/yolov8_inference__rosidl_typesupport_introspection_cpp.hpp
-- Symlinking: /Users/howardkang/auto_car/install/yolobot_algo/share/yolobot_algo/environment/pythonpath.sh
-- Symlinking: /Users/howardkang/auto_car/install/yolobot_algo/share/yolobot_algo/environment/pythonpath.dsv
-- Symlinking: /Users/howardkang/auto_car/install/yolobot_algo/lib/python3.10/site-packages/yolobot_algo-0.0.0-py3.10.egg-info/PKG-INFO
-- Symlinking: /Users/howardkang/auto_car/install/yolobot_algo/lib/python3.10/site-packages/yolobot_algo-0.0.0-py3.10.egg-info/SOURCES.txt
-- Symlinking: /Users/howardkang/auto_car/install/yolobot_algo/lib/python3.10/site-packages/yolobot_algo-0.0.0-py3.10.egg-info/dependency_links.txt
-- Symlinking: /Users/howardkang/auto_car/install/yolobot_algo/lib/python3.10/site-packages/yolobot_algo-0.0.0-py3.10.egg-info/top_level.txt
-- Symlinking: /Users/howardkang/auto_car/install/yolobot_algo/lib/python3.10/site-packages/yolobot_algo/__init__.py
-- Symlinking: /Users/howardkang/auto_car/install/yolobot_algo/lib/python3.10/site-packages/yolobot_algo/_yolobot_algo_s.ep.rosidl_typesupport_c.c
-- Symlinking: /Users/howardkang/auto_car/install/yolobot_algo/lib/python3.10/site-packages/yolobot_algo/_yolobot_algo_s.ep.rosidl_typesupport_fastrtps_c.c
-- Symlinking: /Users/howardkang/auto_car/install/yolobot_algo/lib/python3.10/site-packages/yolobot_algo/_yolobot_algo_s.ep.rosidl_typesupport_introspection_c.c
-- Symlinking: /Users/howardkang/auto_car/install/yolobot_algo/lib/python3.10/site-packages/yolobot_algo/libyolobot_algo__rosidl_generator_py.dylib
-- Symlinking: /Users/howardkang/auto_car/install/yolobot_algo/lib/python3.10/site-packages/yolobot_algo/msg/__init__.py
-- Symlinking: /Users/howardkang/auto_car/install/yolobot_algo/lib/python3.10/site-packages/yolobot_algo/msg/_inference_result.py
-- Symlinking: /Users/howardkang/auto_car/install/yolobot_algo/lib/python3.10/site-packages/yolobot_algo/msg/_inference_result_s.c
-- Symlinking: /Users/howardkang/auto_car/install/yolobot_algo/lib/python3.10/site-packages/yolobot_algo/msg/_yolov8_inference.py
-- Symlinking: /Users/howardkang/auto_car/install/yolobot_algo/lib/python3.10/site-packages/yolobot_algo/msg/_yolov8_inference_s.c
-- Symlinking: /Users/howardkang/auto_car/install/yolobot_algo/lib/python3.10/site-packages/yolobot_algo/yolobot_algo_s__rosidl_typesupport_c.cpython-310-darwin.so
-- Symlinking: /Users/howardkang/auto_car/install/yolobot_algo/lib/python3.10/site-packages/yolobot_algo/yolobot_algo_s__rosidl_typesupport_fastrtps_c.cpython-310-darwin.so
-- Symlinking: /Users/howardkang/auto_car/install/yolobot_algo/lib/python3.10/site-packages/yolobot_algo/yolobot_algo_s__rosidl_typesupport_introspection_c.cpython-310-darwin.so
-- Up-to-date symlink: /Users/howardkang/auto_car/install/yolobot_algo/lib/python3.10/site-packages/yolobot_algo/yolobot_algo_s__rosidl_typesupport_fastrtps_c.cpython-310-darwin.so
-- Up-to-date symlink: /Users/howardkang/auto_car/install/yolobot_algo/lib/python3.10/site-packages/yolobot_algo/yolobot_algo_s__rosidl_typesupport_introspection_c.cpython-310-darwin.so
-- Up-to-date symlink: /Users/howardkang/auto_car/install/yolobot_algo/lib/python3.10/site-packages/yolobot_algo/yolobot_algo_s__rosidl_typesupport_c.cpython-310-darwin.so
-- Symlinking: /Users/howardkang/auto_car/install/yolobot_algo/share/yolobot_algo/msg/InferenceResult.idl
-- Symlinking: /Users/howardkang/auto_car/install/yolobot_algo/share/yolobot_algo/msg/Yolov8Inference.idl
-- Symlinking: /Users/howardkang/auto_car/install/yolobot_algo/share/yolobot_algo/msg/InferenceResult.msg
-- Symlinking: /Users/howardkang/auto_car/install/yolobot_algo/share/yolobot_algo/msg/Yolov8Inference.msg
-- Symlinking: /Users/howardkang/auto_car/install/yolobot_algo/share/yolobot_algo/launch/yolov8.launch.py
CMake Error at ament_cmake_symlink_install/ament_cmake_symlink_install.cmake:100 (message):
  ament_cmake_symlink_install_directory() can't find
  '/Users/howardkang/auto_car/src/yolobot_algo/worlds'
Call Stack (most recent call first):
  ament_cmake_symlink_install/ament_cmake_symlink_install.cmake:368 (ament_cmake_symlink_install_directory)
  cmake_install.cmake:41 (include)


