[0.081s] Invoking command in '/Users/howardkang/auto_car/build/rplidar_ros': CONDA_PROMPT_MODIFIER=(ros2) SHLVL=2 _=/Users/howardkang/miniconda3/envs/ros2/bin/env __CF_USER_TEXT_ENCODING=0x1F5:0x0:0x0 /Users/howardkang/miniconda3/envs/ros2/bin/cmake --build /Users/howardkang/auto_car/build/rplidar_ros -- -j8 -l8
[0.270s] [ 77%] Built target rplidar_composition_node
[0.373s] [100%] Built target rplidar_composition
[0.391s] Invoked command in '/Users/howardkang/auto_car/build/rplidar_ros' returned '0': CONDA_PROMPT_MODIFIER=(ros2) SHLVL=2 _=/Users/howardkang/miniconda3/envs/ros2/bin/env __CF_USER_TEXT_ENCODING=0x1F5:0x0:0x0 /Users/howardkang/miniconda3/envs/ros2/bin/cmake --build /Users/howardkang/auto_car/build/rplidar_ros -- -j8 -l8
[0.642s] Invoking command in '/Users/howardkang/auto_car/build/rplidar_ros': CONDA_PROMPT_MODIFIER=(ros2) SHLVL=2 _=/Users/howardkang/miniconda3/envs/ros2/bin/env __CF_USER_TEXT_ENCODING=0x1F5:0x0:0x0 /Users/howardkang/miniconda3/envs/ros2/bin/cmake --install /Users/howardkang/auto_car/build/rplidar_ros
[0.652s] -- Install configuration: ""
[0.652s] -- Execute custom install script
[0.653s] -- Up-to-date symlink: /Users/howardkang/auto_car/install/rplidar_ros/lib/rplidar_ros/rplidar_composition
[0.653s] -- Up-to-date symlink: /Users/howardkang/auto_car/install/rplidar_ros/share/rplidar_ros/launch/rplidar.launch.py
[0.653s] -- Up-to-date symlink: /Users/howardkang/auto_car/install/rplidar_ros/share/rplidar_ros/launch/rplidar_a3.launch.py
[0.654s] -- Up-to-date symlink: /Users/howardkang/auto_car/install/rplidar_ros/share/rplidar_ros/launch/rplidar_s1.launch.py
[0.654s] -- Up-to-date symlink: /Users/howardkang/auto_car/install/rplidar_ros/share/rplidar_ros/launch/rplidar_s1_tcp.launch.py
[0.654s] -- Up-to-date symlink: /Users/howardkang/auto_car/install/rplidar_ros/share/rplidar_ros/launch/test_rplidar_a3.launch.py
[0.654s] -- Up-to-date symlink: /Users/howardkang/auto_car/install/rplidar_ros/share/rplidar_ros/launch/view_rplidar.launch.py
[0.654s] -- Up-to-date symlink: /Users/howardkang/auto_car/install/rplidar_ros/share/rplidar_ros/launch/view_rplidar_a3.launch.py
[0.654s] -- Up-to-date symlink: /Users/howardkang/auto_car/install/rplidar_ros/share/rplidar_ros/launch/view_rplidar_s1.launch.py
[0.654s] -- Up-to-date symlink: /Users/howardkang/auto_car/install/rplidar_ros/share/rplidar_ros/launch/view_rplidar_s1_tcp.launch.py
[0.654s] -- Up-to-date symlink: /Users/howardkang/auto_car/install/rplidar_ros/share/rplidar_ros/rviz/rplidar.rviz
[0.655s] -- Up-to-date symlink: /Users/howardkang/auto_car/install/rplidar_ros/lib/librplidar_composition_node.dylib
[0.655s] -- Up-to-date symlink: /Users/howardkang/auto_car/install/rplidar_ros/include/rplidar_node.hpp
[0.655s] -- Up-to-date symlink: /Users/howardkang/auto_car/install/rplidar_ros/include/visibility.h
[0.656s] -- Up-to-date symlink: /Users/howardkang/auto_car/install/rplidar_ros/lib/rplidar_ros/rplidar_composition
[0.656s] -- Up-to-date symlink: /Users/howardkang/auto_car/install/rplidar_ros/share/ament_index/resource_index/package_run_dependencies/rplidar_ros
[0.656s] -- Up-to-date symlink: /Users/howardkang/auto_car/install/rplidar_ros/share/ament_index/resource_index/parent_prefix_path/rplidar_ros
[0.656s] -- Up-to-date symlink: /Users/howardkang/auto_car/install/rplidar_ros/share/rplidar_ros/environment/ament_prefix_path.sh
[0.656s] -- Up-to-date symlink: /Users/howardkang/auto_car/install/rplidar_ros/share/rplidar_ros/environment/ament_prefix_path.dsv
[0.657s] -- Up-to-date symlink: /Users/howardkang/auto_car/install/rplidar_ros/share/rplidar_ros/environment/path.sh
[0.657s] -- Up-to-date symlink: /Users/howardkang/auto_car/install/rplidar_ros/share/rplidar_ros/environment/path.dsv
[0.657s] -- Up-to-date symlink: /Users/howardkang/auto_car/install/rplidar_ros/share/rplidar_ros/local_setup.bash
[0.657s] -- Up-to-date symlink: /Users/howardkang/auto_car/install/rplidar_ros/share/rplidar_ros/local_setup.sh
[0.657s] -- Up-to-date symlink: /Users/howardkang/auto_car/install/rplidar_ros/share/rplidar_ros/local_setup.zsh
[0.657s] -- Up-to-date symlink: /Users/howardkang/auto_car/install/rplidar_ros/share/rplidar_ros/local_setup.dsv
[0.658s] -- Symlinking: /Users/howardkang/auto_car/install/rplidar_ros/share/rplidar_ros/package.dsv
[0.669s] -- Up-to-date symlink: /Users/howardkang/auto_car/install/rplidar_ros/share/ament_index/resource_index/packages/rplidar_ros
[0.669s] -- Up-to-date symlink: /Users/howardkang/auto_car/install/rplidar_ros/share/ament_index/resource_index/rclcpp_components/rplidar_ros
[0.669s] -- Up-to-date symlink: /Users/howardkang/auto_car/install/rplidar_ros/share/rplidar_ros/cmake/ament_cmake_export_dependencies-extras.cmake
[0.669s] -- Up-to-date symlink: /Users/howardkang/auto_car/install/rplidar_ros/share/rplidar_ros/cmake/ament_cmake_export_include_directories-extras.cmake
[0.669s] -- Up-to-date symlink: /Users/howardkang/auto_car/install/rplidar_ros/share/rplidar_ros/cmake/rplidar_rosConfig.cmake
[0.669s] -- Up-to-date symlink: /Users/howardkang/auto_car/install/rplidar_ros/share/rplidar_ros/cmake/rplidar_rosConfig-version.cmake
[0.670s] -- Up-to-date symlink: /Users/howardkang/auto_car/install/rplidar_ros/share/rplidar_ros/package.xml
[0.671s] Invoked command in '/Users/howardkang/auto_car/build/rplidar_ros' returned '0': CONDA_PROMPT_MODIFIER=(ros2) SHLVL=2 _=/Users/howardkang/miniconda3/envs/ros2/bin/env __CF_USER_TEXT_ENCODING=0x1F5:0x0:0x0 /Users/howardkang/miniconda3/envs/ros2/bin/cmake --install /Users/howardkang/auto_car/build/rplidar_ros
