[0.113s] Invoking command in '/Users/howardkang/auto_car/build/my_package': CONDA_PROMPT_MODIFIER=(ros2) SHLVL=2 _=/Users/howardkang/miniconda3/envs/ros2/bin/env __CF_USER_TEXT_ENCODING=0x1F5:0x0:0x0 /Users/howardkang/miniconda3/envs/ros2/bin/cmake --build /Users/howardkang/auto_car/build/my_package -- -j8 -l8
[0.213s] [  2%] Built target my_package__cpp
[0.230s] [  2%] Built target ament_cmake_python_symlink_my_package
[0.230s] [ 12%] Built target my_package__rosidl_generator_c
[0.301s] [ 23%] Built target my_package__rosidl_typesupport_introspection_cpp
[0.306s] [ 33%] Built target my_package__rosidl_typesupport_cpp
[0.325s] [ 43%] Built target my_package__rosidl_typesupport_fastrtps_cpp
[0.355s] [ 61%] Built target my_package__rosidl_typesupport_fastrtps_c
[0.355s] [ 64%] Built target my_package__rosidl_typesupport_introspection_c
[0.372s] [ 74%] Built target my_package__rosidl_typesupport_c
[0.407s] [ 74%] Built target my_package
[0.438s] [ 76%] Built target my_package__py
[0.486s] [ 84%] Built target my_package__rosidl_generator_py
[0.531s] [ 89%] Built target my_package__rosidl_typesupport_fastrtps_c__pyext
[0.532s] [ 94%] Built target my_package__rosidl_typesupport_introspection_c__pyext
[0.537s] [100%] Built target my_package__rosidl_typesupport_c__pyext
[0.727s] running egg_info
[0.763s] writing my_package.egg-info/PKG-INFO
[0.791s] writing dependency_links to my_package.egg-info/dependency_links.txt
[0.951s] writing top-level names to my_package.egg-info/top_level.txt
[1.012s] reading manifest file 'my_package.egg-info/SOURCES.txt'
[1.012s] writing manifest file 'my_package.egg-info/SOURCES.txt'
[1.046s] [100%] Built target ament_cmake_python_build_my_package_egg
