[0.113s] Invoking command in '/Users/howardkang/auto_car/build/my_package': CONDA_PROMPT_MODIFIER=(ros2) SHLVL=2 _=/Users/howardkang/miniconda3/envs/ros2/bin/env __CF_USER_TEXT_ENCODING=0x1F5:0x0:0x0 /Users/howardkang/miniconda3/envs/ros2/bin/cmake --build /Users/howardkang/auto_car/build/my_package -- -j8 -l8
[0.258s] [ 10%] Built target my_package__rosidl_generator_c
[0.259s] [ 10%] Built target ament_cmake_python_symlink_my_package
[0.260s] [ 12%] Built target my_package__cpp
[0.383s] [ 23%] Built target my_package__rosidl_typesupport_fastrtps_cpp
[0.392s] [ 33%] Built target my_package__rosidl_typesupport_cpp
[0.393s] [ 43%] Built target my_package__rosidl_typesupport_fastrtps_c
[0.393s] [ 58%] Built target my_package__rosidl_typesupport_introspection_c
[0.393s] [ 64%] Built target my_package__rosidl_typesupport_introspection_cpp
[0.397s] [ 74%] Built target my_package__rosidl_typesupport_c
[0.468s] [ 74%] Built target my_package
[0.514s] [ 76%] Built target my_package__py
[0.556s] [ 84%] Built target my_package__rosidl_generator_py
[0.614s] [ 89%] Built target my_package__rosidl_typesupport_fastrtps_c__pyext
[0.615s] [ 94%] Built target my_package__rosidl_typesupport_c__pyext
[0.619s] [100%] Built target my_package__rosidl_typesupport_introspection_c__pyext
[0.960s] running egg_info
[1.063s] writing my_package.egg-info/PKG-INFO
[1.122s] writing dependency_links to my_package.egg-info/dependency_links.txt
[1.404s] writing top-level names to my_package.egg-info/top_level.txt
[1.489s] reading manifest file 'my_package.egg-info/SOURCES.txt'
[1.494s] writing manifest file 'my_package.egg-info/SOURCES.txt'
[1.527s] [100%] Built target ament_cmake_python_build_my_package_egg
[1.541s] Invoked command in '/Users/howardkang/auto_car/build/my_package' returned '0': CONDA_PROMPT_MODIFIER=(ros2) SHLVL=2 _=/Users/howardkang/miniconda3/envs/ros2/bin/env __CF_USER_TEXT_ENCODING=0x1F5:0x0:0x0 /Users/howardkang/miniconda3/envs/ros2/bin/cmake --build /Users/howardkang/auto_car/build/my_package -- -j8 -l8
