[0.086s] Invoking command in '/Users/howardkang/auto_car/build/urdf_example': CONDA_PROMPT_MODIFIER=(ros2) SHLVL=2 _=/Users/howardkang/miniconda3/envs/ros2/bin/env __CF_USER_TEXT_ENCODING=0x1F5:0x0:0x0 /Users/howardkang/miniconda3/envs/ros2/bin/cmake --build /Users/howardkang/auto_car/build/urdf_example -- -j8 -l8
[0.237s] Invoked command in '/Users/howardkang/auto_car/build/urdf_example' returned '0': CONDA_PROMPT_MODIFIER=(ros2) SHLVL=2 _=/Users/howardkang/miniconda3/envs/ros2/bin/env __CF_USER_TEXT_ENCODING=0x1F5:0x0:0x0 /Users/howardkang/miniconda3/envs/ros2/bin/cmake --build /Users/howardkang/auto_car/build/urdf_example -- -j8 -l8
[0.370s] Invoking command in '/Users/howardkang/auto_car/build/urdf_example': CONDA_PROMPT_MODIFIER=(ros2) SHLVL=2 _=/Users/howardkang/miniconda3/envs/ros2/bin/env __CF_USER_TEXT_ENCODING=0x1F5:0x0:0x0 /Users/howardkang/miniconda3/envs/ros2/bin/cmake --install /Users/howardkang/auto_car/build/urdf_example
[0.382s] -- Install configuration: ""
[0.383s] -- Execute custom install script
[0.383s] -- Up-to-date symlink: /Users/howardkang/auto_car/install/urdf_example/share/urdf_example/description/example_gazebo.xacro
[0.383s] -- Up-to-date symlink: /Users/howardkang/auto_car/install/urdf_example/share/urdf_example/description/example_include.xacro
[0.384s] -- Up-to-date symlink: /Users/howardkang/auto_car/install/urdf_example/share/urdf_example/description/example_robot.urdf.xacro
[0.391s] -- Up-to-date symlink: /Users/howardkang/auto_car/install/urdf_example/share/urdf_example/launch/rsp.launch.py
[0.392s] -- Up-to-date symlink: /Users/howardkang/auto_car/install/urdf_example/share/urdf_example/launch/rsp_sim.launch.py
[0.418s] -- Up-to-date symlink: /Users/howardkang/auto_car/install/urdf_example/share/urdf_example/worlds/test_world.world
[0.418s] -- Up-to-date symlink: /Users/howardkang/auto_car/install/urdf_example/share/urdf_example/worlds/world_test.world
[0.419s] -- Up-to-date symlink: /Users/howardkang/auto_car/install/urdf_example/share/urdf_example/worlds/world_test2.world
[0.423s] -- Up-to-date symlink: /Users/howardkang/auto_car/install/urdf_example/share/ament_index/resource_index/package_run_dependencies/urdf_example
[0.424s] -- Up-to-date symlink: /Users/howardkang/auto_car/install/urdf_example/share/ament_index/resource_index/parent_prefix_path/urdf_example
[0.424s] -- Up-to-date symlink: /Users/howardkang/auto_car/install/urdf_example/share/urdf_example/environment/ament_prefix_path.sh
[0.425s] -- Up-to-date symlink: /Users/howardkang/auto_car/install/urdf_example/share/urdf_example/environment/ament_prefix_path.dsv
[0.425s] -- Up-to-date symlink: /Users/howardkang/auto_car/install/urdf_example/share/urdf_example/environment/path.sh
[0.425s] -- Up-to-date symlink: /Users/howardkang/auto_car/install/urdf_example/share/urdf_example/environment/path.dsv
[0.425s] -- Up-to-date symlink: /Users/howardkang/auto_car/install/urdf_example/share/urdf_example/local_setup.bash
[0.425s] -- Up-to-date symlink: /Users/howardkang/auto_car/install/urdf_example/share/urdf_example/local_setup.sh
[0.425s] -- Up-to-date symlink: /Users/howardkang/auto_car/install/urdf_example/share/urdf_example/local_setup.zsh
[0.426s] -- Up-to-date symlink: /Users/howardkang/auto_car/install/urdf_example/share/urdf_example/local_setup.dsv
[0.426s] -- Symlinking: /Users/howardkang/auto_car/install/urdf_example/share/urdf_example/package.dsv
[0.444s] -- Up-to-date symlink: /Users/howardkang/auto_car/install/urdf_example/share/ament_index/resource_index/packages/urdf_example
[0.445s] -- Up-to-date symlink: /Users/howardkang/auto_car/install/urdf_example/share/urdf_example/cmake/urdf_exampleConfig.cmake
[0.445s] -- Up-to-date symlink: /Users/howardkang/auto_car/install/urdf_example/share/urdf_example/cmake/urdf_exampleConfig-version.cmake
[0.445s] -- Up-to-date symlink: /Users/howardkang/auto_car/install/urdf_example/share/urdf_example/package.xml
[0.447s] Invoked command in '/Users/howardkang/auto_car/build/urdf_example' returned '0': CONDA_PROMPT_MODIFIER=(ros2) SHLVL=2 _=/Users/howardkang/miniconda3/envs/ros2/bin/env __CF_USER_TEXT_ENCODING=0x1F5:0x0:0x0 /Users/howardkang/miniconda3/envs/ros2/bin/cmake --install /Users/howardkang/auto_car/build/urdf_example
