[0.110s] Invoking command in '/Users/howardkang/auto_car/build/my_package': CONDA_PROMPT_MODIFIER=(ros2) SHLVL=2 _=/Users/howardkang/miniconda3/envs/ros2/bin/env __CF_USER_TEXT_ENCODING=0x1F5:0x0:0x0 /Users/howardkang/miniconda3/envs/ros2/bin/cmake --build /Users/howardkang/auto_car/build/my_package -- -j8 -l8
[0.205s] [  2%] Built target my_package__cpp
[0.222s] [  2%] Built target ament_cmake_python_symlink_my_package
[0.227s] [ 12%] Built target my_package__rosidl_generator_c
[0.292s] [ 23%] Built target my_package__rosidl_typesupport_introspection_cpp
[0.301s] [ 33%] Built target my_package__rosidl_typesupport_cpp
[0.307s] [ 48%] Built target my_package__rosidl_typesupport_c
[0.308s] [ 53%] Built target my_package__rosidl_typesupport_fastrtps_cpp
[0.310s] [ 64%] Built target my_package__rosidl_typesupport_fastrtps_c
[0.315s] [ 74%] Built target my_package__rosidl_typesupport_introspection_c
[0.344s] [ 74%] Built target my_package
[0.390s] [ 76%] Built target my_package__py
[0.436s] [ 84%] Built target my_package__rosidl_generator_py
[0.494s] [ 89%] Built target my_package__rosidl_typesupport_introspection_c__pyext
[0.495s] [ 97%] Built target my_package__rosidl_typesupport_c__pyext
[0.495s] [100%] Built target my_package__rosidl_typesupport_fastrtps_c__pyext
[0.682s] running egg_info
[0.717s] writing my_package.egg-info/PKG-INFO
[0.744s] writing dependency_links to my_package.egg-info/dependency_links.txt
[0.906s] writing top-level names to my_package.egg-info/top_level.txt
[0.968s] reading manifest file 'my_package.egg-info/SOURCES.txt'
[0.968s] writing manifest file 'my_package.egg-info/SOURCES.txt'
[1.002s] [100%] Built target ament_cmake_python_build_my_package_egg
