[0.081s] Invoking command in '/Users/howardkang/auto_car/build/my_package': CONDA_PROMPT_MODIFIER=(ros2) SHLVL=2 _=/Users/howardkang/miniconda3/envs/ros2/bin/env __CF_USER_TEXT_ENCODING=0x1F5:0x0:0x0 /Users/howardkang/miniconda3/envs/ros2/bin/cmake --build /Users/howardkang/auto_car/build/my_package -- -j8 -l8
[0.177s] -- Found Python3: /Users/howardkang/miniconda3/envs/ros2/bin/python3.10 (found version "3.10.13") found components: Interpreter 
[0.207s] -- Found ament_cmake: 1.3.3 (/Users/howardkang/miniconda3/envs/ros2/share/ament_cmake/cmake)
[0.268s] -- Override CMake install command with custom implementation using symlinks instead of copying resources
[0.274s] -- Found std_msgs: 4.2.3 (/Users/howardkang/miniconda3/envs/ros2/share/std_msgs/cmake)
[0.343s] -- Found rosidl_generator_c: 3.1.4 (/Users/howardkang/miniconda3/envs/ros2/share/rosidl_generator_c/cmake)
[0.343s] -- Found rosidl_adapter: 3.1.4 (/Users/howardkang/miniconda3/envs/ros2/share/rosidl_adapter/cmake)
[0.343s] -- Found rosidl_generator_cpp: 3.1.4 (/Users/howardkang/miniconda3/envs/ros2/share/rosidl_generator_cpp/cmake)
[0.343s] -- Using all available rosidl_typesupport_c: rosidl_typesupport_fastrtps_c;rosidl_typesupport_introspection_c
[0.359s] -- Using all available rosidl_typesupport_cpp: rosidl_typesupport_fastrtps_cpp;rosidl_typesupport_introspection_cpp
[0.403s] -- Found rosidl_default_generators: 1.2.0 (/Users/howardkang/miniconda3/envs/ros2/share/rosidl_default_generators/cmake)
[0.560s] -- Found ament_cmake_ros: 0.10.0 (/Users/howardkang/miniconda3/envs/ros2/share/ament_cmake_ros/cmake)
[0.709s] -- Using all available rosidl_typesupport_c: rosidl_typesupport_fastrtps_c;rosidl_typesupport_introspection_c
[0.764s] -- Using all available rosidl_typesupport_cpp: rosidl_typesupport_fastrtps_cpp;rosidl_typesupport_introspection_cpp
[0.779s] -- Found python_cmake_module: 0.10.0 (/Users/howardkang/miniconda3/envs/ros2/share/python_cmake_module/cmake)
[0.791s] -- Using PythonExtra_INCLUDE_DIRS: /Users/howardkang/miniconda3/envs/ros2/include/python3.10;/Users/howardkang/miniconda3/envs/ros2/include/python3.10
[0.791s] -- Using PythonExtra_LIBRARIES: /Users/howardkang/miniconda3/envs/ros2/lib/libpython3.10.dylib
[0.992s] -- Found Python3: /Users/howardkang/miniconda3/envs/ros2/bin/python3.10 (found version "3.10.13") found components: Development NumPy Interpreter Development.Module Development.Embed 
[1.015s] -- Found ament_lint_auto: 0.12.5 (/Users/howardkang/miniconda3/envs/ros2/share/ament_lint_auto/cmake)
[1.046s] -- Added test 'flake8' to check Python code syntax and style conventions
[1.049s] -- Added test 'lint_cmake' to check CMake code style
[1.051s] -- Added test 'pep257' to check Python code against some of the docstring style conventions in PEP 257
[1.061s] -- Added test 'xmllint' to check XML markup files
[1.064s] -- Configuring done (0.9s)
[1.136s] -- Generating done (0.1s)
[1.144s] -- Build files have been written to: /Users/howardkang/auto_car/build/my_package
[1.187s] [  2%] Built target my_package__cpp
[1.193s] [ 12%] Built target my_package__rosidl_generator_c
[1.203s] [ 12%] Built target ament_cmake_python_symlink_my_package
[1.250s] [ 23%] Built target my_package__rosidl_typesupport_cpp
[1.252s] [ 33%] Built target my_package__rosidl_typesupport_introspection_c
[1.260s] [ 43%] Built target my_package__rosidl_typesupport_c
[1.262s] [ 53%] Built target my_package__rosidl_typesupport_fastrtps_cpp
[1.270s] [ 64%] Built target my_package__rosidl_typesupport_introspection_cpp
[1.270s] [ 74%] Built target my_package__rosidl_typesupport_fastrtps_c
[1.298s] [ 74%] Built target my_package
[1.327s] [ 76%] Built target my_package__py
[1.374s] [ 84%] Built target my_package__rosidl_generator_py
[1.462s] [ 89%] Built target my_package__rosidl_typesupport_fastrtps_c__pyext
[1.480s] [ 94%] Built target my_package__rosidl_typesupport_c__pyext
[1.480s] [100%] Built target my_package__rosidl_typesupport_introspection_c__pyext
[1.647s] running egg_info
[1.682s] writing my_package.egg-info/PKG-INFO
[1.709s] writing dependency_links to my_package.egg-info/dependency_links.txt
[1.870s] writing top-level names to my_package.egg-info/top_level.txt
[1.921s] reading manifest file 'my_package.egg-info/SOURCES.txt'
[1.922s] writing manifest file 'my_package.egg-info/SOURCES.txt'
[1.946s] [100%] Built target ament_cmake_python_build_my_package_egg
[1.958s] Invoked command in '/Users/howardkang/auto_car/build/my_package' returned '0': CONDA_PROMPT_MODIFIER=(ros2) SHLVL=2 _=/Users/howardkang/miniconda3/envs/ros2/bin/env __CF_USER_TEXT_ENCODING=0x1F5:0x0:0x0 /Users/howardkang/miniconda3/envs/ros2/bin/cmake --build /Users/howardkang/auto_car/build/my_package -- -j8 -l8
[2.121s] Invoking command in '/Users/howardkang/auto_car/build/my_package': CONDA_PROMPT_MODIFIER=(ros2) SHLVL=2 _=/Users/howardkang/miniconda3/envs/ros2/bin/env __CF_USER_TEXT_ENCODING=0x1F5:0x0:0x0 /Users/howardkang/miniconda3/envs/ros2/bin/cmake --install /Users/howardkang/auto_car/build/my_package
[2.129s] -- Install configuration: ""
[2.130s] -- Execute custom install script
[2.130s] -- Up-to-date symlink: /Users/howardkang/auto_car/install/my_package/share/ament_index/resource_index/rosidl_interfaces/my_package
[2.130s] -- Up-to-date symlink: /Users/howardkang/auto_car/install/my_package/include/my_package/my_package/msg/detail/inference_result__functions.h
[2.130s] -- Up-to-date symlink: /Users/howardkang/auto_car/install/my_package/include/my_package/my_package/msg/detail/inference_result__struct.h
[2.131s] -- Up-to-date symlink: /Users/howardkang/auto_car/install/my_package/include/my_package/my_package/msg/detail/inference_result__type_support.h
[2.131s] -- Up-to-date symlink: /Users/howardkang/auto_car/install/my_package/include/my_package/my_package/msg/detail/yolov8_inference__functions.h
[2.131s] -- Up-to-date symlink: /Users/howardkang/auto_car/install/my_package/include/my_package/my_package/msg/detail/yolov8_inference__struct.h
[2.131s] -- Up-to-date symlink: /Users/howardkang/auto_car/install/my_package/include/my_package/my_package/msg/detail/yolov8_inference__type_support.h
[2.131s] -- Up-to-date symlink: /Users/howardkang/auto_car/install/my_package/include/my_package/my_package/msg/inference_result.h
[2.131s] -- Up-to-date symlink: /Users/howardkang/auto_car/install/my_package/include/my_package/my_package/msg/rosidl_generator_c__visibility_control.h
[2.131s] -- Up-to-date symlink: /Users/howardkang/auto_car/install/my_package/include/my_package/my_package/msg/yolov8_inference.h
[2.132s] -- Up-to-date symlink: /Users/howardkang/auto_car/install/my_package/include/my_package/my_package/msg/detail/inference_result__rosidl_typesupport_fastrtps_c.h
[2.132s] -- Up-to-date symlink: /Users/howardkang/auto_car/install/my_package/include/my_package/my_package/msg/detail/yolov8_inference__rosidl_typesupport_fastrtps_c.h
[2.132s] -- Up-to-date symlink: /Users/howardkang/auto_car/install/my_package/include/my_package/my_package/msg/rosidl_typesupport_fastrtps_c__visibility_control.h
[2.132s] -- Up-to-date symlink: /Users/howardkang/auto_car/install/my_package/include/my_package/my_package/msg/detail/inference_result__builder.hpp
[2.132s] -- Up-to-date symlink: /Users/howardkang/auto_car/install/my_package/include/my_package/my_package/msg/detail/inference_result__struct.hpp
[2.132s] -- Up-to-date symlink: /Users/howardkang/auto_car/install/my_package/include/my_package/my_package/msg/detail/inference_result__traits.hpp
[2.132s] -- Up-to-date symlink: /Users/howardkang/auto_car/install/my_package/include/my_package/my_package/msg/detail/yolov8_inference__builder.hpp
[2.132s] -- Up-to-date symlink: /Users/howardkang/auto_car/install/my_package/include/my_package/my_package/msg/detail/yolov8_inference__struct.hpp
[2.133s] -- Up-to-date symlink: /Users/howardkang/auto_car/install/my_package/include/my_package/my_package/msg/detail/yolov8_inference__traits.hpp
[2.133s] -- Up-to-date symlink: /Users/howardkang/auto_car/install/my_package/include/my_package/my_package/msg/inference_result.hpp
[2.133s] -- Up-to-date symlink: /Users/howardkang/auto_car/install/my_package/include/my_package/my_package/msg/yolov8_inference.hpp
[2.133s] -- Up-to-date symlink: /Users/howardkang/auto_car/install/my_package/include/my_package/my_package/msg/detail/inference_result__rosidl_typesupport_fastrtps_cpp.hpp
[2.133s] -- Up-to-date symlink: /Users/howardkang/auto_car/install/my_package/include/my_package/my_package/msg/detail/yolov8_inference__rosidl_typesupport_fastrtps_cpp.hpp
[2.133s] -- Up-to-date symlink: /Users/howardkang/auto_car/install/my_package/include/my_package/my_package/msg/rosidl_typesupport_fastrtps_cpp__visibility_control.h
[2.134s] -- Up-to-date symlink: /Users/howardkang/auto_car/install/my_package/include/my_package/my_package/msg/detail/inference_result__rosidl_typesupport_introspection_c.h
[2.134s] -- Up-to-date symlink: /Users/howardkang/auto_car/install/my_package/include/my_package/my_package/msg/detail/yolov8_inference__rosidl_typesupport_introspection_c.h
[2.134s] -- Up-to-date symlink: /Users/howardkang/auto_car/install/my_package/include/my_package/my_package/msg/rosidl_typesupport_introspection_c__visibility_control.h
[2.134s] -- Up-to-date symlink: /Users/howardkang/auto_car/install/my_package/include/my_package/my_package/msg/detail/inference_result__rosidl_typesupport_introspection_cpp.hpp
[2.134s] -- Up-to-date symlink: /Users/howardkang/auto_car/install/my_package/include/my_package/my_package/msg/detail/yolov8_inference__rosidl_typesupport_introspection_cpp.hpp
[2.134s] -- Up-to-date symlink: /Users/howardkang/auto_car/install/my_package/share/my_package/environment/pythonpath.sh
[2.134s] -- Up-to-date symlink: /Users/howardkang/auto_car/install/my_package/share/my_package/environment/pythonpath.dsv
[2.135s] -- Up-to-date symlink: /Users/howardkang/auto_car/install/my_package/lib/python3.10/site-packages/my_package-0.0.0-py3.10.egg-info/PKG-INFO
[2.135s] -- Up-to-date symlink: /Users/howardkang/auto_car/install/my_package/lib/python3.10/site-packages/my_package-0.0.0-py3.10.egg-info/SOURCES.txt
[2.135s] -- Up-to-date symlink: /Users/howardkang/auto_car/install/my_package/lib/python3.10/site-packages/my_package-0.0.0-py3.10.egg-info/dependency_links.txt
[2.135s] -- Up-to-date symlink: /Users/howardkang/auto_car/install/my_package/lib/python3.10/site-packages/my_package-0.0.0-py3.10.egg-info/top_level.txt
[2.135s] -- Up-to-date symlink: /Users/howardkang/auto_car/install/my_package/lib/python3.10/site-packages/my_package/__init__.py
[2.136s] -- Up-to-date symlink: /Users/howardkang/auto_car/install/my_package/lib/python3.10/site-packages/my_package/_my_package_s.ep.rosidl_typesupport_c.c
[2.136s] -- Up-to-date symlink: /Users/howardkang/auto_car/install/my_package/lib/python3.10/site-packages/my_package/_my_package_s.ep.rosidl_typesupport_fastrtps_c.c
[2.136s] -- Up-to-date symlink: /Users/howardkang/auto_car/install/my_package/lib/python3.10/site-packages/my_package/_my_package_s.ep.rosidl_typesupport_introspection_c.c
[2.136s] -- Up-to-date symlink: /Users/howardkang/auto_car/install/my_package/lib/python3.10/site-packages/my_package/libmy_package__rosidl_generator_py.dylib
[2.136s] -- Up-to-date symlink: /Users/howardkang/auto_car/install/my_package/lib/python3.10/site-packages/my_package/msg/__init__.py
[2.136s] -- Up-to-date symlink: /Users/howardkang/auto_car/install/my_package/lib/python3.10/site-packages/my_package/msg/_inference_result.py
[2.136s] -- Up-to-date symlink: /Users/howardkang/auto_car/install/my_package/lib/python3.10/site-packages/my_package/msg/_inference_result_s.c
[2.136s] -- Up-to-date symlink: /Users/howardkang/auto_car/install/my_package/lib/python3.10/site-packages/my_package/msg/_yolov8_inference.py
[2.136s] -- Up-to-date symlink: /Users/howardkang/auto_car/install/my_package/lib/python3.10/site-packages/my_package/msg/_yolov8_inference_s.c
[2.136s] -- Up-to-date symlink: /Users/howardkang/auto_car/install/my_package/lib/python3.10/site-packages/my_package/my_package_s__rosidl_typesupport_c.cpython-310-darwin.so
[2.137s] -- Up-to-date symlink: /Users/howardkang/auto_car/install/my_package/lib/python3.10/site-packages/my_package/my_package_s__rosidl_typesupport_fastrtps_c.cpython-310-darwin.so
[2.137s] -- Up-to-date symlink: /Users/howardkang/auto_car/install/my_package/lib/python3.10/site-packages/my_package/my_package_s__rosidl_typesupport_introspection_c.cpython-310-darwin.so
[2.137s] -- Up-to-date symlink: /Users/howardkang/auto_car/install/my_package/lib/python3.10/site-packages/my_package/my_package_s__rosidl_typesupport_fastrtps_c.cpython-310-darwin.so
[2.137s] -- Up-to-date symlink: /Users/howardkang/auto_car/install/my_package/lib/python3.10/site-packages/my_package/my_package_s__rosidl_typesupport_introspection_c.cpython-310-darwin.so
[2.137s] -- Up-to-date symlink: /Users/howardkang/auto_car/install/my_package/lib/python3.10/site-packages/my_package/my_package_s__rosidl_typesupport_c.cpython-310-darwin.so
[2.137s] -- Up-to-date symlink: /Users/howardkang/auto_car/install/my_package/share/my_package/msg/InferenceResult.idl
[2.138s] -- Up-to-date symlink: /Users/howardkang/auto_car/install/my_package/share/my_package/msg/Yolov8Inference.idl
[2.138s] -- Up-to-date symlink: /Users/howardkang/auto_car/install/my_package/share/my_package/msg/InferenceResult.msg
[2.138s] -- Up-to-date symlink: /Users/howardkang/auto_car/install/my_package/share/my_package/msg/Yolov8Inference.msg
[2.138s] -- Up-to-date symlink: /Users/howardkang/auto_car/install/my_package/share/my_package/description/.DS_Store
[2.138s] -- Up-to-date symlink: /Users/howardkang/auto_car/install/my_package/share/my_package/description/camera.xacro
[2.138s] -- Up-to-date symlink: /Users/howardkang/auto_car/install/my_package/share/my_package/description/gazebo_control.xacro
[2.138s] -- Up-to-date symlink: /Users/howardkang/auto_car/install/my_package/share/my_package/description/inertial_macros.xacro
[2.138s] -- Up-to-date symlink: /Users/howardkang/auto_car/install/my_package/share/my_package/description/robot.urdf.xacro
[2.138s] -- Up-to-date symlink: /Users/howardkang/auto_car/install/my_package/share/my_package/description/robot_core.xacro
[2.139s] -- Up-to-date symlink: /Users/howardkang/auto_car/install/my_package/share/my_package/description/robot_github.urdf.xacro
[2.139s] -- Up-to-date symlink: /Users/howardkang/auto_car/install/my_package/share/my_package/launch/listener.launch.py
[2.139s] -- Up-to-date symlink: /Users/howardkang/auto_car/install/my_package/share/my_package/launch/rsp.launch.py
[2.139s] -- Up-to-date symlink: /Users/howardkang/auto_car/install/my_package/share/my_package/launch/rsp.launch.sim.py
[2.139s] -- Up-to-date symlink: /Users/howardkang/auto_car/install/my_package/share/my_package/launch/talker.launch.py
[2.139s] -- Up-to-date symlink: /Users/howardkang/auto_car/install/my_package/share/my_package/launch/yolov8.launch.py
[2.139s] -- Up-to-date symlink: /Users/howardkang/auto_car/install/my_package/share/my_package/worlds/world_test.world
[2.139s] -- Up-to-date symlink: /Users/howardkang/auto_car/install/my_package/share/my_package/worlds/world_test2.world
[2.140s] CMake Warning (dev) at ament_cmake_symlink_install/ament_cmake_symlink_install.cmake:62 (file):
[2.140s]   Policy CMP0009 is not set: FILE GLOB_RECURSE calls should not follow
[2.140s]   symlinks by default.  Run "cmake --help-policy CMP0009" for policy details.
[2.140s]   Use the cmake_policy command to set the policy and suppress this warning.
[2.140s] Call Stack (most recent call first):
[2.140s]   ament_cmake_symlink_install/ament_cmake_symlink_install.cmake:368 (ament_cmake_symlink_install_directory)
[2.140s]   cmake_install.cmake:41 (include)
[2.140s] This warning is for project developers.  Use -Wno-dev to suppress it.
[2.140s] 
[2.140s] -- Up-to-date symlink: /Users/howardkang/auto_car/install/my_package/share/my_package/scripts/build/.built_by
[2.140s] -- Up-to-date symlink: /Users/howardkang/auto_car/install/my_package/share/my_package/scripts/build/COLCON_IGNORE
[2.140s] -- Up-to-date symlink: /Users/howardkang/auto_car/install/my_package/share/my_package/scripts/install/.colcon_install_layout
[2.141s] -- Up-to-date symlink: /Users/howardkang/auto_car/install/my_package/share/my_package/scripts/install/COLCON_IGNORE
[2.141s] -- Up-to-date symlink: /Users/howardkang/auto_car/install/my_package/share/my_package/scripts/install/_local_setup_util_ps1.py
[2.141s] -- Up-to-date symlink: /Users/howardkang/auto_car/install/my_package/share/my_package/scripts/install/_local_setup_util_sh.py
[2.141s] -- Up-to-date symlink: /Users/howardkang/auto_car/install/my_package/share/my_package/scripts/install/local_setup.bash
[2.141s] -- Up-to-date symlink: /Users/howardkang/auto_car/install/my_package/share/my_package/scripts/install/local_setup.ps1
[2.141s] -- Up-to-date symlink: /Users/howardkang/auto_car/install/my_package/share/my_package/scripts/install/local_setup.sh
[2.142s] -- Up-to-date symlink: /Users/howardkang/auto_car/install/my_package/share/my_package/scripts/install/local_setup.zsh
[2.142s] -- Up-to-date symlink: /Users/howardkang/auto_car/install/my_package/share/my_package/scripts/install/setup.bash
[2.142s] -- Up-to-date symlink: /Users/howardkang/auto_car/install/my_package/share/my_package/scripts/install/setup.ps1
[2.142s] -- Up-to-date symlink: /Users/howardkang/auto_car/install/my_package/share/my_package/scripts/install/setup.sh
[2.142s] -- Up-to-date symlink: /Users/howardkang/auto_car/install/my_package/share/my_package/scripts/install/setup.zsh
[2.142s] -- Up-to-date symlink: /Users/howardkang/auto_car/install/my_package/share/my_package/scripts/log/COLCON_IGNORE
[2.143s] -- Up-to-date symlink: /Users/howardkang/auto_car/install/my_package/share/my_package/scripts/log/build_2024-02-07_01-39-20/events.log
[2.143s] -- Up-to-date symlink: /Users/howardkang/auto_car/install/my_package/share/my_package/scripts/log/build_2024-02-07_01-39-20/logger_all.log
[2.143s] -- Up-to-date symlink: /Users/howardkang/auto_car/install/my_package/share/my_package/scripts/log/latest/events.log
[2.143s] -- Up-to-date symlink: /Users/howardkang/auto_car/install/my_package/share/my_package/scripts/log/latest/logger_all.log
[2.143s] -- Up-to-date symlink: /Users/howardkang/auto_car/install/my_package/share/my_package/scripts/log/latest_build/events.log
[2.143s] -- Up-to-date symlink: /Users/howardkang/auto_car/install/my_package/share/my_package/scripts/log/latest_build/logger_all.log
[2.144s] -- Up-to-date symlink: /Users/howardkang/auto_car/install/my_package/share/my_package/scripts/robot_control.py
[2.144s] -- Up-to-date symlink: /Users/howardkang/auto_car/install/my_package/share/my_package/scripts/yolov8_ros2_pt.py
[2.144s] -- Up-to-date symlink: /Users/howardkang/auto_car/install/my_package/share/my_package/scripts/yolov8_ros2_subscriber.py
[2.144s] -- Up-to-date symlink: /Users/howardkang/auto_car/install/my_package/share/my_package/scripts/yolov8n.pt
[2.144s] -- Up-to-date symlink: /Users/howardkang/auto_car/install/my_package/lib/my_package/description/.DS_Store
[2.145s] -- Up-to-date symlink: /Users/howardkang/auto_car/install/my_package/lib/my_package/description/camera.xacro
[2.145s] -- Up-to-date symlink: /Users/howardkang/auto_car/install/my_package/lib/my_package/description/gazebo_control.xacro
[2.145s] -- Up-to-date symlink: /Users/howardkang/auto_car/install/my_package/lib/my_package/description/inertial_macros.xacro
[2.145s] -- Up-to-date symlink: /Users/howardkang/auto_car/install/my_package/lib/my_package/description/robot.urdf.xacro
[2.145s] -- Up-to-date symlink: /Users/howardkang/auto_car/install/my_package/lib/my_package/description/robot_core.xacro
[2.145s] -- Up-to-date symlink: /Users/howardkang/auto_car/install/my_package/lib/my_package/description/robot_github.urdf.xacro
[2.146s] -- Up-to-date symlink: /Users/howardkang/auto_car/install/my_package/lib/my_package/launch/listener.launch.py
[2.146s] -- Up-to-date symlink: /Users/howardkang/auto_car/install/my_package/lib/my_package/launch/rsp.launch.py
[2.146s] -- Up-to-date symlink: /Users/howardkang/auto_car/install/my_package/lib/my_package/launch/rsp.launch.sim.py
[2.146s] -- Up-to-date symlink: /Users/howardkang/auto_car/install/my_package/lib/my_package/launch/talker.launch.py
[2.146s] -- Up-to-date symlink: /Users/howardkang/auto_car/install/my_package/lib/my_package/launch/yolov8.launch.py
[2.146s] -- Up-to-date symlink: /Users/howardkang/auto_car/install/my_package/lib/my_package/worlds/world_test.world
[2.146s] -- Up-to-date symlink: /Users/howardkang/auto_car/install/my_package/lib/my_package/worlds/world_test2.world
[2.147s] CMake Warning (dev) at ament_cmake_symlink_install/ament_cmake_symlink_install.cmake:62 (file):
[2.147s]   Policy CMP0009 is not set: FILE GLOB_RECURSE calls should not follow
[2.147s]   symlinks by default.  Run "cmake --help-policy CMP0009" for policy details.
[2.147s]   Use the cmake_policy command to set the policy and suppress this warning.
[2.147s] Call Stack (most recent call first):
[2.147s]   ament_cmake_symlink_install/ament_cmake_symlink_install.cmake:371 (ament_cmake_symlink_install_directory)
[2.147s]   cmake_install.cmake:41 (include)
[2.147s] This warning is for project developers.  Use -Wno-dev to suppress it.
[2.147s] 
[2.147s] -- Up-to-date symlink: /Users/howardkang/auto_car/install/my_package/lib/my_package/scripts/build/.built_by
[2.147s] -- Up-to-date symlink: /Users/howardkang/auto_car/install/my_package/lib/my_package/scripts/build/COLCON_IGNORE
[2.147s] -- Up-to-date symlink: /Users/howardkang/auto_car/install/my_package/lib/my_package/scripts/install/.colcon_install_layout
[2.147s] -- Up-to-date symlink: /Users/howardkang/auto_car/install/my_package/lib/my_package/scripts/install/COLCON_IGNORE
[2.147s] -- Up-to-date symlink: /Users/howardkang/auto_car/install/my_package/lib/my_package/scripts/install/_local_setup_util_ps1.py
[2.147s] -- Up-to-date symlink: /Users/howardkang/auto_car/install/my_package/lib/my_package/scripts/install/_local_setup_util_sh.py
[2.147s] -- Up-to-date symlink: /Users/howardkang/auto_car/install/my_package/lib/my_package/scripts/install/local_setup.bash
[2.147s] -- Up-to-date symlink: /Users/howardkang/auto_car/install/my_package/lib/my_package/scripts/install/local_setup.ps1
[2.147s] -- Up-to-date symlink: /Users/howardkang/auto_car/install/my_package/lib/my_package/scripts/install/local_setup.sh
[2.148s] -- Up-to-date symlink: /Users/howardkang/auto_car/install/my_package/lib/my_package/scripts/install/local_setup.zsh
[2.148s] -- Up-to-date symlink: /Users/howardkang/auto_car/install/my_package/lib/my_package/scripts/install/setup.bash
[2.148s] -- Up-to-date symlink: /Users/howardkang/auto_car/install/my_package/lib/my_package/scripts/install/setup.ps1
[2.148s] -- Up-to-date symlink: /Users/howardkang/auto_car/install/my_package/lib/my_package/scripts/install/setup.sh
[2.148s] -- Up-to-date symlink: /Users/howardkang/auto_car/install/my_package/lib/my_package/scripts/install/setup.zsh
[2.148s] -- Up-to-date symlink: /Users/howardkang/auto_car/install/my_package/lib/my_package/scripts/log/COLCON_IGNORE
[2.148s] -- Up-to-date symlink: /Users/howardkang/auto_car/install/my_package/lib/my_package/scripts/log/build_2024-02-07_01-39-20/events.log
[2.148s] -- Up-to-date symlink: /Users/howardkang/auto_car/install/my_package/lib/my_package/scripts/log/build_2024-02-07_01-39-20/logger_all.log
[2.148s] -- Up-to-date symlink: /Users/howardkang/auto_car/install/my_package/lib/my_package/scripts/log/latest/events.log
[2.149s] -- Up-to-date symlink: /Users/howardkang/auto_car/install/my_package/lib/my_package/scripts/log/latest/logger_all.log
[2.149s] -- Up-to-date symlink: /Users/howardkang/auto_car/install/my_package/lib/my_package/scripts/log/latest_build/events.log
[2.149s] -- Up-to-date symlink: /Users/howardkang/auto_car/install/my_package/lib/my_package/scripts/log/latest_build/logger_all.log
[2.149s] -- Up-to-date symlink: /Users/howardkang/auto_car/install/my_package/lib/my_package/scripts/robot_control.py
[2.149s] -- Up-to-date symlink: /Users/howardkang/auto_car/install/my_package/lib/my_package/scripts/yolov8_ros2_pt.py
[2.149s] -- Up-to-date symlink: /Users/howardkang/auto_car/install/my_package/lib/my_package/scripts/yolov8_ros2_subscriber.py
[2.149s] -- Up-to-date symlink: /Users/howardkang/auto_car/install/my_package/lib/my_package/scripts/yolov8n.pt
[2.149s] -- Symlinking: /Users/howardkang/auto_car/install/my_package/lib/my_package/yolov8_ros2_pt.py
[2.159s] -- Up-to-date symlink: /Users/howardkang/auto_car/install/my_package/share/ament_index/resource_index/package_run_dependencies/my_package
[2.159s] -- Up-to-date symlink: /Users/howardkang/auto_car/install/my_package/share/ament_index/resource_index/parent_prefix_path/my_package
[2.159s] -- Up-to-date symlink: /Users/howardkang/auto_car/install/my_package/share/my_package/environment/ament_prefix_path.sh
[2.159s] -- Up-to-date symlink: /Users/howardkang/auto_car/install/my_package/share/my_package/environment/ament_prefix_path.dsv
[2.160s] -- Up-to-date symlink: /Users/howardkang/auto_car/install/my_package/share/my_package/environment/path.sh
[2.160s] -- Up-to-date symlink: /Users/howardkang/auto_car/install/my_package/share/my_package/environment/path.dsv
[2.160s] -- Up-to-date symlink: /Users/howardkang/auto_car/install/my_package/share/my_package/local_setup.bash
[2.160s] -- Up-to-date symlink: /Users/howardkang/auto_car/install/my_package/share/my_package/local_setup.sh
[2.160s] -- Up-to-date symlink: /Users/howardkang/auto_car/install/my_package/share/my_package/local_setup.zsh
[2.160s] -- Up-to-date symlink: /Users/howardkang/auto_car/install/my_package/share/my_package/local_setup.dsv
[2.160s] -- Symlinking: /Users/howardkang/auto_car/install/my_package/share/my_package/package.dsv
[2.170s] -- Up-to-date symlink: /Users/howardkang/auto_car/install/my_package/share/ament_index/resource_index/packages/my_package
[2.170s] -- Up-to-date symlink: /Users/howardkang/auto_car/install/my_package/share/my_package/cmake/rosidl_cmake-extras.cmake
[2.170s] -- Up-to-date symlink: /Users/howardkang/auto_car/install/my_package/share/my_package/cmake/ament_cmake_export_dependencies-extras.cmake
[2.170s] -- Up-to-date symlink: /Users/howardkang/auto_car/install/my_package/share/my_package/cmake/ament_cmake_export_include_directories-extras.cmake
[2.171s] -- Up-to-date symlink: /Users/howardkang/auto_car/install/my_package/share/my_package/cmake/ament_cmake_export_libraries-extras.cmake
[2.171s] -- Up-to-date symlink: /Users/howardkang/auto_car/install/my_package/share/my_package/cmake/ament_cmake_export_targets-extras.cmake
[2.171s] -- Up-to-date symlink: /Users/howardkang/auto_car/install/my_package/share/my_package/cmake/rosidl_cmake_export_typesupport_targets-extras.cmake
[2.171s] -- Up-to-date symlink: /Users/howardkang/auto_car/install/my_package/share/my_package/cmake/rosidl_cmake_export_typesupport_libraries-extras.cmake
[2.171s] -- Up-to-date symlink: /Users/howardkang/auto_car/install/my_package/share/my_package/cmake/my_packageConfig.cmake
[2.171s] -- Up-to-date symlink: /Users/howardkang/auto_car/install/my_package/share/my_package/cmake/my_packageConfig-version.cmake
[2.171s] -- Up-to-date symlink: /Users/howardkang/auto_car/install/my_package/share/my_package/package.xml
[2.171s] -- Up-to-date: /Users/howardkang/auto_car/install/my_package/lib/libmy_package__rosidl_generator_c.dylib
[2.171s] -- Installing: /Users/howardkang/auto_car/install/my_package/lib/libmy_package__rosidl_typesupport_fastrtps_c.dylib
[2.176s] [cctools-port]: generating fake signature for '/Users/howardkang/auto_car/install/my_package/lib/libmy_package__rosidl_typesupport_fastrtps_c.dylib'
[2.186s] -- Up-to-date: /Users/howardkang/auto_car/install/my_package/lib/libmy_package__rosidl_typesupport_fastrtps_cpp.dylib
[2.186s] -- Installing: /Users/howardkang/auto_car/install/my_package/lib/libmy_package__rosidl_typesupport_introspection_c.dylib
[2.189s] [cctools-port]: generating fake signature for '/Users/howardkang/auto_car/install/my_package/lib/libmy_package__rosidl_typesupport_introspection_c.dylib'
[2.196s] -- Installing: /Users/howardkang/auto_car/install/my_package/lib/libmy_package__rosidl_typesupport_c.dylib
[2.198s] [cctools-port]: generating fake signature for '/Users/howardkang/auto_car/install/my_package/lib/libmy_package__rosidl_typesupport_c.dylib'
[2.205s] -- Up-to-date: /Users/howardkang/auto_car/install/my_package/lib/libmy_package__rosidl_typesupport_introspection_cpp.dylib
[2.205s] -- Up-to-date: /Users/howardkang/auto_car/install/my_package/lib/libmy_package__rosidl_typesupport_cpp.dylib
[2.227s] Listing 'lib/python3.10/site-packages/my_package'...
[2.227s] Can't list 'lib/python3.10/site-packages/my_package'
[2.229s] -- Installing: /Users/howardkang/auto_car/install/my_package/lib/libmy_package__rosidl_generator_py.dylib
[2.232s] [cctools-port]: generating fake signature for '/Users/howardkang/auto_car/install/my_package/lib/libmy_package__rosidl_generator_py.dylib'
[2.240s] -- Up-to-date: /Users/howardkang/auto_car/install/my_package/share/my_package/cmake/export_my_package__rosidl_generator_cExport.cmake
[2.240s] -- Up-to-date: /Users/howardkang/auto_car/install/my_package/share/my_package/cmake/export_my_package__rosidl_generator_cExport-noconfig.cmake
[2.240s] -- Up-to-date: /Users/howardkang/auto_car/install/my_package/share/my_package/cmake/export_my_package__rosidl_typesupport_fastrtps_cExport.cmake
[2.240s] -- Up-to-date: /Users/howardkang/auto_car/install/my_package/share/my_package/cmake/export_my_package__rosidl_typesupport_fastrtps_cExport-noconfig.cmake
[2.240s] -- Up-to-date: /Users/howardkang/auto_car/install/my_package/share/my_package/cmake/export_my_package__rosidl_generator_cppExport.cmake
[2.241s] -- Up-to-date: /Users/howardkang/auto_car/install/my_package/share/my_package/cmake/export_my_package__rosidl_typesupport_fastrtps_cppExport.cmake
[2.241s] -- Up-to-date: /Users/howardkang/auto_car/install/my_package/share/my_package/cmake/export_my_package__rosidl_typesupport_fastrtps_cppExport-noconfig.cmake
[2.241s] -- Up-to-date: /Users/howardkang/auto_car/install/my_package/share/my_package/cmake/my_package__rosidl_typesupport_introspection_cExport.cmake
[2.241s] -- Up-to-date: /Users/howardkang/auto_car/install/my_package/share/my_package/cmake/my_package__rosidl_typesupport_introspection_cExport-noconfig.cmake
[2.241s] -- Up-to-date: /Users/howardkang/auto_car/install/my_package/share/my_package/cmake/my_package__rosidl_typesupport_cExport.cmake
[2.241s] -- Up-to-date: /Users/howardkang/auto_car/install/my_package/share/my_package/cmake/my_package__rosidl_typesupport_cExport-noconfig.cmake
[2.241s] -- Up-to-date: /Users/howardkang/auto_car/install/my_package/share/my_package/cmake/my_package__rosidl_typesupport_introspection_cppExport.cmake
[2.241s] -- Up-to-date: /Users/howardkang/auto_car/install/my_package/share/my_package/cmake/my_package__rosidl_typesupport_introspection_cppExport-noconfig.cmake
[2.242s] -- Up-to-date: /Users/howardkang/auto_car/install/my_package/share/my_package/cmake/my_package__rosidl_typesupport_cppExport.cmake
[2.242s] -- Up-to-date: /Users/howardkang/auto_car/install/my_package/share/my_package/cmake/my_package__rosidl_typesupport_cppExport-noconfig.cmake
[2.242s] -- Up-to-date: /Users/howardkang/auto_car/install/my_package/share/my_package/cmake/export_my_package__rosidl_generator_pyExport.cmake
[2.242s] -- Up-to-date: /Users/howardkang/auto_car/install/my_package/share/my_package/cmake/export_my_package__rosidl_generator_pyExport-noconfig.cmake
[2.243s] Invoked command in '/Users/howardkang/auto_car/build/my_package' returned '0': CONDA_PROMPT_MODIFIER=(ros2) SHLVL=2 _=/Users/howardkang/miniconda3/envs/ros2/bin/env __CF_USER_TEXT_ENCODING=0x1F5:0x0:0x0 /Users/howardkang/miniconda3/envs/ros2/bin/cmake --install /Users/howardkang/auto_car/build/my_package
