[0.061s] Invoking command in '/Users/howardkang/auto_car/build/yolov8_msgs': CONDA_PROMPT_MODIFIER=(ros2) SHLVL=2 _=/Users/howardkang/miniconda3/envs/ros2/bin/env __CF_USER_TEXT_ENCODING=0x1F5:0x0:0x0 /Users/howardkang/miniconda3/envs/ros2/bin/cmake /Users/howardkang/auto_car/src/yolobot/src/yolov8_msgs -DAMENT_CMAKE_SYMLINK_INSTALL=1 -DCMAKE_INSTALL_PREFIX=/Users/howardkang/auto_car/install/yolov8_msgs
[3.575s] -- The C compiler identification is Clang 16.0.1
[3.685s] -- The CXX compiler identification is Clang 16.0.1
[3.693s] -- Detecting C compiler ABI info
[3.881s] -- Detecting C compiler ABI info - done
[3.886s] -- Check for working C compiler: /Users/howardkang/miniconda3/envs/ros2/bin/arm64-apple-darwin20.0.0-clang - skipped
[3.886s] -- Detecting C compile features
[3.886s] -- Detecting C compile features - done
[3.892s] -- Detecting CXX compiler ABI info
[4.074s] -- Detecting CXX compiler ABI info - done
[4.080s] -- Check for working CXX compiler: /Users/howardkang/miniconda3/envs/ros2/bin/arm64-apple-darwin20.0.0-clang++ - skipped
[4.080s] -- Detecting CXX compile features
[4.081s] -- Detecting CXX compile features - done
[4.104s] -- Found ament_cmake: 1.3.3 (/Users/howardkang/miniconda3/envs/ros2/share/ament_cmake/cmake)
[4.604s] -- Found Python3: /opt/homebrew/Frameworks/Python.framework/Versions/3.12/bin/python3.12 (found version "3.12.1") found components: Interpreter 
[4.670s] -- Override CMake install command with custom implementation using symlinks instead of copying resources
[4.991s] -- Found std_msgs: 4.2.3 (/Users/howardkang/miniconda3/envs/ros2/share/std_msgs/cmake)
[5.199s] -- Found rosidl_generator_c: 3.1.4 (/Users/howardkang/miniconda3/envs/ros2/share/rosidl_generator_c/cmake)
[5.248s] -- Found rosidl_adapter: 3.1.4 (/Users/howardkang/miniconda3/envs/ros2/share/rosidl_adapter/cmake)
[5.294s] -- Found rosidl_generator_cpp: 3.1.4 (/Users/howardkang/miniconda3/envs/ros2/share/rosidl_generator_cpp/cmake)
[5.329s] -- Using all available rosidl_typesupport_c: rosidl_typesupport_fastrtps_c;rosidl_typesupport_introspection_c
[5.373s] -- Using all available rosidl_typesupport_cpp: rosidl_typesupport_fastrtps_cpp;rosidl_typesupport_introspection_cpp
[5.446s] -- Found rosidl_default_generators: 1.2.0 (/Users/howardkang/miniconda3/envs/ros2/share/rosidl_default_generators/cmake)
[5.662s] -- Found ament_cmake_ros: 0.10.0 (/Users/howardkang/miniconda3/envs/ros2/share/ament_cmake_ros/cmake)
[5.880s] -- Using all available rosidl_typesupport_c: rosidl_typesupport_fastrtps_c;rosidl_typesupport_introspection_c
[5.951s] -- Using all available rosidl_typesupport_cpp: rosidl_typesupport_fastrtps_cpp;rosidl_typesupport_introspection_cpp
[5.966s] -- Found PythonInterp: /Users/howardkang/miniconda3/envs/ros2/bin/python3 (found suitable version "3.10.13", minimum required is "3.6") 
[5.975s] -- Found python_cmake_module: 0.10.0 (/Users/howardkang/miniconda3/envs/ros2/share/python_cmake_module/cmake)
[6.241s] -- Using PythonExtra_INCLUDE_DIRS: /Users/howardkang/miniconda3/envs/ros2/include/python3.10;/Users/howardkang/miniconda3/envs/ros2/include/python3.10
[6.286s] -- Using PythonExtra_LIBRARIES: /Users/howardkang/miniconda3/envs/ros2/lib/libpython3.10.dylib
[6.303s] -- Found PythonExtra: .so  
[6.651s] CMake Error at /Users/howardkang/miniconda3/envs/ros2/share/cmake-3.26/Modules/FindPackageHandleStandardArgs.cmake:230 (message):
[6.651s]   Could NOT find Python3 (missing: Python3_NumPy_INCLUDE_DIRS NumPy) (found
[6.651s]   version "3.12.1")
[6.651s] Call Stack (most recent call first):
[6.651s]   /Users/howardkang/miniconda3/envs/ros2/share/cmake-3.26/Modules/FindPackageHandleStandardArgs.cmake:600 (_FPHSA_FAILURE_MESSAGE)
[6.651s]   /Users/howardkang/miniconda3/envs/ros2/share/cmake-3.26/Modules/FindPython/Support.cmake:3766 (find_package_handle_standard_args)
[6.652s]   /Users/howardkang/miniconda3/envs/ros2/share/cmake-3.26/Modules/FindPython3.cmake:551 (include)
[6.652s]   /Users/howardkang/miniconda3/envs/ros2/share/rosidl_generator_py/cmake/rosidl_generator_py_generate_interfaces.cmake:24 (find_package)
[6.652s]   /Users/howardkang/miniconda3/envs/ros2/share/ament_cmake_core/cmake/core/ament_execute_extensions.cmake:48 (include)
[6.652s]   /Users/howardkang/miniconda3/envs/ros2/share/rosidl_cmake/cmake/rosidl_generate_interfaces.cmake:286 (ament_execute_extensions)
[6.652s]   CMakeLists.txt:22 (rosidl_generate_interfaces)
[6.652s] 
[6.652s] 
[6.652s] -- Configuring incomplete, errors occurred!
