[0.094s] Invoking command in '/Users/howardkang/auto_car/build/my_package': CONDA_PROMPT_MODIFIER=(ros2) SHLVL=2 _=/Users/howardkang/miniconda3/envs/ros2/bin/env __CF_USER_TEXT_ENCODING=0x1F5:0x0:0x0 /Users/howardkang/miniconda3/envs/ros2/bin/cmake --build /Users/howardkang/auto_car/build/my_package -- -j8 -l8
[0.451s] -- Found ament_cmake: 1.3.3 (/Users/howardkang/miniconda3/envs/ros2/share/ament_cmake/cmake)
[0.825s] -- Override CMake install command with custom implementation using symlinks instead of copying resources
[0.881s] CMake Error at CMakeLists.txt:10 (find_package):
[0.881s]   By not providing "Findcatkin.cmake" in CMAKE_MODULE_PATH this project has
[0.881s]   asked CMake to find a package configuration file provided by "catkin", but
[0.881s]   CMake did not find one.
[0.881s] 
[0.881s]   Could not find a package configuration file provided by "catkin" with any
[0.882s]   of the following names:
[0.882s] 
[0.882s]     catkinConfig.cmake
[0.882s]     catkin-config.cmake
[0.882s] 
[0.882s]   Add the installation prefix of "catkin" to CMAKE_PREFIX_PATH or set
[0.882s]   "catkin_DIR" to a directory containing one of the above files.  If "catkin"
[0.882s]   provides a separate development package or SDK, be sure it has been
[0.882s]   installed.
[0.882s] 
[0.882s] 
[0.882s] -- Configuring incomplete, errors occurred!
[0.883s] make: *** [Makefile:226: cmake_check_build_system] Error 1
[0.884s] Invoked command in '/Users/howardkang/auto_car/build/my_package' returned '2': CONDA_PROMPT_MODIFIER=(ros2) SHLVL=2 _=/Users/howardkang/miniconda3/envs/ros2/bin/env __CF_USER_TEXT_ENCODING=0x1F5:0x0:0x0 /Users/howardkang/miniconda3/envs/ros2/bin/cmake --build /Users/howardkang/auto_car/build/my_package -- -j8 -l8
