[0.040s] Invoking command in '/Users/howardkang/auto_car/build/yolov8_interface': CONDA_PROMPT_MODIFIER=(ros2) SHLVL=2 _=/Users/howardkang/miniconda3/envs/ros2/bin/env __CF_USER_TEXT_ENCODING=0x1F5:0x0:0x0 /Users/howardkang/miniconda3/envs/ros2/bin/cmake --build /Users/howardkang/auto_car/build/yolov8_interface -- -j8 -l8
[0.154s] -- Found Python3: /Users/howardkang/miniconda3/envs/ros2/bin/python3.10 (found version "3.10.13") found components: Interpreter 
[0.198s] -- Found std_msgs: 4.2.3 (/Users/howardkang/miniconda3/envs/ros2/share/std_msgs/cmake)
[0.312s] -- Found rosidl_generator_c: 3.1.4 (/Users/howardkang/miniconda3/envs/ros2/share/rosidl_generator_c/cmake)
[0.315s] -- Found rosidl_adapter: 3.1.4 (/Users/howardkang/miniconda3/envs/ros2/share/rosidl_adapter/cmake)
[0.323s] -- Found rosidl_generator_cpp: 3.1.4 (/Users/howardkang/miniconda3/envs/ros2/share/rosidl_generator_cpp/cmake)
[0.335s] -- Using all available rosidl_typesupport_c: rosidl_typesupport_fastrtps_c;rosidl_typesupport_introspection_c
[0.353s] -- Using all available rosidl_typesupport_cpp: rosidl_typesupport_fastrtps_cpp;rosidl_typesupport_introspection_cpp
[0.403s] -- Found rosidl_default_generators: 1.2.0 (/Users/howardkang/miniconda3/envs/ros2/share/rosidl_default_generators/cmake)
[0.538s] -- Found ament_cmake_ros: 0.10.0 (/Users/howardkang/miniconda3/envs/ros2/share/ament_cmake_ros/cmake)
[0.636s] -- Using all available rosidl_typesupport_c: rosidl_typesupport_fastrtps_c;rosidl_typesupport_introspection_c
[0.670s] -- Using all available rosidl_typesupport_cpp: rosidl_typesupport_fastrtps_cpp;rosidl_typesupport_introspection_cpp
[0.684s] -- Found python_cmake_module: 0.10.0 (/Users/howardkang/miniconda3/envs/ros2/share/python_cmake_module/cmake)
[0.696s] -- Using PythonExtra_INCLUDE_DIRS: /Users/howardkang/miniconda3/envs/ros2/include/python3.10;/Users/howardkang/miniconda3/envs/ros2/include/python3.10
[0.696s] -- Using PythonExtra_LIBRARIES: /Users/howardkang/miniconda3/envs/ros2/lib/libpython3.10.dylib
[0.894s] -- Found Python3: /Users/howardkang/miniconda3/envs/ros2/bin/python3.10 (found version "3.10.13") found components: Development NumPy Interpreter Development.Module Development.Embed 
[0.904s] -- Found ament_lint_auto: 0.12.5 (/Users/howardkang/miniconda3/envs/ros2/share/ament_lint_auto/cmake)
[0.926s] -- Added test 'lint_cmake' to check CMake code style
[0.927s] -- Added test 'xmllint' to check XML markup files
[0.930s] -- Configuring done (0.8s)
[0.999s] -- Generating done (0.1s)
[1.007s] -- Build files have been written to: /Users/howardkang/auto_car/build/yolov8_interface
[1.050s] [  2%] Built target yolov8_interface__cpp
[1.055s] [  5%] Building C object CMakeFiles/yolov8_interface__rosidl_generator_c.dir/rosidl_generator_c/yolov8_interface/msg/detail/yolov8_inference__functions.c.o
[1.063s] [  5%] Built target ament_cmake_python_copy_yolov8_interface
[1.101s] [ 12%] Building CXX object CMakeFiles/yolov8_interface__rosidl_typesupport_fastrtps_cpp.dir/rosidl_typesupport_fastrtps_cpp/yolov8_interface/msg/detail/dds_fastrtps/yolov8_inference__type_support.cpp.o
[1.101s] [ 12%] Building CXX object CMakeFiles/yolov8_interface__rosidl_typesupport_cpp.dir/rosidl_typesupport_cpp/yolov8_interface/msg/yolov8_inference__type_support.cpp.o
[1.101s] [ 12%] Building CXX object CMakeFiles/yolov8_interface__rosidl_typesupport_introspection_cpp.dir/rosidl_typesupport_introspection_cpp/yolov8_interface/msg/detail/yolov8_inference__type_support.cpp.o
[1.332s] In file included from /Users/howardkang/auto_car/build/yolov8_interface/rosidl_generator_c/yolov8_interface/msg/detail/yolov8_inference__functions.c:4:
[1.332s] In file included from /Users/howardkang/auto_car/build/yolov8_interface/rosidl_generator_c/yolov8_interface/msg/detail/yolov8_inference__functions.h:19:
[1.332s] /Users/howardkang/auto_car/build/yolov8_interface/rosidl_generator_c/yolov8_interface/msg/detail/yolov8_inference__struct.h:22:10: fatal error: 'std_msgs/msg/detail/header__struct.h' file not found
[1.332s] #include "std_msgs/msg/detail/header__struct.h"
[1.332s]          ^~~~~~~~~~~~~~~~~~~~~~~~~~~~~~~~~~~~~~
[1.341s] 1 error generated.
[1.346s] make[2]: *** [CMakeFiles/yolov8_interface__rosidl_generator_c.dir/build.make:135: CMakeFiles/yolov8_interface__rosidl_generator_c.dir/rosidl_generator_c/yolov8_interface/msg/detail/yolov8_inference__functions.c.o] Error 1
[1.346s] make[1]: *** [CMakeFiles/Makefile2:213: CMakeFiles/yolov8_interface__rosidl_generator_c.dir/all] Error 2
[1.347s] make[1]: *** Waiting for unfinished jobs....
[1.498s] running egg_info
[1.540s] writing yolov8_interface.egg-info/PKG-INFO
[1.569s] writing dependency_links to yolov8_interface.egg-info/dependency_links.txt
[1.662s] In file included from In file included from /Users/howardkang/auto_car/build/yolov8_interface/rosidl_typesupport_fastrtps_cpp/yolov8_interface/msg/detail/dds_fastrtps/yolov8_inference__type_support.cpp:4:
[1.663s] In file included from /Users/howardkang/auto_car/build/yolov8_interface/rosidl_typesupport_fastrtps_cpp/yolov8_interface/msg/detail/yolov8_inference__rosidl_typesupport_fastrtps_cpp.hpp:11:
[1.663s] /Users/howardkang/auto_car/build/yolov8_interface/rosidl_generator_cpp/yolov8_interface/msg/detail/yolov8_inference__struct.hpp:20:10: fatal error: 'std_msgs/msg/detail/header__struct.hpp' file not found
[1.663s] /Users/howardkang/auto_car/build/yolov8_interface/rosidl_typesupport_cpp/yolov8_interface/msg/yolov8_inference__type_support.cpp:7:
[1.663s] #include "std_msgs/msg/detail/header__struct.hpp"
[1.663s] /Users/howardkang/auto_car/build/yolov8_interface/rosidl_generator_cpp/yolov8_interface/msg/detail/yolov8_inference__struct.hpp         ^~~~~~~~~~~~~~~~~~~~~~~~~~~~~~~~~~~~~~~~
[1.663s] :20:10: fatal error: 'std_msgs/msg/detail/header__struct.hpp' file not found
[1.663s] #include "std_msgs/msg/detail/header__struct.hpp"
[1.663s]          ^~~~~~~~~~~~~~~~~~~~~~~~~~~~~~~~~~~~~~~~
[1.665s] 1 error generated.
[1.667s] make[2]: *** [CMakeFiles/yolov8_interface__rosidl_typesupport_cpp.dir/build.make:104: CMakeFiles/yolov8_interface__rosidl_typesupport_cpp.dir/rosidl_typesupport_cpp/yolov8_interface/msg/yolov8_inference__type_support.cpp.o] Error 1
[1.667s] make[1]: *** [CMakeFiles/Makefile2:395: CMakeFiles/yolov8_interface__rosidl_typesupport_cpp.dir/all] Error 2
[1.673s] In file included from /Users/howardkang/auto_car/build/yolov8_interface/rosidl_typesupport_introspection_cpp/yolov8_interface/msg/detail/yolov8_inference__type_support.cpp:12:
[1.673s] /Users/howardkang/auto_car/build/yolov8_interface/rosidl_generator_cpp/yolov8_interface/msg/detail/yolov8_inference__struct.hpp:20:10: fatal error: 'std_msgs/msg/detail/header__struct.hpp' file not found
[1.673s] #include "std_msgs/msg/detail/header__struct.hpp"
[1.673s]          ^~~~~~~~~~~~~~~~~~~~~~~~~~~~~~~~~~~~~~~~
[1.676s] 1 error generated.
[1.678s] make[2]: *** [CMakeFiles/yolov8_interface__rosidl_typesupport_introspection_cpp.dir/build.make:112: CMakeFiles/yolov8_interface__rosidl_typesupport_introspection_cpp.dir/rosidl_typesupport_introspection_cpp/yolov8_interface/msg/detail/yolov8_inference__type_support.cpp.o] Error 1
[1.678s] make[1]: *** [CMakeFiles/Makefile2:369: CMakeFiles/yolov8_interface__rosidl_typesupport_introspection_cpp.dir/all] Error 2
[1.740s] writing top-level names to yolov8_interface.egg-info/top_level.txt
[1.744s] 1 error generated.
[1.746s] make[2]: *** [CMakeFiles/yolov8_interface__rosidl_typesupport_fastrtps_cpp.dir/build.make:112: CMakeFiles/yolov8_interface__rosidl_typesupport_fastrtps_cpp.dir/rosidl_typesupport_fastrtps_cpp/yolov8_interface/msg/detail/dds_fastrtps/yolov8_inference__type_support.cpp.o] Error 1
[1.746s] make[1]: *** [CMakeFiles/Makefile2:291: CMakeFiles/yolov8_interface__rosidl_typesupport_fastrtps_cpp.dir/all] Error 2
[1.791s] reading manifest file 'yolov8_interface.egg-info/SOURCES.txt'
[1.792s] writing manifest file 'yolov8_interface.egg-info/SOURCES.txt'
[1.815s] [ 12%] Built target ament_cmake_python_build_yolov8_interface_egg
[1.815s] make: *** [Makefile:146: all] Error 2
[1.817s] Invoked command in '/Users/howardkang/auto_car/build/yolov8_interface' returned '2': CONDA_PROMPT_MODIFIER=(ros2) SHLVL=2 _=/Users/howardkang/miniconda3/envs/ros2/bin/env __CF_USER_TEXT_ENCODING=0x1F5:0x0:0x0 /Users/howardkang/miniconda3/envs/ros2/bin/cmake --build /Users/howardkang/auto_car/build/yolov8_interface -- -j8 -l8
