[0.685s] [34mcolcon[0m [1;30mDEBUG[0m [32mCommand line arguments: ['/Users/howardkang/miniconda3/envs/ros2/bin/colcon', 'build', '--symlink-install'][0m
[0.685s] [34mcolcon[0m [1;30mDEBUG[0m [32mParsed command line arguments: Namespace(log_base=None, log_level=None, verb_name='build', build_base='build', install_base='install', merge_install=False, symlink_install=True, test_result_base=None, continue_on_error=False, executor='parallel', parallel_workers=8, event_handlers=None, ignore_user_meta=False, metas=['./colcon.meta'], base_paths=['.'], packages_ignore=None, packages_ignore_regex=None, paths=None, packages_up_to=None, packages_up_to_regex=None, packages_above=None, packages_above_and_dependencies=None, packages_above_depth=None, packages_select_by_dep=None, packages_skip_by_dep=None, packages_skip_up_to=None, packages_select_build_failed=False, packages_skip_build_finished=False, packages_select_test_failures=False, packages_skip_test_passed=False, packages_select=None, packages_skip=None, packages_select_regex=None, packages_skip_regex=None, packages_start=None, packages_end=None, cmake_args=None, cmake_target=None, cmake_target_skip_unavailable=False, cmake_clean_cache=False, cmake_clean_first=False, cmake_force_configure=False, ament_cmake_args=None, catkin_cmake_args=None, catkin_skip_building_tests=False, verb_parser=<colcon_defaults.argument_parser.defaults.DefaultArgumentsDecorator object at 0x105c71450>, verb_extension=<colcon_core.verb.build.BuildVerb object at 0x105c73a00>, main=<bound method BuildVerb.main of <colcon_core.verb.build.BuildVerb object at 0x105c73a00>>)[0m
[0.739s] [34mcolcon.colcon_core.package_discovery[0m [1;30mLevel 1[0m discover_packages(colcon_meta) check parameters
[0.739s] [34mcolcon.colcon_core.package_discovery[0m [1;30mLevel 1[0m discover_packages(recursive) check parameters
[0.739s] [34mcolcon.colcon_core.package_discovery[0m [1;30mLevel 1[0m discover_packages(ignore) check parameters
[0.739s] [34mcolcon.colcon_core.package_discovery[0m [1;30mLevel 1[0m discover_packages(path) check parameters
[0.740s] [34mcolcon.colcon_core.package_discovery[0m [1;30mLevel 1[0m discover_packages(colcon_meta) discover
[0.740s] [34mcolcon.colcon_core.package_discovery[0m [1;30mLevel 1[0m discover_packages(recursive) discover
[0.740s] [34mcolcon.colcon_core.package_discovery[0m [1;30mINFO[0m Crawling recursively for packages in '/Users/howardkang/auto_car'
[0.740s] [34mcolcon.colcon_core.package_identification[0m [1;30mLevel 1[0m _identify(.) by extensions ['ignore', 'ignore_ament_install']
[0.740s] [34mcolcon.colcon_core.package_identification[0m [1;30mLevel 1[0m _identify(.) by extension 'ignore'
[0.740s] [34mcolcon.colcon_core.package_identification[0m [1;30mLevel 1[0m _identify(.) by extension 'ignore_ament_install'
[0.740s] [34mcolcon.colcon_core.package_identification[0m [1;30mLevel 1[0m _identify(.) by extensions ['colcon_pkg']
[0.740s] [34mcolcon.colcon_core.package_identification[0m [1;30mLevel 1[0m _identify(.) by extension 'colcon_pkg'
[0.740s] [34mcolcon.colcon_core.package_identification[0m [1;30mLevel 1[0m _identify(.) by extensions ['colcon_meta']
[0.740s] [34mcolcon.colcon_core.package_identification[0m [1;30mLevel 1[0m _identify(.) by extension 'colcon_meta'
[0.740s] [34mcolcon.colcon_core.package_identification[0m [1;30mLevel 1[0m _identify(.) by extensions ['ros']
[0.740s] [34mcolcon.colcon_core.package_identification[0m [1;30mLevel 1[0m _identify(.) by extension 'ros'
[0.758s] [34mcolcon.colcon_core.package_identification[0m [1;30mLevel 1[0m _identify(.) by extensions ['cmake', 'python']
[0.758s] [34mcolcon.colcon_core.package_identification[0m [1;30mLevel 1[0m _identify(.) by extension 'cmake'
[0.758s] [34mcolcon.colcon_core.package_identification[0m [1;30mLevel 1[0m _identify(.) by extension 'python'
[0.758s] [34mcolcon.colcon_core.package_identification[0m [1;30mLevel 1[0m _identify(.) by extensions ['python_setup_py']
[0.758s] [34mcolcon.colcon_core.package_identification[0m [1;30mLevel 1[0m _identify(.) by extension 'python_setup_py'
[0.758s] [34mcolcon.colcon_core.package_identification[0m [1;30mLevel 1[0m _identify(build) by extensions ['ignore', 'ignore_ament_install']
[0.758s] [34mcolcon.colcon_core.package_identification[0m [1;30mLevel 1[0m _identify(build) by extension 'ignore'
[0.758s] [34mcolcon.colcon_core.package_identification[0m [1;30mLevel 1[0m _identify(build) ignored
[0.758s] [34mcolcon.colcon_core.package_identification[0m [1;30mLevel 1[0m _identify(install) by extensions ['ignore', 'ignore_ament_install']
[0.758s] [34mcolcon.colcon_core.package_identification[0m [1;30mLevel 1[0m _identify(install) by extension 'ignore'
[0.758s] [34mcolcon.colcon_core.package_identification[0m [1;30mLevel 1[0m _identify(install) ignored
[0.759s] [34mcolcon.colcon_core.package_identification[0m [1;30mLevel 1[0m _identify(log) by extensions ['ignore', 'ignore_ament_install']
[0.759s] [34mcolcon.colcon_core.package_identification[0m [1;30mLevel 1[0m _identify(log) by extension 'ignore'
[0.759s] [34mcolcon.colcon_core.package_identification[0m [1;30mLevel 1[0m _identify(log) ignored
[0.759s] [34mcolcon.colcon_core.package_identification[0m [1;30mLevel 1[0m _identify(src) by extensions ['ignore', 'ignore_ament_install']
[0.759s] [34mcolcon.colcon_core.package_identification[0m [1;30mLevel 1[0m _identify(src) by extension 'ignore'
[0.759s] [34mcolcon.colcon_core.package_identification[0m [1;30mLevel 1[0m _identify(src) by extension 'ignore_ament_install'
[0.759s] [34mcolcon.colcon_core.package_identification[0m [1;30mLevel 1[0m _identify(src) by extensions ['colcon_pkg']
[0.759s] [34mcolcon.colcon_core.package_identification[0m [1;30mLevel 1[0m _identify(src) by extension 'colcon_pkg'
[0.759s] [34mcolcon.colcon_core.package_identification[0m [1;30mLevel 1[0m _identify(src) by extensions ['colcon_meta']
[0.759s] [34mcolcon.colcon_core.package_identification[0m [1;30mLevel 1[0m _identify(src) by extension 'colcon_meta'
[0.759s] [34mcolcon.colcon_core.package_identification[0m [1;30mLevel 1[0m _identify(src) by extensions ['ros']
[0.759s] [34mcolcon.colcon_core.package_identification[0m [1;30mLevel 1[0m _identify(src) by extension 'ros'
[0.759s] [34mcolcon.colcon_core.package_identification[0m [1;30mLevel 1[0m _identify(src) by extensions ['cmake', 'python']
[0.759s] [34mcolcon.colcon_core.package_identification[0m [1;30mLevel 1[0m _identify(src) by extension 'cmake'
[0.759s] [34mcolcon.colcon_core.package_identification[0m [1;30mLevel 1[0m _identify(src) by extension 'python'
[0.759s] [34mcolcon.colcon_core.package_identification[0m [1;30mLevel 1[0m _identify(src) by extensions ['python_setup_py']
[0.759s] [34mcolcon.colcon_core.package_identification[0m [1;30mLevel 1[0m _identify(src) by extension 'python_setup_py'
[0.759s] [34mcolcon.colcon_core.package_identification[0m [1;30mLevel 1[0m _identify(src/buildings) by extensions ['ignore', 'ignore_ament_install']
[0.759s] [34mcolcon.colcon_core.package_identification[0m [1;30mLevel 1[0m _identify(src/buildings) by extension 'ignore'
[0.759s] [34mcolcon.colcon_core.package_identification[0m [1;30mLevel 1[0m _identify(src/buildings) by extension 'ignore_ament_install'
[0.759s] [34mcolcon.colcon_core.package_identification[0m [1;30mLevel 1[0m _identify(src/buildings) by extensions ['colcon_pkg']
[0.759s] [34mcolcon.colcon_core.package_identification[0m [1;30mLevel 1[0m _identify(src/buildings) by extension 'colcon_pkg'
[0.759s] [34mcolcon.colcon_core.package_identification[0m [1;30mLevel 1[0m _identify(src/buildings) by extensions ['colcon_meta']
[0.759s] [34mcolcon.colcon_core.package_identification[0m [1;30mLevel 1[0m _identify(src/buildings) by extension 'colcon_meta'
[0.759s] [34mcolcon.colcon_core.package_identification[0m [1;30mLevel 1[0m _identify(src/buildings) by extensions ['ros']
[0.759s] [34mcolcon.colcon_core.package_identification[0m [1;30mLevel 1[0m _identify(src/buildings) by extension 'ros'
[0.759s] [34mcolcon.colcon_core.package_identification[0m [1;30mLevel 1[0m _identify(src/buildings) by extensions ['cmake', 'python']
[0.759s] [34mcolcon.colcon_core.package_identification[0m [1;30mLevel 1[0m _identify(src/buildings) by extension 'cmake'
[0.759s] [34mcolcon.colcon_core.package_identification[0m [1;30mLevel 1[0m _identify(src/buildings) by extension 'python'
[0.759s] [34mcolcon.colcon_core.package_identification[0m [1;30mLevel 1[0m _identify(src/buildings) by extensions ['python_setup_py']
[0.759s] [34mcolcon.colcon_core.package_identification[0m [1;30mLevel 1[0m _identify(src/buildings) by extension 'python_setup_py'
[0.759s] [34mcolcon.colcon_core.package_identification[0m [1;30mLevel 1[0m _identify(src/buildings/walls) by extensions ['ignore', 'ignore_ament_install']
[0.759s] [34mcolcon.colcon_core.package_identification[0m [1;30mLevel 1[0m _identify(src/buildings/walls) by extension 'ignore'
[0.759s] [34mcolcon.colcon_core.package_identification[0m [1;30mLevel 1[0m _identify(src/buildings/walls) by extension 'ignore_ament_install'
[0.760s] [34mcolcon.colcon_core.package_identification[0m [1;30mLevel 1[0m _identify(src/buildings/walls) by extensions ['colcon_pkg']
[0.760s] [34mcolcon.colcon_core.package_identification[0m [1;30mLevel 1[0m _identify(src/buildings/walls) by extension 'colcon_pkg'
[0.760s] [34mcolcon.colcon_core.package_identification[0m [1;30mLevel 1[0m _identify(src/buildings/walls) by extensions ['colcon_meta']
[0.760s] [34mcolcon.colcon_core.package_identification[0m [1;30mLevel 1[0m _identify(src/buildings/walls) by extension 'colcon_meta'
[0.760s] [34mcolcon.colcon_core.package_identification[0m [1;30mLevel 1[0m _identify(src/buildings/walls) by extensions ['ros']
[0.760s] [34mcolcon.colcon_core.package_identification[0m [1;30mLevel 1[0m _identify(src/buildings/walls) by extension 'ros'
[0.760s] [34mcolcon.colcon_core.package_identification[0m [1;30mLevel 1[0m _identify(src/buildings/walls) by extensions ['cmake', 'python']
[0.760s] [34mcolcon.colcon_core.package_identification[0m [1;30mLevel 1[0m _identify(src/buildings/walls) by extension 'cmake'
[0.760s] [34mcolcon.colcon_core.package_identification[0m [1;30mLevel 1[0m _identify(src/buildings/walls) by extension 'python'
[0.760s] [34mcolcon.colcon_core.package_identification[0m [1;30mLevel 1[0m _identify(src/buildings/walls) by extensions ['python_setup_py']
[0.760s] [34mcolcon.colcon_core.package_identification[0m [1;30mLevel 1[0m _identify(src/buildings/walls) by extension 'python_setup_py'
[0.760s] [34mcolcon.colcon_core.package_identification[0m [1;30mLevel 1[0m _identify(src/description) by extensions ['ignore', 'ignore_ament_install']
[0.760s] [34mcolcon.colcon_core.package_identification[0m [1;30mLevel 1[0m _identify(src/description) by extension 'ignore'
[0.760s] [34mcolcon.colcon_core.package_identification[0m [1;30mLevel 1[0m _identify(src/description) by extension 'ignore_ament_install'
[0.760s] [34mcolcon.colcon_core.package_identification[0m [1;30mLevel 1[0m _identify(src/description) by extensions ['colcon_pkg']
[0.760s] [34mcolcon.colcon_core.package_identification[0m [1;30mLevel 1[0m _identify(src/description) by extension 'colcon_pkg'
[0.760s] [34mcolcon.colcon_core.package_identification[0m [1;30mLevel 1[0m _identify(src/description) by extensions ['colcon_meta']
[0.760s] [34mcolcon.colcon_core.package_identification[0m [1;30mLevel 1[0m _identify(src/description) by extension 'colcon_meta'
[0.760s] [34mcolcon.colcon_core.package_identification[0m [1;30mLevel 1[0m _identify(src/description) by extensions ['ros']
[0.760s] [34mcolcon.colcon_core.package_identification[0m [1;30mLevel 1[0m _identify(src/description) by extension 'ros'
[0.760s] [34mcolcon.colcon_core.package_identification[0m [1;30mLevel 1[0m _identify(src/description) by extensions ['cmake', 'python']
[0.760s] [34mcolcon.colcon_core.package_identification[0m [1;30mLevel 1[0m _identify(src/description) by extension 'cmake'
[0.760s] [34mcolcon.colcon_core.package_identification[0m [1;30mLevel 1[0m _identify(src/description) by extension 'python'
[0.760s] [34mcolcon.colcon_core.package_identification[0m [1;30mLevel 1[0m _identify(src/description) by extensions ['python_setup_py']
[0.760s] [34mcolcon.colcon_core.package_identification[0m [1;30mLevel 1[0m _identify(src/description) by extension 'python_setup_py'
[0.760s] [34mcolcon.colcon_core.package_identification[0m [1;30mLevel 1[0m _identify(src/my_package) by extensions ['ignore', 'ignore_ament_install']
[0.760s] [34mcolcon.colcon_core.package_identification[0m [1;30mLevel 1[0m _identify(src/my_package) by extension 'ignore'
[0.760s] [34mcolcon.colcon_core.package_identification[0m [1;30mLevel 1[0m _identify(src/my_package) by extension 'ignore_ament_install'
[0.760s] [34mcolcon.colcon_core.package_identification[0m [1;30mLevel 1[0m _identify(src/my_package) by extensions ['colcon_pkg']
[0.760s] [34mcolcon.colcon_core.package_identification[0m [1;30mLevel 1[0m _identify(src/my_package) by extension 'colcon_pkg'
[0.760s] [34mcolcon.colcon_core.package_identification[0m [1;30mLevel 1[0m _identify(src/my_package) by extensions ['colcon_meta']
[0.760s] [34mcolcon.colcon_core.package_identification[0m [1;30mLevel 1[0m _identify(src/my_package) by extension 'colcon_meta'
[0.760s] [34mcolcon.colcon_core.package_identification[0m [1;30mLevel 1[0m _identify(src/my_package) by extensions ['ros']
[0.760s] [34mcolcon.colcon_core.package_identification[0m [1;30mLevel 1[0m _identify(src/my_package) by extension 'ros'
[0.763s] [34mcolcon.colcon_core.package_identification[0m [1;30mDEBUG[0m [32mPackage 'src/my_package' with type 'ros.ament_cmake' and name 'my_package'[0m
[0.763s] [34mcolcon.colcon_core.package_identification[0m [1;30mLevel 1[0m _identify(src/urdf_example-main) by extensions ['ignore', 'ignore_ament_install']
[0.763s] [34mcolcon.colcon_core.package_identification[0m [1;30mLevel 1[0m _identify(src/urdf_example-main) by extension 'ignore'
[0.763s] [34mcolcon.colcon_core.package_identification[0m [1;30mLevel 1[0m _identify(src/urdf_example-main) by extension 'ignore_ament_install'
[0.763s] [34mcolcon.colcon_core.package_identification[0m [1;30mLevel 1[0m _identify(src/urdf_example-main) by extensions ['colcon_pkg']
[0.763s] [34mcolcon.colcon_core.package_identification[0m [1;30mLevel 1[0m _identify(src/urdf_example-main) by extension 'colcon_pkg'
[0.763s] [34mcolcon.colcon_core.package_identification[0m [1;30mLevel 1[0m _identify(src/urdf_example-main) by extensions ['colcon_meta']
[0.763s] [34mcolcon.colcon_core.package_identification[0m [1;30mLevel 1[0m _identify(src/urdf_example-main) by extension 'colcon_meta'
[0.764s] [34mcolcon.colcon_core.package_identification[0m [1;30mLevel 1[0m _identify(src/urdf_example-main) by extensions ['ros']
[0.764s] [34mcolcon.colcon_core.package_identification[0m [1;30mLevel 1[0m _identify(src/urdf_example-main) by extension 'ros'
[0.764s] [34mcolcon.colcon_core.package_identification[0m [1;30mDEBUG[0m [32mPackage 'src/urdf_example-main' with type 'ros.ament_cmake' and name 'urdf_example'[0m
[0.764s] [34mcolcon.colcon_core.package_discovery[0m [1;30mLevel 1[0m discover_packages(recursive) using defaults
[0.764s] [34mcolcon.colcon_core.package_discovery[0m [1;30mLevel 1[0m discover_packages(ignore) discover
[0.764s] [34mcolcon.colcon_core.package_discovery[0m [1;30mLevel 1[0m discover_packages(ignore) using defaults
[0.764s] [34mcolcon.colcon_core.package_discovery[0m [1;30mLevel 1[0m discover_packages(path) discover
[0.764s] [34mcolcon.colcon_core.package_discovery[0m [1;30mLevel 1[0m discover_packages(path) using defaults
[0.811s] [34mcolcon.colcon_core.verb[0m [1;30mLevel 5[0m set package 'my_package' build argument 'cmake_args' from command line to 'None'
[0.811s] [34mcolcon.colcon_core.verb[0m [1;30mLevel 5[0m set package 'my_package' build argument 'cmake_target' from command line to 'None'
[0.811s] [34mcolcon.colcon_core.verb[0m [1;30mLevel 5[0m set package 'my_package' build argument 'cmake_target_skip_unavailable' from command line to 'False'
[0.811s] [34mcolcon.colcon_core.verb[0m [1;30mLevel 5[0m set package 'my_package' build argument 'cmake_clean_cache' from command line to 'False'
[0.811s] [34mcolcon.colcon_core.verb[0m [1;30mLevel 5[0m set package 'my_package' build argument 'cmake_clean_first' from command line to 'False'
[0.811s] [34mcolcon.colcon_core.verb[0m [1;30mLevel 5[0m set package 'my_package' build argument 'cmake_force_configure' from command line to 'False'
[0.811s] [34mcolcon.colcon_core.verb[0m [1;30mLevel 5[0m set package 'my_package' build argument 'ament_cmake_args' from command line to 'None'
[0.811s] [34mcolcon.colcon_core.verb[0m [1;30mLevel 5[0m set package 'my_package' build argument 'catkin_cmake_args' from command line to 'None'
[0.811s] [34mcolcon.colcon_core.verb[0m [1;30mLevel 5[0m set package 'my_package' build argument 'catkin_skip_building_tests' from command line to 'False'
[0.811s] [34mcolcon.colcon_core.verb[0m [1;30mDEBUG[0m [32mBuilding package 'my_package' with the following arguments: {'ament_cmake_args': None, 'build_base': '/Users/howardkang/auto_car/build/my_package', 'catkin_cmake_args': None, 'catkin_skip_building_tests': False, 'cmake_args': None, 'cmake_clean_cache': False, 'cmake_clean_first': False, 'cmake_force_configure': False, 'cmake_target': None, 'cmake_target_skip_unavailable': False, 'install_base': '/Users/howardkang/auto_car/install/my_package', 'merge_install': False, 'path': '/Users/howardkang/auto_car/src/my_package', 'symlink_install': True, 'test_result_base': None}[0m
[0.819s] [34mcolcon.colcon_core.verb[0m [1;30mLevel 5[0m set package 'urdf_example' build argument 'cmake_args' from command line to 'None'
[0.819s] [34mcolcon.colcon_core.verb[0m [1;30mLevel 5[0m set package 'urdf_example' build argument 'cmake_target' from command line to 'None'
[0.819s] [34mcolcon.colcon_core.verb[0m [1;30mLevel 5[0m set package 'urdf_example' build argument 'cmake_target_skip_unavailable' from command line to 'False'
[0.819s] [34mcolcon.colcon_core.verb[0m [1;30mLevel 5[0m set package 'urdf_example' build argument 'cmake_clean_cache' from command line to 'False'
[0.819s] [34mcolcon.colcon_core.verb[0m [1;30mLevel 5[0m set package 'urdf_example' build argument 'cmake_clean_first' from command line to 'False'
[0.819s] [34mcolcon.colcon_core.verb[0m [1;30mLevel 5[0m set package 'urdf_example' build argument 'cmake_force_configure' from command line to 'False'
[0.819s] [34mcolcon.colcon_core.verb[0m [1;30mLevel 5[0m set package 'urdf_example' build argument 'ament_cmake_args' from command line to 'None'
[0.819s] [34mcolcon.colcon_core.verb[0m [1;30mLevel 5[0m set package 'urdf_example' build argument 'catkin_cmake_args' from command line to 'None'
[0.819s] [34mcolcon.colcon_core.verb[0m [1;30mLevel 5[0m set package 'urdf_example' build argument 'catkin_skip_building_tests' from command line to 'False'
[0.819s] [34mcolcon.colcon_core.verb[0m [1;30mDEBUG[0m [32mBuilding package 'urdf_example' with the following arguments: {'ament_cmake_args': None, 'build_base': '/Users/howardkang/auto_car/build/urdf_example', 'catkin_cmake_args': None, 'catkin_skip_building_tests': False, 'cmake_args': None, 'cmake_clean_cache': False, 'cmake_clean_first': False, 'cmake_force_configure': False, 'cmake_target': None, 'cmake_target_skip_unavailable': False, 'install_base': '/Users/howardkang/auto_car/install/urdf_example', 'merge_install': False, 'path': '/Users/howardkang/auto_car/src/urdf_example-main', 'symlink_install': True, 'test_result_base': None}[0m
[0.828s] [34mcolcon.colcon_core.executor[0m [1;30mINFO[0m Executing jobs using 'parallel' executor
[0.836s] [34mcolcon.colcon_parallel_executor.executor.parallel[0m [1;30mDEBUG[0m [32mrun_until_complete[0m
[0.836s] [34mcolcon.colcon_ros.task.ament_cmake.build[0m [1;30mINFO[0m Building ROS package in '/Users/howardkang/auto_car/src/my_package' with build type 'ament_cmake'
[0.836s] [34mcolcon.colcon_cmake.task.cmake.build[0m [1;30mINFO[0m Building CMake package in '/Users/howardkang/auto_car/src/my_package'
[0.849s] [34mcolcon.colcon_core.plugin_system[0m [1;30mINFO[0m Skipping extension 'colcon_core.shell.bat': Not used on non-Windows systems
[0.849s] [34mcolcon.colcon_core.shell[0m [1;30mINFO[0m Skip shell extension 'powershell' for command environment: Not usable outside of PowerShell
[0.849s] [34mcolcon.colcon_core.shell[0m [1;30mDEBUG[0m [32mSkip shell extension 'dsv' for command environment[0m
[0.878s] [34mcolcon.colcon_ros.task.ament_cmake.build[0m [1;30mINFO[0m Building ROS package in '/Users/howardkang/auto_car/src/urdf_example-main' with build type 'ament_cmake'
[0.879s] [34mcolcon.colcon_cmake.task.cmake.build[0m [1;30mINFO[0m Building CMake package in '/Users/howardkang/auto_car/src/urdf_example-main'
[0.887s] [34mcolcon.colcon_core.shell[0m [1;30mINFO[0m Skip shell extension 'powershell' for command environment: Not usable outside of PowerShell
[0.887s] [34mcolcon.colcon_core.shell[0m [1;30mDEBUG[0m [32mSkip shell extension 'dsv' for command environment[0m
[0.918s] [34mcolcon.colcon_core.event_handler.log_command[0m [1;30mDEBUG[0m [32mInvoking command in '/Users/howardkang/auto_car/build/my_package': CONDA_PROMPT_MODIFIER=(ros2) SHLVL=2 _=/Users/howardkang/miniconda3/envs/ros2/bin/env __CF_USER_TEXT_ENCODING=0x1F5:0x0:0x0 /Users/howardkang/miniconda3/envs/ros2/bin/cmake --build /Users/howardkang/auto_car/build/my_package -- -j8 -l8[0m
[0.922s] [34mcolcon.colcon_core.event_handler.log_command[0m [1;30mDEBUG[0m [32mInvoking command in '/Users/howardkang/auto_car/build/urdf_example': CONDA_PROMPT_MODIFIER=(ros2) SHLVL=2 _=/Users/howardkang/miniconda3/envs/ros2/bin/env __CF_USER_TEXT_ENCODING=0x1F5:0x0:0x0 /Users/howardkang/miniconda3/envs/ros2/bin/cmake --build /Users/howardkang/auto_car/build/urdf_example -- -j8 -l8[0m
[0.990s] [34mcolcon.colcon_core.event_handler.log_command[0m [1;30mDEBUG[0m [32mInvoked command in '/Users/howardkang/auto_car/build/urdf_example' returned '0': CONDA_PROMPT_MODIFIER=(ros2) SHLVL=2 _=/Users/howardkang/miniconda3/envs/ros2/bin/env __CF_USER_TEXT_ENCODING=0x1F5:0x0:0x0 /Users/howardkang/miniconda3/envs/ros2/bin/cmake --build /Users/howardkang/auto_car/build/urdf_example -- -j8 -l8[0m
[1.043s] [34mcolcon.colcon_core.event_handler.log_command[0m [1;30mDEBUG[0m [32mInvoking command in '/Users/howardkang/auto_car/build/urdf_example': CONDA_PROMPT_MODIFIER=(ros2) SHLVL=2 _=/Users/howardkang/miniconda3/envs/ros2/bin/env __CF_USER_TEXT_ENCODING=0x1F5:0x0:0x0 /Users/howardkang/miniconda3/envs/ros2/bin/cmake --install /Users/howardkang/auto_car/build/urdf_example[0m
[1.067s] [34mcolcon.colcon_core.environment[0m [1;30mLevel 1[0m create_environment_scripts_only(urdf_example)
[1.068s] [34mcolcon.colcon_core.event_handler.log_command[0m [1;30mDEBUG[0m [32mInvoked command in '/Users/howardkang/auto_car/build/urdf_example' returned '0': CONDA_PROMPT_MODIFIER=(ros2) SHLVL=2 _=/Users/howardkang/miniconda3/envs/ros2/bin/env __CF_USER_TEXT_ENCODING=0x1F5:0x0:0x0 /Users/howardkang/miniconda3/envs/ros2/bin/cmake --install /Users/howardkang/auto_car/build/urdf_example[0m
[1.079s] [34mcolcon.colcon_core.environment[0m [1;30mLevel 1[0m checking '/Users/howardkang/auto_car/install/urdf_example' for CMake module files
[1.079s] [34mcolcon.colcon_core.environment[0m [1;30mLevel 1[0m checking '/Users/howardkang/auto_car/install/urdf_example' for CMake config files
[1.080s] [34mcolcon.colcon_core.shell[0m [1;30mLevel 1[0m create_environment_hook('urdf_example', 'cmake_prefix_path')
[1.088s] [34mcolcon.colcon_core.shell[0m [1;30mINFO[0m Creating environment hook '/Users/howardkang/auto_car/install/urdf_example/share/urdf_example/hook/cmake_prefix_path.ps1'
[1.089s] [34mcolcon.colcon_core.shell[0m [1;30mINFO[0m Creating environment descriptor '/Users/howardkang/auto_car/install/urdf_example/share/urdf_example/hook/cmake_prefix_path.dsv'
[1.089s] [34mcolcon.colcon_core.shell[0m [1;30mINFO[0m Creating environment hook '/Users/howardkang/auto_car/install/urdf_example/share/urdf_example/hook/cmake_prefix_path.sh'
[1.090s] [34mcolcon.colcon_core.environment[0m [1;30mLevel 1[0m checking '/Users/howardkang/auto_car/install/urdf_example/lib'
[1.090s] [34mcolcon.colcon_core.environment[0m [1;30mLevel 1[0m checking '/Users/howardkang/auto_car/install/urdf_example/bin'
[1.090s] [34mcolcon.colcon_core.environment[0m [1;30mLevel 1[0m checking '/Users/howardkang/auto_car/install/urdf_example/lib/pkgconfig/urdf_example.pc'
[1.090s] [34mcolcon.colcon_core.environment[0m [1;30mLevel 1[0m checking '/Users/howardkang/auto_car/install/urdf_example/lib/python3.10/site-packages'
[1.090s] [34mcolcon.colcon_core.environment[0m [1;30mLevel 1[0m checking '/Users/howardkang/auto_car/install/urdf_example/bin'
[1.098s] [34mcolcon.colcon_core.shell[0m [1;30mINFO[0m Creating package script '/Users/howardkang/auto_car/install/urdf_example/share/urdf_example/package.ps1'
[1.099s] [34mcolcon.colcon_core.shell[0m [1;30mINFO[0m Creating package descriptor '/Users/howardkang/auto_car/install/urdf_example/share/urdf_example/package.dsv'
[1.100s] [34mcolcon.colcon_core.shell[0m [1;30mINFO[0m Creating package script '/Users/howardkang/auto_car/install/urdf_example/share/urdf_example/package.sh'
[1.101s] [34mcolcon.colcon_core.shell[0m [1;30mINFO[0m Creating package script '/Users/howardkang/auto_car/install/urdf_example/share/urdf_example/package.bash'
[1.101s] [34mcolcon.colcon_core.shell[0m [1;30mINFO[0m Creating package script '/Users/howardkang/auto_car/install/urdf_example/share/urdf_example/package.zsh'
[1.102s] [34mcolcon.colcon_core.environment[0m [1;30mLevel 1[0m create_file_with_runtime_dependencies(/Users/howardkang/auto_car/install/urdf_example/share/colcon-core/packages/urdf_example)
[1.152s] [34mcolcon.colcon_core.environment[0m [1;30mLevel 1[0m create_environment_scripts_only(urdf_example)
[1.160s] [34mcolcon.colcon_core.environment[0m [1;30mLevel 1[0m checking '/Users/howardkang/auto_car/install/urdf_example' for CMake module files
[1.160s] [34mcolcon.colcon_core.environment[0m [1;30mLevel 1[0m checking '/Users/howardkang/auto_car/install/urdf_example' for CMake config files
[1.160s] [34mcolcon.colcon_core.shell[0m [1;30mLevel 1[0m create_environment_hook('urdf_example', 'cmake_prefix_path')
[1.168s] [34mcolcon.colcon_core.shell[0m [1;30mINFO[0m Creating environment hook '/Users/howardkang/auto_car/install/urdf_example/share/urdf_example/hook/cmake_prefix_path.ps1'
[1.169s] [34mcolcon.colcon_core.shell[0m [1;30mINFO[0m Creating environment descriptor '/Users/howardkang/auto_car/install/urdf_example/share/urdf_example/hook/cmake_prefix_path.dsv'
[1.169s] [34mcolcon.colcon_core.shell[0m [1;30mINFO[0m Creating environment hook '/Users/howardkang/auto_car/install/urdf_example/share/urdf_example/hook/cmake_prefix_path.sh'
[1.169s] [34mcolcon.colcon_core.environment[0m [1;30mLevel 1[0m checking '/Users/howardkang/auto_car/install/urdf_example/lib'
[1.169s] [34mcolcon.colcon_core.environment[0m [1;30mLevel 1[0m checking '/Users/howardkang/auto_car/install/urdf_example/bin'
[1.169s] [34mcolcon.colcon_core.environment[0m [1;30mLevel 1[0m checking '/Users/howardkang/auto_car/install/urdf_example/lib/pkgconfig/urdf_example.pc'
[1.169s] [34mcolcon.colcon_core.environment[0m [1;30mLevel 1[0m checking '/Users/howardkang/auto_car/install/urdf_example/lib/python3.10/site-packages'
[1.170s] [34mcolcon.colcon_core.environment[0m [1;30mLevel 1[0m checking '/Users/howardkang/auto_car/install/urdf_example/bin'
[1.177s] [34mcolcon.colcon_core.shell[0m [1;30mINFO[0m Creating package script '/Users/howardkang/auto_car/install/urdf_example/share/urdf_example/package.ps1'
[1.178s] [34mcolcon.colcon_core.shell[0m [1;30mINFO[0m Creating package descriptor '/Users/howardkang/auto_car/install/urdf_example/share/urdf_example/package.dsv'
[1.178s] [34mcolcon.colcon_core.shell[0m [1;30mINFO[0m Creating package script '/Users/howardkang/auto_car/install/urdf_example/share/urdf_example/package.sh'
[1.178s] [34mcolcon.colcon_core.shell[0m [1;30mINFO[0m Creating package script '/Users/howardkang/auto_car/install/urdf_example/share/urdf_example/package.bash'
[1.178s] [34mcolcon.colcon_core.shell[0m [1;30mINFO[0m Creating package script '/Users/howardkang/auto_car/install/urdf_example/share/urdf_example/package.zsh'
[1.179s] [34mcolcon.colcon_core.environment[0m [1;30mLevel 1[0m create_file_with_runtime_dependencies(/Users/howardkang/auto_car/install/urdf_example/share/colcon-core/packages/urdf_example)
[2.794s] [34mcolcon.colcon_core.event_handler.log_command[0m [1;30mDEBUG[0m [32mInvoked command in '/Users/howardkang/auto_car/build/my_package' returned '0': CONDA_PROMPT_MODIFIER=(ros2) SHLVL=2 _=/Users/howardkang/miniconda3/envs/ros2/bin/env __CF_USER_TEXT_ENCODING=0x1F5:0x0:0x0 /Users/howardkang/miniconda3/envs/ros2/bin/cmake --build /Users/howardkang/auto_car/build/my_package -- -j8 -l8[0m
[2.958s] [34mcolcon.colcon_core.event_handler.log_command[0m [1;30mDEBUG[0m [32mInvoking command in '/Users/howardkang/auto_car/build/my_package': CONDA_PROMPT_MODIFIER=(ros2) SHLVL=2 _=/Users/howardkang/miniconda3/envs/ros2/bin/env __CF_USER_TEXT_ENCODING=0x1F5:0x0:0x0 /Users/howardkang/miniconda3/envs/ros2/bin/cmake --install /Users/howardkang/auto_car/build/my_package[0m
[3.079s] [34mcolcon.colcon_core.environment[0m [1;30mLevel 1[0m create_environment_scripts_only(my_package)
[3.080s] [34mcolcon.colcon_core.event_handler.log_command[0m [1;30mDEBUG[0m [32mInvoked command in '/Users/howardkang/auto_car/build/my_package' returned '0': CONDA_PROMPT_MODIFIER=(ros2) SHLVL=2 _=/Users/howardkang/miniconda3/envs/ros2/bin/env __CF_USER_TEXT_ENCODING=0x1F5:0x0:0x0 /Users/howardkang/miniconda3/envs/ros2/bin/cmake --install /Users/howardkang/auto_car/build/my_package[0m
[3.088s] [34mcolcon.colcon_core.environment[0m [1;30mLevel 1[0m checking '/Users/howardkang/auto_car/install/my_package' for CMake module files
[3.089s] [34mcolcon.colcon_core.environment[0m [1;30mLevel 1[0m checking '/Users/howardkang/auto_car/install/my_package' for CMake config files
[3.090s] [34mcolcon.colcon_core.shell[0m [1;30mLevel 1[0m create_environment_hook('my_package', 'cmake_prefix_path')
[3.098s] [34mcolcon.colcon_core.shell[0m [1;30mINFO[0m Creating environment hook '/Users/howardkang/auto_car/install/my_package/share/my_package/hook/cmake_prefix_path.ps1'
[3.098s] [34mcolcon.colcon_core.shell[0m [1;30mINFO[0m Creating environment descriptor '/Users/howardkang/auto_car/install/my_package/share/my_package/hook/cmake_prefix_path.dsv'
[3.098s] [34mcolcon.colcon_core.shell[0m [1;30mINFO[0m Creating environment hook '/Users/howardkang/auto_car/install/my_package/share/my_package/hook/cmake_prefix_path.sh'
[3.099s] [34mcolcon.colcon_core.environment[0m [1;30mLevel 1[0m checking '/Users/howardkang/auto_car/install/my_package/lib'
[3.099s] [34mcolcon.colcon_core.shell[0m [1;30mLevel 1[0m create_environment_hook('my_package', 'dyld_library_path')
[3.107s] [34mcolcon.colcon_core.shell[0m [1;30mINFO[0m Creating environment hook '/Users/howardkang/auto_car/install/my_package/share/my_package/hook/dyld_library_path.ps1'
[3.107s] [34mcolcon.colcon_core.shell[0m [1;30mINFO[0m Creating environment descriptor '/Users/howardkang/auto_car/install/my_package/share/my_package/hook/dyld_library_path.dsv'
[3.107s] [34mcolcon.colcon_core.shell[0m [1;30mINFO[0m Creating environment hook '/Users/howardkang/auto_car/install/my_package/share/my_package/hook/dyld_library_path.sh'
[3.107s] [34mcolcon.colcon_core.environment[0m [1;30mLevel 1[0m checking '/Users/howardkang/auto_car/install/my_package/bin'
[3.107s] [34mcolcon.colcon_core.environment[0m [1;30mLevel 1[0m checking '/Users/howardkang/auto_car/install/my_package/lib/pkgconfig/my_package.pc'
[3.107s] [34mcolcon.colcon_core.environment[0m [1;30mLevel 1[0m checking '/Users/howardkang/auto_car/install/my_package/lib/python3.10/site-packages'
[3.107s] [34mcolcon.colcon_core.shell[0m [1;30mLevel 1[0m create_environment_hook('my_package', 'pythonpath')
[3.115s] [34mcolcon.colcon_core.shell[0m [1;30mINFO[0m Creating environment hook '/Users/howardkang/auto_car/install/my_package/share/my_package/hook/pythonpath.ps1'
[3.115s] [34mcolcon.colcon_core.shell[0m [1;30mINFO[0m Creating environment descriptor '/Users/howardkang/auto_car/install/my_package/share/my_package/hook/pythonpath.dsv'
[3.115s] [34mcolcon.colcon_core.shell[0m [1;30mINFO[0m Creating environment hook '/Users/howardkang/auto_car/install/my_package/share/my_package/hook/pythonpath.sh'
[3.116s] [34mcolcon.colcon_core.environment[0m [1;30mLevel 1[0m checking '/Users/howardkang/auto_car/install/my_package/bin'
[3.123s] [34mcolcon.colcon_core.shell[0m [1;30mINFO[0m Creating package script '/Users/howardkang/auto_car/install/my_package/share/my_package/package.ps1'
[3.124s] [34mcolcon.colcon_core.shell[0m [1;30mINFO[0m Creating package descriptor '/Users/howardkang/auto_car/install/my_package/share/my_package/package.dsv'
[3.124s] [34mcolcon.colcon_core.shell[0m [1;30mINFO[0m Creating package script '/Users/howardkang/auto_car/install/my_package/share/my_package/package.sh'
[3.124s] [34mcolcon.colcon_core.shell[0m [1;30mINFO[0m Creating package script '/Users/howardkang/auto_car/install/my_package/share/my_package/package.bash'
[3.124s] [34mcolcon.colcon_core.shell[0m [1;30mINFO[0m Creating package script '/Users/howardkang/auto_car/install/my_package/share/my_package/package.zsh'
[3.125s] [34mcolcon.colcon_core.environment[0m [1;30mLevel 1[0m create_file_with_runtime_dependencies(/Users/howardkang/auto_car/install/my_package/share/colcon-core/packages/my_package)
[3.311s] [34mcolcon.colcon_core.environment[0m [1;30mLevel 1[0m create_environment_scripts_only(my_package)
[3.319s] [34mcolcon.colcon_core.environment[0m [1;30mLevel 1[0m checking '/Users/howardkang/auto_car/install/my_package' for CMake module files
[3.320s] [34mcolcon.colcon_core.environment[0m [1;30mLevel 1[0m checking '/Users/howardkang/auto_car/install/my_package' for CMake config files
[3.321s] [34mcolcon.colcon_core.shell[0m [1;30mLevel 1[0m create_environment_hook('my_package', 'cmake_prefix_path')
[3.329s] [34mcolcon.colcon_core.shell[0m [1;30mINFO[0m Creating environment hook '/Users/howardkang/auto_car/install/my_package/share/my_package/hook/cmake_prefix_path.ps1'
[3.330s] [34mcolcon.colcon_core.shell[0m [1;30mINFO[0m Creating environment descriptor '/Users/howardkang/auto_car/install/my_package/share/my_package/hook/cmake_prefix_path.dsv'
[3.330s] [34mcolcon.colcon_core.shell[0m [1;30mINFO[0m Creating environment hook '/Users/howardkang/auto_car/install/my_package/share/my_package/hook/cmake_prefix_path.sh'
[3.330s] [34mcolcon.colcon_core.environment[0m [1;30mLevel 1[0m checking '/Users/howardkang/auto_car/install/my_package/lib'
[3.330s] [34mcolcon.colcon_core.shell[0m [1;30mLevel 1[0m create_environment_hook('my_package', 'dyld_library_path')
[3.339s] [34mcolcon.colcon_core.shell[0m [1;30mINFO[0m Creating environment hook '/Users/howardkang/auto_car/install/my_package/share/my_package/hook/dyld_library_path.ps1'
[3.339s] [34mcolcon.colcon_core.shell[0m [1;30mINFO[0m Creating environment descriptor '/Users/howardkang/auto_car/install/my_package/share/my_package/hook/dyld_library_path.dsv'
[3.340s] [34mcolcon.colcon_core.shell[0m [1;30mINFO[0m Creating environment hook '/Users/howardkang/auto_car/install/my_package/share/my_package/hook/dyld_library_path.sh'
[3.340s] [34mcolcon.colcon_core.environment[0m [1;30mLevel 1[0m checking '/Users/howardkang/auto_car/install/my_package/bin'
[3.340s] [34mcolcon.colcon_core.environment[0m [1;30mLevel 1[0m checking '/Users/howardkang/auto_car/install/my_package/lib/pkgconfig/my_package.pc'
[3.340s] [34mcolcon.colcon_core.environment[0m [1;30mLevel 1[0m checking '/Users/howardkang/auto_car/install/my_package/lib/python3.10/site-packages'
[3.340s] [34mcolcon.colcon_core.shell[0m [1;30mLevel 1[0m create_environment_hook('my_package', 'pythonpath')
[3.348s] [34mcolcon.colcon_core.shell[0m [1;30mINFO[0m Creating environment hook '/Users/howardkang/auto_car/install/my_package/share/my_package/hook/pythonpath.ps1'
[3.349s] [34mcolcon.colcon_core.shell[0m [1;30mINFO[0m Creating environment descriptor '/Users/howardkang/auto_car/install/my_package/share/my_package/hook/pythonpath.dsv'
[3.349s] [34mcolcon.colcon_core.shell[0m [1;30mINFO[0m Creating environment hook '/Users/howardkang/auto_car/install/my_package/share/my_package/hook/pythonpath.sh'
[3.349s] [34mcolcon.colcon_core.environment[0m [1;30mLevel 1[0m checking '/Users/howardkang/auto_car/install/my_package/bin'
[3.357s] [34mcolcon.colcon_core.shell[0m [1;30mINFO[0m Creating package script '/Users/howardkang/auto_car/install/my_package/share/my_package/package.ps1'
[3.358s] [34mcolcon.colcon_core.shell[0m [1;30mINFO[0m Creating package descriptor '/Users/howardkang/auto_car/install/my_package/share/my_package/package.dsv'
[3.358s] [34mcolcon.colcon_core.shell[0m [1;30mINFO[0m Creating package script '/Users/howardkang/auto_car/install/my_package/share/my_package/package.sh'
[3.359s] [34mcolcon.colcon_core.shell[0m [1;30mINFO[0m Creating package script '/Users/howardkang/auto_car/install/my_package/share/my_package/package.bash'
[3.359s] [34mcolcon.colcon_core.shell[0m [1;30mINFO[0m Creating package script '/Users/howardkang/auto_car/install/my_package/share/my_package/package.zsh'
[3.360s] [34mcolcon.colcon_core.environment[0m [1;30mLevel 1[0m create_file_with_runtime_dependencies(/Users/howardkang/auto_car/install/my_package/share/colcon-core/packages/my_package)
[3.360s] [34mcolcon.colcon_parallel_executor.executor.parallel[0m [1;30mDEBUG[0m [32mclosing loop[0m
[3.361s] [34mcolcon.colcon_parallel_executor.executor.parallel[0m [1;30mDEBUG[0m [32mloop closed[0m
[3.361s] [34mcolcon.colcon_parallel_executor.executor.parallel[0m [1;30mDEBUG[0m [32mrun_until_complete finished with '0'[0m
[3.361s] [34mcolcon.colcon_core.event_reactor[0m [1;30mDEBUG[0m [32mjoining thread[0m
[3.362s] [34mcolcon.colcon_core.event_reactor[0m [1;30mDEBUG[0m [32mjoined thread[0m
[3.371s] [34mcolcon.colcon_core.shell[0m [1;30mINFO[0m Creating prefix script '/Users/howardkang/auto_car/install/local_setup.ps1'
[3.372s] [34mcolcon.colcon_core.shell[0m [1;30mINFO[0m Creating prefix util module '/Users/howardkang/auto_car/install/_local_setup_util_ps1.py'
[3.373s] [34mcolcon.colcon_core.shell[0m [1;30mINFO[0m Creating prefix chain script '/Users/howardkang/auto_car/install/setup.ps1'
[3.383s] [34mcolcon.colcon_core.shell[0m [1;30mINFO[0m Creating prefix script '/Users/howardkang/auto_car/install/local_setup.sh'
[3.384s] [34mcolcon.colcon_core.shell[0m [1;30mINFO[0m Creating prefix util module '/Users/howardkang/auto_car/install/_local_setup_util_sh.py'
[3.384s] [34mcolcon.colcon_core.shell[0m [1;30mINFO[0m Creating prefix chain script '/Users/howardkang/auto_car/install/setup.sh'
[3.394s] [34mcolcon.colcon_core.shell[0m [1;30mINFO[0m Creating prefix script '/Users/howardkang/auto_car/install/local_setup.bash'
[3.394s] [34mcolcon.colcon_core.shell[0m [1;30mINFO[0m Creating prefix chain script '/Users/howardkang/auto_car/install/setup.bash'
[3.404s] [34mcolcon.colcon_core.shell[0m [1;30mINFO[0m Creating prefix script '/Users/howardkang/auto_car/install/local_setup.zsh'
[3.405s] [34mcolcon.colcon_core.shell[0m [1;30mINFO[0m Creating prefix chain script '/Users/howardkang/auto_car/install/setup.zsh'
