[0.081s] Invoking command in '/Users/howardkang/auto_car/build/my_package': CONDA_PROMPT_MODIFIER=(ros2) SHLVL=2 _=/Users/howardkang/miniconda3/envs/ros2/bin/env __CF_USER_TEXT_ENCODING=0x1F5:0x0:0x0 /Users/howardkang/miniconda3/envs/ros2/bin/cmake --build /Users/howardkang/auto_car/build/my_package -- -j8 -l8
[0.846s] [  2%] Built target my_package__cpp
[0.880s] [ 12%] Built target my_package__rosidl_generator_c
[0.883s] [ 12%] Built target ament_cmake_python_symlink_my_package
[0.999s] [ 28%] Built target my_package__rosidl_typesupport_introspection_c
[0.999s] [ 33%] Built target my_package__rosidl_typesupport_c
[1.025s] [ 43%] Built target my_package__rosidl_typesupport_introspection_cpp
[1.026s] [ 53%] Built target my_package__rosidl_typesupport_cpp
[1.026s] [ 64%] Built target my_package__rosidl_typesupport_fastrtps_cpp
[1.026s] [ 74%] Built target my_package__rosidl_typesupport_fastrtps_c
[1.053s] [ 74%] Built target my_package
[1.124s] [ 76%] Built target my_package__py
[1.150s] [ 84%] Built target my_package__rosidl_generator_py
[1.248s] [ 89%] Built target my_package__rosidl_typesupport_c__pyext
[1.248s] [ 94%] Built target my_package__rosidl_typesupport_fastrtps_c__pyext
[1.248s] [100%] Built target my_package__rosidl_typesupport_introspection_c__pyext
[1.492s] running egg_info
[1.535s] writing my_package.egg-info/PKG-INFO
[1.566s] writing dependency_links to my_package.egg-info/dependency_links.txt
[1.834s] writing top-level names to my_package.egg-info/top_level.txt
[1.905s] reading manifest file 'my_package.egg-info/SOURCES.txt'
[1.906s] writing manifest file 'my_package.egg-info/SOURCES.txt'
[1.948s] [100%] Built target ament_cmake_python_build_my_package_egg
[1.964s] Invoked command in '/Users/howardkang/auto_car/build/my_package' returned '0': CONDA_PROMPT_MODIFIER=(ros2) SHLVL=2 _=/Users/howardkang/miniconda3/envs/ros2/bin/env __CF_USER_TEXT_ENCODING=0x1F5:0x0:0x0 /Users/howardkang/miniconda3/envs/ros2/bin/cmake --build /Users/howardkang/auto_car/build/my_package -- -j8 -l8
[2.148s] Invoking command in '/Users/howardkang/auto_car/build/my_package': CONDA_PROMPT_MODIFIER=(ros2) SHLVL=2 _=/Users/howardkang/miniconda3/envs/ros2/bin/env __CF_USER_TEXT_ENCODING=0x1F5:0x0:0x0 /Users/howardkang/miniconda3/envs/ros2/bin/cmake --install /Users/howardkang/auto_car/build/my_package
[2.157s] -- Install configuration: ""
[2.158s] -- Execute custom install script
[2.158s] -- Up-to-date symlink: /Users/howardkang/auto_car/install/my_package/share/ament_index/resource_index/rosidl_interfaces/my_package
[2.159s] -- Up-to-date symlink: /Users/howardkang/auto_car/install/my_package/include/my_package/my_package/msg/detail/inference_result__functions.h
[2.159s] -- Up-to-date symlink: /Users/howardkang/auto_car/install/my_package/include/my_package/my_package/msg/detail/inference_result__struct.h
[2.159s] -- Up-to-date symlink: /Users/howardkang/auto_car/install/my_package/include/my_package/my_package/msg/detail/inference_result__type_support.h
[2.159s] -- Up-to-date symlink: /Users/howardkang/auto_car/install/my_package/include/my_package/my_package/msg/detail/yolov8_inference__functions.h
[2.160s] -- Up-to-date symlink: /Users/howardkang/auto_car/install/my_package/include/my_package/my_package/msg/detail/yolov8_inference__struct.h
[2.160s] -- Up-to-date symlink: /Users/howardkang/auto_car/install/my_package/include/my_package/my_package/msg/detail/yolov8_inference__type_support.h
[2.160s] -- Up-to-date symlink: /Users/howardkang/auto_car/install/my_package/include/my_package/my_package/msg/inference_result.h
[2.160s] -- Up-to-date symlink: /Users/howardkang/auto_car/install/my_package/include/my_package/my_package/msg/rosidl_generator_c__visibility_control.h
[2.160s] -- Up-to-date symlink: /Users/howardkang/auto_car/install/my_package/include/my_package/my_package/msg/yolov8_inference.h
[2.161s] -- Up-to-date symlink: /Users/howardkang/auto_car/install/my_package/include/my_package/my_package/msg/detail/inference_result__rosidl_typesupport_fastrtps_c.h
[2.161s] -- Up-to-date symlink: /Users/howardkang/auto_car/install/my_package/include/my_package/my_package/msg/detail/yolov8_inference__rosidl_typesupport_fastrtps_c.h
[2.161s] -- Up-to-date symlink: /Users/howardkang/auto_car/install/my_package/include/my_package/my_package/msg/rosidl_typesupport_fastrtps_c__visibility_control.h
[2.161s] -- Up-to-date symlink: /Users/howardkang/auto_car/install/my_package/include/my_package/my_package/msg/detail/inference_result__builder.hpp
[2.161s] -- Up-to-date symlink: /Users/howardkang/auto_car/install/my_package/include/my_package/my_package/msg/detail/inference_result__struct.hpp
[2.162s] -- Up-to-date symlink: /Users/howardkang/auto_car/install/my_package/include/my_package/my_package/msg/detail/inference_result__traits.hpp
[2.162s] -- Up-to-date symlink: /Users/howardkang/auto_car/install/my_package/include/my_package/my_package/msg/detail/yolov8_inference__builder.hpp
[2.163s] -- Up-to-date symlink: /Users/howardkang/auto_car/install/my_package/include/my_package/my_package/msg/detail/yolov8_inference__struct.hpp
[2.163s] -- Up-to-date symlink: /Users/howardkang/auto_car/install/my_package/include/my_package/my_package/msg/detail/yolov8_inference__traits.hpp
[2.163s] -- Up-to-date symlink: /Users/howardkang/auto_car/install/my_package/include/my_package/my_package/msg/inference_result.hpp
[2.164s] -- Up-to-date symlink: /Users/howardkang/auto_car/install/my_package/include/my_package/my_package/msg/yolov8_inference.hpp
[2.164s] -- Up-to-date symlink: /Users/howardkang/auto_car/install/my_package/include/my_package/my_package/msg/detail/inference_result__rosidl_typesupport_fastrtps_cpp.hpp
[2.165s] -- Up-to-date symlink: /Users/howardkang/auto_car/install/my_package/include/my_package/my_package/msg/detail/yolov8_inference__rosidl_typesupport_fastrtps_cpp.hpp
[2.165s] -- Up-to-date symlink: /Users/howardkang/auto_car/install/my_package/include/my_package/my_package/msg/rosidl_typesupport_fastrtps_cpp__visibility_control.h
[2.165s] -- Up-to-date symlink: /Users/howardkang/auto_car/install/my_package/include/my_package/my_package/msg/detail/inference_result__rosidl_typesupport_introspection_c.h
[2.165s] -- Up-to-date symlink: /Users/howardkang/auto_car/install/my_package/include/my_package/my_package/msg/detail/yolov8_inference__rosidl_typesupport_introspection_c.h
[2.166s] -- Up-to-date symlink: /Users/howardkang/auto_car/install/my_package/include/my_package/my_package/msg/rosidl_typesupport_introspection_c__visibility_control.h
[2.166s] -- Up-to-date symlink: /Users/howardkang/auto_car/install/my_package/include/my_package/my_package/msg/detail/inference_result__rosidl_typesupport_introspection_cpp.hpp
[2.166s] -- Up-to-date symlink: /Users/howardkang/auto_car/install/my_package/include/my_package/my_package/msg/detail/yolov8_inference__rosidl_typesupport_introspection_cpp.hpp
[2.166s] -- Up-to-date symlink: /Users/howardkang/auto_car/install/my_package/share/my_package/environment/pythonpath.sh
[2.166s] -- Up-to-date symlink: /Users/howardkang/auto_car/install/my_package/share/my_package/environment/pythonpath.dsv
[2.166s] -- Up-to-date symlink: /Users/howardkang/auto_car/install/my_package/lib/python3.10/site-packages/my_package-0.0.0-py3.10.egg-info/PKG-INFO
[2.167s] -- Up-to-date symlink: /Users/howardkang/auto_car/install/my_package/lib/python3.10/site-packages/my_package-0.0.0-py3.10.egg-info/SOURCES.txt
[2.167s] -- Up-to-date symlink: /Users/howardkang/auto_car/install/my_package/lib/python3.10/site-packages/my_package-0.0.0-py3.10.egg-info/dependency_links.txt
[2.167s] -- Up-to-date symlink: /Users/howardkang/auto_car/install/my_package/lib/python3.10/site-packages/my_package-0.0.0-py3.10.egg-info/top_level.txt
[2.168s] -- Up-to-date symlink: /Users/howardkang/auto_car/install/my_package/lib/python3.10/site-packages/my_package/__init__.py
[2.168s] -- Up-to-date symlink: /Users/howardkang/auto_car/install/my_package/lib/python3.10/site-packages/my_package/_my_package_s.ep.rosidl_typesupport_c.c
[2.168s] -- Up-to-date symlink: /Users/howardkang/auto_car/install/my_package/lib/python3.10/site-packages/my_package/_my_package_s.ep.rosidl_typesupport_fastrtps_c.c
[2.168s] -- Up-to-date symlink: /Users/howardkang/auto_car/install/my_package/lib/python3.10/site-packages/my_package/_my_package_s.ep.rosidl_typesupport_introspection_c.c
[2.168s] -- Up-to-date symlink: /Users/howardkang/auto_car/install/my_package/lib/python3.10/site-packages/my_package/libmy_package__rosidl_generator_py.dylib
[2.168s] -- Up-to-date symlink: /Users/howardkang/auto_car/install/my_package/lib/python3.10/site-packages/my_package/msg/__init__.py
[2.168s] -- Up-to-date symlink: /Users/howardkang/auto_car/install/my_package/lib/python3.10/site-packages/my_package/msg/_inference_result.py
[2.169s] -- Up-to-date symlink: /Users/howardkang/auto_car/install/my_package/lib/python3.10/site-packages/my_package/msg/_inference_result_s.c
[2.169s] -- Up-to-date symlink: /Users/howardkang/auto_car/install/my_package/lib/python3.10/site-packages/my_package/msg/_yolov8_inference.py
[2.169s] -- Up-to-date symlink: /Users/howardkang/auto_car/install/my_package/lib/python3.10/site-packages/my_package/msg/_yolov8_inference_s.c
[2.169s] -- Up-to-date symlink: /Users/howardkang/auto_car/install/my_package/lib/python3.10/site-packages/my_package/my_package_s__rosidl_typesupport_c.cpython-310-darwin.so
[2.169s] -- Up-to-date symlink: /Users/howardkang/auto_car/install/my_package/lib/python3.10/site-packages/my_package/my_package_s__rosidl_typesupport_fastrtps_c.cpython-310-darwin.so
[2.169s] -- Up-to-date symlink: /Users/howardkang/auto_car/install/my_package/lib/python3.10/site-packages/my_package/my_package_s__rosidl_typesupport_introspection_c.cpython-310-darwin.so
[2.170s] -- Up-to-date symlink: /Users/howardkang/auto_car/install/my_package/lib/python3.10/site-packages/my_package/my_package_s__rosidl_typesupport_fastrtps_c.cpython-310-darwin.so
[2.170s] -- Up-to-date symlink: /Users/howardkang/auto_car/install/my_package/lib/python3.10/site-packages/my_package/my_package_s__rosidl_typesupport_introspection_c.cpython-310-darwin.so
[2.170s] -- Up-to-date symlink: /Users/howardkang/auto_car/install/my_package/lib/python3.10/site-packages/my_package/my_package_s__rosidl_typesupport_c.cpython-310-darwin.so
[2.171s] -- Up-to-date symlink: /Users/howardkang/auto_car/install/my_package/share/my_package/msg/InferenceResult.idl
[2.171s] -- Up-to-date symlink: /Users/howardkang/auto_car/install/my_package/share/my_package/msg/Yolov8Inference.idl
[2.171s] -- Up-to-date symlink: /Users/howardkang/auto_car/install/my_package/share/my_package/msgs/InferenceResult.msg
[2.171s] -- Up-to-date symlink: /Users/howardkang/auto_car/install/my_package/share/my_package/msgs/Yolov8Inference.msg
[2.173s] -- Up-to-date symlink: /Users/howardkang/auto_car/install/my_package/share/my_package/description/.DS_Store
[2.173s] -- Up-to-date symlink: /Users/howardkang/auto_car/install/my_package/share/my_package/description/camera.xacro
[2.173s] -- Up-to-date symlink: /Users/howardkang/auto_car/install/my_package/share/my_package/description/camera1.xacro
[2.182s] -- Up-to-date symlink: /Users/howardkang/auto_car/install/my_package/share/my_package/description/gazebo_control.xacro
[2.184s] -- Up-to-date symlink: /Users/howardkang/auto_car/install/my_package/share/my_package/description/inertial_macros.xacro
[2.186s] -- Up-to-date symlink: /Users/howardkang/auto_car/install/my_package/share/my_package/description/lidar.xacro
[2.186s] -- Up-to-date symlink: /Users/howardkang/auto_car/install/my_package/share/my_package/description/robot.urdf.xacro
[2.186s] -- Up-to-date symlink: /Users/howardkang/auto_car/install/my_package/share/my_package/description/robot_core.xacro
[2.186s] -- Up-to-date symlink: /Users/howardkang/auto_car/install/my_package/share/my_package/description/robot_github.urdf.xacro
[2.186s] -- Up-to-date symlink: /Users/howardkang/auto_car/install/my_package/share/my_package/description/yolobot.urdf
[2.186s] -- Up-to-date symlink: /Users/howardkang/auto_car/install/my_package/share/my_package/launch/listener.launch.py
[2.186s] -- Up-to-date symlink: /Users/howardkang/auto_car/install/my_package/share/my_package/launch/rsp.launch.py
[2.186s] -- Up-to-date symlink: /Users/howardkang/auto_car/install/my_package/share/my_package/launch/rsp.launch.sim.py
[2.186s] -- Up-to-date symlink: /Users/howardkang/auto_car/install/my_package/share/my_package/launch/talker.launch.py
[2.186s] -- Up-to-date symlink: /Users/howardkang/auto_car/install/my_package/share/my_package/launch/yolov8.launch.py
[2.186s] -- Up-to-date symlink: /Users/howardkang/auto_car/install/my_package/share/my_package/worlds/hello.world
[2.186s] -- Up-to-date symlink: /Users/howardkang/auto_car/install/my_package/share/my_package/worlds/world_test.world
[2.186s] -- Up-to-date symlink: /Users/howardkang/auto_car/install/my_package/share/my_package/worlds/world_test2.world
[2.186s] -- Up-to-date symlink: /Users/howardkang/auto_car/install/my_package/share/my_package/scripts/.DS_Store
[2.187s] -- Up-to-date symlink: /Users/howardkang/auto_car/install/my_package/share/my_package/scripts/actuators.py
[2.187s] -- Up-to-date symlink: /Users/howardkang/auto_car/install/my_package/share/my_package/scripts/decision_making.py
[2.187s] -- Up-to-date symlink: /Users/howardkang/auto_car/install/my_package/share/my_package/scripts/sensor_sim.py
[2.187s] -- Up-to-date symlink: /Users/howardkang/auto_car/install/my_package/share/my_package/msgs/InferenceResult.msg
[2.187s] -- Up-to-date symlink: /Users/howardkang/auto_car/install/my_package/share/my_package/msgs/Yolov8Inference.msg
[2.187s] -- Up-to-date symlink: /Users/howardkang/auto_car/install/my_package/share/my_package/config/drive_bot.rviz
[2.187s] -- Up-to-date symlink: /Users/howardkang/auto_car/install/my_package/share/my_package/config/drive_bot2.rviz
[2.187s] -- Symlinking: /Users/howardkang/auto_car/install/my_package/share/my_package/config/mapper_params_online_async.yaml
[2.208s] -- Up-to-date symlink: /Users/howardkang/auto_car/install/my_package/lib/my_package/description/.DS_Store
[2.208s] -- Up-to-date symlink: /Users/howardkang/auto_car/install/my_package/lib/my_package/description/camera.xacro
[2.208s] -- Up-to-date symlink: /Users/howardkang/auto_car/install/my_package/lib/my_package/description/camera1.xacro
[2.208s] -- Up-to-date symlink: /Users/howardkang/auto_car/install/my_package/lib/my_package/description/gazebo_control.xacro
[2.208s] -- Up-to-date symlink: /Users/howardkang/auto_car/install/my_package/lib/my_package/description/inertial_macros.xacro
[2.208s] -- Up-to-date symlink: /Users/howardkang/auto_car/install/my_package/lib/my_package/description/lidar.xacro
[2.209s] -- Up-to-date symlink: /Users/howardkang/auto_car/install/my_package/lib/my_package/description/robot.urdf.xacro
[2.209s] -- Up-to-date symlink: /Users/howardkang/auto_car/install/my_package/lib/my_package/description/robot_core.xacro
[2.209s] -- Up-to-date symlink: /Users/howardkang/auto_car/install/my_package/lib/my_package/description/robot_github.urdf.xacro
[2.209s] -- Up-to-date symlink: /Users/howardkang/auto_car/install/my_package/lib/my_package/description/yolobot.urdf
[2.209s] -- Up-to-date symlink: /Users/howardkang/auto_car/install/my_package/lib/my_package/launch/listener.launch.py
[2.209s] -- Up-to-date symlink: /Users/howardkang/auto_car/install/my_package/lib/my_package/launch/rsp.launch.py
[2.209s] -- Up-to-date symlink: /Users/howardkang/auto_car/install/my_package/lib/my_package/launch/rsp.launch.sim.py
[2.210s] -- Up-to-date symlink: /Users/howardkang/auto_car/install/my_package/lib/my_package/launch/talker.launch.py
[2.210s] -- Up-to-date symlink: /Users/howardkang/auto_car/install/my_package/lib/my_package/launch/yolov8.launch.py
[2.210s] -- Up-to-date symlink: /Users/howardkang/auto_car/install/my_package/lib/my_package/worlds/hello.world
[2.210s] -- Up-to-date symlink: /Users/howardkang/auto_car/install/my_package/lib/my_package/worlds/world_test.world
[2.211s] -- Up-to-date symlink: /Users/howardkang/auto_car/install/my_package/lib/my_package/worlds/world_test2.world
[2.211s] -- Up-to-date symlink: /Users/howardkang/auto_car/install/my_package/lib/my_package/scripts/.DS_Store
[2.211s] -- Up-to-date symlink: /Users/howardkang/auto_car/install/my_package/lib/my_package/scripts/actuators.py
[2.211s] -- Up-to-date symlink: /Users/howardkang/auto_car/install/my_package/lib/my_package/scripts/decision_making.py
[2.211s] -- Up-to-date symlink: /Users/howardkang/auto_car/install/my_package/lib/my_package/scripts/sensor_sim.py
[2.211s] -- Up-to-date symlink: /Users/howardkang/auto_car/install/my_package/lib/my_package/msgs/InferenceResult.msg
[2.211s] -- Up-to-date symlink: /Users/howardkang/auto_car/install/my_package/lib/my_package/msgs/Yolov8Inference.msg
[2.212s] -- Up-to-date symlink: /Users/howardkang/auto_car/install/my_package/lib/my_package/config/drive_bot.rviz
[2.212s] -- Up-to-date symlink: /Users/howardkang/auto_car/install/my_package/lib/my_package/config/drive_bot2.rviz
[2.212s] -- Symlinking: /Users/howardkang/auto_car/install/my_package/lib/my_package/config/mapper_params_online_async.yaml
[2.225s] -- Up-to-date symlink: /Users/howardkang/auto_car/install/my_package/share/ament_index/resource_index/package_run_dependencies/my_package
[2.225s] -- Up-to-date symlink: /Users/howardkang/auto_car/install/my_package/share/ament_index/resource_index/parent_prefix_path/my_package
[2.225s] -- Up-to-date symlink: /Users/howardkang/auto_car/install/my_package/share/my_package/environment/ament_prefix_path.sh
[2.226s] -- Up-to-date symlink: /Users/howardkang/auto_car/install/my_package/share/my_package/environment/ament_prefix_path.dsv
[2.226s] -- Up-to-date symlink: /Users/howardkang/auto_car/install/my_package/share/my_package/environment/path.sh
[2.227s] -- Up-to-date symlink: /Users/howardkang/auto_car/install/my_package/share/my_package/environment/path.dsv
[2.227s] -- Up-to-date symlink: /Users/howardkang/auto_car/install/my_package/share/my_package/local_setup.bash
[2.227s] -- Up-to-date symlink: /Users/howardkang/auto_car/install/my_package/share/my_package/local_setup.sh
[2.227s] -- Up-to-date symlink: /Users/howardkang/auto_car/install/my_package/share/my_package/local_setup.zsh
[2.228s] -- Up-to-date symlink: /Users/howardkang/auto_car/install/my_package/share/my_package/local_setup.dsv
[2.228s] -- Symlinking: /Users/howardkang/auto_car/install/my_package/share/my_package/package.dsv
[2.241s] -- Up-to-date symlink: /Users/howardkang/auto_car/install/my_package/share/ament_index/resource_index/packages/my_package
[2.241s] -- Up-to-date symlink: /Users/howardkang/auto_car/install/my_package/share/my_package/cmake/rosidl_cmake-extras.cmake
[2.242s] -- Up-to-date symlink: /Users/howardkang/auto_car/install/my_package/share/my_package/cmake/ament_cmake_export_dependencies-extras.cmake
[2.242s] -- Up-to-date symlink: /Users/howardkang/auto_car/install/my_package/share/my_package/cmake/ament_cmake_export_include_directories-extras.cmake
[2.242s] -- Up-to-date symlink: /Users/howardkang/auto_car/install/my_package/share/my_package/cmake/ament_cmake_export_libraries-extras.cmake
[2.242s] -- Up-to-date symlink: /Users/howardkang/auto_car/install/my_package/share/my_package/cmake/ament_cmake_export_targets-extras.cmake
[2.242s] -- Up-to-date symlink: /Users/howardkang/auto_car/install/my_package/share/my_package/cmake/rosidl_cmake_export_typesupport_targets-extras.cmake
[2.242s] -- Up-to-date symlink: /Users/howardkang/auto_car/install/my_package/share/my_package/cmake/rosidl_cmake_export_typesupport_libraries-extras.cmake
[2.243s] -- Up-to-date symlink: /Users/howardkang/auto_car/install/my_package/share/my_package/cmake/my_packageConfig.cmake
[2.243s] -- Up-to-date symlink: /Users/howardkang/auto_car/install/my_package/share/my_package/cmake/my_packageConfig-version.cmake
[2.243s] -- Up-to-date symlink: /Users/howardkang/auto_car/install/my_package/share/my_package/package.xml
[2.243s] -- Up-to-date: /Users/howardkang/auto_car/install/my_package/lib/libmy_package__rosidl_generator_c.dylib
[2.243s] -- Installing: /Users/howardkang/auto_car/install/my_package/lib/libmy_package__rosidl_typesupport_fastrtps_c.dylib
[2.247s] [cctools-port]: generating fake signature for '/Users/howardkang/auto_car/install/my_package/lib/libmy_package__rosidl_typesupport_fastrtps_c.dylib'
[2.335s] -- Up-to-date: /Users/howardkang/auto_car/install/my_package/lib/libmy_package__rosidl_typesupport_fastrtps_cpp.dylib
[2.335s] -- Installing: /Users/howardkang/auto_car/install/my_package/lib/libmy_package__rosidl_typesupport_introspection_c.dylib
[2.338s] [cctools-port]: generating fake signature for '/Users/howardkang/auto_car/install/my_package/lib/libmy_package__rosidl_typesupport_introspection_c.dylib'
[2.347s] -- Installing: /Users/howardkang/auto_car/install/my_package/lib/libmy_package__rosidl_typesupport_c.dylib
[2.350s] [cctools-port]: generating fake signature for '/Users/howardkang/auto_car/install/my_package/lib/libmy_package__rosidl_typesupport_c.dylib'
[2.358s] -- Up-to-date: /Users/howardkang/auto_car/install/my_package/lib/libmy_package__rosidl_typesupport_introspection_cpp.dylib
[2.358s] -- Up-to-date: /Users/howardkang/auto_car/install/my_package/lib/libmy_package__rosidl_typesupport_cpp.dylib
[2.383s] Listing 'lib/python3.10/site-packages/my_package'...
[2.383s] Can't list 'lib/python3.10/site-packages/my_package'
[2.385s] -- Installing: /Users/howardkang/auto_car/install/my_package/lib/libmy_package__rosidl_generator_py.dylib
[2.389s] [cctools-port]: generating fake signature for '/Users/howardkang/auto_car/install/my_package/lib/libmy_package__rosidl_generator_py.dylib'
[2.397s] -- Up-to-date: /Users/howardkang/auto_car/install/my_package/share/my_package/cmake/export_my_package__rosidl_generator_cExport.cmake
[2.397s] -- Up-to-date: /Users/howardkang/auto_car/install/my_package/share/my_package/cmake/export_my_package__rosidl_generator_cExport-noconfig.cmake
[2.398s] -- Up-to-date: /Users/howardkang/auto_car/install/my_package/share/my_package/cmake/export_my_package__rosidl_typesupport_fastrtps_cExport.cmake
[2.398s] -- Up-to-date: /Users/howardkang/auto_car/install/my_package/share/my_package/cmake/export_my_package__rosidl_typesupport_fastrtps_cExport-noconfig.cmake
[2.398s] -- Up-to-date: /Users/howardkang/auto_car/install/my_package/share/my_package/cmake/export_my_package__rosidl_generator_cppExport.cmake
[2.398s] -- Up-to-date: /Users/howardkang/auto_car/install/my_package/share/my_package/cmake/export_my_package__rosidl_typesupport_fastrtps_cppExport.cmake
[2.398s] -- Up-to-date: /Users/howardkang/auto_car/install/my_package/share/my_package/cmake/export_my_package__rosidl_typesupport_fastrtps_cppExport-noconfig.cmake
[2.399s] -- Up-to-date: /Users/howardkang/auto_car/install/my_package/share/my_package/cmake/my_package__rosidl_typesupport_introspection_cExport.cmake
[2.399s] -- Up-to-date: /Users/howardkang/auto_car/install/my_package/share/my_package/cmake/my_package__rosidl_typesupport_introspection_cExport-noconfig.cmake
[2.399s] -- Up-to-date: /Users/howardkang/auto_car/install/my_package/share/my_package/cmake/my_package__rosidl_typesupport_cExport.cmake
[2.399s] -- Up-to-date: /Users/howardkang/auto_car/install/my_package/share/my_package/cmake/my_package__rosidl_typesupport_cExport-noconfig.cmake
[2.399s] -- Up-to-date: /Users/howardkang/auto_car/install/my_package/share/my_package/cmake/my_package__rosidl_typesupport_introspection_cppExport.cmake
[2.399s] -- Up-to-date: /Users/howardkang/auto_car/install/my_package/share/my_package/cmake/my_package__rosidl_typesupport_introspection_cppExport-noconfig.cmake
[2.400s] -- Up-to-date: /Users/howardkang/auto_car/install/my_package/share/my_package/cmake/my_package__rosidl_typesupport_cppExport.cmake
[2.400s] -- Up-to-date: /Users/howardkang/auto_car/install/my_package/share/my_package/cmake/my_package__rosidl_typesupport_cppExport-noconfig.cmake
[2.400s] -- Up-to-date: /Users/howardkang/auto_car/install/my_package/share/my_package/cmake/export_my_package__rosidl_generator_pyExport.cmake
[2.400s] -- Up-to-date: /Users/howardkang/auto_car/install/my_package/share/my_package/cmake/export_my_package__rosidl_generator_pyExport-noconfig.cmake
[2.452s] Invoked command in '/Users/howardkang/auto_car/build/my_package' returned '0': CONDA_PROMPT_MODIFIER=(ros2) SHLVL=2 _=/Users/howardkang/miniconda3/envs/ros2/bin/env __CF_USER_TEXT_ENCODING=0x1F5:0x0:0x0 /Users/howardkang/miniconda3/envs/ros2/bin/cmake --install /Users/howardkang/auto_car/build/my_package
