[0.048s] Invoking command in '/Users/howardkang/auto_car/build/yolobot_algo': CONDA_PROMPT_MODIFIER=(ros2) SHLVL=2 _=/Users/howardkang/miniconda3/envs/ros2/bin/env __CF_USER_TEXT_ENCODING=0x1F5:0x0:0x0 /Users/howardkang/miniconda3/envs/ros2/bin/cmake --build /Users/howardkang/auto_car/build/yolobot_algo -- -j8 -l8
[0.133s] [  2%] Built target yolobot_algo__cpp
[0.146s] [ 12%] Built target yolobot_algo__rosidl_generator_c
[0.161s] [ 12%] Built target ament_cmake_python_symlink_yolobot_algo
[0.221s] [ 23%] Built target yolobot_algo__rosidl_typesupport_cpp
[0.230s] [ 33%] Built target yolobot_algo__rosidl_typesupport_introspection_cpp
[0.247s] [ 43%] Built target yolobot_algo__rosidl_typesupport_c
[0.248s] [ 53%] Built target yolobot_algo__rosidl_typesupport_fastrtps_cpp
[0.262s] [ 74%] Built target yolobot_algo__rosidl_typesupport_fastrtps_c
[0.262s] [ 71%] Built target yolobot_algo__rosidl_typesupport_introspection_c
[0.305s] [ 74%] Built target yolobot_algo
[0.342s] [ 76%] Built target yolobot_algo__py
[0.380s] [ 84%] Built target yolobot_algo__rosidl_generator_py
[0.433s] [ 89%] Built target yolobot_algo__rosidl_typesupport_fastrtps_c__pyext
[0.434s] [ 94%] Built target yolobot_algo__rosidl_typesupport_introspection_c__pyext
[0.436s] [100%] Built target yolobot_algo__rosidl_typesupport_c__pyext
[0.795s] running egg_info
[0.850s] writing yolobot_algo.egg-info/PKG-INFO
[0.895s] writing dependency_links to yolobot_algo.egg-info/dependency_links.txt
[1.118s] writing top-level names to yolobot_algo.egg-info/top_level.txt
[1.191s] reading manifest file 'yolobot_algo.egg-info/SOURCES.txt'
[1.192s] writing manifest file 'yolobot_algo.egg-info/SOURCES.txt'
[1.227s] [100%] Built target ament_cmake_python_build_yolobot_algo_egg
[1.242s] Invoked command in '/Users/howardkang/auto_car/build/yolobot_algo' returned '0': CONDA_PROMPT_MODIFIER=(ros2) SHLVL=2 _=/Users/howardkang/miniconda3/envs/ros2/bin/env __CF_USER_TEXT_ENCODING=0x1F5:0x0:0x0 /Users/howardkang/miniconda3/envs/ros2/bin/cmake --build /Users/howardkang/auto_car/build/yolobot_algo -- -j8 -l8
