[0.043s] Invoking command in '/Users/howardkang/auto_car/build/urdf_example': CONDA_PROMPT_MODIFIER=(ros2) SHLVL=2 _=/Users/howardkang/miniconda3/envs/ros2/bin/env __CF_USER_TEXT_ENCODING=0x1F5:0x0:0x0 /Users/howardkang/miniconda3/envs/ros2/bin/cmake /Users/howardkang/auto_car/src/urdf_example-main -DAMENT_CMAKE_SYMLINK_INSTALL=1 -DCMAKE_INSTALL_PREFIX=/Users/howardkang/auto_car/install/urdf_example
[0.103s] -- Found ament_cmake: 1.3.3 (/Users/howardkang/miniconda3/envs/ros2/share/ament_cmake/cmake)
[0.270s] -- Override CMake install command with custom implementation using symlinks instead of copying resources
[0.295s] -- Found ament_lint_auto: 0.12.5 (/Users/howardkang/miniconda3/envs/ros2/share/ament_lint_auto/cmake)
[0.382s] -- Added test 'copyright' to check source files copyright and LICENSE
[0.385s] -- Added test 'flake8' to check Python code syntax and style conventions
[0.385s] -- Added test 'lint_cmake' to check CMake code style
[0.386s] -- Added test 'pep257' to check Python code against some of the docstring style conventions in PEP 257
[0.387s] -- Added test 'xmllint' to check XML markup files
[0.389s] -- Configuring done (0.3s)
[0.400s] -- Generating done (0.0s)
[0.403s] -- Build files have been written to: /Users/howardkang/auto_car/build/urdf_example
[0.405s] Invoked command in '/Users/howardkang/auto_car/build/urdf_example' returned '0': CONDA_PROMPT_MODIFIER=(ros2) SHLVL=2 _=/Users/howardkang/miniconda3/envs/ros2/bin/env __CF_USER_TEXT_ENCODING=0x1F5:0x0:0x0 /Users/howardkang/miniconda3/envs/ros2/bin/cmake /Users/howardkang/auto_car/src/urdf_example-main -DAMENT_CMAKE_SYMLINK_INSTALL=1 -DCMAKE_INSTALL_PREFIX=/Users/howardkang/auto_car/install/urdf_example
[0.408s] Invoking command in '/Users/howardkang/auto_car/build/urdf_example': CONDA_PROMPT_MODIFIER=(ros2) SHLVL=2 _=/Users/howardkang/miniconda3/envs/ros2/bin/env __CF_USER_TEXT_ENCODING=0x1F5:0x0:0x0 /Users/howardkang/miniconda3/envs/ros2/bin/cmake --build /Users/howardkang/auto_car/build/urdf_example -- -j8 -l8
[0.459s] Invoked command in '/Users/howardkang/auto_car/build/urdf_example' returned '0': CONDA_PROMPT_MODIFIER=(ros2) SHLVL=2 _=/Users/howardkang/miniconda3/envs/ros2/bin/env __CF_USER_TEXT_ENCODING=0x1F5:0x0:0x0 /Users/howardkang/miniconda3/envs/ros2/bin/cmake --build /Users/howardkang/auto_car/build/urdf_example -- -j8 -l8
[0.513s] Invoking command in '/Users/howardkang/auto_car/build/urdf_example': CONDA_PROMPT_MODIFIER=(ros2) SHLVL=2 _=/Users/howardkang/miniconda3/envs/ros2/bin/env __CF_USER_TEXT_ENCODING=0x1F5:0x0:0x0 /Users/howardkang/miniconda3/envs/ros2/bin/cmake --install /Users/howardkang/auto_car/build/urdf_example
[0.522s] -- Install configuration: ""
[0.522s] -- Execute custom install script
[0.523s] -- Up-to-date symlink: /Users/howardkang/auto_car/install/urdf_example/share/urdf_example/description/example_gazebo.xacro
[0.523s] -- Up-to-date symlink: /Users/howardkang/auto_car/install/urdf_example/share/urdf_example/description/example_include.xacro
[0.523s] -- Up-to-date symlink: /Users/howardkang/auto_car/install/urdf_example/share/urdf_example/description/example_robot.urdf.xacro
[0.523s] -- Up-to-date symlink: /Users/howardkang/auto_car/install/urdf_example/share/urdf_example/launch/rsp.launch.py
[0.523s] -- Up-to-date symlink: /Users/howardkang/auto_car/install/urdf_example/share/urdf_example/launch/rsp_sim.launch.py
[0.524s] -- Up-to-date symlink: /Users/howardkang/auto_car/install/urdf_example/share/urdf_example/worlds/test_world.world
[0.524s] -- Symlinking: /Users/howardkang/auto_car/install/urdf_example/share/urdf_example/worlds/world_test.world
[0.535s] -- Up-to-date symlink: /Users/howardkang/auto_car/install/urdf_example/share/urdf_example/worlds/world_test2
[0.535s] -- Up-to-date symlink: /Users/howardkang/auto_car/install/urdf_example/share/ament_index/resource_index/package_run_dependencies/urdf_example
[0.535s] -- Up-to-date symlink: /Users/howardkang/auto_car/install/urdf_example/share/ament_index/resource_index/parent_prefix_path/urdf_example
[0.535s] -- Up-to-date symlink: /Users/howardkang/auto_car/install/urdf_example/share/urdf_example/environment/ament_prefix_path.sh
[0.535s] -- Up-to-date symlink: /Users/howardkang/auto_car/install/urdf_example/share/urdf_example/environment/ament_prefix_path.dsv
[0.535s] -- Up-to-date symlink: /Users/howardkang/auto_car/install/urdf_example/share/urdf_example/environment/path.sh
[0.535s] -- Up-to-date symlink: /Users/howardkang/auto_car/install/urdf_example/share/urdf_example/environment/path.dsv
[0.535s] -- Up-to-date symlink: /Users/howardkang/auto_car/install/urdf_example/share/urdf_example/local_setup.bash
[0.536s] -- Up-to-date symlink: /Users/howardkang/auto_car/install/urdf_example/share/urdf_example/local_setup.sh
[0.536s] -- Up-to-date symlink: /Users/howardkang/auto_car/install/urdf_example/share/urdf_example/local_setup.zsh
[0.536s] -- Up-to-date symlink: /Users/howardkang/auto_car/install/urdf_example/share/urdf_example/local_setup.dsv
[0.536s] -- Symlinking: /Users/howardkang/auto_car/install/urdf_example/share/urdf_example/package.dsv
[0.577s] -- Up-to-date symlink: /Users/howardkang/auto_car/install/urdf_example/share/ament_index/resource_index/packages/urdf_example
[0.577s] -- Up-to-date symlink: /Users/howardkang/auto_car/install/urdf_example/share/urdf_example/cmake/urdf_exampleConfig.cmake
[0.577s] -- Up-to-date symlink: /Users/howardkang/auto_car/install/urdf_example/share/urdf_example/cmake/urdf_exampleConfig-version.cmake
[0.577s] -- Up-to-date symlink: /Users/howardkang/auto_car/install/urdf_example/share/urdf_example/package.xml
[0.577s] Invoked command in '/Users/howardkang/auto_car/build/urdf_example' returned '0': CONDA_PROMPT_MODIFIER=(ros2) SHLVL=2 _=/Users/howardkang/miniconda3/envs/ros2/bin/env __CF_USER_TEXT_ENCODING=0x1F5:0x0:0x0 /Users/howardkang/miniconda3/envs/ros2/bin/cmake --install /Users/howardkang/auto_car/build/urdf_example
