[0.000000] (-) TimerEvent: {}
[0.000092] (-) JobUnselected: {'identifier': 'my_package'}
[0.000114] (-) JobUnselected: {'identifier': 'urdf_example'}
[0.000131] (yolov8_interface) JobQueued: {'identifier': 'yolov8_interface', 'dependencies': OrderedDict()}
[0.000269] (yolov8_interface) JobStarted: {'identifier': 'yolov8_interface'}
[0.085430] (yolov8_interface) JobProgress: {'identifier': 'yolov8_interface', 'progress': 'cmake'}
[0.086473] (yolov8_interface) JobProgress: {'identifier': 'yolov8_interface', 'progress': 'build'}
[0.087080] (yolov8_interface) Command: {'cmd': ['/Users/howardkang/miniconda3/envs/ros2/bin/cmake', '--build', '/Users/howardkang/auto_car/build/yolov8_interface', '--', '-j8', '-l8'], 'cwd': '/Users/howardkang/auto_car/build/yolov8_interface', 'env': OrderedDict([('AS', 'arm64-apple-darwin20.0.0-as'), ('AR', 'arm64-apple-darwin20.0.0-ar'), ('LDFLAGS', '-Wl,-pie -Wl,-headerpad_max_install_names -Wl,-dead_strip_dylibs -Wl,-rpath,/Users/howardkang/miniconda3/envs/ros2/lib -L/Users/howardkang/miniconda3/envs/ros2/lib'), ('ac_cv_func_malloc_0_nonnull', 'yes'), ('TERM_PROGRAM', 'Apple_Terminal'), ('GDAL_DRIVER_PATH', '/Users/howardkang/miniconda3/envs/ros2/lib/gdalplugins'), ('ac_cv_func_realloc_0_nonnull', 'yes'), ('PROJ_DATA', '/Users/howardkang/miniconda3/envs/ros2/share/proj'), ('GEM_HOME', '/Users/howardkang/miniconda3/envs/ros2/share/rubygems/'), ('TERM', 'xterm-256color'), ('SHELL', '/bin/bash'), ('HOST', 'arm64-apple-darwin20.0.0'), ('OBJC', 'arm64-apple-darwin20.0.0-clang'), ('NM', 'arm64-apple-darwin20.0.0-nm'), ('TMPDIR', '/var/folders/gt/yt8_jftd34j813fpcqn_mz500000gn/T/'), ('CPPFLAGS', '-D_FORTIFY_SOURCE=2 -isystem /Users/howardkang/miniconda3/envs/ros2/include'), ('CONDA_SHLVL', '2'), ('PAGESTUFF', 'arm64-apple-darwin20.0.0-pagestuff'), ('TERM_PROGRAM_VERSION', '452'), ('CONDA_PROMPT_MODIFIER', '(ros2)'), ('LIPO', 'arm64-apple-darwin20.0.0-lipo'), ('GAZEBO_MODEL_PATH', '/Users/howardkang/miniconda3/envs/ros2/share/gazebo-11/models:'), ('NMEDIT', 'arm64-apple-darwin20.0.0-nmedit'), ('SIZE', 'arm64-apple-darwin20.0.0-size'), ('GSETTINGS_SCHEMA_DIR_CONDA_BACKUP', ''), ('SDKROOT', '/Library/Developer/CommandLineTools/SDKs/MacOSX.sdk'), ('ROS_PYTHON_VERSION', '3'), ('TERM_SESSION_ID', '49F1C21A-8D21-4E8F-B152-A3FA27DD9FA7'), ('ROS_VERSION', '2'), ('INSTALL_NAME_TOOL', 'arm64-apple-darwin20.0.0-install_name_tool'), ('CXX_FOR_BUILD', '/Users/howardkang/miniconda3/envs/ros2/bin/arm64-apple-darwin20.0.0-clang++'), ('AMENT_PREFIX_PATH', '/Users/howardkang/miniconda3/envs/ros2'), ('GFORTRAN', '/Users/howardkang/miniconda3/envs/ros2/bin/arm64-apple-darwin20.0.0-gfortran'), ('SEGEDIT', 'arm64-apple-darwin20.0.0-segedit'), ('USER', 'howardkang'), ('SEG_HACK', 'arm64-apple-darwin20.0.0-seg_hack'), ('LD_LIBRARY_PATH', ':/Users/howardkang/miniconda3/envs/ros2/lib/gazebo-11/plugins:'), ('LIBTOOL', 'arm64-apple-darwin20.0.0-libtool'), ('CLANGXX', 'arm64-apple-darwin20.0.0-clang++'), ('CONDA_EXE', '/Users/howardkang/miniconda3/bin/conda'), ('FC_FOR_BUILD', '/Users/howardkang/miniconda3/envs/ros2/bin/arm64-apple-darwin20.0.0-gfortran'), ('CONDA_TOOLCHAIN_BUILD', 'arm64-apple-darwin20.0.0'), ('OTOOL', 'arm64-apple-darwin20.0.0-otool'), ('SSH_AUTH_SOCK', '/private/tmp/com.apple.launchd.wk9mgPo29b/Listeners'), ('__CF_USER_TEXT_ENCODING', '0x1F5:0x0:0x0'), ('DEBUG_FORTRANFLAGS', '-march=armv8.3-a -ftree-vectorize -fPIC -fno-stack-protector -O2 -pipe -isystem /Users/howardkang/miniconda3/envs/ros2/include -march=armv8.3-a -ftree-vectorize -fPIC -fno-stack-protector -O2 -pipe -Og -g -Wall -Wextra -fcheck=all -fbacktrace -fimplicit-none -fvar-tracking-assignments'), ('CXXFLAGS', '-ftree-vectorize -fPIC -fPIE -fstack-protector-strong -O2 -pipe -stdlib=libc++ -fvisibility-inlines-hidden -fmessage-length=0 -isystem /Users/howardkang/miniconda3/envs/ros2/include'), ('ROS_OS_OVERRIDE', 'conda:osx'), ('CONDA_TOOLCHAIN_HOST', 'arm64-apple-darwin20.0.0'), ('STRINGS', 'arm64-apple-darwin20.0.0-strings'), ('_CE_CONDA', ''), ('CONDA_PREFIX_1', '/Users/howardkang/miniconda3'), ('CHECKSYMS', 'arm64-apple-darwin20.0.0-checksyms'), ('PATH', '/Users/howardkang/miniconda3/envs/ros2/share/rubygems/bin:/Users/howardkang/miniconda3/envs/ros2/bin:/Users/howardkang/miniconda3/condabin:/usr/local/bin:/your/jupyterlab/directory:/Users/howardkang/Library/Python/3.9/lib/python/site-packages:/Users/howardkang/.local/bin:/usr/bin:/bin:/usr/sbin:/sbin:/usr/local/bin:/usr$'), ('MAVEN_HOME', '/Users/howardkang/apache-maven-3.9.5'), ('GAZEBO_RESOURCE_PATH', '/Users/howardkang/miniconda3/envs/ros2/share/gazebo-11:'), ('CPL_ZIP_ENCODING', 'UTF-8'), ('MESON_ARGS', '--buildtype release'), ('GSETTINGS_SCHEMA_DIR', '/Users/howardkang/miniconda3/envs/ros2/share/glib-2.0/schemas'), ('PROJ_NETWORK', 'ON'), ('XML_CATALOG_FILES', 'file:///Users/howardkang/miniconda3/envs/ros2/etc/xml/catalog file:///etc/xml/catalog'), ('__CFBundleIdentifier', 'com.apple.Terminal'), ('CONDA_PREFIX', '/Users/howardkang/miniconda3/envs/ros2'), ('LD', 'arm64-apple-darwin20.0.0-ld'), ('BUILD', 'arm64-apple-darwin20.0.0'), ('DEBUG_CXXFLAGS', '-ftree-vectorize -fPIC -fPIE -fstack-protector-strong -O2 -pipe -stdlib=libc++ -fvisibility-inlines-hidden -fmessage-length=0 -Og -g -Wall -Wextra -isystem /Users/howardkang/miniconda3/envs/ros2/include'), ('PWD', '/Users/howardkang/auto_car/build/yolov8_interface'), ('F90', '/Users/howardkang/miniconda3/envs/ros2/bin/arm64-apple-darwin20.0.0-gfortran'), ('COLCON', '1'), ('STRIP', 'arm64-apple-darwin20.0.0-strip'), ('OGRE_RESOURCE_PATH', '/Users/howardkang/miniconda3/envs/ros2/lib/OGRE'), ('CMAKE_ARGS', '-DCMAKE_AR=/Users/howardkang/miniconda3/envs/ros2/bin/arm64-apple-darwin20.0.0-ar -DCMAKE_CXX_COMPILER_AR=/Users/howardkang/miniconda3/envs/ros2/bin/arm64-apple-darwin20.0.0-ar -DCMAKE_C_COMPILER_AR=/Users/howardkang/miniconda3/envs/ros2/bin/arm64-apple-darwin20.0.0-ar -DCMAKE_RANLIB=/Users/howardkang/miniconda3/envs/ros2/bin/arm64-apple-darwin20.0.0-ranlib -DCMAKE_CXX_COMPILER_RANLIB=/Users/howardkang/miniconda3/envs/ros2/bin/arm64-apple-darwin20.0.0-ranlib -DCMAKE_C_COMPILER_RANLIB=/Users/howardkang/miniconda3/envs/ros2/bin/arm64-apple-darwin20.0.0-ranlib -DCMAKE_LINKER=/Users/howardkang/miniconda3/envs/ros2/bin/arm64-apple-darwin20.0.0-ld -DCMAKE_STRIP=/Users/howardkang/miniconda3/envs/ros2/bin/arm64-apple-darwin20.0.0-strip -DCMAKE_INSTALL_NAME_TOOL=/Users/howardkang/miniconda3/envs/ros2/bin/arm64-apple-darwin20.0.0-install_name_tool -DCMAKE_LIBTOOL=/Users/howardkang/miniconda3/envs/ros2/bin/arm64-apple-darwin20.0.0-libtool -DCMAKE_BUILD_TYPE=Release -DCMAKE_OSX_SYSROOT=/Library/Developer/CommandLineTools/SDKs/MacOSX.sdk'), ('F95', '/Users/howardkang/miniconda3/envs/ros2/bin/arm64-apple-darwin20.0.0-gfortran'), ('GAZEBO_MASTER_URI', 'http://localhost:11345'), ('XPC_FLAGS', '0x0'), ('DEBUG_FFLAGS', '-march=armv8.3-a -ftree-vectorize -fPIC -fno-stack-protector -O2 -pipe -isystem /Users/howardkang/miniconda3/envs/ros2/include -march=armv8.3-a -ftree-vectorize -fPIC -fno-stack-protector -O2 -pipe -Og -g -Wall -Wextra -fcheck=all -fbacktrace -fimplicit-none -fvar-tracking-assignments'), ('RMW_IMPLEMENTATION', 'rmw_cyclonedds_cpp'), ('F77', '/Users/howardkang/miniconda3/envs/ros2/bin/arm64-apple-darwin20.0.0-gfortran'), ('REDO_PREBINDING', 'arm64-apple-darwin20.0.0-redo_prebinding'), ('GDAL_DATA', '/Users/howardkang/miniconda3/envs/ros2/share/gdal'), ('XPC_SERVICE_NAME', '0'), ('_CE_M', ''), ('CLANG', 'arm64-apple-darwin20.0.0-clang'), ('CC_FOR_BUILD', '/Users/howardkang/miniconda3/envs/ros2/bin/arm64-apple-darwin20.0.0-clang'), ('CXX', 'arm64-apple-darwin20.0.0-clang++'), ('HOME', '/Users/howardkang'), ('SHLVL', '2'), ('OPENSSL_ROOT_DIR', '/opt/homebrew/opt/openssl@3'), ('ROS_DISTRO', 'humble'), ('FORTRANFLAGS', '-march=armv8.3-a -ftree-vectorize -fPIC -fno-stack-protector -O2 -pipe -isystem /Users/howardkang/miniconda3/envs/ros2/include'), ('CFLAGS', '-ftree-vectorize -fPIC -fPIE -fstack-protector-strong -O2 -pipe -isystem /Users/howardkang/miniconda3/envs/ros2/include'), ('FC', '/Users/howardkang/miniconda3/envs/ros2/bin/arm64-apple-darwin20.0.0-gfortran'), ('_CONDA_PYTHON_SYSCONFIGDATA_NAME', '_sysconfigdata_arm64_apple_darwin20_0_0'), ('GAZEBO_PLUGIN_PATH', '/Users/howardkang/miniconda3/envs/ros2/lib/gazebo-11/plugins:'), ('LOGNAME', 'howardkang'), ('CONDA_PYTHON_EXE', '/Users/howardkang/miniconda3/bin/python'), ('PYTHONPATH', '/Users/howardkang/miniconda3/envs/ros2/lib/python310/site-packages:/Users/howardkang/miniconda3/envs/ros2/lib/python3.10/site-packages'), ('M1_HOME', '/Users/pankaj/Downloads/apache-maven-3.9.5'), ('LC_CTYPE', 'UTF-8'), ('build_alias', 'arm64-apple-darwin20.0.0'), ('CONDA_DEFAULT_ENV', 'ros2'), ('GAZEBO_MODEL_DATABASE_URI', 'http://models.gazebosim.org'), ('RANLIB', 'arm64-apple-darwin20.0.0-ranlib'), ('DEBUG_CFLAGS', '-ftree-vectorize -fPIC -fPIE -fstack-protector-strong -O2 -pipe -Og -g -Wall -Wextra -isystem /Users/howardkang/miniconda3/envs/ros2/include'), ('SEG_ADDR_TABLE', 'arm64-apple-darwin20.0.0-seg_addr_table'), ('CC', 'arm64-apple-darwin20.0.0-clang'), ('CMAKE_PREFIX_PATH', ':/Users/howardkang/miniconda3/envs/ros2'), ('host_alias', 'arm64-apple-darwin20.0.0'), ('ROS_LOCALHOST_ONLY', '0'), ('LDFLAGS_LD', '-pie -headerpad_max_install_names -dead_strip_dylibs -rpath /Users/howardkang/miniconda3/envs/ros2/lib -L/Users/howardkang/miniconda3/envs/ros2/lib'), ('FFLAGS', '-march=armv8.3-a -ftree-vectorize -fPIC -fno-stack-protector -O2 -pipe -isystem /Users/howardkang/miniconda3/envs/ros2/include'), ('OBJC_FOR_BUILD', '/Users/howardkang/miniconda3/envs/ros2/bin/arm64-apple-darwin20.0.0-clang'), ('ROS_ETC_DIR', '/Users/howardkang/miniconda3/envs/ros2/etc/ros'), ('_', '/Users/howardkang/miniconda3/envs/ros2/bin/env')]), 'shell': False}
[0.102117] (-) TimerEvent: {}
[0.207187] (-) TimerEvent: {}
[0.312270] (-) TimerEvent: {}
[0.417367] (-) TimerEvent: {}
[0.515378] (yolov8_interface) StdoutLine: {'line': b'[  2%] Built target yolov8_interface__cpp\n'}
[0.517827] (-) TimerEvent: {}
[0.524386] (yolov8_interface) StdoutLine: {'line': b'[  5%] Building C object CMakeFiles/yolov8_interface__rosidl_generator_c.dir/rosidl_generator_c/yolov8_interface/msg/detail/yolov8_inference__functions.c.o\n'}
[0.525796] (yolov8_interface) StdoutLine: {'line': b'[  5%] Built target ament_cmake_python_copy_yolov8_interface\n'}
[0.572318] (yolov8_interface) StdoutLine: {'line': b'[  7%] Building CXX object CMakeFiles/yolov8_interface__rosidl_typesupport_cpp.dir/rosidl_typesupport_cpp/yolov8_interface/msg/yolov8_inference__type_support.cpp.o\n'}
[0.572850] (yolov8_interface) StdoutLine: {'line': b'[ 10%] Building CXX object CMakeFiles/yolov8_interface__rosidl_typesupport_introspection_cpp.dir/rosidl_typesupport_introspection_cpp/yolov8_interface/msg/detail/yolov8_inference__type_support.cpp.o\n'}
[0.580078] (yolov8_interface) StdoutLine: {'line': b'[ 12%] Building CXX object CMakeFiles/yolov8_interface__rosidl_typesupport_fastrtps_cpp.dir/rosidl_typesupport_fastrtps_cpp/yolov8_interface/msg/detail/dds_fastrtps/yolov8_inference__type_support.cpp.o\n'}
[0.622859] (-) TimerEvent: {}
[0.727966] (-) TimerEvent: {}
[0.831189] (-) TimerEvent: {}
[0.888621] (yolov8_interface) StdoutLine: {'line': b'running egg_info\n'}
[0.923640] (yolov8_interface) StdoutLine: {'line': b'writing yolov8_interface.egg-info/PKG-INFO\n'}
[0.933064] (-) TimerEvent: {}
[0.950406] (yolov8_interface) StdoutLine: {'line': b'writing dependency_links to yolov8_interface.egg-info/dependency_links.txt\n'}
[1.038085] (-) TimerEvent: {}
[1.113083] (yolov8_interface) StdoutLine: {'line': b'writing top-level names to yolov8_interface.egg-info/top_level.txt\n'}
[1.143105] (-) TimerEvent: {}
[1.164581] (yolov8_interface) StdoutLine: {'line': b"reading manifest file 'yolov8_interface.egg-info/SOURCES.txt'\n"}
[1.165104] (yolov8_interface) StdoutLine: {'line': b"writing manifest file 'yolov8_interface.egg-info/SOURCES.txt'\n"}
[1.189103] (yolov8_interface) StdoutLine: {'line': b'[ 12%] Built target ament_cmake_python_build_yolov8_interface_egg\n'}
[1.248129] (-) TimerEvent: {}
[1.353211] (-) TimerEvent: {}
[1.458308] (-) TimerEvent: {}
[1.563411] (-) TimerEvent: {}
[1.568533] (yolov8_interface) StderrLine: {'line': b'In file included from /Users/howardkang/auto_car/build/yolov8_interface/rosidl_generator_c/yolov8_interface/msg/detail/yolov8_inference__functions.c:4:\n'}
[1.568736] (yolov8_interface) StderrLine: {'line': b'In file included from /Users/howardkang/auto_car/build/yolov8_interface/rosidl_generator_c/yolov8_interface/msg/detail/yolov8_inference__functions.h:19:\n'}
[1.568788] (yolov8_interface) StderrLine: {'line': b"/Users/howardkang/auto_car/build/yolov8_interface/rosidl_generator_c/yolov8_interface/msg/detail/yolov8_inference__struct.h:22:10: fatal error: 'std_msgs/msg/detail/header__struct.h' file not found\n"}
[1.568834] (yolov8_interface) StderrLine: {'line': b'#include "std_msgs/msg/detail/header__struct.h"\n'}
[1.568872] (yolov8_interface) StderrLine: {'line': b'         ^~~~~~~~~~~~~~~~~~~~~~~~~~~~~~~~~~~~~~\n'}
[1.574469] (yolov8_interface) StderrLine: {'line': b'1 error generated.\n'}
[1.578501] (yolov8_interface) StderrLine: {'line': b'make[2]: *** [CMakeFiles/yolov8_interface__rosidl_generator_c.dir/build.make:135: CMakeFiles/yolov8_interface__rosidl_generator_c.dir/rosidl_generator_c/yolov8_interface/msg/detail/yolov8_inference__functions.c.o] Error 1\n'}
[1.578787] (yolov8_interface) StderrLine: {'line': b'make[1]: *** [CMakeFiles/Makefile2:213: CMakeFiles/yolov8_interface__rosidl_generator_c.dir/all] Error 2\n'}
[1.578844] (yolov8_interface) StderrLine: {'line': b'make[1]: *** Waiting for unfinished jobs....\n'}
[1.668455] (-) TimerEvent: {}
[1.769050] (-) TimerEvent: {}
[1.850379] (yolov8_interface) StderrLine: {'line': b'In file included from In file included from /Users/howardkang/auto_car/build/yolov8_interface/rosidl_typesupport_cpp/yolov8_interface/msg/yolov8_inference__type_support.cpp/Users/howardkang/auto_car/build/yolov8_interface/rosidl_typesupport_fastrtps_cpp/yolov8_interface/msg/detail/dds_fastrtps/yolov8_inference__type_support.cpp::74:\n'}
[1.850516] (yolov8_interface) StderrLine: {'line': b':\n'}
[1.850562] (yolov8_interface) StderrLine: {'line': b"/Users/howardkang/auto_car/build/yolov8_interface/rosidl_generator_cpp/yolov8_interface/msg/detail/yolov8_inference__struct.hpp:20:10: fatal error: 'std_msgs/msg/detail/header__struct.hpp' file not found\n"}
[1.850604] (yolov8_interface) StderrLine: {'line': b'In file included from /Users/howardkang/auto_car/build/yolov8_interface/rosidl_typesupport_fastrtps_cpp/yolov8_interface/msg/detail/yolov8_inference__rosidl_typesupport_fastrtps_cpp.hpp:11:\n'}
[1.850644] (yolov8_interface) StderrLine: {'line': b"/Users/howardkang/auto_car/build/yolov8_interface/rosidl_generator_cpp/yolov8_interface/msg/detail/yolov8_inference__struct.hpp:20:10: fatal error: 'std_msgs/msg/detail/header__struct.hpp' file not found\n"}
[1.850683] (yolov8_interface) StderrLine: {'line': b'#include "std_msgs/msg/detail/header__struct.hpp"\n'}
[1.850720] (yolov8_interface) StderrLine: {'line': b'         ^~~~~~~~~~~~~~~~~~~~~~~~~~~~~~~~~~~~~~~~\n'}
[1.850756] (yolov8_interface) StderrLine: {'line': b'#include "std_msgs/msg/detail/header__struct.hpp"\n'}
[1.850793] (yolov8_interface) StderrLine: {'line': b'         ^~~~~~~~~~~~~~~~~~~~~~~~~~~~~~~~~~~~~~~~\n'}
[1.853382] (yolov8_interface) StderrLine: {'line': b'1 error generated.\n'}
[1.855367] (yolov8_interface) StderrLine: {'line': b'In file included from /Users/howardkang/auto_car/build/yolov8_interface/rosidl_typesupport_introspection_cpp/yolov8_interface/msg/detail/yolov8_inference__type_support.cpp:12:\n'}
[1.855449] (yolov8_interface) StderrLine: {'line': b"/Users/howardkang/auto_car/build/yolov8_interface/rosidl_generator_cpp/yolov8_interface/msg/detail/yolov8_inference__struct.hpp:20:10: fatal error: 'std_msgs/msg/detail/header__struct.hpp' file not found\n"}
[1.855493] (yolov8_interface) StderrLine: {'line': b'#include "std_msgs/msg/detail/header__struct.hpp"\n'}
[1.855531] (yolov8_interface) StderrLine: {'line': b'         ^~~~~~~~~~~~~~~~~~~~~~~~~~~~~~~~~~~~~~~~\n'}
[1.858408] (yolov8_interface) StderrLine: {'line': b'make[2]: *** [CMakeFiles/yolov8_interface__rosidl_typesupport_cpp.dir/build.make:104: CMakeFiles/yolov8_interface__rosidl_typesupport_cpp.dir/rosidl_typesupport_cpp/yolov8_interface/msg/yolov8_inference__type_support.cpp.o] Error 1\n'}
[1.858654] (yolov8_interface) StderrLine: {'line': b'make[1]: *** [CMakeFiles/Makefile2:395: CMakeFiles/yolov8_interface__rosidl_typesupport_cpp.dir/all] Error 2\n'}
[1.859432] (yolov8_interface) StderrLine: {'line': b'1 error generated.\n'}
[1.861431] (yolov8_interface) StderrLine: {'line': b'make[2]: *** [CMakeFiles/yolov8_interface__rosidl_typesupport_introspection_cpp.dir/build.make:112: CMakeFiles/yolov8_interface__rosidl_typesupport_introspection_cpp.dir/rosidl_typesupport_introspection_cpp/yolov8_interface/msg/detail/yolov8_inference__type_support.cpp.o] Error 1\n'}
[1.861666] (yolov8_interface) StderrLine: {'line': b'make[1]: *** [CMakeFiles/Makefile2:369: CMakeFiles/yolov8_interface__rosidl_typesupport_introspection_cpp.dir/all] Error 2\n'}
[1.870878] (-) TimerEvent: {}
[1.927901] (yolov8_interface) StderrLine: {'line': b'1 error generated.\n'}
[1.929649] (yolov8_interface) StderrLine: {'line': b'make[2]: *** [CMakeFiles/yolov8_interface__rosidl_typesupport_fastrtps_cpp.dir/build.make:112: CMakeFiles/yolov8_interface__rosidl_typesupport_fastrtps_cpp.dir/rosidl_typesupport_fastrtps_cpp/yolov8_interface/msg/detail/dds_fastrtps/yolov8_inference__type_support.cpp.o] Error 1\n'}
[1.929884] (yolov8_interface) StderrLine: {'line': b'make[1]: *** [CMakeFiles/Makefile2:291: CMakeFiles/yolov8_interface__rosidl_typesupport_fastrtps_cpp.dir/all] Error 2\n'}
[1.930061] (yolov8_interface) StderrLine: {'line': b'make: *** [Makefile:146: all] Error 2\n'}
[1.931057] (yolov8_interface) CommandEnded: {'returncode': 2}
[1.975954] (-) TimerEvent: {}
[2.079196] (-) TimerEvent: {}
[2.126668] (yolov8_interface) JobEnded: {'identifier': 'yolov8_interface', 'rc': 2}
[2.127149] (-) EventReactorShutdown: {}
