[  2%] Built target yolov8_interface__cpp
[ 12%] Built target yolov8_interface__rosidl_generator_c
[ 12%] Built target ament_cmake_python_copy_yolov8_interface
[ 23%] Built target yolov8_interface__rosidl_typesupport_introspection_c
[ 33%] Built target yolov8_interface__rosidl_typesupport_c
[ 43%] Built target yolov8_interface__rosidl_typesupport_cpp
[ 61%] Built target yolov8_interface__rosidl_typesupport_introspection_cpp
[ 64%] Built target yolov8_interface__rosidl_typesupport_fastrtps_cpp
[ 74%] Built target yolov8_interface__rosidl_typesupport_fastrtps_c
[ 74%] Built target yolov8_interface
[ 76%] Built target yolov8_interface__py
[ 84%] Built target yolov8_interface__rosidl_generator_py
[ 97%] Built target yolov8_interface__rosidl_typesupport_c__pyext
[ 97%] Built target yolov8_interface__rosidl_typesupport_fastrtps_c__pyext
[100%] Built target yolov8_interface__rosidl_typesupport_introspection_c__pyext
running egg_info
writing yolov8_interface.egg-info/PKG-INFO
writing dependency_links to yolov8_interface.egg-info/dependency_links.txt
writing top-level names to yolov8_interface.egg-info/top_level.txt
reading manifest file 'yolov8_interface.egg-info/SOURCES.txt'
writing manifest file 'yolov8_interface.egg-info/SOURCES.txt'
[100%] Built target ament_cmake_python_build_yolov8_interface_egg
-- Install configuration: ""
-- Up-to-date: /Users/howardkang/auto_car/install/yolov8_interface/share/ament_index/resource_index/rosidl_interfaces/yolov8_interface
-- Up-to-date: /Users/howardkang/auto_car/install/yolov8_interface/include/yolov8_interface/yolov8_interface
-- Up-to-date: /Users/howardkang/auto_car/install/yolov8_interface/include/yolov8_interface/yolov8_interface/msg
-- Up-to-date: /Users/howardkang/auto_car/install/yolov8_interface/include/yolov8_interface/yolov8_interface/msg/inference_result.h
-- Up-to-date: /Users/howardkang/auto_car/install/yolov8_interface/include/yolov8_interface/yolov8_interface/msg/rosidl_generator_c__visibility_control.h
-- Up-to-date: /Users/howardkang/auto_car/install/yolov8_interface/include/yolov8_interface/yolov8_interface/msg/yolov8_inference.h
-- Up-to-date: /Users/howardkang/auto_car/install/yolov8_interface/include/yolov8_interface/yolov8_interface/msg/detail
-- Up-to-date: /Users/howardkang/auto_car/install/yolov8_interface/include/yolov8_interface/yolov8_interface/msg/detail/inference_result__struct.h
-- Up-to-date: /Users/howardkang/auto_car/install/yolov8_interface/include/yolov8_interface/yolov8_interface/msg/detail/yolov8_inference__struct.h
-- Up-to-date: /Users/howardkang/auto_car/install/yolov8_interface/include/yolov8_interface/yolov8_interface/msg/detail/yolov8_inference__functions.h
-- Up-to-date: /Users/howardkang/auto_car/install/yolov8_interface/include/yolov8_interface/yolov8_interface/msg/detail/inference_result__functions.c
-- Up-to-date: /Users/howardkang/auto_car/install/yolov8_interface/include/yolov8_interface/yolov8_interface/msg/detail/yolov8_inference__type_support.h
-- Up-to-date: /Users/howardkang/auto_car/install/yolov8_interface/include/yolov8_interface/yolov8_interface/msg/detail/inference_result__type_support.h
-- Up-to-date: /Users/howardkang/auto_car/install/yolov8_interface/include/yolov8_interface/yolov8_interface/msg/detail/yolov8_inference__functions.c
-- Up-to-date: /Users/howardkang/auto_car/install/yolov8_interface/include/yolov8_interface/yolov8_interface/msg/detail/inference_result__functions.h
-- Up-to-date: /Users/howardkang/auto_car/install/yolov8_interface/lib/libyolov8_interface__rosidl_generator_c.dylib
-- Up-to-date: /Users/howardkang/auto_car/install/yolov8_interface/include/yolov8_interface/yolov8_interface
-- Up-to-date: /Users/howardkang/auto_car/install/yolov8_interface/include/yolov8_interface/yolov8_interface/msg
-- Up-to-date: /Users/howardkang/auto_car/install/yolov8_interface/include/yolov8_interface/yolov8_interface/msg/detail
-- Up-to-date: /Users/howardkang/auto_car/install/yolov8_interface/include/yolov8_interface/yolov8_interface/msg/detail/yolov8_inference__rosidl_typesupport_fastrtps_c.h
-- Up-to-date: /Users/howardkang/auto_car/install/yolov8_interface/include/yolov8_interface/yolov8_interface/msg/detail/inference_result__rosidl_typesupport_fastrtps_c.h
-- Up-to-date: /Users/howardkang/auto_car/install/yolov8_interface/include/yolov8_interface/yolov8_interface/msg/rosidl_typesupport_fastrtps_c__visibility_control.h
-- Up-to-date: /Users/howardkang/auto_car/install/yolov8_interface/lib/libyolov8_interface__rosidl_typesupport_fastrtps_c.dylib
error: /Users/howardkang/miniconda3/envs/ros2/bin/install_name_tool: no LC_RPATH load command with path: /Users/howardkang/auto_car/build/yolov8_interface found in: /Users/howardkang/auto_car/install/yolov8_interface/lib/libyolov8_interface__rosidl_typesupport_fastrtps_c.dylib (for architecture arm64), required for specified option "-delete_rpath /Users/howardkang/auto_car/build/yolov8_interface"
-- Up-to-date: /Users/howardkang/auto_car/install/yolov8_interface/include/yolov8_interface/yolov8_interface
-- Up-to-date: /Users/howardkang/auto_car/install/yolov8_interface/include/yolov8_interface/yolov8_interface/msg
-- Up-to-date: /Users/howardkang/auto_car/install/yolov8_interface/include/yolov8_interface/yolov8_interface/msg/inference_result.hpp
-- Up-to-date: /Users/howardkang/auto_car/install/yolov8_interface/include/yolov8_interface/yolov8_interface/msg/yolov8_inference.hpp
-- Up-to-date: /Users/howardkang/auto_car/install/yolov8_interface/include/yolov8_interface/yolov8_interface/msg/detail
-- Up-to-date: /Users/howardkang/auto_car/install/yolov8_interface/include/yolov8_interface/yolov8_interface/msg/detail/inference_result__struct.hpp
-- Up-to-date: /Users/howardkang/auto_car/install/yolov8_interface/include/yolov8_interface/yolov8_interface/msg/detail/inference_result__builder.hpp
-- Up-to-date: /Users/howardkang/auto_car/install/yolov8_interface/include/yolov8_interface/yolov8_interface/msg/detail/yolov8_inference__struct.hpp
-- Up-to-date: /Users/howardkang/auto_car/install/yolov8_interface/include/yolov8_interface/yolov8_interface/msg/detail/inference_result__traits.hpp
-- Up-to-date: /Users/howardkang/auto_car/install/yolov8_interface/include/yolov8_interface/yolov8_interface/msg/detail/yolov8_inference__builder.hpp
-- Up-to-date: /Users/howardkang/auto_car/install/yolov8_interface/include/yolov8_interface/yolov8_interface/msg/detail/yolov8_inference__traits.hpp
-- Up-to-date: /Users/howardkang/auto_car/install/yolov8_interface/include/yolov8_interface/yolov8_interface
-- Up-to-date: /Users/howardkang/auto_car/install/yolov8_interface/include/yolov8_interface/yolov8_interface/msg
-- Up-to-date: /Users/howardkang/auto_car/install/yolov8_interface/include/yolov8_interface/yolov8_interface/msg/rosidl_typesupport_fastrtps_cpp__visibility_control.h
-- Up-to-date: /Users/howardkang/auto_car/install/yolov8_interface/include/yolov8_interface/yolov8_interface/msg/detail
-- Up-to-date: /Users/howardkang/auto_car/install/yolov8_interface/include/yolov8_interface/yolov8_interface/msg/detail/yolov8_inference__rosidl_typesupport_fastrtps_cpp.hpp
-- Up-to-date: /Users/howardkang/auto_car/install/yolov8_interface/include/yolov8_interface/yolov8_interface/msg/detail/inference_result__rosidl_typesupport_fastrtps_cpp.hpp
-- Up-to-date: /Users/howardkang/auto_car/install/yolov8_interface/include/yolov8_interface/yolov8_interface/msg/detail/dds_fastrtps
-- Up-to-date: /Users/howardkang/auto_car/install/yolov8_interface/lib/libyolov8_interface__rosidl_typesupport_fastrtps_cpp.dylib
-- Up-to-date: /Users/howardkang/auto_car/install/yolov8_interface/include/yolov8_interface/yolov8_interface
-- Up-to-date: /Users/howardkang/auto_car/install/yolov8_interface/include/yolov8_interface/yolov8_interface/msg
-- Up-to-date: /Users/howardkang/auto_car/install/yolov8_interface/include/yolov8_interface/yolov8_interface/msg/detail
-- Up-to-date: /Users/howardkang/auto_car/install/yolov8_interface/include/yolov8_interface/yolov8_interface/msg/detail/inference_result__rosidl_typesupport_introspection_c.h
-- Up-to-date: /Users/howardkang/auto_car/install/yolov8_interface/include/yolov8_interface/yolov8_interface/msg/detail/inference_result__type_support.c
-- Up-to-date: /Users/howardkang/auto_car/install/yolov8_interface/include/yolov8_interface/yolov8_interface/msg/detail/yolov8_inference__rosidl_typesupport_introspection_c.h
-- Up-to-date: /Users/howardkang/auto_car/install/yolov8_interface/include/yolov8_interface/yolov8_interface/msg/detail/yolov8_inference__type_support.c
-- Up-to-date: /Users/howardkang/auto_car/install/yolov8_interface/include/yolov8_interface/yolov8_interface/msg/rosidl_typesupport_introspection_c__visibility_control.h
-- Installing: /Users/howardkang/auto_car/install/yolov8_interface/lib/libyolov8_interface__rosidl_typesupport_introspection_c.dylib
[cctools-port]: generating fake signature for '/Users/howardkang/auto_car/install/yolov8_interface/lib/libyolov8_interface__rosidl_typesupport_introspection_c.dylib'
-- Installing: /Users/howardkang/auto_car/install/yolov8_interface/lib/libyolov8_interface__rosidl_typesupport_c.dylib
[cctools-port]: generating fake signature for '/Users/howardkang/auto_car/install/yolov8_interface/lib/libyolov8_interface__rosidl_typesupport_c.dylib'
-- Up-to-date: /Users/howardkang/auto_car/install/yolov8_interface/include/yolov8_interface/yolov8_interface
-- Up-to-date: /Users/howardkang/auto_car/install/yolov8_interface/include/yolov8_interface/yolov8_interface/msg
-- Up-to-date: /Users/howardkang/auto_car/install/yolov8_interface/include/yolov8_interface/yolov8_interface/msg/detail
-- Up-to-date: /Users/howardkang/auto_car/install/yolov8_interface/include/yolov8_interface/yolov8_interface/msg/detail/inference_result__type_support.cpp
-- Up-to-date: /Users/howardkang/auto_car/install/yolov8_interface/include/yolov8_interface/yolov8_interface/msg/detail/yolov8_inference__type_support.cpp
-- Up-to-date: /Users/howardkang/auto_car/install/yolov8_interface/include/yolov8_interface/yolov8_interface/msg/detail/yolov8_inference__rosidl_typesupport_introspection_cpp.hpp
-- Up-to-date: /Users/howardkang/auto_car/install/yolov8_interface/include/yolov8_interface/yolov8_interface/msg/detail/inference_result__rosidl_typesupport_introspection_cpp.hpp
-- Up-to-date: /Users/howardkang/auto_car/install/yolov8_interface/lib/libyolov8_interface__rosidl_typesupport_introspection_cpp.dylib
-- Up-to-date: /Users/howardkang/auto_car/install/yolov8_interface/lib/libyolov8_interface__rosidl_typesupport_cpp.dylib
-- Up-to-date: /Users/howardkang/auto_car/install/yolov8_interface/share/yolov8_interface/environment/pythonpath.sh
-- Up-to-date: /Users/howardkang/auto_car/install/yolov8_interface/share/yolov8_interface/environment/pythonpath.dsv
-- Up-to-date: /Users/howardkang/auto_car/install/yolov8_interface/lib/python3.10/site-packages/yolov8_interface-0.0.0-py3.10.egg-info
-- Installing: /Users/howardkang/auto_car/install/yolov8_interface/lib/python3.10/site-packages/yolov8_interface-0.0.0-py3.10.egg-info/PKG-INFO
-- Installing: /Users/howardkang/auto_car/install/yolov8_interface/lib/python3.10/site-packages/yolov8_interface-0.0.0-py3.10.egg-info/SOURCES.txt
-- Installing: /Users/howardkang/auto_car/install/yolov8_interface/lib/python3.10/site-packages/yolov8_interface-0.0.0-py3.10.egg-info/top_level.txt
-- Installing: /Users/howardkang/auto_car/install/yolov8_interface/lib/python3.10/site-packages/yolov8_interface-0.0.0-py3.10.egg-info/dependency_links.txt
-- Up-to-date: /Users/howardkang/auto_car/install/yolov8_interface/lib/python3.10/site-packages/yolov8_interface
-- Up-to-date: /Users/howardkang/auto_car/install/yolov8_interface/lib/python3.10/site-packages/yolov8_interface/yolov8_interface_s__rosidl_typesupport_fastrtps_c.cpython-310-darwin.so
-- Up-to-date: /Users/howardkang/auto_car/install/yolov8_interface/lib/python3.10/site-packages/yolov8_interface/_yolov8_interface_s.ep.rosidl_typesupport_fastrtps_c.c
-- Up-to-date: /Users/howardkang/auto_car/install/yolov8_interface/lib/python3.10/site-packages/yolov8_interface/msg
-- Up-to-date: /Users/howardkang/auto_car/install/yolov8_interface/lib/python3.10/site-packages/yolov8_interface/msg/_inference_result_s.c
-- Up-to-date: /Users/howardkang/auto_car/install/yolov8_interface/lib/python3.10/site-packages/yolov8_interface/msg/__init__.py
-- Up-to-date: /Users/howardkang/auto_car/install/yolov8_interface/lib/python3.10/site-packages/yolov8_interface/msg/_inference_result.py
-- Up-to-date: /Users/howardkang/auto_car/install/yolov8_interface/lib/python3.10/site-packages/yolov8_interface/msg/_yolov8_inference_s.c
-- Up-to-date: /Users/howardkang/auto_car/install/yolov8_interface/lib/python3.10/site-packages/yolov8_interface/msg/_yolov8_inference.py
-- Up-to-date: /Users/howardkang/auto_car/install/yolov8_interface/lib/python3.10/site-packages/yolov8_interface/yolov8_interface_s__rosidl_typesupport_c.cpython-310-darwin.so
-- Up-to-date: /Users/howardkang/auto_car/install/yolov8_interface/lib/python3.10/site-packages/yolov8_interface/__init__.py
-- Up-to-date: /Users/howardkang/auto_car/install/yolov8_interface/lib/python3.10/site-packages/yolov8_interface/_yolov8_interface_s.ep.rosidl_typesupport_introspection_c.c
-- Up-to-date: /Users/howardkang/auto_car/install/yolov8_interface/lib/python3.10/site-packages/yolov8_interface/yolov8_interface_s__rosidl_typesupport_introspection_c.cpython-310-darwin.so
-- Up-to-date: /Users/howardkang/auto_car/install/yolov8_interface/lib/python3.10/site-packages/yolov8_interface/libyolov8_interface__rosidl_generator_py.dylib
-- Up-to-date: /Users/howardkang/auto_car/install/yolov8_interface/lib/python3.10/site-packages/yolov8_interface/_yolov8_interface_s.ep.rosidl_typesupport_c.c
Listing 'lib/python3.10/site-packages/yolov8_interface'...
Can't list 'lib/python3.10/site-packages/yolov8_interface'
-- Up-to-date: /Users/howardkang/auto_car/install/yolov8_interface/lib/python3.10/site-packages/yolov8_interface/yolov8_interface_s__rosidl_typesupport_fastrtps_c.cpython-310-darwin.so
error: /Users/howardkang/miniconda3/envs/ros2/bin/install_name_tool: no LC_RPATH load command with path: /Users/howardkang/auto_car/build/yolov8_interface/rosidl_generator_py/yolov8_interface found in: /Users/howardkang/auto_car/install/yolov8_interface/lib/python3.10/site-packages/yolov8_interface/yolov8_interface_s__rosidl_typesupport_fastrtps_c.cpython-310-darwin.so (for architecture arm64), required for specified option "-delete_rpath /Users/howardkang/auto_car/build/yolov8_interface/rosidl_generator_py/yolov8_interface"
error: /Users/howardkang/miniconda3/envs/ros2/bin/install_name_tool: no LC_RPATH load command with path: /Users/howardkang/auto_car/build/yolov8_interface found in: /Users/howardkang/auto_car/install/yolov8_interface/lib/python3.10/site-packages/yolov8_interface/yolov8_interface_s__rosidl_typesupport_fastrtps_c.cpython-310-darwin.so (for architecture arm64), required for specified option "-delete_rpath /Users/howardkang/auto_car/build/yolov8_interface"
-- Up-to-date: /Users/howardkang/auto_car/install/yolov8_interface/lib/python3.10/site-packages/yolov8_interface/yolov8_interface_s__rosidl_typesupport_introspection_c.cpython-310-darwin.so
error: /Users/howardkang/miniconda3/envs/ros2/bin/install_name_tool: no LC_RPATH load command with path: /Users/howardkang/auto_car/build/yolov8_interface/rosidl_generator_py/yolov8_interface found in: /Users/howardkang/auto_car/install/yolov8_interface/lib/python3.10/site-packages/yolov8_interface/yolov8_interface_s__rosidl_typesupport_introspection_c.cpython-310-darwin.so (for architecture arm64), required for specified option "-delete_rpath /Users/howardkang/auto_car/build/yolov8_interface/rosidl_generator_py/yolov8_interface"
error: /Users/howardkang/miniconda3/envs/ros2/bin/install_name_tool: no LC_RPATH load command with path: /Users/howardkang/auto_car/build/yolov8_interface found in: /Users/howardkang/auto_car/install/yolov8_interface/lib/python3.10/site-packages/yolov8_interface/yolov8_interface_s__rosidl_typesupport_introspection_c.cpython-310-darwin.so (for architecture arm64), required for specified option "-delete_rpath /Users/howardkang/auto_car/build/yolov8_interface"
-- Up-to-date: /Users/howardkang/auto_car/install/yolov8_interface/lib/python3.10/site-packages/yolov8_interface/yolov8_interface_s__rosidl_typesupport_c.cpython-310-darwin.so
error: /Users/howardkang/miniconda3/envs/ros2/bin/install_name_tool: no LC_RPATH load command with path: /Users/howardkang/auto_car/build/yolov8_interface/rosidl_generator_py/yolov8_interface found in: /Users/howardkang/auto_car/install/yolov8_interface/lib/python3.10/site-packages/yolov8_interface/yolov8_interface_s__rosidl_typesupport_c.cpython-310-darwin.so (for architecture arm64), required for specified option "-delete_rpath /Users/howardkang/auto_car/build/yolov8_interface/rosidl_generator_py/yolov8_interface"
error: /Users/howardkang/miniconda3/envs/ros2/bin/install_name_tool: no LC_RPATH load command with path: /Users/howardkang/auto_car/build/yolov8_interface found in: /Users/howardkang/auto_car/install/yolov8_interface/lib/python3.10/site-packages/yolov8_interface/yolov8_interface_s__rosidl_typesupport_c.cpython-310-darwin.so (for architecture arm64), required for specified option "-delete_rpath /Users/howardkang/auto_car/build/yolov8_interface"
-- Up-to-date: /Users/howardkang/auto_car/install/yolov8_interface/lib/libyolov8_interface__rosidl_generator_py.dylib
error: /Users/howardkang/miniconda3/envs/ros2/bin/install_name_tool: no LC_RPATH load command with path: /Users/howardkang/auto_car/build/yolov8_interface found in: /Users/howardkang/auto_car/install/yolov8_interface/lib/libyolov8_interface__rosidl_generator_py.dylib (for architecture arm64), required for specified option "-delete_rpath /Users/howardkang/auto_car/build/yolov8_interface"
-- Up-to-date: /Users/howardkang/auto_car/install/yolov8_interface/share/yolov8_interface/msg/InferenceResult.idl
-- Up-to-date: /Users/howardkang/auto_car/install/yolov8_interface/share/yolov8_interface/msg/Yolov8Inference.idl
-- Up-to-date: /Users/howardkang/auto_car/install/yolov8_interface/share/yolov8_interface/msg/InferenceResult.msg
-- Up-to-date: /Users/howardkang/auto_car/install/yolov8_interface/share/yolov8_interface/msg/Yolov8Inference.msg
-- Up-to-date: /Users/howardkang/auto_car/install/yolov8_interface/share/ament_index/resource_index/package_run_dependencies/yolov8_interface
-- Up-to-date: /Users/howardkang/auto_car/install/yolov8_interface/share/ament_index/resource_index/parent_prefix_path/yolov8_interface
-- Up-to-date: /Users/howardkang/auto_car/install/yolov8_interface/share/yolov8_interface/environment/ament_prefix_path.sh
-- Up-to-date: /Users/howardkang/auto_car/install/yolov8_interface/share/yolov8_interface/environment/ament_prefix_path.dsv
-- Up-to-date: /Users/howardkang/auto_car/install/yolov8_interface/share/yolov8_interface/environment/path.sh
-- Up-to-date: /Users/howardkang/auto_car/install/yolov8_interface/share/yolov8_interface/environment/path.dsv
-- Up-to-date: /Users/howardkang/auto_car/install/yolov8_interface/share/yolov8_interface/local_setup.bash
-- Up-to-date: /Users/howardkang/auto_car/install/yolov8_interface/share/yolov8_interface/local_setup.sh
-- Up-to-date: /Users/howardkang/auto_car/install/yolov8_interface/share/yolov8_interface/local_setup.zsh
-- Up-to-date: /Users/howardkang/auto_car/install/yolov8_interface/share/yolov8_interface/local_setup.dsv
-- Installing: /Users/howardkang/auto_car/install/yolov8_interface/share/yolov8_interface/package.dsv
-- Up-to-date: /Users/howardkang/auto_car/install/yolov8_interface/share/ament_index/resource_index/packages/yolov8_interface
-- Up-to-date: /Users/howardkang/auto_car/install/yolov8_interface/share/yolov8_interface/cmake/export_yolov8_interface__rosidl_generator_cExport.cmake
-- Up-to-date: /Users/howardkang/auto_car/install/yolov8_interface/share/yolov8_interface/cmake/export_yolov8_interface__rosidl_generator_cExport-noconfig.cmake
-- Up-to-date: /Users/howardkang/auto_car/install/yolov8_interface/share/yolov8_interface/cmake/export_yolov8_interface__rosidl_typesupport_fastrtps_cExport.cmake
-- Up-to-date: /Users/howardkang/auto_car/install/yolov8_interface/share/yolov8_interface/cmake/export_yolov8_interface__rosidl_typesupport_fastrtps_cExport-noconfig.cmake
-- Up-to-date: /Users/howardkang/auto_car/install/yolov8_interface/share/yolov8_interface/cmake/export_yolov8_interface__rosidl_generator_cppExport.cmake
-- Up-to-date: /Users/howardkang/auto_car/install/yolov8_interface/share/yolov8_interface/cmake/export_yolov8_interface__rosidl_typesupport_fastrtps_cppExport.cmake
-- Up-to-date: /Users/howardkang/auto_car/install/yolov8_interface/share/yolov8_interface/cmake/export_yolov8_interface__rosidl_typesupport_fastrtps_cppExport-noconfig.cmake
-- Up-to-date: /Users/howardkang/auto_car/install/yolov8_interface/share/yolov8_interface/cmake/yolov8_interface__rosidl_typesupport_introspection_cExport.cmake
-- Up-to-date: /Users/howardkang/auto_car/install/yolov8_interface/share/yolov8_interface/cmake/yolov8_interface__rosidl_typesupport_introspection_cExport-noconfig.cmake
-- Up-to-date: /Users/howardkang/auto_car/install/yolov8_interface/share/yolov8_interface/cmake/yolov8_interface__rosidl_typesupport_cExport.cmake
-- Up-to-date: /Users/howardkang/auto_car/install/yolov8_interface/share/yolov8_interface/cmake/yolov8_interface__rosidl_typesupport_cExport-noconfig.cmake
-- Up-to-date: /Users/howardkang/auto_car/install/yolov8_interface/share/yolov8_interface/cmake/yolov8_interface__rosidl_typesupport_introspection_cppExport.cmake
-- Up-to-date: /Users/howardkang/auto_car/install/yolov8_interface/share/yolov8_interface/cmake/yolov8_interface__rosidl_typesupport_introspection_cppExport-noconfig.cmake
-- Up-to-date: /Users/howardkang/auto_car/install/yolov8_interface/share/yolov8_interface/cmake/yolov8_interface__rosidl_typesupport_cppExport.cmake
-- Up-to-date: /Users/howardkang/auto_car/install/yolov8_interface/share/yolov8_interface/cmake/yolov8_interface__rosidl_typesupport_cppExport-noconfig.cmake
-- Up-to-date: /Users/howardkang/auto_car/install/yolov8_interface/share/yolov8_interface/cmake/export_yolov8_interface__rosidl_generator_pyExport.cmake
-- Up-to-date: /Users/howardkang/auto_car/install/yolov8_interface/share/yolov8_interface/cmake/export_yolov8_interface__rosidl_generator_pyExport-noconfig.cmake
-- Up-to-date: /Users/howardkang/auto_car/install/yolov8_interface/share/yolov8_interface/cmake/rosidl_cmake-extras.cmake
-- Up-to-date: /Users/howardkang/auto_car/install/yolov8_interface/share/yolov8_interface/cmake/ament_cmake_export_dependencies-extras.cmake
-- Up-to-date: /Users/howardkang/auto_car/install/yolov8_interface/share/yolov8_interface/cmake/ament_cmake_export_include_directories-extras.cmake
-- Up-to-date: /Users/howardkang/auto_car/install/yolov8_interface/share/yolov8_interface/cmake/ament_cmake_export_libraries-extras.cmake
-- Up-to-date: /Users/howardkang/auto_car/install/yolov8_interface/share/yolov8_interface/cmake/ament_cmake_export_targets-extras.cmake
-- Up-to-date: /Users/howardkang/auto_car/install/yolov8_interface/share/yolov8_interface/cmake/rosidl_cmake_export_typesupport_targets-extras.cmake
-- Up-to-date: /Users/howardkang/auto_car/install/yolov8_interface/share/yolov8_interface/cmake/rosidl_cmake_export_typesupport_libraries-extras.cmake
-- Up-to-date: /Users/howardkang/auto_car/install/yolov8_interface/share/yolov8_interface/cmake/yolov8_interfaceConfig.cmake
-- Up-to-date: /Users/howardkang/auto_car/install/yolov8_interface/share/yolov8_interface/cmake/yolov8_interfaceConfig-version.cmake
-- Up-to-date: /Users/howardkang/auto_car/install/yolov8_interface/share/yolov8_interface/package.xml
