[0.049s] Invoking command in '/Users/howardkang/auto_car/build/yolobot_algo': CONDA_PROMPT_MODIFIER=(ros2) SHLVL=2 _=/Users/howardkang/miniconda3/envs/ros2/bin/env __CF_USER_TEXT_ENCODING=0x1F5:0x0:0x0 /Users/howardkang/miniconda3/envs/ros2/bin/cmake --build /Users/howardkang/auto_car/build/yolobot_algo -- -j8 -l8
[0.151s] [  2%] Built target yolobot_algo__cpp
[0.166s] [ 12%] Built target yolobot_algo__rosidl_generator_c
[0.179s] [ 12%] Built target ament_cmake_python_symlink_yolobot_algo
[0.274s] [ 23%] Built target yolobot_algo__rosidl_typesupport_c
[0.284s] [ 33%] Built target yolobot_algo__rosidl_typesupport_introspection_c
[0.286s] [ 43%] Built target yolobot_algo__rosidl_typesupport_fastrtps_c
[0.293s] [ 53%] Built target yolobot_algo__rosidl_typesupport_fastrtps_cpp
[0.299s] [ 71%] Built target yolobot_algo__rosidl_typesupport_introspection_cpp
[0.300s] [ 74%] Built target yolobot_algo__rosidl_typesupport_cpp
[0.366s] [ 74%] Built target yolobot_algo
[0.429s] [ 76%] Built target yolobot_algo__py
[0.492s] [ 84%] Built target yolobot_algo__rosidl_generator_py
[0.553s] [ 89%] Built target yolobot_algo__rosidl_typesupport_fastrtps_c__pyext
[0.562s] [ 94%] Built target yolobot_algo__rosidl_typesupport_introspection_c__pyext
[0.566s] [100%] Built target yolobot_algo__rosidl_typesupport_c__pyext
[1.181s] running egg_info
[1.232s] writing yolobot_algo.egg-info/PKG-INFO
[1.268s] writing dependency_links to yolobot_algo.egg-info/dependency_links.txt
[1.507s] writing top-level names to yolobot_algo.egg-info/top_level.txt
[1.545s] reading manifest file 'yolobot_algo.egg-info/SOURCES.txt'
[1.545s] writing manifest file 'yolobot_algo.egg-info/SOURCES.txt'
[1.582s] [100%] Built target ament_cmake_python_build_yolobot_algo_egg
