[0.084s] Invoking command in '/Users/howardkang/auto_car/build/my_package': CONDA_PROMPT_MODIFIER=(ros2) SHLVL=2 _=/Users/howardkang/miniconda3/envs/ros2/bin/env __CF_USER_TEXT_ENCODING=0x1F5:0x0:0x0 /Users/howardkang/miniconda3/envs/ros2/bin/cmake --build /Users/howardkang/auto_car/build/my_package -- -j8 -l8
[0.254s] -- Found Python3: /Users/howardkang/miniconda3/envs/ros2/bin/python3.10 (found version "3.10.13") found components: Interpreter 
[0.283s] -- Found ament_cmake: 1.3.3 (/Users/howardkang/miniconda3/envs/ros2/share/ament_cmake/cmake)
[0.408s] -- Override CMake install command with custom implementation using symlinks instead of copying resources
[0.408s] -- Found std_msgs: 4.2.3 (/Users/howardkang/miniconda3/envs/ros2/share/std_msgs/cmake)
[0.421s] -- Found rosidl_generator_c: 3.1.4 (/Users/howardkang/miniconda3/envs/ros2/share/rosidl_generator_c/cmake)
[0.424s] -- Found rosidl_adapter: 3.1.4 (/Users/howardkang/miniconda3/envs/ros2/share/rosidl_adapter/cmake)
[0.435s] -- Found rosidl_generator_cpp: 3.1.4 (/Users/howardkang/miniconda3/envs/ros2/share/rosidl_generator_cpp/cmake)
[0.454s] -- Using all available rosidl_typesupport_c: rosidl_typesupport_fastrtps_c;rosidl_typesupport_introspection_c
[0.521s] -- Using all available rosidl_typesupport_cpp: rosidl_typesupport_fastrtps_cpp;rosidl_typesupport_introspection_cpp
[0.529s] -- Found rosidl_default_generators: 1.2.0 (/Users/howardkang/miniconda3/envs/ros2/share/rosidl_default_generators/cmake)
[0.704s] -- Found ament_cmake_ros: 0.10.0 (/Users/howardkang/miniconda3/envs/ros2/share/ament_cmake_ros/cmake)
[0.852s] -- Using all available rosidl_typesupport_c: rosidl_typesupport_fastrtps_c;rosidl_typesupport_introspection_c
[0.908s] -- Using all available rosidl_typesupport_cpp: rosidl_typesupport_fastrtps_cpp;rosidl_typesupport_introspection_cpp
[0.923s] -- Found python_cmake_module: 0.10.0 (/Users/howardkang/miniconda3/envs/ros2/share/python_cmake_module/cmake)
[0.935s] -- Using PythonExtra_INCLUDE_DIRS: /Users/howardkang/miniconda3/envs/ros2/include/python3.10;/Users/howardkang/miniconda3/envs/ros2/include/python3.10
[0.936s] -- Using PythonExtra_LIBRARIES: /Users/howardkang/miniconda3/envs/ros2/lib/libpython3.10.dylib
[1.168s] -- Found Python3: /Users/howardkang/miniconda3/envs/ros2/bin/python3.10 (found version "3.10.13") found components: Development NumPy Interpreter Development.Module Development.Embed 
[1.193s] -- Found ament_lint_auto: 0.12.5 (/Users/howardkang/miniconda3/envs/ros2/share/ament_lint_auto/cmake)
[1.295s] -- Added test 'flake8' to check Python code syntax and style conventions
[1.296s] -- Added test 'lint_cmake' to check CMake code style
[1.297s] -- Added test 'pep257' to check Python code against some of the docstring style conventions in PEP 257
[1.300s] -- Added test 'xmllint' to check XML markup files
[1.307s] -- Configuring done (1.1s)
[1.410s] -- Generating done (0.1s)
[1.419s] -- Build files have been written to: /Users/howardkang/auto_car/build/my_package
[1.469s] [  2%] Built target my_package__cpp
[1.480s] [ 12%] Built target my_package__rosidl_generator_c
[1.586s] [ 12%] Built target ament_cmake_python_symlink_my_package
[1.586s] [ 23%] Built target my_package__rosidl_typesupport_cpp
[1.586s] [ 41%] Built target my_package__rosidl_typesupport_introspection_c
[1.586s] [ 43%] Built target my_package__rosidl_typesupport_c
[1.586s] [ 53%] Built target my_package__rosidl_typesupport_fastrtps_cpp
[1.586s] [ 64%] Built target my_package__rosidl_typesupport_introspection_cpp
[1.586s] [ 74%] Built target my_package__rosidl_typesupport_fastrtps_c
[1.598s] [ 74%] Built target my_package
[1.627s] [ 76%] Built target my_package__py
[1.661s] [ 84%] Built target my_package__rosidl_generator_py
[1.698s] [ 92%] Built target my_package__rosidl_typesupport_introspection_c__pyext
[1.698s] [ 94%] Built target my_package__rosidl_typesupport_fastrtps_c__pyext
[1.701s] [100%] Built target my_package__rosidl_typesupport_c__pyext
[1.925s] running egg_info
[1.961s] writing my_package.egg-info/PKG-INFO
[1.988s] writing dependency_links to my_package.egg-info/dependency_links.txt
[2.148s] writing top-level names to my_package.egg-info/top_level.txt
[2.204s] reading manifest file 'my_package.egg-info/SOURCES.txt'
[2.205s] writing manifest file 'my_package.egg-info/SOURCES.txt'
[2.229s] [100%] Built target ament_cmake_python_build_my_package_egg
[2.240s] Invoked command in '/Users/howardkang/auto_car/build/my_package' returned '0': CONDA_PROMPT_MODIFIER=(ros2) SHLVL=2 _=/Users/howardkang/miniconda3/envs/ros2/bin/env __CF_USER_TEXT_ENCODING=0x1F5:0x0:0x0 /Users/howardkang/miniconda3/envs/ros2/bin/cmake --build /Users/howardkang/auto_car/build/my_package -- -j8 -l8
[2.401s] Invoking command in '/Users/howardkang/auto_car/build/my_package': CONDA_PROMPT_MODIFIER=(ros2) SHLVL=2 _=/Users/howardkang/miniconda3/envs/ros2/bin/env __CF_USER_TEXT_ENCODING=0x1F5:0x0:0x0 /Users/howardkang/miniconda3/envs/ros2/bin/cmake --install /Users/howardkang/auto_car/build/my_package
[2.409s] -- Install configuration: ""
[2.410s] -- Execute custom install script
[2.410s] -- Up-to-date symlink: /Users/howardkang/auto_car/install/my_package/share/ament_index/resource_index/rosidl_interfaces/my_package
[2.410s] -- Up-to-date symlink: /Users/howardkang/auto_car/install/my_package/include/my_package/my_package/msg/detail/inference_result__functions.h
[2.411s] -- Up-to-date symlink: /Users/howardkang/auto_car/install/my_package/include/my_package/my_package/msg/detail/inference_result__struct.h
[2.411s] -- Up-to-date symlink: /Users/howardkang/auto_car/install/my_package/include/my_package/my_package/msg/detail/inference_result__type_support.h
[2.411s] -- Up-to-date symlink: /Users/howardkang/auto_car/install/my_package/include/my_package/my_package/msg/detail/yolov8_inference__functions.h
[2.411s] -- Up-to-date symlink: /Users/howardkang/auto_car/install/my_package/include/my_package/my_package/msg/detail/yolov8_inference__struct.h
[2.411s] -- Up-to-date symlink: /Users/howardkang/auto_car/install/my_package/include/my_package/my_package/msg/detail/yolov8_inference__type_support.h
[2.411s] -- Up-to-date symlink: /Users/howardkang/auto_car/install/my_package/include/my_package/my_package/msg/inference_result.h
[2.412s] -- Up-to-date symlink: /Users/howardkang/auto_car/install/my_package/include/my_package/my_package/msg/rosidl_generator_c__visibility_control.h
[2.412s] -- Up-to-date symlink: /Users/howardkang/auto_car/install/my_package/include/my_package/my_package/msg/yolov8_inference.h
[2.412s] -- Up-to-date symlink: /Users/howardkang/auto_car/install/my_package/include/my_package/my_package/msg/detail/inference_result__rosidl_typesupport_fastrtps_c.h
[2.412s] -- Up-to-date symlink: /Users/howardkang/auto_car/install/my_package/include/my_package/my_package/msg/detail/yolov8_inference__rosidl_typesupport_fastrtps_c.h
[2.412s] -- Up-to-date symlink: /Users/howardkang/auto_car/install/my_package/include/my_package/my_package/msg/rosidl_typesupport_fastrtps_c__visibility_control.h
[2.413s] -- Up-to-date symlink: /Users/howardkang/auto_car/install/my_package/include/my_package/my_package/msg/detail/inference_result__builder.hpp
[2.413s] -- Up-to-date symlink: /Users/howardkang/auto_car/install/my_package/include/my_package/my_package/msg/detail/inference_result__struct.hpp
[2.413s] -- Up-to-date symlink: /Users/howardkang/auto_car/install/my_package/include/my_package/my_package/msg/detail/inference_result__traits.hpp
[2.413s] -- Up-to-date symlink: /Users/howardkang/auto_car/install/my_package/include/my_package/my_package/msg/detail/yolov8_inference__builder.hpp
[2.414s] -- Up-to-date symlink: /Users/howardkang/auto_car/install/my_package/include/my_package/my_package/msg/detail/yolov8_inference__struct.hpp
[2.414s] -- Up-to-date symlink: /Users/howardkang/auto_car/install/my_package/include/my_package/my_package/msg/detail/yolov8_inference__traits.hpp
[2.414s] -- Up-to-date symlink: /Users/howardkang/auto_car/install/my_package/include/my_package/my_package/msg/inference_result.hpp
[2.414s] -- Up-to-date symlink: /Users/howardkang/auto_car/install/my_package/include/my_package/my_package/msg/yolov8_inference.hpp
[2.415s] -- Up-to-date symlink: /Users/howardkang/auto_car/install/my_package/include/my_package/my_package/msg/detail/inference_result__rosidl_typesupport_fastrtps_cpp.hpp
[2.415s] -- Up-to-date symlink: /Users/howardkang/auto_car/install/my_package/include/my_package/my_package/msg/detail/yolov8_inference__rosidl_typesupport_fastrtps_cpp.hpp
[2.415s] -- Up-to-date symlink: /Users/howardkang/auto_car/install/my_package/include/my_package/my_package/msg/rosidl_typesupport_fastrtps_cpp__visibility_control.h
[2.415s] -- Up-to-date symlink: /Users/howardkang/auto_car/install/my_package/include/my_package/my_package/msg/detail/inference_result__rosidl_typesupport_introspection_c.h
[2.416s] -- Up-to-date symlink: /Users/howardkang/auto_car/install/my_package/include/my_package/my_package/msg/detail/yolov8_inference__rosidl_typesupport_introspection_c.h
[2.416s] -- Up-to-date symlink: /Users/howardkang/auto_car/install/my_package/include/my_package/my_package/msg/rosidl_typesupport_introspection_c__visibility_control.h
[2.416s] -- Up-to-date symlink: /Users/howardkang/auto_car/install/my_package/include/my_package/my_package/msg/detail/inference_result__rosidl_typesupport_introspection_cpp.hpp
[2.416s] -- Up-to-date symlink: /Users/howardkang/auto_car/install/my_package/include/my_package/my_package/msg/detail/yolov8_inference__rosidl_typesupport_introspection_cpp.hpp
[2.416s] -- Up-to-date symlink: /Users/howardkang/auto_car/install/my_package/share/my_package/environment/pythonpath.sh
[2.417s] -- Up-to-date symlink: /Users/howardkang/auto_car/install/my_package/share/my_package/environment/pythonpath.dsv
[2.417s] -- Up-to-date symlink: /Users/howardkang/auto_car/install/my_package/lib/python3.10/site-packages/my_package-0.0.0-py3.10.egg-info/PKG-INFO
[2.417s] -- Up-to-date symlink: /Users/howardkang/auto_car/install/my_package/lib/python3.10/site-packages/my_package-0.0.0-py3.10.egg-info/SOURCES.txt
[2.417s] -- Up-to-date symlink: /Users/howardkang/auto_car/install/my_package/lib/python3.10/site-packages/my_package-0.0.0-py3.10.egg-info/dependency_links.txt
[2.417s] -- Up-to-date symlink: /Users/howardkang/auto_car/install/my_package/lib/python3.10/site-packages/my_package-0.0.0-py3.10.egg-info/top_level.txt
[2.418s] -- Up-to-date symlink: /Users/howardkang/auto_car/install/my_package/lib/python3.10/site-packages/my_package/__init__.py
[2.418s] -- Up-to-date symlink: /Users/howardkang/auto_car/install/my_package/lib/python3.10/site-packages/my_package/_my_package_s.ep.rosidl_typesupport_c.c
[2.418s] -- Up-to-date symlink: /Users/howardkang/auto_car/install/my_package/lib/python3.10/site-packages/my_package/_my_package_s.ep.rosidl_typesupport_fastrtps_c.c
[2.418s] -- Up-to-date symlink: /Users/howardkang/auto_car/install/my_package/lib/python3.10/site-packages/my_package/_my_package_s.ep.rosidl_typesupport_introspection_c.c
[2.419s] -- Up-to-date symlink: /Users/howardkang/auto_car/install/my_package/lib/python3.10/site-packages/my_package/libmy_package__rosidl_generator_py.dylib
[2.419s] -- Up-to-date symlink: /Users/howardkang/auto_car/install/my_package/lib/python3.10/site-packages/my_package/msg/__init__.py
[2.419s] -- Up-to-date symlink: /Users/howardkang/auto_car/install/my_package/lib/python3.10/site-packages/my_package/msg/_inference_result.py
[2.419s] -- Up-to-date symlink: /Users/howardkang/auto_car/install/my_package/lib/python3.10/site-packages/my_package/msg/_inference_result_s.c
[2.419s] -- Up-to-date symlink: /Users/howardkang/auto_car/install/my_package/lib/python3.10/site-packages/my_package/msg/_yolov8_inference.py
[2.419s] -- Up-to-date symlink: /Users/howardkang/auto_car/install/my_package/lib/python3.10/site-packages/my_package/msg/_yolov8_inference_s.c
[2.419s] -- Up-to-date symlink: /Users/howardkang/auto_car/install/my_package/lib/python3.10/site-packages/my_package/my_package_s__rosidl_typesupport_c.cpython-310-darwin.so
[2.419s] -- Up-to-date symlink: /Users/howardkang/auto_car/install/my_package/lib/python3.10/site-packages/my_package/my_package_s__rosidl_typesupport_fastrtps_c.cpython-310-darwin.so
[2.420s] -- Up-to-date symlink: /Users/howardkang/auto_car/install/my_package/lib/python3.10/site-packages/my_package/my_package_s__rosidl_typesupport_introspection_c.cpython-310-darwin.so
[2.420s] -- Up-to-date symlink: /Users/howardkang/auto_car/install/my_package/lib/python3.10/site-packages/my_package/my_package_s__rosidl_typesupport_fastrtps_c.cpython-310-darwin.so
[2.420s] -- Up-to-date symlink: /Users/howardkang/auto_car/install/my_package/lib/python3.10/site-packages/my_package/my_package_s__rosidl_typesupport_introspection_c.cpython-310-darwin.so
[2.420s] -- Up-to-date symlink: /Users/howardkang/auto_car/install/my_package/lib/python3.10/site-packages/my_package/my_package_s__rosidl_typesupport_c.cpython-310-darwin.so
[2.421s] -- Up-to-date symlink: /Users/howardkang/auto_car/install/my_package/share/my_package/msg/InferenceResult.idl
[2.421s] -- Up-to-date symlink: /Users/howardkang/auto_car/install/my_package/share/my_package/msg/Yolov8Inference.idl
[2.421s] -- Up-to-date symlink: /Users/howardkang/auto_car/install/my_package/share/my_package/msgs/InferenceResult.msg
[2.421s] -- Up-to-date symlink: /Users/howardkang/auto_car/install/my_package/share/my_package/msgs/Yolov8Inference.msg
[2.421s] -- Up-to-date symlink: /Users/howardkang/auto_car/install/my_package/share/my_package/description/.DS_Store
[2.422s] -- Up-to-date symlink: /Users/howardkang/auto_car/install/my_package/share/my_package/description/camera.xacro
[2.422s] -- Up-to-date symlink: /Users/howardkang/auto_car/install/my_package/share/my_package/description/camera1.xacro
[2.422s] -- Up-to-date symlink: /Users/howardkang/auto_car/install/my_package/share/my_package/description/gazebo_control.xacro
[2.422s] -- Up-to-date symlink: /Users/howardkang/auto_car/install/my_package/share/my_package/description/inertial_macros.xacro
[2.422s] -- Up-to-date symlink: /Users/howardkang/auto_car/install/my_package/share/my_package/description/lidar.xacro
[2.422s] -- Up-to-date symlink: /Users/howardkang/auto_car/install/my_package/share/my_package/description/robot.urdf.xacro
[2.422s] -- Up-to-date symlink: /Users/howardkang/auto_car/install/my_package/share/my_package/description/robot_core.xacro
[2.422s] -- Up-to-date symlink: /Users/howardkang/auto_car/install/my_package/share/my_package/description/robot_github.urdf.xacro
[2.423s] -- Up-to-date symlink: /Users/howardkang/auto_car/install/my_package/share/my_package/description/yolobot.urdf
[2.423s] -- Up-to-date symlink: /Users/howardkang/auto_car/install/my_package/share/my_package/launch/listener.launch.py
[2.423s] -- Up-to-date symlink: /Users/howardkang/auto_car/install/my_package/share/my_package/launch/rsp.launch.py
[2.423s] -- Up-to-date symlink: /Users/howardkang/auto_car/install/my_package/share/my_package/launch/rsp.launch.sim.py
[2.423s] -- Up-to-date symlink: /Users/howardkang/auto_car/install/my_package/share/my_package/launch/talker.launch.py
[2.423s] -- Up-to-date symlink: /Users/howardkang/auto_car/install/my_package/share/my_package/launch/yolov8.launch.py
[2.423s] -- Up-to-date symlink: /Users/howardkang/auto_car/install/my_package/share/my_package/worlds/cone_world
[2.424s] -- Up-to-date symlink: /Users/howardkang/auto_car/install/my_package/share/my_package/worlds/hello.world
[2.424s] -- Up-to-date symlink: /Users/howardkang/auto_car/install/my_package/share/my_package/worlds/world_test.world
[2.424s] -- Up-to-date symlink: /Users/howardkang/auto_car/install/my_package/share/my_package/worlds/world_test2.world
[2.424s] -- Up-to-date symlink: /Users/howardkang/auto_car/install/my_package/share/my_package/scripts/.DS_Store
[2.424s] -- Up-to-date symlink: /Users/howardkang/auto_car/install/my_package/share/my_package/scripts/actuators.py
[2.424s] -- Up-to-date symlink: /Users/howardkang/auto_car/install/my_package/share/my_package/scripts/decision_making.py
[2.424s] -- Up-to-date symlink: /Users/howardkang/auto_car/install/my_package/share/my_package/scripts/sensor_sim.py
[2.425s] -- Up-to-date symlink: /Users/howardkang/auto_car/install/my_package/share/my_package/msgs/InferenceResult.msg
[2.425s] -- Up-to-date symlink: /Users/howardkang/auto_car/install/my_package/share/my_package/msgs/Yolov8Inference.msg
[2.425s] -- Up-to-date symlink: /Users/howardkang/auto_car/install/my_package/share/my_package/config/drive_bot.rviz
[2.425s] -- Up-to-date symlink: /Users/howardkang/auto_car/install/my_package/share/my_package/config/drive_bot2.rviz
[2.425s] -- Up-to-date symlink: /Users/howardkang/auto_car/install/my_package/share/my_package/config/mapper_params_online_async.yaml
[2.426s] -- Symlinking: /Users/howardkang/auto_car/install/my_package/share/my_package/map/my_map_save.pgm
[2.436s] -- Symlinking: /Users/howardkang/auto_car/install/my_package/share/my_package/map/my_map_save.yaml
[2.446s] -- Symlinking: /Users/howardkang/auto_car/install/my_package/share/my_package/map/my_map_serialize.data
[2.456s] -- Symlinking: /Users/howardkang/auto_car/install/my_package/share/my_package/map/my_map_serialize.posegraph
[2.466s] -- Up-to-date symlink: /Users/howardkang/auto_car/install/my_package/lib/my_package/description/.DS_Store
[2.467s] -- Up-to-date symlink: /Users/howardkang/auto_car/install/my_package/lib/my_package/description/camera.xacro
[2.467s] -- Up-to-date symlink: /Users/howardkang/auto_car/install/my_package/lib/my_package/description/camera1.xacro
[2.467s] -- Up-to-date symlink: /Users/howardkang/auto_car/install/my_package/lib/my_package/description/gazebo_control.xacro
[2.467s] -- Up-to-date symlink: /Users/howardkang/auto_car/install/my_package/lib/my_package/description/inertial_macros.xacro
[2.467s] -- Up-to-date symlink: /Users/howardkang/auto_car/install/my_package/lib/my_package/description/lidar.xacro
[2.467s] -- Up-to-date symlink: /Users/howardkang/auto_car/install/my_package/lib/my_package/description/robot.urdf.xacro
[2.467s] -- Up-to-date symlink: /Users/howardkang/auto_car/install/my_package/lib/my_package/description/robot_core.xacro
[2.467s] -- Up-to-date symlink: /Users/howardkang/auto_car/install/my_package/lib/my_package/description/robot_github.urdf.xacro
[2.467s] -- Up-to-date symlink: /Users/howardkang/auto_car/install/my_package/lib/my_package/description/yolobot.urdf
[2.468s] -- Up-to-date symlink: /Users/howardkang/auto_car/install/my_package/lib/my_package/launch/listener.launch.py
[2.468s] -- Up-to-date symlink: /Users/howardkang/auto_car/install/my_package/lib/my_package/launch/rsp.launch.py
[2.468s] -- Up-to-date symlink: /Users/howardkang/auto_car/install/my_package/lib/my_package/launch/rsp.launch.sim.py
[2.468s] -- Up-to-date symlink: /Users/howardkang/auto_car/install/my_package/lib/my_package/launch/talker.launch.py
[2.468s] -- Up-to-date symlink: /Users/howardkang/auto_car/install/my_package/lib/my_package/launch/yolov8.launch.py
[2.468s] -- Up-to-date symlink: /Users/howardkang/auto_car/install/my_package/lib/my_package/worlds/cone_world
[2.469s] -- Up-to-date symlink: /Users/howardkang/auto_car/install/my_package/lib/my_package/worlds/hello.world
[2.469s] -- Up-to-date symlink: /Users/howardkang/auto_car/install/my_package/lib/my_package/worlds/world_test.world
[2.469s] -- Up-to-date symlink: /Users/howardkang/auto_car/install/my_package/lib/my_package/worlds/world_test2.world
[2.469s] -- Up-to-date symlink: /Users/howardkang/auto_car/install/my_package/lib/my_package/scripts/.DS_Store
[2.469s] -- Up-to-date symlink: /Users/howardkang/auto_car/install/my_package/lib/my_package/scripts/actuators.py
[2.469s] -- Up-to-date symlink: /Users/howardkang/auto_car/install/my_package/lib/my_package/scripts/decision_making.py
[2.469s] -- Up-to-date symlink: /Users/howardkang/auto_car/install/my_package/lib/my_package/scripts/sensor_sim.py
[2.470s] -- Up-to-date symlink: /Users/howardkang/auto_car/install/my_package/lib/my_package/msgs/InferenceResult.msg
[2.470s] -- Up-to-date symlink: /Users/howardkang/auto_car/install/my_package/lib/my_package/msgs/Yolov8Inference.msg
[2.470s] -- Up-to-date symlink: /Users/howardkang/auto_car/install/my_package/lib/my_package/config/drive_bot.rviz
[2.470s] -- Up-to-date symlink: /Users/howardkang/auto_car/install/my_package/lib/my_package/config/drive_bot2.rviz
[2.470s] -- Up-to-date symlink: /Users/howardkang/auto_car/install/my_package/lib/my_package/config/mapper_params_online_async.yaml
[2.470s] -- Symlinking: /Users/howardkang/auto_car/install/my_package/lib/my_package/map/my_map_save.pgm
[2.481s] -- Symlinking: /Users/howardkang/auto_car/install/my_package/lib/my_package/map/my_map_save.yaml
[2.491s] -- Symlinking: /Users/howardkang/auto_car/install/my_package/lib/my_package/map/my_map_serialize.data
[2.501s] -- Symlinking: /Users/howardkang/auto_car/install/my_package/lib/my_package/map/my_map_serialize.posegraph
[2.512s] -- Up-to-date symlink: /Users/howardkang/auto_car/install/my_package/share/ament_index/resource_index/package_run_dependencies/my_package
[2.512s] -- Up-to-date symlink: /Users/howardkang/auto_car/install/my_package/share/ament_index/resource_index/parent_prefix_path/my_package
[2.512s] -- Up-to-date symlink: /Users/howardkang/auto_car/install/my_package/share/my_package/environment/ament_prefix_path.sh
[2.512s] -- Up-to-date symlink: /Users/howardkang/auto_car/install/my_package/share/my_package/environment/ament_prefix_path.dsv
[2.512s] -- Up-to-date symlink: /Users/howardkang/auto_car/install/my_package/share/my_package/environment/path.sh
[2.512s] -- Up-to-date symlink: /Users/howardkang/auto_car/install/my_package/share/my_package/environment/path.dsv
[2.513s] -- Up-to-date symlink: /Users/howardkang/auto_car/install/my_package/share/my_package/local_setup.bash
[2.513s] -- Up-to-date symlink: /Users/howardkang/auto_car/install/my_package/share/my_package/local_setup.sh
[2.513s] -- Up-to-date symlink: /Users/howardkang/auto_car/install/my_package/share/my_package/local_setup.zsh
[2.513s] -- Up-to-date symlink: /Users/howardkang/auto_car/install/my_package/share/my_package/local_setup.dsv
[2.513s] -- Symlinking: /Users/howardkang/auto_car/install/my_package/share/my_package/package.dsv
[2.524s] -- Up-to-date symlink: /Users/howardkang/auto_car/install/my_package/share/ament_index/resource_index/packages/my_package
[2.524s] -- Up-to-date symlink: /Users/howardkang/auto_car/install/my_package/share/my_package/cmake/rosidl_cmake-extras.cmake
[2.524s] -- Up-to-date symlink: /Users/howardkang/auto_car/install/my_package/share/my_package/cmake/ament_cmake_export_dependencies-extras.cmake
[2.524s] -- Up-to-date symlink: /Users/howardkang/auto_car/install/my_package/share/my_package/cmake/ament_cmake_export_include_directories-extras.cmake
[2.524s] -- Up-to-date symlink: /Users/howardkang/auto_car/install/my_package/share/my_package/cmake/ament_cmake_export_libraries-extras.cmake
[2.524s] -- Up-to-date symlink: /Users/howardkang/auto_car/install/my_package/share/my_package/cmake/ament_cmake_export_targets-extras.cmake
[2.524s] -- Up-to-date symlink: /Users/howardkang/auto_car/install/my_package/share/my_package/cmake/rosidl_cmake_export_typesupport_targets-extras.cmake
[2.525s] -- Up-to-date symlink: /Users/howardkang/auto_car/install/my_package/share/my_package/cmake/rosidl_cmake_export_typesupport_libraries-extras.cmake
[2.525s] -- Up-to-date symlink: /Users/howardkang/auto_car/install/my_package/share/my_package/cmake/my_packageConfig.cmake
[2.525s] -- Up-to-date symlink: /Users/howardkang/auto_car/install/my_package/share/my_package/cmake/my_packageConfig-version.cmake
[2.525s] -- Up-to-date symlink: /Users/howardkang/auto_car/install/my_package/share/my_package/package.xml
[2.525s] -- Up-to-date: /Users/howardkang/auto_car/install/my_package/lib/libmy_package__rosidl_generator_c.dylib
[2.525s] -- Installing: /Users/howardkang/auto_car/install/my_package/lib/libmy_package__rosidl_typesupport_fastrtps_c.dylib
[2.529s] [cctools-port]: generating fake signature for '/Users/howardkang/auto_car/install/my_package/lib/libmy_package__rosidl_typesupport_fastrtps_c.dylib'
[2.537s] -- Up-to-date: /Users/howardkang/auto_car/install/my_package/lib/libmy_package__rosidl_typesupport_fastrtps_cpp.dylib
[2.537s] -- Installing: /Users/howardkang/auto_car/install/my_package/lib/libmy_package__rosidl_typesupport_introspection_c.dylib
[2.540s] [cctools-port]: generating fake signature for '/Users/howardkang/auto_car/install/my_package/lib/libmy_package__rosidl_typesupport_introspection_c.dylib'
[2.547s] -- Installing: /Users/howardkang/auto_car/install/my_package/lib/libmy_package__rosidl_typesupport_c.dylib
[2.550s] [cctools-port]: generating fake signature for '/Users/howardkang/auto_car/install/my_package/lib/libmy_package__rosidl_typesupport_c.dylib'
[2.558s] -- Up-to-date: /Users/howardkang/auto_car/install/my_package/lib/libmy_package__rosidl_typesupport_introspection_cpp.dylib
[2.558s] -- Up-to-date: /Users/howardkang/auto_car/install/my_package/lib/libmy_package__rosidl_typesupport_cpp.dylib
[2.587s] Listing 'lib/python3.10/site-packages/my_package'...
[2.587s] Can't list 'lib/python3.10/site-packages/my_package'
[2.590s] -- Installing: /Users/howardkang/auto_car/install/my_package/lib/libmy_package__rosidl_generator_py.dylib
[2.593s] [cctools-port]: generating fake signature for '/Users/howardkang/auto_car/install/my_package/lib/libmy_package__rosidl_generator_py.dylib'
[2.603s] -- Up-to-date: /Users/howardkang/auto_car/install/my_package/share/my_package/cmake/export_my_package__rosidl_generator_cExport.cmake
[2.603s] -- Up-to-date: /Users/howardkang/auto_car/install/my_package/share/my_package/cmake/export_my_package__rosidl_generator_cExport-noconfig.cmake
[2.603s] -- Up-to-date: /Users/howardkang/auto_car/install/my_package/share/my_package/cmake/export_my_package__rosidl_typesupport_fastrtps_cExport.cmake
[2.603s] -- Up-to-date: /Users/howardkang/auto_car/install/my_package/share/my_package/cmake/export_my_package__rosidl_typesupport_fastrtps_cExport-noconfig.cmake
[2.603s] -- Up-to-date: /Users/howardkang/auto_car/install/my_package/share/my_package/cmake/export_my_package__rosidl_generator_cppExport.cmake
[2.604s] -- Up-to-date: /Users/howardkang/auto_car/install/my_package/share/my_package/cmake/export_my_package__rosidl_typesupport_fastrtps_cppExport.cmake
[2.604s] -- Up-to-date: /Users/howardkang/auto_car/install/my_package/share/my_package/cmake/export_my_package__rosidl_typesupport_fastrtps_cppExport-noconfig.cmake
[2.604s] -- Up-to-date: /Users/howardkang/auto_car/install/my_package/share/my_package/cmake/my_package__rosidl_typesupport_introspection_cExport.cmake
[2.605s] -- Up-to-date: /Users/howardkang/auto_car/install/my_package/share/my_package/cmake/my_package__rosidl_typesupport_introspection_cExport-noconfig.cmake
[2.606s] -- Up-to-date: /Users/howardkang/auto_car/install/my_package/share/my_package/cmake/my_package__rosidl_typesupport_cExport.cmake
[2.606s] -- Up-to-date: /Users/howardkang/auto_car/install/my_package/share/my_package/cmake/my_package__rosidl_typesupport_cExport-noconfig.cmake
[2.606s] -- Up-to-date: /Users/howardkang/auto_car/install/my_package/share/my_package/cmake/my_package__rosidl_typesupport_introspection_cppExport.cmake
[2.606s] -- Up-to-date: /Users/howardkang/auto_car/install/my_package/share/my_package/cmake/my_package__rosidl_typesupport_introspection_cppExport-noconfig.cmake
[2.606s] -- Up-to-date: /Users/howardkang/auto_car/install/my_package/share/my_package/cmake/my_package__rosidl_typesupport_cppExport.cmake
[2.606s] -- Up-to-date: /Users/howardkang/auto_car/install/my_package/share/my_package/cmake/my_package__rosidl_typesupport_cppExport-noconfig.cmake
[2.606s] -- Up-to-date: /Users/howardkang/auto_car/install/my_package/share/my_package/cmake/export_my_package__rosidl_generator_pyExport.cmake
[2.606s] -- Up-to-date: /Users/howardkang/auto_car/install/my_package/share/my_package/cmake/export_my_package__rosidl_generator_pyExport-noconfig.cmake
[2.607s] Invoked command in '/Users/howardkang/auto_car/build/my_package' returned '0': CONDA_PROMPT_MODIFIER=(ros2) SHLVL=2 _=/Users/howardkang/miniconda3/envs/ros2/bin/env __CF_USER_TEXT_ENCODING=0x1F5:0x0:0x0 /Users/howardkang/miniconda3/envs/ros2/bin/cmake --install /Users/howardkang/auto_car/build/my_package
