[0.634s] [34mcolcon[0m [1;30mDEBUG[0m [32mCommand line arguments: ['/Users/howardkang/miniconda3/envs/ros2/bin/colcon', 'build', '--symlink-install'][0m
[0.634s] [34mcolcon[0m [1;30mDEBUG[0m [32mParsed command line arguments: Namespace(log_base=None, log_level=None, verb_name='build', build_base='build', install_base='install', merge_install=False, symlink_install=True, test_result_base=None, continue_on_error=False, executor='parallel', parallel_workers=8, event_handlers=None, ignore_user_meta=False, metas=['./colcon.meta'], base_paths=['.'], packages_ignore=None, packages_ignore_regex=None, paths=None, packages_up_to=None, packages_up_to_regex=None, packages_above=None, packages_above_and_dependencies=None, packages_above_depth=None, packages_select_by_dep=None, packages_skip_by_dep=None, packages_skip_up_to=None, packages_select_build_failed=False, packages_skip_build_finished=False, packages_select_test_failures=False, packages_skip_test_passed=False, packages_select=None, packages_skip=None, packages_select_regex=None, packages_skip_regex=None, packages_start=None, packages_end=None, cmake_args=None, cmake_target=None, cmake_target_skip_unavailable=False, cmake_clean_cache=False, cmake_clean_first=False, cmake_force_configure=False, ament_cmake_args=None, catkin_cmake_args=None, catkin_skip_building_tests=False, verb_parser=<colcon_defaults.argument_parser.defaults.DefaultArgumentsDecorator object at 0x106225900>, verb_extension=<colcon_core.verb.build.BuildVerb object at 0x1062257e0>, main=<bound method BuildVerb.main of <colcon_core.verb.build.BuildVerb object at 0x1062257e0>>)[0m
[0.681s] [34mcolcon.colcon_core.package_discovery[0m [1;30mLevel 1[0m discover_packages(colcon_meta) check parameters
[0.681s] [34mcolcon.colcon_core.package_discovery[0m [1;30mLevel 1[0m discover_packages(recursive) check parameters
[0.681s] [34mcolcon.colcon_core.package_discovery[0m [1;30mLevel 1[0m discover_packages(ignore) check parameters
[0.681s] [34mcolcon.colcon_core.package_discovery[0m [1;30mLevel 1[0m discover_packages(path) check parameters
[0.681s] [34mcolcon.colcon_core.package_discovery[0m [1;30mLevel 1[0m discover_packages(colcon_meta) discover
[0.681s] [34mcolcon.colcon_core.package_discovery[0m [1;30mLevel 1[0m discover_packages(recursive) discover
[0.681s] [34mcolcon.colcon_core.package_discovery[0m [1;30mINFO[0m Crawling recursively for packages in '/Users/howardkang/auto_car'
[0.682s] [34mcolcon.colcon_core.package_identification[0m [1;30mLevel 1[0m _identify(.) by extensions ['ignore', 'ignore_ament_install']
[0.682s] [34mcolcon.colcon_core.package_identification[0m [1;30mLevel 1[0m _identify(.) by extension 'ignore'
[0.682s] [34mcolcon.colcon_core.package_identification[0m [1;30mLevel 1[0m _identify(.) by extension 'ignore_ament_install'
[0.682s] [34mcolcon.colcon_core.package_identification[0m [1;30mLevel 1[0m _identify(.) by extensions ['colcon_pkg']
[0.682s] [34mcolcon.colcon_core.package_identification[0m [1;30mLevel 1[0m _identify(.) by extension 'colcon_pkg'
[0.682s] [34mcolcon.colcon_core.package_identification[0m [1;30mLevel 1[0m _identify(.) by extensions ['colcon_meta']
[0.682s] [34mcolcon.colcon_core.package_identification[0m [1;30mLevel 1[0m _identify(.) by extension 'colcon_meta'
[0.682s] [34mcolcon.colcon_core.package_identification[0m [1;30mLevel 1[0m _identify(.) by extensions ['ros']
[0.682s] [34mcolcon.colcon_core.package_identification[0m [1;30mLevel 1[0m _identify(.) by extension 'ros'
[0.698s] [34mcolcon.colcon_core.package_identification[0m [1;30mLevel 1[0m _identify(.) by extensions ['cmake', 'python']
[0.698s] [34mcolcon.colcon_core.package_identification[0m [1;30mLevel 1[0m _identify(.) by extension 'cmake'
[0.698s] [34mcolcon.colcon_core.package_identification[0m [1;30mLevel 1[0m _identify(.) by extension 'python'
[0.698s] [34mcolcon.colcon_core.package_identification[0m [1;30mLevel 1[0m _identify(.) by extensions ['python_setup_py']
[0.698s] [34mcolcon.colcon_core.package_identification[0m [1;30mLevel 1[0m _identify(.) by extension 'python_setup_py'
[0.698s] [34mcolcon.colcon_core.package_identification[0m [1;30mLevel 1[0m _identify(build) by extensions ['ignore', 'ignore_ament_install']
[0.698s] [34mcolcon.colcon_core.package_identification[0m [1;30mLevel 1[0m _identify(build) by extension 'ignore'
[0.698s] [34mcolcon.colcon_core.package_identification[0m [1;30mLevel 1[0m _identify(build) ignored
[0.699s] [34mcolcon.colcon_core.package_identification[0m [1;30mLevel 1[0m _identify(install) by extensions ['ignore', 'ignore_ament_install']
[0.699s] [34mcolcon.colcon_core.package_identification[0m [1;30mLevel 1[0m _identify(install) by extension 'ignore'
[0.699s] [34mcolcon.colcon_core.package_identification[0m [1;30mLevel 1[0m _identify(install) ignored
[0.699s] [34mcolcon.colcon_core.package_identification[0m [1;30mLevel 1[0m _identify(log) by extensions ['ignore', 'ignore_ament_install']
[0.699s] [34mcolcon.colcon_core.package_identification[0m [1;30mLevel 1[0m _identify(log) by extension 'ignore'
[0.699s] [34mcolcon.colcon_core.package_identification[0m [1;30mLevel 1[0m _identify(log) ignored
[0.699s] [34mcolcon.colcon_core.package_identification[0m [1;30mLevel 1[0m _identify(src) by extensions ['ignore', 'ignore_ament_install']
[0.699s] [34mcolcon.colcon_core.package_identification[0m [1;30mLevel 1[0m _identify(src) by extension 'ignore'
[0.699s] [34mcolcon.colcon_core.package_identification[0m [1;30mLevel 1[0m _identify(src) by extension 'ignore_ament_install'
[0.699s] [34mcolcon.colcon_core.package_identification[0m [1;30mLevel 1[0m _identify(src) by extensions ['colcon_pkg']
[0.699s] [34mcolcon.colcon_core.package_identification[0m [1;30mLevel 1[0m _identify(src) by extension 'colcon_pkg'
[0.699s] [34mcolcon.colcon_core.package_identification[0m [1;30mLevel 1[0m _identify(src) by extensions ['colcon_meta']
[0.699s] [34mcolcon.colcon_core.package_identification[0m [1;30mLevel 1[0m _identify(src) by extension 'colcon_meta'
[0.699s] [34mcolcon.colcon_core.package_identification[0m [1;30mLevel 1[0m _identify(src) by extensions ['ros']
[0.699s] [34mcolcon.colcon_core.package_identification[0m [1;30mLevel 1[0m _identify(src) by extension 'ros'
[0.699s] [34mcolcon.colcon_core.package_identification[0m [1;30mLevel 1[0m _identify(src) by extensions ['cmake', 'python']
[0.699s] [34mcolcon.colcon_core.package_identification[0m [1;30mLevel 1[0m _identify(src) by extension 'cmake'
[0.699s] [34mcolcon.colcon_core.package_identification[0m [1;30mLevel 1[0m _identify(src) by extension 'python'
[0.699s] [34mcolcon.colcon_core.package_identification[0m [1;30mLevel 1[0m _identify(src) by extensions ['python_setup_py']
[0.699s] [34mcolcon.colcon_core.package_identification[0m [1;30mLevel 1[0m _identify(src) by extension 'python_setup_py'
[0.699s] [34mcolcon.colcon_core.package_identification[0m [1;30mLevel 1[0m _identify(src/buildings) by extensions ['ignore', 'ignore_ament_install']
[0.699s] [34mcolcon.colcon_core.package_identification[0m [1;30mLevel 1[0m _identify(src/buildings) by extension 'ignore'
[0.699s] [34mcolcon.colcon_core.package_identification[0m [1;30mLevel 1[0m _identify(src/buildings) by extension 'ignore_ament_install'
[0.699s] [34mcolcon.colcon_core.package_identification[0m [1;30mLevel 1[0m _identify(src/buildings) by extensions ['colcon_pkg']
[0.699s] [34mcolcon.colcon_core.package_identification[0m [1;30mLevel 1[0m _identify(src/buildings) by extension 'colcon_pkg'
[0.699s] [34mcolcon.colcon_core.package_identification[0m [1;30mLevel 1[0m _identify(src/buildings) by extensions ['colcon_meta']
[0.699s] [34mcolcon.colcon_core.package_identification[0m [1;30mLevel 1[0m _identify(src/buildings) by extension 'colcon_meta'
[0.699s] [34mcolcon.colcon_core.package_identification[0m [1;30mLevel 1[0m _identify(src/buildings) by extensions ['ros']
[0.700s] [34mcolcon.colcon_core.package_identification[0m [1;30mLevel 1[0m _identify(src/buildings) by extension 'ros'
[0.700s] [34mcolcon.colcon_core.package_identification[0m [1;30mLevel 1[0m _identify(src/buildings) by extensions ['cmake', 'python']
[0.700s] [34mcolcon.colcon_core.package_identification[0m [1;30mLevel 1[0m _identify(src/buildings) by extension 'cmake'
[0.700s] [34mcolcon.colcon_core.package_identification[0m [1;30mLevel 1[0m _identify(src/buildings) by extension 'python'
[0.700s] [34mcolcon.colcon_core.package_identification[0m [1;30mLevel 1[0m _identify(src/buildings) by extensions ['python_setup_py']
[0.700s] [34mcolcon.colcon_core.package_identification[0m [1;30mLevel 1[0m _identify(src/buildings) by extension 'python_setup_py'
[0.700s] [34mcolcon.colcon_core.package_identification[0m [1;30mLevel 1[0m _identify(src/buildings/walls) by extensions ['ignore', 'ignore_ament_install']
[0.700s] [34mcolcon.colcon_core.package_identification[0m [1;30mLevel 1[0m _identify(src/buildings/walls) by extension 'ignore'
[0.700s] [34mcolcon.colcon_core.package_identification[0m [1;30mLevel 1[0m _identify(src/buildings/walls) by extension 'ignore_ament_install'
[0.700s] [34mcolcon.colcon_core.package_identification[0m [1;30mLevel 1[0m _identify(src/buildings/walls) by extensions ['colcon_pkg']
[0.700s] [34mcolcon.colcon_core.package_identification[0m [1;30mLevel 1[0m _identify(src/buildings/walls) by extension 'colcon_pkg'
[0.700s] [34mcolcon.colcon_core.package_identification[0m [1;30mLevel 1[0m _identify(src/buildings/walls) by extensions ['colcon_meta']
[0.700s] [34mcolcon.colcon_core.package_identification[0m [1;30mLevel 1[0m _identify(src/buildings/walls) by extension 'colcon_meta'
[0.700s] [34mcolcon.colcon_core.package_identification[0m [1;30mLevel 1[0m _identify(src/buildings/walls) by extensions ['ros']
[0.700s] [34mcolcon.colcon_core.package_identification[0m [1;30mLevel 1[0m _identify(src/buildings/walls) by extension 'ros'
[0.700s] [34mcolcon.colcon_core.package_identification[0m [1;30mLevel 1[0m _identify(src/buildings/walls) by extensions ['cmake', 'python']
[0.700s] [34mcolcon.colcon_core.package_identification[0m [1;30mLevel 1[0m _identify(src/buildings/walls) by extension 'cmake'
[0.700s] [34mcolcon.colcon_core.package_identification[0m [1;30mLevel 1[0m _identify(src/buildings/walls) by extension 'python'
[0.700s] [34mcolcon.colcon_core.package_identification[0m [1;30mLevel 1[0m _identify(src/buildings/walls) by extensions ['python_setup_py']
[0.700s] [34mcolcon.colcon_core.package_identification[0m [1;30mLevel 1[0m _identify(src/buildings/walls) by extension 'python_setup_py'
[0.700s] [34mcolcon.colcon_core.package_identification[0m [1;30mLevel 1[0m _identify(src/description) by extensions ['ignore', 'ignore_ament_install']
[0.700s] [34mcolcon.colcon_core.package_identification[0m [1;30mLevel 1[0m _identify(src/description) by extension 'ignore'
[0.700s] [34mcolcon.colcon_core.package_identification[0m [1;30mLevel 1[0m _identify(src/description) by extension 'ignore_ament_install'
[0.700s] [34mcolcon.colcon_core.package_identification[0m [1;30mLevel 1[0m _identify(src/description) by extensions ['colcon_pkg']
[0.700s] [34mcolcon.colcon_core.package_identification[0m [1;30mLevel 1[0m _identify(src/description) by extension 'colcon_pkg'
[0.700s] [34mcolcon.colcon_core.package_identification[0m [1;30mLevel 1[0m _identify(src/description) by extensions ['colcon_meta']
[0.700s] [34mcolcon.colcon_core.package_identification[0m [1;30mLevel 1[0m _identify(src/description) by extension 'colcon_meta'
[0.700s] [34mcolcon.colcon_core.package_identification[0m [1;30mLevel 1[0m _identify(src/description) by extensions ['ros']
[0.700s] [34mcolcon.colcon_core.package_identification[0m [1;30mLevel 1[0m _identify(src/description) by extension 'ros'
[0.700s] [34mcolcon.colcon_core.package_identification[0m [1;30mLevel 1[0m _identify(src/description) by extensions ['cmake', 'python']
[0.700s] [34mcolcon.colcon_core.package_identification[0m [1;30mLevel 1[0m _identify(src/description) by extension 'cmake'
[0.700s] [34mcolcon.colcon_core.package_identification[0m [1;30mLevel 1[0m _identify(src/description) by extension 'python'
[0.700s] [34mcolcon.colcon_core.package_identification[0m [1;30mLevel 1[0m _identify(src/description) by extensions ['python_setup_py']
[0.700s] [34mcolcon.colcon_core.package_identification[0m [1;30mLevel 1[0m _identify(src/description) by extension 'python_setup_py'
[0.700s] [34mcolcon.colcon_core.package_identification[0m [1;30mLevel 1[0m _identify(src/my_package) by extensions ['ignore', 'ignore_ament_install']
[0.700s] [34mcolcon.colcon_core.package_identification[0m [1;30mLevel 1[0m _identify(src/my_package) by extension 'ignore'
[0.700s] [34mcolcon.colcon_core.package_identification[0m [1;30mLevel 1[0m _identify(src/my_package) by extension 'ignore_ament_install'
[0.700s] [34mcolcon.colcon_core.package_identification[0m [1;30mLevel 1[0m _identify(src/my_package) by extensions ['colcon_pkg']
[0.700s] [34mcolcon.colcon_core.package_identification[0m [1;30mLevel 1[0m _identify(src/my_package) by extension 'colcon_pkg'
[0.701s] [34mcolcon.colcon_core.package_identification[0m [1;30mLevel 1[0m _identify(src/my_package) by extensions ['colcon_meta']
[0.701s] [34mcolcon.colcon_core.package_identification[0m [1;30mLevel 1[0m _identify(src/my_package) by extension 'colcon_meta'
[0.701s] [34mcolcon.colcon_core.package_identification[0m [1;30mLevel 1[0m _identify(src/my_package) by extensions ['ros']
[0.701s] [34mcolcon.colcon_core.package_identification[0m [1;30mLevel 1[0m _identify(src/my_package) by extension 'ros'
[0.703s] [34mcolcon.colcon_core.package_identification[0m [1;30mDEBUG[0m [32mPackage 'src/my_package' with type 'ros.ament_cmake' and name 'my_package'[0m
[0.703s] [34mcolcon.colcon_core.package_identification[0m [1;30mLevel 1[0m _identify(src/yolobot_algo) by extensions ['ignore', 'ignore_ament_install']
[0.703s] [34mcolcon.colcon_core.package_identification[0m [1;30mLevel 1[0m _identify(src/yolobot_algo) by extension 'ignore'
[0.703s] [34mcolcon.colcon_core.package_identification[0m [1;30mLevel 1[0m _identify(src/yolobot_algo) by extension 'ignore_ament_install'
[0.703s] [34mcolcon.colcon_core.package_identification[0m [1;30mLevel 1[0m _identify(src/yolobot_algo) by extensions ['colcon_pkg']
[0.703s] [34mcolcon.colcon_core.package_identification[0m [1;30mLevel 1[0m _identify(src/yolobot_algo) by extension 'colcon_pkg'
[0.703s] [34mcolcon.colcon_core.package_identification[0m [1;30mLevel 1[0m _identify(src/yolobot_algo) by extensions ['colcon_meta']
[0.703s] [34mcolcon.colcon_core.package_identification[0m [1;30mLevel 1[0m _identify(src/yolobot_algo) by extension 'colcon_meta'
[0.703s] [34mcolcon.colcon_core.package_identification[0m [1;30mLevel 1[0m _identify(src/yolobot_algo) by extensions ['ros']
[0.703s] [34mcolcon.colcon_core.package_identification[0m [1;30mLevel 1[0m _identify(src/yolobot_algo) by extension 'ros'
[0.703s] [34mcolcon.colcon_core.package_identification[0m [1;30mDEBUG[0m [32mPackage 'src/yolobot_algo' with type 'ros.ament_cmake' and name 'yolobot_algo'[0m
[0.703s] [34mcolcon.colcon_core.package_identification[0m [1;30mLevel 1[0m _identify(~) by extensions ['ignore', 'ignore_ament_install']
[0.704s] [34mcolcon.colcon_core.package_identification[0m [1;30mLevel 1[0m _identify(~) by extension 'ignore'
[0.704s] [34mcolcon.colcon_core.package_identification[0m [1;30mLevel 1[0m _identify(~) by extension 'ignore_ament_install'
[0.704s] [34mcolcon.colcon_core.package_identification[0m [1;30mLevel 1[0m _identify(~) by extensions ['colcon_pkg']
[0.704s] [34mcolcon.colcon_core.package_identification[0m [1;30mLevel 1[0m _identify(~) by extension 'colcon_pkg'
[0.704s] [34mcolcon.colcon_core.package_identification[0m [1;30mLevel 1[0m _identify(~) by extensions ['colcon_meta']
[0.704s] [34mcolcon.colcon_core.package_identification[0m [1;30mLevel 1[0m _identify(~) by extension 'colcon_meta'
[0.704s] [34mcolcon.colcon_core.package_identification[0m [1;30mLevel 1[0m _identify(~) by extensions ['ros']
[0.704s] [34mcolcon.colcon_core.package_identification[0m [1;30mLevel 1[0m _identify(~) by extension 'ros'
[0.704s] [34mcolcon.colcon_core.package_identification[0m [1;30mLevel 1[0m _identify(~) by extensions ['cmake', 'python']
[0.704s] [34mcolcon.colcon_core.package_identification[0m [1;30mLevel 1[0m _identify(~) by extension 'cmake'
[0.704s] [34mcolcon.colcon_core.package_identification[0m [1;30mLevel 1[0m _identify(~) by extension 'python'
[0.704s] [34mcolcon.colcon_core.package_identification[0m [1;30mLevel 1[0m _identify(~) by extensions ['python_setup_py']
[0.704s] [34mcolcon.colcon_core.package_identification[0m [1;30mLevel 1[0m _identify(~) by extension 'python_setup_py'
[0.704s] [34mcolcon.colcon_core.package_identification[0m [1;30mLevel 1[0m _identify(~/auto_car) by extensions ['ignore', 'ignore_ament_install']
[0.704s] [34mcolcon.colcon_core.package_identification[0m [1;30mLevel 1[0m _identify(~/auto_car) by extension 'ignore'
[0.704s] [34mcolcon.colcon_core.package_identification[0m [1;30mLevel 1[0m _identify(~/auto_car) by extension 'ignore_ament_install'
[0.704s] [34mcolcon.colcon_core.package_identification[0m [1;30mLevel 1[0m _identify(~/auto_car) by extensions ['colcon_pkg']
[0.704s] [34mcolcon.colcon_core.package_identification[0m [1;30mLevel 1[0m _identify(~/auto_car) by extension 'colcon_pkg'
[0.704s] [34mcolcon.colcon_core.package_identification[0m [1;30mLevel 1[0m _identify(~/auto_car) by extensions ['colcon_meta']
[0.704s] [34mcolcon.colcon_core.package_identification[0m [1;30mLevel 1[0m _identify(~/auto_car) by extension 'colcon_meta'
[0.704s] [34mcolcon.colcon_core.package_identification[0m [1;30mLevel 1[0m _identify(~/auto_car) by extensions ['ros']
[0.704s] [34mcolcon.colcon_core.package_identification[0m [1;30mLevel 1[0m _identify(~/auto_car) by extension 'ros'
[0.704s] [34mcolcon.colcon_core.package_identification[0m [1;30mLevel 1[0m _identify(~/auto_car) by extensions ['cmake', 'python']
[0.704s] [34mcolcon.colcon_core.package_identification[0m [1;30mLevel 1[0m _identify(~/auto_car) by extension 'cmake'
[0.704s] [34mcolcon.colcon_core.package_identification[0m [1;30mLevel 1[0m _identify(~/auto_car) by extension 'python'
[0.704s] [34mcolcon.colcon_core.package_identification[0m [1;30mLevel 1[0m _identify(~/auto_car) by extensions ['python_setup_py']
[0.704s] [34mcolcon.colcon_core.package_identification[0m [1;30mLevel 1[0m _identify(~/auto_car) by extension 'python_setup_py'
[0.704s] [34mcolcon.colcon_core.package_identification[0m [1;30mLevel 1[0m _identify(~/auto_car/src) by extensions ['ignore', 'ignore_ament_install']
[0.704s] [34mcolcon.colcon_core.package_identification[0m [1;30mLevel 1[0m _identify(~/auto_car/src) by extension 'ignore'
[0.704s] [34mcolcon.colcon_core.package_identification[0m [1;30mLevel 1[0m _identify(~/auto_car/src) by extension 'ignore_ament_install'
[0.704s] [34mcolcon.colcon_core.package_identification[0m [1;30mLevel 1[0m _identify(~/auto_car/src) by extensions ['colcon_pkg']
[0.704s] [34mcolcon.colcon_core.package_identification[0m [1;30mLevel 1[0m _identify(~/auto_car/src) by extension 'colcon_pkg'
[0.704s] [34mcolcon.colcon_core.package_identification[0m [1;30mLevel 1[0m _identify(~/auto_car/src) by extensions ['colcon_meta']
[0.704s] [34mcolcon.colcon_core.package_identification[0m [1;30mLevel 1[0m _identify(~/auto_car/src) by extension 'colcon_meta'
[0.704s] [34mcolcon.colcon_core.package_identification[0m [1;30mLevel 1[0m _identify(~/auto_car/src) by extensions ['ros']
[0.704s] [34mcolcon.colcon_core.package_identification[0m [1;30mLevel 1[0m _identify(~/auto_car/src) by extension 'ros'
[0.704s] [34mcolcon.colcon_core.package_identification[0m [1;30mLevel 1[0m _identify(~/auto_car/src) by extensions ['cmake', 'python']
[0.704s] [34mcolcon.colcon_core.package_identification[0m [1;30mLevel 1[0m _identify(~/auto_car/src) by extension 'cmake'
[0.704s] [34mcolcon.colcon_core.package_identification[0m [1;30mLevel 1[0m _identify(~/auto_car/src) by extension 'python'
[0.704s] [34mcolcon.colcon_core.package_identification[0m [1;30mLevel 1[0m _identify(~/auto_car/src) by extensions ['python_setup_py']
[0.704s] [34mcolcon.colcon_core.package_identification[0m [1;30mLevel 1[0m _identify(~/auto_car/src) by extension 'python_setup_py'
[0.705s] [34mcolcon.colcon_core.package_identification[0m [1;30mLevel 1[0m _identify(~/auto_car/src/yolobot_algo) by extensions ['ignore', 'ignore_ament_install']
[0.705s] [34mcolcon.colcon_core.package_identification[0m [1;30mLevel 1[0m _identify(~/auto_car/src/yolobot_algo) by extension 'ignore'
[0.705s] [34mcolcon.colcon_core.package_identification[0m [1;30mLevel 1[0m _identify(~/auto_car/src/yolobot_algo) by extension 'ignore_ament_install'
[0.705s] [34mcolcon.colcon_core.package_identification[0m [1;30mLevel 1[0m _identify(~/auto_car/src/yolobot_algo) by extensions ['colcon_pkg']
[0.705s] [34mcolcon.colcon_core.package_identification[0m [1;30mLevel 1[0m _identify(~/auto_car/src/yolobot_algo) by extension 'colcon_pkg'
[0.705s] [34mcolcon.colcon_core.package_identification[0m [1;30mLevel 1[0m _identify(~/auto_car/src/yolobot_algo) by extensions ['colcon_meta']
[0.705s] [34mcolcon.colcon_core.package_identification[0m [1;30mLevel 1[0m _identify(~/auto_car/src/yolobot_algo) by extension 'colcon_meta'
[0.705s] [34mcolcon.colcon_core.package_identification[0m [1;30mLevel 1[0m _identify(~/auto_car/src/yolobot_algo) by extensions ['ros']
[0.705s] [34mcolcon.colcon_core.package_identification[0m [1;30mLevel 1[0m _identify(~/auto_car/src/yolobot_algo) by extension 'ros'
[0.705s] [34mcolcon.colcon_core.package_identification[0m [1;30mLevel 1[0m _identify(~/auto_car/src/yolobot_algo) by extensions ['cmake', 'python']
[0.705s] [34mcolcon.colcon_core.package_identification[0m [1;30mLevel 1[0m _identify(~/auto_car/src/yolobot_algo) by extension 'cmake'
[0.705s] [34mcolcon.colcon_core.package_identification[0m [1;30mLevel 1[0m _identify(~/auto_car/src/yolobot_algo) by extension 'python'
[0.705s] [34mcolcon.colcon_core.package_identification[0m [1;30mLevel 1[0m _identify(~/auto_car/src/yolobot_algo) by extensions ['python_setup_py']
[0.705s] [34mcolcon.colcon_core.package_identification[0m [1;30mLevel 1[0m _identify(~/auto_car/src/yolobot_algo) by extension 'python_setup_py'
[0.705s] [34mcolcon.colcon_core.package_identification[0m [1;30mLevel 1[0m _identify(~/auto_car/src/yolobot_algo/scripts) by extensions ['ignore', 'ignore_ament_install']
[0.705s] [34mcolcon.colcon_core.package_identification[0m [1;30mLevel 1[0m _identify(~/auto_car/src/yolobot_algo/scripts) by extension 'ignore'
[0.705s] [34mcolcon.colcon_core.package_identification[0m [1;30mLevel 1[0m _identify(~/auto_car/src/yolobot_algo/scripts) by extension 'ignore_ament_install'
[0.705s] [34mcolcon.colcon_core.package_identification[0m [1;30mLevel 1[0m _identify(~/auto_car/src/yolobot_algo/scripts) by extensions ['colcon_pkg']
[0.705s] [34mcolcon.colcon_core.package_identification[0m [1;30mLevel 1[0m _identify(~/auto_car/src/yolobot_algo/scripts) by extension 'colcon_pkg'
[0.705s] [34mcolcon.colcon_core.package_identification[0m [1;30mLevel 1[0m _identify(~/auto_car/src/yolobot_algo/scripts) by extensions ['colcon_meta']
[0.705s] [34mcolcon.colcon_core.package_identification[0m [1;30mLevel 1[0m _identify(~/auto_car/src/yolobot_algo/scripts) by extension 'colcon_meta'
[0.705s] [34mcolcon.colcon_core.package_identification[0m [1;30mLevel 1[0m _identify(~/auto_car/src/yolobot_algo/scripts) by extensions ['ros']
[0.705s] [34mcolcon.colcon_core.package_identification[0m [1;30mLevel 1[0m _identify(~/auto_car/src/yolobot_algo/scripts) by extension 'ros'
[0.705s] [34mcolcon.colcon_core.package_identification[0m [1;30mLevel 1[0m _identify(~/auto_car/src/yolobot_algo/scripts) by extensions ['cmake', 'python']
[0.705s] [34mcolcon.colcon_core.package_identification[0m [1;30mLevel 1[0m _identify(~/auto_car/src/yolobot_algo/scripts) by extension 'cmake'
[0.705s] [34mcolcon.colcon_core.package_identification[0m [1;30mLevel 1[0m _identify(~/auto_car/src/yolobot_algo/scripts) by extension 'python'
[0.705s] [34mcolcon.colcon_core.package_identification[0m [1;30mLevel 1[0m _identify(~/auto_car/src/yolobot_algo/scripts) by extensions ['python_setup_py']
[0.705s] [34mcolcon.colcon_core.package_identification[0m [1;30mLevel 1[0m _identify(~/auto_car/src/yolobot_algo/scripts) by extension 'python_setup_py'
[0.705s] [34mcolcon.colcon_core.package_identification[0m [1;30mLevel 1[0m _identify(~/yolobot) by extensions ['ignore', 'ignore_ament_install']
[0.705s] [34mcolcon.colcon_core.package_identification[0m [1;30mLevel 1[0m _identify(~/yolobot) by extension 'ignore'
[0.705s] [34mcolcon.colcon_core.package_identification[0m [1;30mLevel 1[0m _identify(~/yolobot) by extension 'ignore_ament_install'
[0.705s] [34mcolcon.colcon_core.package_identification[0m [1;30mLevel 1[0m _identify(~/yolobot) by extensions ['colcon_pkg']
[0.705s] [34mcolcon.colcon_core.package_identification[0m [1;30mLevel 1[0m _identify(~/yolobot) by extension 'colcon_pkg'
[0.705s] [34mcolcon.colcon_core.package_identification[0m [1;30mLevel 1[0m _identify(~/yolobot) by extensions ['colcon_meta']
[0.705s] [34mcolcon.colcon_core.package_identification[0m [1;30mLevel 1[0m _identify(~/yolobot) by extension 'colcon_meta'
[0.705s] [34mcolcon.colcon_core.package_identification[0m [1;30mLevel 1[0m _identify(~/yolobot) by extensions ['ros']
[0.705s] [34mcolcon.colcon_core.package_identification[0m [1;30mLevel 1[0m _identify(~/yolobot) by extension 'ros'
[0.705s] [34mcolcon.colcon_core.package_identification[0m [1;30mLevel 1[0m _identify(~/yolobot) by extensions ['cmake', 'python']
[0.705s] [34mcolcon.colcon_core.package_identification[0m [1;30mLevel 1[0m _identify(~/yolobot) by extension 'cmake'
[0.706s] [34mcolcon.colcon_core.package_identification[0m [1;30mLevel 1[0m _identify(~/yolobot) by extension 'python'
[0.706s] [34mcolcon.colcon_core.package_identification[0m [1;30mLevel 1[0m _identify(~/yolobot) by extensions ['python_setup_py']
[0.706s] [34mcolcon.colcon_core.package_identification[0m [1;30mLevel 1[0m _identify(~/yolobot) by extension 'python_setup_py'
[0.706s] [34mcolcon.colcon_core.package_identification[0m [1;30mLevel 1[0m _identify(~/yolobot/src) by extensions ['ignore', 'ignore_ament_install']
[0.706s] [34mcolcon.colcon_core.package_identification[0m [1;30mLevel 1[0m _identify(~/yolobot/src) by extension 'ignore'
[0.706s] [34mcolcon.colcon_core.package_identification[0m [1;30mLevel 1[0m _identify(~/yolobot/src) by extension 'ignore_ament_install'
[0.706s] [34mcolcon.colcon_core.package_identification[0m [1;30mLevel 1[0m _identify(~/yolobot/src) by extensions ['colcon_pkg']
[0.706s] [34mcolcon.colcon_core.package_identification[0m [1;30mLevel 1[0m _identify(~/yolobot/src) by extension 'colcon_pkg'
[0.706s] [34mcolcon.colcon_core.package_identification[0m [1;30mLevel 1[0m _identify(~/yolobot/src) by extensions ['colcon_meta']
[0.706s] [34mcolcon.colcon_core.package_identification[0m [1;30mLevel 1[0m _identify(~/yolobot/src) by extension 'colcon_meta'
[0.706s] [34mcolcon.colcon_core.package_identification[0m [1;30mLevel 1[0m _identify(~/yolobot/src) by extensions ['ros']
[0.706s] [34mcolcon.colcon_core.package_identification[0m [1;30mLevel 1[0m _identify(~/yolobot/src) by extension 'ros'
[0.706s] [34mcolcon.colcon_core.package_identification[0m [1;30mLevel 1[0m _identify(~/yolobot/src) by extensions ['cmake', 'python']
[0.706s] [34mcolcon.colcon_core.package_identification[0m [1;30mLevel 1[0m _identify(~/yolobot/src) by extension 'cmake'
[0.706s] [34mcolcon.colcon_core.package_identification[0m [1;30mLevel 1[0m _identify(~/yolobot/src) by extension 'python'
[0.706s] [34mcolcon.colcon_core.package_identification[0m [1;30mLevel 1[0m _identify(~/yolobot/src) by extensions ['python_setup_py']
[0.706s] [34mcolcon.colcon_core.package_identification[0m [1;30mLevel 1[0m _identify(~/yolobot/src) by extension 'python_setup_py'
[0.706s] [34mcolcon.colcon_core.package_identification[0m [1;30mLevel 1[0m _identify(~/yolobot/src/yolobot_recognition) by extensions ['ignore', 'ignore_ament_install']
[0.706s] [34mcolcon.colcon_core.package_identification[0m [1;30mLevel 1[0m _identify(~/yolobot/src/yolobot_recognition) by extension 'ignore'
[0.706s] [34mcolcon.colcon_core.package_identification[0m [1;30mLevel 1[0m _identify(~/yolobot/src/yolobot_recognition) by extension 'ignore_ament_install'
[0.706s] [34mcolcon.colcon_core.package_identification[0m [1;30mLevel 1[0m _identify(~/yolobot/src/yolobot_recognition) by extensions ['colcon_pkg']
[0.706s] [34mcolcon.colcon_core.package_identification[0m [1;30mLevel 1[0m _identify(~/yolobot/src/yolobot_recognition) by extension 'colcon_pkg'
[0.706s] [34mcolcon.colcon_core.package_identification[0m [1;30mLevel 1[0m _identify(~/yolobot/src/yolobot_recognition) by extensions ['colcon_meta']
[0.706s] [34mcolcon.colcon_core.package_identification[0m [1;30mLevel 1[0m _identify(~/yolobot/src/yolobot_recognition) by extension 'colcon_meta'
[0.706s] [34mcolcon.colcon_core.package_identification[0m [1;30mLevel 1[0m _identify(~/yolobot/src/yolobot_recognition) by extensions ['ros']
[0.706s] [34mcolcon.colcon_core.package_identification[0m [1;30mLevel 1[0m _identify(~/yolobot/src/yolobot_recognition) by extension 'ros'
[0.706s] [34mcolcon.colcon_core.package_identification[0m [1;30mLevel 1[0m _identify(~/yolobot/src/yolobot_recognition) by extensions ['cmake', 'python']
[0.706s] [34mcolcon.colcon_core.package_identification[0m [1;30mLevel 1[0m _identify(~/yolobot/src/yolobot_recognition) by extension 'cmake'
[0.706s] [34mcolcon.colcon_core.package_identification[0m [1;30mLevel 1[0m _identify(~/yolobot/src/yolobot_recognition) by extension 'python'
[0.706s] [34mcolcon.colcon_core.package_identification[0m [1;30mLevel 1[0m _identify(~/yolobot/src/yolobot_recognition) by extensions ['python_setup_py']
[0.706s] [34mcolcon.colcon_core.package_identification[0m [1;30mLevel 1[0m _identify(~/yolobot/src/yolobot_recognition) by extension 'python_setup_py'
[0.706s] [34mcolcon.colcon_core.package_identification[0m [1;30mLevel 1[0m _identify(~/yolobot/src/yolobot_recognition/scripts) by extensions ['ignore', 'ignore_ament_install']
[0.706s] [34mcolcon.colcon_core.package_identification[0m [1;30mLevel 1[0m _identify(~/yolobot/src/yolobot_recognition/scripts) by extension 'ignore'
[0.706s] [34mcolcon.colcon_core.package_identification[0m [1;30mLevel 1[0m _identify(~/yolobot/src/yolobot_recognition/scripts) by extension 'ignore_ament_install'
[0.706s] [34mcolcon.colcon_core.package_identification[0m [1;30mLevel 1[0m _identify(~/yolobot/src/yolobot_recognition/scripts) by extensions ['colcon_pkg']
[0.706s] [34mcolcon.colcon_core.package_identification[0m [1;30mLevel 1[0m _identify(~/yolobot/src/yolobot_recognition/scripts) by extension 'colcon_pkg'
[0.706s] [34mcolcon.colcon_core.package_identification[0m [1;30mLevel 1[0m _identify(~/yolobot/src/yolobot_recognition/scripts) by extensions ['colcon_meta']
[0.706s] [34mcolcon.colcon_core.package_identification[0m [1;30mLevel 1[0m _identify(~/yolobot/src/yolobot_recognition/scripts) by extension 'colcon_meta'
[0.706s] [34mcolcon.colcon_core.package_identification[0m [1;30mLevel 1[0m _identify(~/yolobot/src/yolobot_recognition/scripts) by extensions ['ros']
[0.706s] [34mcolcon.colcon_core.package_identification[0m [1;30mLevel 1[0m _identify(~/yolobot/src/yolobot_recognition/scripts) by extension 'ros'
[0.707s] [34mcolcon.colcon_core.package_identification[0m [1;30mLevel 1[0m _identify(~/yolobot/src/yolobot_recognition/scripts) by extensions ['cmake', 'python']
[0.707s] [34mcolcon.colcon_core.package_identification[0m [1;30mLevel 1[0m _identify(~/yolobot/src/yolobot_recognition/scripts) by extension 'cmake'
[0.707s] [34mcolcon.colcon_core.package_identification[0m [1;30mLevel 1[0m _identify(~/yolobot/src/yolobot_recognition/scripts) by extension 'python'
[0.707s] [34mcolcon.colcon_core.package_identification[0m [1;30mLevel 1[0m _identify(~/yolobot/src/yolobot_recognition/scripts) by extensions ['python_setup_py']
[0.707s] [34mcolcon.colcon_core.package_identification[0m [1;30mLevel 1[0m _identify(~/yolobot/src/yolobot_recognition/scripts) by extension 'python_setup_py'
[0.707s] [34mcolcon.colcon_core.package_discovery[0m [1;30mLevel 1[0m discover_packages(recursive) using defaults
[0.707s] [34mcolcon.colcon_core.package_discovery[0m [1;30mLevel 1[0m discover_packages(ignore) discover
[0.707s] [34mcolcon.colcon_core.package_discovery[0m [1;30mLevel 1[0m discover_packages(ignore) using defaults
[0.707s] [34mcolcon.colcon_core.package_discovery[0m [1;30mLevel 1[0m discover_packages(path) discover
[0.707s] [34mcolcon.colcon_core.package_discovery[0m [1;30mLevel 1[0m discover_packages(path) using defaults
[0.752s] [34mcolcon.colcon_core.verb[0m [1;30mLevel 5[0m set package 'my_package' build argument 'cmake_args' from command line to 'None'
[0.752s] [34mcolcon.colcon_core.verb[0m [1;30mLevel 5[0m set package 'my_package' build argument 'cmake_target' from command line to 'None'
[0.752s] [34mcolcon.colcon_core.verb[0m [1;30mLevel 5[0m set package 'my_package' build argument 'cmake_target_skip_unavailable' from command line to 'False'
[0.752s] [34mcolcon.colcon_core.verb[0m [1;30mLevel 5[0m set package 'my_package' build argument 'cmake_clean_cache' from command line to 'False'
[0.752s] [34mcolcon.colcon_core.verb[0m [1;30mLevel 5[0m set package 'my_package' build argument 'cmake_clean_first' from command line to 'False'
[0.752s] [34mcolcon.colcon_core.verb[0m [1;30mLevel 5[0m set package 'my_package' build argument 'cmake_force_configure' from command line to 'False'
[0.752s] [34mcolcon.colcon_core.verb[0m [1;30mLevel 5[0m set package 'my_package' build argument 'ament_cmake_args' from command line to 'None'
[0.752s] [34mcolcon.colcon_core.verb[0m [1;30mLevel 5[0m set package 'my_package' build argument 'catkin_cmake_args' from command line to 'None'
[0.752s] [34mcolcon.colcon_core.verb[0m [1;30mLevel 5[0m set package 'my_package' build argument 'catkin_skip_building_tests' from command line to 'False'
[0.752s] [34mcolcon.colcon_core.verb[0m [1;30mDEBUG[0m [32mBuilding package 'my_package' with the following arguments: {'ament_cmake_args': None, 'build_base': '/Users/howardkang/auto_car/build/my_package', 'catkin_cmake_args': None, 'catkin_skip_building_tests': False, 'cmake_args': None, 'cmake_clean_cache': False, 'cmake_clean_first': False, 'cmake_force_configure': False, 'cmake_target': None, 'cmake_target_skip_unavailable': False, 'install_base': '/Users/howardkang/auto_car/install/my_package', 'merge_install': False, 'path': '/Users/howardkang/auto_car/src/my_package', 'symlink_install': True, 'test_result_base': None}[0m
[0.761s] [34mcolcon.colcon_core.verb[0m [1;30mLevel 5[0m set package 'yolobot_algo' build argument 'cmake_args' from command line to 'None'
[0.761s] [34mcolcon.colcon_core.verb[0m [1;30mLevel 5[0m set package 'yolobot_algo' build argument 'cmake_target' from command line to 'None'
[0.761s] [34mcolcon.colcon_core.verb[0m [1;30mLevel 5[0m set package 'yolobot_algo' build argument 'cmake_target_skip_unavailable' from command line to 'False'
[0.761s] [34mcolcon.colcon_core.verb[0m [1;30mLevel 5[0m set package 'yolobot_algo' build argument 'cmake_clean_cache' from command line to 'False'
[0.761s] [34mcolcon.colcon_core.verb[0m [1;30mLevel 5[0m set package 'yolobot_algo' build argument 'cmake_clean_first' from command line to 'False'
[0.761s] [34mcolcon.colcon_core.verb[0m [1;30mLevel 5[0m set package 'yolobot_algo' build argument 'cmake_force_configure' from command line to 'False'
[0.761s] [34mcolcon.colcon_core.verb[0m [1;30mLevel 5[0m set package 'yolobot_algo' build argument 'ament_cmake_args' from command line to 'None'
[0.761s] [34mcolcon.colcon_core.verb[0m [1;30mLevel 5[0m set package 'yolobot_algo' build argument 'catkin_cmake_args' from command line to 'None'
[0.761s] [34mcolcon.colcon_core.verb[0m [1;30mLevel 5[0m set package 'yolobot_algo' build argument 'catkin_skip_building_tests' from command line to 'False'
[0.761s] [34mcolcon.colcon_core.verb[0m [1;30mDEBUG[0m [32mBuilding package 'yolobot_algo' with the following arguments: {'ament_cmake_args': None, 'build_base': '/Users/howardkang/auto_car/build/yolobot_algo', 'catkin_cmake_args': None, 'catkin_skip_building_tests': False, 'cmake_args': None, 'cmake_clean_cache': False, 'cmake_clean_first': False, 'cmake_force_configure': False, 'cmake_target': None, 'cmake_target_skip_unavailable': False, 'install_base': '/Users/howardkang/auto_car/install/yolobot_algo', 'merge_install': False, 'path': '/Users/howardkang/auto_car/src/yolobot_algo', 'symlink_install': True, 'test_result_base': None}[0m
[0.769s] [34mcolcon.colcon_core.executor[0m [1;30mINFO[0m Executing jobs using 'parallel' executor
[0.777s] [34mcolcon.colcon_parallel_executor.executor.parallel[0m [1;30mDEBUG[0m [32mrun_until_complete[0m
[0.777s] [34mcolcon.colcon_ros.task.ament_cmake.build[0m [1;30mINFO[0m Building ROS package in '/Users/howardkang/auto_car/src/my_package' with build type 'ament_cmake'
[0.777s] [34mcolcon.colcon_cmake.task.cmake.build[0m [1;30mINFO[0m Building CMake package in '/Users/howardkang/auto_car/src/my_package'
[0.787s] [34mcolcon.colcon_core.plugin_system[0m [1;30mINFO[0m Skipping extension 'colcon_core.shell.bat': Not used on non-Windows systems
[0.787s] [34mcolcon.colcon_core.shell[0m [1;30mINFO[0m Skip shell extension 'powershell' for command environment: Not usable outside of PowerShell
[0.787s] [34mcolcon.colcon_core.shell[0m [1;30mDEBUG[0m [32mSkip shell extension 'dsv' for command environment[0m
[0.796s] [34mcolcon.colcon_ros.prefix_path.ament[0m [1;30mWARNING[0m [33mThe path '/Users/howardkang/auto_car/install/rplidar_ros' in the environment variable AMENT_PREFIX_PATH doesn't exist[0m
[0.796s] [34mcolcon.colcon_ros.prefix_path.catkin[0m [1;30mWARNING[0m [33mThe path '/Users/howardkang/auto_car/install/rplidar_ros' in the environment variable CMAKE_PREFIX_PATH doesn't exist[0m
[0.815s] [34mcolcon.colcon_ros.task.ament_cmake.build[0m [1;30mINFO[0m Building ROS package in '/Users/howardkang/auto_car/src/yolobot_algo' with build type 'ament_cmake'
[0.815s] [34mcolcon.colcon_cmake.task.cmake.build[0m [1;30mINFO[0m Building CMake package in '/Users/howardkang/auto_car/src/yolobot_algo'
[0.824s] [34mcolcon.colcon_core.shell[0m [1;30mINFO[0m Skip shell extension 'powershell' for command environment: Not usable outside of PowerShell
[0.824s] [34mcolcon.colcon_core.shell[0m [1;30mDEBUG[0m [32mSkip shell extension 'dsv' for command environment[0m
[0.855s] [34mcolcon.colcon_core.event_handler.log_command[0m [1;30mDEBUG[0m [32mInvoking command in '/Users/howardkang/auto_car/build/my_package': CONDA_PROMPT_MODIFIER=(ros2) SHLVL=2 _=/Users/howardkang/miniconda3/envs/ros2/bin/env __CF_USER_TEXT_ENCODING=0x1F5:0x0:0x0 /Users/howardkang/miniconda3/envs/ros2/bin/cmake --build /Users/howardkang/auto_car/build/my_package -- -j8 -l8[0m
[0.859s] [34mcolcon.colcon_core.event_handler.log_command[0m [1;30mDEBUG[0m [32mInvoking command in '/Users/howardkang/auto_car/build/yolobot_algo': CONDA_PROMPT_MODIFIER=(ros2) SHLVL=2 _=/Users/howardkang/miniconda3/envs/ros2/bin/env __CF_USER_TEXT_ENCODING=0x1F5:0x0:0x0 /Users/howardkang/miniconda3/envs/ros2/bin/cmake --build /Users/howardkang/auto_car/build/yolobot_algo -- -j8 -l8[0m
[1.792s] [34mcolcon.colcon_core.event_handler.log_command[0m [1;30mDEBUG[0m [32mInvoked command in '/Users/howardkang/auto_car/build/yolobot_algo' returned '0': CONDA_PROMPT_MODIFIER=(ros2) SHLVL=2 _=/Users/howardkang/miniconda3/envs/ros2/bin/env __CF_USER_TEXT_ENCODING=0x1F5:0x0:0x0 /Users/howardkang/miniconda3/envs/ros2/bin/cmake --build /Users/howardkang/auto_car/build/yolobot_algo -- -j8 -l8[0m
[1.813s] [34mcolcon.colcon_core.event_handler.log_command[0m [1;30mDEBUG[0m [32mInvoked command in '/Users/howardkang/auto_car/build/my_package' returned '0': CONDA_PROMPT_MODIFIER=(ros2) SHLVL=2 _=/Users/howardkang/miniconda3/envs/ros2/bin/env __CF_USER_TEXT_ENCODING=0x1F5:0x0:0x0 /Users/howardkang/miniconda3/envs/ros2/bin/cmake --build /Users/howardkang/auto_car/build/my_package -- -j8 -l8[0m
[2.036s] [34mcolcon.colcon_core.event_handler.log_command[0m [1;30mDEBUG[0m [32mInvoking command in '/Users/howardkang/auto_car/build/yolobot_algo': CONDA_PROMPT_MODIFIER=(ros2) SHLVL=2 _=/Users/howardkang/miniconda3/envs/ros2/bin/env __CF_USER_TEXT_ENCODING=0x1F5:0x0:0x0 /Users/howardkang/miniconda3/envs/ros2/bin/cmake --install /Users/howardkang/auto_car/build/yolobot_algo[0m
[2.065s] [34mcolcon.colcon_core.event_handler.log_command[0m [1;30mDEBUG[0m [32mInvoking command in '/Users/howardkang/auto_car/build/my_package': CONDA_PROMPT_MODIFIER=(ros2) SHLVL=2 _=/Users/howardkang/miniconda3/envs/ros2/bin/env __CF_USER_TEXT_ENCODING=0x1F5:0x0:0x0 /Users/howardkang/miniconda3/envs/ros2/bin/cmake --install /Users/howardkang/auto_car/build/my_package[0m
[2.153s] [34mcolcon.colcon_core.environment[0m [1;30mLevel 1[0m create_environment_scripts_only(yolobot_algo)
[2.153s] [34mcolcon.colcon_core.event_handler.log_command[0m [1;30mDEBUG[0m [32mInvoked command in '/Users/howardkang/auto_car/build/yolobot_algo' returned '0': CONDA_PROMPT_MODIFIER=(ros2) SHLVL=2 _=/Users/howardkang/miniconda3/envs/ros2/bin/env __CF_USER_TEXT_ENCODING=0x1F5:0x0:0x0 /Users/howardkang/miniconda3/envs/ros2/bin/cmake --install /Users/howardkang/auto_car/build/yolobot_algo[0m
[2.166s] [34mcolcon.colcon_core.environment[0m [1;30mLevel 1[0m checking '/Users/howardkang/auto_car/install/yolobot_algo' for CMake module files
[2.167s] [34mcolcon.colcon_core.environment[0m [1;30mLevel 1[0m checking '/Users/howardkang/auto_car/install/yolobot_algo' for CMake config files
[2.168s] [34mcolcon.colcon_core.shell[0m [1;30mLevel 1[0m create_environment_hook('yolobot_algo', 'cmake_prefix_path')
[2.177s] [34mcolcon.colcon_core.shell[0m [1;30mINFO[0m Creating environment hook '/Users/howardkang/auto_car/install/yolobot_algo/share/yolobot_algo/hook/cmake_prefix_path.ps1'
[2.178s] [34mcolcon.colcon_core.shell[0m [1;30mINFO[0m Creating environment descriptor '/Users/howardkang/auto_car/install/yolobot_algo/share/yolobot_algo/hook/cmake_prefix_path.dsv'
[2.178s] [34mcolcon.colcon_core.shell[0m [1;30mINFO[0m Creating environment hook '/Users/howardkang/auto_car/install/yolobot_algo/share/yolobot_algo/hook/cmake_prefix_path.sh'
[2.179s] [34mcolcon.colcon_core.environment[0m [1;30mLevel 1[0m checking '/Users/howardkang/auto_car/install/yolobot_algo/lib'
[2.179s] [34mcolcon.colcon_core.shell[0m [1;30mLevel 1[0m create_environment_hook('yolobot_algo', 'dyld_library_path')
[2.188s] [34mcolcon.colcon_core.shell[0m [1;30mINFO[0m Creating environment hook '/Users/howardkang/auto_car/install/yolobot_algo/share/yolobot_algo/hook/dyld_library_path.ps1'
[2.189s] [34mcolcon.colcon_core.shell[0m [1;30mINFO[0m Creating environment descriptor '/Users/howardkang/auto_car/install/yolobot_algo/share/yolobot_algo/hook/dyld_library_path.dsv'
[2.189s] [34mcolcon.colcon_core.shell[0m [1;30mINFO[0m Creating environment hook '/Users/howardkang/auto_car/install/yolobot_algo/share/yolobot_algo/hook/dyld_library_path.sh'
[2.189s] [34mcolcon.colcon_core.environment[0m [1;30mLevel 1[0m checking '/Users/howardkang/auto_car/install/yolobot_algo/bin'
[2.189s] [34mcolcon.colcon_core.environment[0m [1;30mLevel 1[0m checking '/Users/howardkang/auto_car/install/yolobot_algo/lib/pkgconfig/yolobot_algo.pc'
[2.189s] [34mcolcon.colcon_core.environment[0m [1;30mLevel 1[0m checking '/Users/howardkang/auto_car/install/yolobot_algo/lib/python3.10/site-packages'
[2.189s] [34mcolcon.colcon_core.shell[0m [1;30mLevel 1[0m create_environment_hook('yolobot_algo', 'pythonpath')
[2.197s] [34mcolcon.colcon_core.shell[0m [1;30mINFO[0m Creating environment hook '/Users/howardkang/auto_car/install/yolobot_algo/share/yolobot_algo/hook/pythonpath.ps1'
[2.198s] [34mcolcon.colcon_core.shell[0m [1;30mINFO[0m Creating environment descriptor '/Users/howardkang/auto_car/install/yolobot_algo/share/yolobot_algo/hook/pythonpath.dsv'
[2.198s] [34mcolcon.colcon_core.shell[0m [1;30mINFO[0m Creating environment hook '/Users/howardkang/auto_car/install/yolobot_algo/share/yolobot_algo/hook/pythonpath.sh'
[2.198s] [34mcolcon.colcon_core.environment[0m [1;30mLevel 1[0m checking '/Users/howardkang/auto_car/install/yolobot_algo/bin'
[2.206s] [34mcolcon.colcon_core.shell[0m [1;30mINFO[0m Creating package script '/Users/howardkang/auto_car/install/yolobot_algo/share/yolobot_algo/package.ps1'
[2.207s] [34mcolcon.colcon_core.shell[0m [1;30mINFO[0m Creating package descriptor '/Users/howardkang/auto_car/install/yolobot_algo/share/yolobot_algo/package.dsv'
[2.207s] [34mcolcon.colcon_core.shell[0m [1;30mINFO[0m Creating package script '/Users/howardkang/auto_car/install/yolobot_algo/share/yolobot_algo/package.sh'
[2.208s] [34mcolcon.colcon_core.shell[0m [1;30mINFO[0m Creating package script '/Users/howardkang/auto_car/install/yolobot_algo/share/yolobot_algo/package.bash'
[2.209s] [34mcolcon.colcon_core.shell[0m [1;30mINFO[0m Creating package script '/Users/howardkang/auto_car/install/yolobot_algo/share/yolobot_algo/package.zsh'
[2.209s] [34mcolcon.colcon_core.environment[0m [1;30mLevel 1[0m create_file_with_runtime_dependencies(/Users/howardkang/auto_car/install/yolobot_algo/share/colcon-core/packages/yolobot_algo)
[2.212s] [34mcolcon.colcon_core.environment[0m [1;30mLevel 1[0m create_environment_scripts_only(my_package)
[2.215s] [34mcolcon.colcon_core.event_handler.log_command[0m [1;30mDEBUG[0m [32mInvoked command in '/Users/howardkang/auto_car/build/my_package' returned '0': CONDA_PROMPT_MODIFIER=(ros2) SHLVL=2 _=/Users/howardkang/miniconda3/envs/ros2/bin/env __CF_USER_TEXT_ENCODING=0x1F5:0x0:0x0 /Users/howardkang/miniconda3/envs/ros2/bin/cmake --install /Users/howardkang/auto_car/build/my_package[0m
[2.222s] [34mcolcon.colcon_core.environment[0m [1;30mLevel 1[0m checking '/Users/howardkang/auto_car/install/my_package' for CMake module files
[2.223s] [34mcolcon.colcon_core.environment[0m [1;30mLevel 1[0m checking '/Users/howardkang/auto_car/install/my_package' for CMake config files
[2.225s] [34mcolcon.colcon_core.shell[0m [1;30mLevel 1[0m create_environment_hook('my_package', 'cmake_prefix_path')
[2.235s] [34mcolcon.colcon_core.shell[0m [1;30mINFO[0m Creating environment hook '/Users/howardkang/auto_car/install/my_package/share/my_package/hook/cmake_prefix_path.ps1'
[2.235s] [34mcolcon.colcon_core.shell[0m [1;30mINFO[0m Creating environment descriptor '/Users/howardkang/auto_car/install/my_package/share/my_package/hook/cmake_prefix_path.dsv'
[2.236s] [34mcolcon.colcon_core.shell[0m [1;30mINFO[0m Creating environment hook '/Users/howardkang/auto_car/install/my_package/share/my_package/hook/cmake_prefix_path.sh'
[2.236s] [34mcolcon.colcon_core.environment[0m [1;30mLevel 1[0m checking '/Users/howardkang/auto_car/install/my_package/lib'
[2.236s] [34mcolcon.colcon_core.shell[0m [1;30mLevel 1[0m create_environment_hook('my_package', 'dyld_library_path')
[2.245s] [34mcolcon.colcon_core.shell[0m [1;30mINFO[0m Creating environment hook '/Users/howardkang/auto_car/install/my_package/share/my_package/hook/dyld_library_path.ps1'
[2.245s] [34mcolcon.colcon_core.shell[0m [1;30mINFO[0m Creating environment descriptor '/Users/howardkang/auto_car/install/my_package/share/my_package/hook/dyld_library_path.dsv'
[2.245s] [34mcolcon.colcon_core.shell[0m [1;30mINFO[0m Creating environment hook '/Users/howardkang/auto_car/install/my_package/share/my_package/hook/dyld_library_path.sh'
[2.245s] [34mcolcon.colcon_core.environment[0m [1;30mLevel 1[0m checking '/Users/howardkang/auto_car/install/my_package/bin'
[2.245s] [34mcolcon.colcon_core.environment[0m [1;30mLevel 1[0m checking '/Users/howardkang/auto_car/install/my_package/lib/pkgconfig/my_package.pc'
[2.246s] [34mcolcon.colcon_core.environment[0m [1;30mLevel 1[0m checking '/Users/howardkang/auto_car/install/my_package/lib/python3.10/site-packages'
[2.246s] [34mcolcon.colcon_core.shell[0m [1;30mLevel 1[0m create_environment_hook('my_package', 'pythonpath')
[2.254s] [34mcolcon.colcon_core.shell[0m [1;30mINFO[0m Creating environment hook '/Users/howardkang/auto_car/install/my_package/share/my_package/hook/pythonpath.ps1'
[2.255s] [34mcolcon.colcon_core.shell[0m [1;30mINFO[0m Creating environment descriptor '/Users/howardkang/auto_car/install/my_package/share/my_package/hook/pythonpath.dsv'
[2.255s] [34mcolcon.colcon_core.shell[0m [1;30mINFO[0m Creating environment hook '/Users/howardkang/auto_car/install/my_package/share/my_package/hook/pythonpath.sh'
[2.255s] [34mcolcon.colcon_core.environment[0m [1;30mLevel 1[0m checking '/Users/howardkang/auto_car/install/my_package/bin'
[2.264s] [34mcolcon.colcon_core.shell[0m [1;30mINFO[0m Creating package script '/Users/howardkang/auto_car/install/my_package/share/my_package/package.ps1'
[2.264s] [34mcolcon.colcon_core.shell[0m [1;30mINFO[0m Creating package descriptor '/Users/howardkang/auto_car/install/my_package/share/my_package/package.dsv'
[2.264s] [34mcolcon.colcon_core.shell[0m [1;30mINFO[0m Creating package script '/Users/howardkang/auto_car/install/my_package/share/my_package/package.sh'
[2.265s] [34mcolcon.colcon_core.shell[0m [1;30mINFO[0m Creating package script '/Users/howardkang/auto_car/install/my_package/share/my_package/package.bash'
[2.265s] [34mcolcon.colcon_core.shell[0m [1;30mINFO[0m Creating package script '/Users/howardkang/auto_car/install/my_package/share/my_package/package.zsh'
[2.265s] [34mcolcon.colcon_core.environment[0m [1;30mLevel 1[0m create_file_with_runtime_dependencies(/Users/howardkang/auto_car/install/my_package/share/colcon-core/packages/my_package)
[2.393s] [34mcolcon.colcon_core.environment[0m [1;30mLevel 1[0m create_environment_scripts_only(yolobot_algo)
[2.402s] [34mcolcon.colcon_core.environment[0m [1;30mLevel 1[0m checking '/Users/howardkang/auto_car/install/yolobot_algo' for CMake module files
[2.402s] [34mcolcon.colcon_core.environment[0m [1;30mLevel 1[0m checking '/Users/howardkang/auto_car/install/yolobot_algo' for CMake config files
[2.403s] [34mcolcon.colcon_core.shell[0m [1;30mLevel 1[0m create_environment_hook('yolobot_algo', 'cmake_prefix_path')
[2.412s] [34mcolcon.colcon_core.shell[0m [1;30mINFO[0m Creating environment hook '/Users/howardkang/auto_car/install/yolobot_algo/share/yolobot_algo/hook/cmake_prefix_path.ps1'
[2.413s] [34mcolcon.colcon_core.shell[0m [1;30mINFO[0m Creating environment descriptor '/Users/howardkang/auto_car/install/yolobot_algo/share/yolobot_algo/hook/cmake_prefix_path.dsv'
[2.413s] [34mcolcon.colcon_core.shell[0m [1;30mINFO[0m Creating environment hook '/Users/howardkang/auto_car/install/yolobot_algo/share/yolobot_algo/hook/cmake_prefix_path.sh'
[2.414s] [34mcolcon.colcon_core.environment[0m [1;30mLevel 1[0m checking '/Users/howardkang/auto_car/install/yolobot_algo/lib'
[2.414s] [34mcolcon.colcon_core.shell[0m [1;30mLevel 1[0m create_environment_hook('yolobot_algo', 'dyld_library_path')
[2.422s] [34mcolcon.colcon_core.shell[0m [1;30mINFO[0m Creating environment hook '/Users/howardkang/auto_car/install/yolobot_algo/share/yolobot_algo/hook/dyld_library_path.ps1'
[2.423s] [34mcolcon.colcon_core.shell[0m [1;30mINFO[0m Creating environment descriptor '/Users/howardkang/auto_car/install/yolobot_algo/share/yolobot_algo/hook/dyld_library_path.dsv'
[2.423s] [34mcolcon.colcon_core.shell[0m [1;30mINFO[0m Creating environment hook '/Users/howardkang/auto_car/install/yolobot_algo/share/yolobot_algo/hook/dyld_library_path.sh'
[2.423s] [34mcolcon.colcon_core.environment[0m [1;30mLevel 1[0m checking '/Users/howardkang/auto_car/install/yolobot_algo/bin'
[2.423s] [34mcolcon.colcon_core.environment[0m [1;30mLevel 1[0m checking '/Users/howardkang/auto_car/install/yolobot_algo/lib/pkgconfig/yolobot_algo.pc'
[2.424s] [34mcolcon.colcon_core.environment[0m [1;30mLevel 1[0m checking '/Users/howardkang/auto_car/install/yolobot_algo/lib/python3.10/site-packages'
[2.424s] [34mcolcon.colcon_core.shell[0m [1;30mLevel 1[0m create_environment_hook('yolobot_algo', 'pythonpath')
[2.433s] [34mcolcon.colcon_core.shell[0m [1;30mINFO[0m Creating environment hook '/Users/howardkang/auto_car/install/yolobot_algo/share/yolobot_algo/hook/pythonpath.ps1'
[2.433s] [34mcolcon.colcon_core.shell[0m [1;30mINFO[0m Creating environment descriptor '/Users/howardkang/auto_car/install/yolobot_algo/share/yolobot_algo/hook/pythonpath.dsv'
[2.433s] [34mcolcon.colcon_core.shell[0m [1;30mINFO[0m Creating environment hook '/Users/howardkang/auto_car/install/yolobot_algo/share/yolobot_algo/hook/pythonpath.sh'
[2.434s] [34mcolcon.colcon_core.environment[0m [1;30mLevel 1[0m checking '/Users/howardkang/auto_car/install/yolobot_algo/bin'
[2.443s] [34mcolcon.colcon_core.shell[0m [1;30mINFO[0m Creating package script '/Users/howardkang/auto_car/install/yolobot_algo/share/yolobot_algo/package.ps1'
[2.443s] [34mcolcon.colcon_core.shell[0m [1;30mINFO[0m Creating package descriptor '/Users/howardkang/auto_car/install/yolobot_algo/share/yolobot_algo/package.dsv'
[2.444s] [34mcolcon.colcon_core.shell[0m [1;30mINFO[0m Creating package script '/Users/howardkang/auto_car/install/yolobot_algo/share/yolobot_algo/package.sh'
[2.444s] [34mcolcon.colcon_core.shell[0m [1;30mINFO[0m Creating package script '/Users/howardkang/auto_car/install/yolobot_algo/share/yolobot_algo/package.bash'
[2.444s] [34mcolcon.colcon_core.shell[0m [1;30mINFO[0m Creating package script '/Users/howardkang/auto_car/install/yolobot_algo/share/yolobot_algo/package.zsh'
[2.444s] [34mcolcon.colcon_core.environment[0m [1;30mLevel 1[0m create_file_with_runtime_dependencies(/Users/howardkang/auto_car/install/yolobot_algo/share/colcon-core/packages/yolobot_algo)
[2.453s] [34mcolcon.colcon_core.environment[0m [1;30mLevel 1[0m create_environment_scripts_only(my_package)
[2.461s] [34mcolcon.colcon_core.environment[0m [1;30mLevel 1[0m checking '/Users/howardkang/auto_car/install/my_package' for CMake module files
[2.462s] [34mcolcon.colcon_core.environment[0m [1;30mLevel 1[0m checking '/Users/howardkang/auto_car/install/my_package' for CMake config files
[2.463s] [34mcolcon.colcon_core.shell[0m [1;30mLevel 1[0m create_environment_hook('my_package', 'cmake_prefix_path')
[2.471s] [34mcolcon.colcon_core.shell[0m [1;30mINFO[0m Creating environment hook '/Users/howardkang/auto_car/install/my_package/share/my_package/hook/cmake_prefix_path.ps1'
[2.471s] [34mcolcon.colcon_core.shell[0m [1;30mINFO[0m Creating environment descriptor '/Users/howardkang/auto_car/install/my_package/share/my_package/hook/cmake_prefix_path.dsv'
[2.471s] [34mcolcon.colcon_core.shell[0m [1;30mINFO[0m Creating environment hook '/Users/howardkang/auto_car/install/my_package/share/my_package/hook/cmake_prefix_path.sh'
[2.472s] [34mcolcon.colcon_core.environment[0m [1;30mLevel 1[0m checking '/Users/howardkang/auto_car/install/my_package/lib'
[2.472s] [34mcolcon.colcon_core.shell[0m [1;30mLevel 1[0m create_environment_hook('my_package', 'dyld_library_path')
[2.479s] [34mcolcon.colcon_core.shell[0m [1;30mINFO[0m Creating environment hook '/Users/howardkang/auto_car/install/my_package/share/my_package/hook/dyld_library_path.ps1'
[2.480s] [34mcolcon.colcon_core.shell[0m [1;30mINFO[0m Creating environment descriptor '/Users/howardkang/auto_car/install/my_package/share/my_package/hook/dyld_library_path.dsv'
[2.480s] [34mcolcon.colcon_core.shell[0m [1;30mINFO[0m Creating environment hook '/Users/howardkang/auto_car/install/my_package/share/my_package/hook/dyld_library_path.sh'
[2.480s] [34mcolcon.colcon_core.environment[0m [1;30mLevel 1[0m checking '/Users/howardkang/auto_car/install/my_package/bin'
[2.480s] [34mcolcon.colcon_core.environment[0m [1;30mLevel 1[0m checking '/Users/howardkang/auto_car/install/my_package/lib/pkgconfig/my_package.pc'
[2.480s] [34mcolcon.colcon_core.environment[0m [1;30mLevel 1[0m checking '/Users/howardkang/auto_car/install/my_package/lib/python3.10/site-packages'
[2.480s] [34mcolcon.colcon_core.shell[0m [1;30mLevel 1[0m create_environment_hook('my_package', 'pythonpath')
[2.489s] [34mcolcon.colcon_core.shell[0m [1;30mINFO[0m Creating environment hook '/Users/howardkang/auto_car/install/my_package/share/my_package/hook/pythonpath.ps1'
[2.489s] [34mcolcon.colcon_core.shell[0m [1;30mINFO[0m Creating environment descriptor '/Users/howardkang/auto_car/install/my_package/share/my_package/hook/pythonpath.dsv'
[2.489s] [34mcolcon.colcon_core.shell[0m [1;30mINFO[0m Creating environment hook '/Users/howardkang/auto_car/install/my_package/share/my_package/hook/pythonpath.sh'
[2.489s] [34mcolcon.colcon_core.environment[0m [1;30mLevel 1[0m checking '/Users/howardkang/auto_car/install/my_package/bin'
[2.498s] [34mcolcon.colcon_core.shell[0m [1;30mINFO[0m Creating package script '/Users/howardkang/auto_car/install/my_package/share/my_package/package.ps1'
[2.498s] [34mcolcon.colcon_core.shell[0m [1;30mINFO[0m Creating package descriptor '/Users/howardkang/auto_car/install/my_package/share/my_package/package.dsv'
[2.498s] [34mcolcon.colcon_core.shell[0m [1;30mINFO[0m Creating package script '/Users/howardkang/auto_car/install/my_package/share/my_package/package.sh'
[2.499s] [34mcolcon.colcon_core.shell[0m [1;30mINFO[0m Creating package script '/Users/howardkang/auto_car/install/my_package/share/my_package/package.bash'
[2.499s] [34mcolcon.colcon_core.shell[0m [1;30mINFO[0m Creating package script '/Users/howardkang/auto_car/install/my_package/share/my_package/package.zsh'
[2.499s] [34mcolcon.colcon_core.environment[0m [1;30mLevel 1[0m create_file_with_runtime_dependencies(/Users/howardkang/auto_car/install/my_package/share/colcon-core/packages/my_package)
[2.499s] [34mcolcon.colcon_parallel_executor.executor.parallel[0m [1;30mDEBUG[0m [32mclosing loop[0m
[2.499s] [34mcolcon.colcon_parallel_executor.executor.parallel[0m [1;30mDEBUG[0m [32mloop closed[0m
[2.499s] [34mcolcon.colcon_parallel_executor.executor.parallel[0m [1;30mDEBUG[0m [32mrun_until_complete finished with '0'[0m
[2.499s] [34mcolcon.colcon_core.event_reactor[0m [1;30mDEBUG[0m [32mjoining thread[0m
[2.500s] [34mcolcon.colcon_core.event_reactor[0m [1;30mDEBUG[0m [32mjoined thread[0m
[2.508s] [34mcolcon.colcon_core.shell[0m [1;30mINFO[0m Creating prefix script '/Users/howardkang/auto_car/install/local_setup.ps1'
[2.509s] [34mcolcon.colcon_core.shell[0m [1;30mINFO[0m Creating prefix util module '/Users/howardkang/auto_car/install/_local_setup_util_ps1.py'
[2.510s] [34mcolcon.colcon_core.shell[0m [1;30mINFO[0m Creating prefix chain script '/Users/howardkang/auto_car/install/setup.ps1'
[2.518s] [34mcolcon.colcon_core.shell[0m [1;30mINFO[0m Creating prefix script '/Users/howardkang/auto_car/install/local_setup.sh'
[2.519s] [34mcolcon.colcon_core.shell[0m [1;30mINFO[0m Creating prefix util module '/Users/howardkang/auto_car/install/_local_setup_util_sh.py'
[2.519s] [34mcolcon.colcon_core.shell[0m [1;30mINFO[0m Creating prefix chain script '/Users/howardkang/auto_car/install/setup.sh'
[2.528s] [34mcolcon.colcon_core.shell[0m [1;30mINFO[0m Creating prefix script '/Users/howardkang/auto_car/install/local_setup.bash'
[2.528s] [34mcolcon.colcon_core.shell[0m [1;30mINFO[0m Creating prefix chain script '/Users/howardkang/auto_car/install/setup.bash'
[2.537s] [34mcolcon.colcon_core.shell[0m [1;30mINFO[0m Creating prefix script '/Users/howardkang/auto_car/install/local_setup.zsh'
[2.537s] [34mcolcon.colcon_core.shell[0m [1;30mINFO[0m Creating prefix chain script '/Users/howardkang/auto_car/install/setup.zsh'
