[0.642s] [34mcolcon[0m [1;30mDEBUG[0m [32mCommand line arguments: ['/Users/howardkang/miniconda3/envs/ros2/bin/colcon', 'build', '--symlink-install'][0m
[0.642s] [34mcolcon[0m [1;30mDEBUG[0m [32mParsed command line arguments: Namespace(log_base=None, log_level=None, verb_name='build', build_base='build', install_base='install', merge_install=False, symlink_install=True, test_result_base=None, continue_on_error=False, executor='parallel', parallel_workers=8, event_handlers=None, ignore_user_meta=False, metas=['./colcon.meta'], base_paths=['.'], packages_ignore=None, packages_ignore_regex=None, paths=None, packages_up_to=None, packages_up_to_regex=None, packages_above=None, packages_above_and_dependencies=None, packages_above_depth=None, packages_select_by_dep=None, packages_skip_by_dep=None, packages_skip_up_to=None, packages_select_build_failed=False, packages_skip_build_finished=False, packages_select_test_failures=False, packages_skip_test_passed=False, packages_select=None, packages_skip=None, packages_select_regex=None, packages_skip_regex=None, packages_start=None, packages_end=None, cmake_args=None, cmake_target=None, cmake_target_skip_unavailable=False, cmake_clean_cache=False, cmake_clean_first=False, cmake_force_configure=False, ament_cmake_args=None, catkin_cmake_args=None, catkin_skip_building_tests=False, verb_parser=<colcon_defaults.argument_parser.defaults.DefaultArgumentsDecorator object at 0x1048bd990>, verb_extension=<colcon_core.verb.build.BuildVerb object at 0x1048bd870>, main=<bound method BuildVerb.main of <colcon_core.verb.build.BuildVerb object at 0x1048bd870>>)[0m
[0.697s] [34mcolcon.colcon_core.package_discovery[0m [1;30mLevel 1[0m discover_packages(colcon_meta) check parameters
[0.697s] [34mcolcon.colcon_core.package_discovery[0m [1;30mLevel 1[0m discover_packages(recursive) check parameters
[0.698s] [34mcolcon.colcon_core.package_discovery[0m [1;30mLevel 1[0m discover_packages(ignore) check parameters
[0.698s] [34mcolcon.colcon_core.package_discovery[0m [1;30mLevel 1[0m discover_packages(path) check parameters
[0.698s] [34mcolcon.colcon_core.package_discovery[0m [1;30mLevel 1[0m discover_packages(colcon_meta) discover
[0.698s] [34mcolcon.colcon_core.package_discovery[0m [1;30mLevel 1[0m discover_packages(recursive) discover
[0.698s] [34mcolcon.colcon_core.package_discovery[0m [1;30mINFO[0m Crawling recursively for packages in '/Users/howardkang/auto_car'
[0.698s] [34mcolcon.colcon_core.package_identification[0m [1;30mLevel 1[0m _identify(.) by extensions ['ignore', 'ignore_ament_install']
[0.698s] [34mcolcon.colcon_core.package_identification[0m [1;30mLevel 1[0m _identify(.) by extension 'ignore'
[0.698s] [34mcolcon.colcon_core.package_identification[0m [1;30mLevel 1[0m _identify(.) by extension 'ignore_ament_install'
[0.698s] [34mcolcon.colcon_core.package_identification[0m [1;30mLevel 1[0m _identify(.) by extensions ['colcon_pkg']
[0.698s] [34mcolcon.colcon_core.package_identification[0m [1;30mLevel 1[0m _identify(.) by extension 'colcon_pkg'
[0.698s] [34mcolcon.colcon_core.package_identification[0m [1;30mLevel 1[0m _identify(.) by extensions ['colcon_meta']
[0.698s] [34mcolcon.colcon_core.package_identification[0m [1;30mLevel 1[0m _identify(.) by extension 'colcon_meta'
[0.698s] [34mcolcon.colcon_core.package_identification[0m [1;30mLevel 1[0m _identify(.) by extensions ['ros']
[0.698s] [34mcolcon.colcon_core.package_identification[0m [1;30mLevel 1[0m _identify(.) by extension 'ros'
[0.714s] [34mcolcon.colcon_core.package_identification[0m [1;30mLevel 1[0m _identify(.) by extensions ['cmake', 'python']
[0.715s] [34mcolcon.colcon_core.package_identification[0m [1;30mLevel 1[0m _identify(.) by extension 'cmake'
[0.715s] [34mcolcon.colcon_core.package_identification[0m [1;30mLevel 1[0m _identify(.) by extension 'python'
[0.715s] [34mcolcon.colcon_core.package_identification[0m [1;30mLevel 1[0m _identify(.) by extensions ['python_setup_py']
[0.715s] [34mcolcon.colcon_core.package_identification[0m [1;30mLevel 1[0m _identify(.) by extension 'python_setup_py'
[0.715s] [34mcolcon.colcon_core.package_identification[0m [1;30mLevel 1[0m _identify(build) by extensions ['ignore', 'ignore_ament_install']
[0.715s] [34mcolcon.colcon_core.package_identification[0m [1;30mLevel 1[0m _identify(build) by extension 'ignore'
[0.715s] [34mcolcon.colcon_core.package_identification[0m [1;30mLevel 1[0m _identify(build) ignored
[0.715s] [34mcolcon.colcon_core.package_identification[0m [1;30mLevel 1[0m _identify(install) by extensions ['ignore', 'ignore_ament_install']
[0.715s] [34mcolcon.colcon_core.package_identification[0m [1;30mLevel 1[0m _identify(install) by extension 'ignore'
[0.715s] [34mcolcon.colcon_core.package_identification[0m [1;30mLevel 1[0m _identify(install) ignored
[0.715s] [34mcolcon.colcon_core.package_identification[0m [1;30mLevel 1[0m _identify(log) by extensions ['ignore', 'ignore_ament_install']
[0.715s] [34mcolcon.colcon_core.package_identification[0m [1;30mLevel 1[0m _identify(log) by extension 'ignore'
[0.715s] [34mcolcon.colcon_core.package_identification[0m [1;30mLevel 1[0m _identify(log) ignored
[0.715s] [34mcolcon.colcon_core.package_identification[0m [1;30mLevel 1[0m _identify(src) by extensions ['ignore', 'ignore_ament_install']
[0.715s] [34mcolcon.colcon_core.package_identification[0m [1;30mLevel 1[0m _identify(src) by extension 'ignore'
[0.715s] [34mcolcon.colcon_core.package_identification[0m [1;30mLevel 1[0m _identify(src) by extension 'ignore_ament_install'
[0.715s] [34mcolcon.colcon_core.package_identification[0m [1;30mLevel 1[0m _identify(src) by extensions ['colcon_pkg']
[0.715s] [34mcolcon.colcon_core.package_identification[0m [1;30mLevel 1[0m _identify(src) by extension 'colcon_pkg'
[0.715s] [34mcolcon.colcon_core.package_identification[0m [1;30mLevel 1[0m _identify(src) by extensions ['colcon_meta']
[0.715s] [34mcolcon.colcon_core.package_identification[0m [1;30mLevel 1[0m _identify(src) by extension 'colcon_meta'
[0.715s] [34mcolcon.colcon_core.package_identification[0m [1;30mLevel 1[0m _identify(src) by extensions ['ros']
[0.715s] [34mcolcon.colcon_core.package_identification[0m [1;30mLevel 1[0m _identify(src) by extension 'ros'
[0.715s] [34mcolcon.colcon_core.package_identification[0m [1;30mLevel 1[0m _identify(src) by extensions ['cmake', 'python']
[0.715s] [34mcolcon.colcon_core.package_identification[0m [1;30mLevel 1[0m _identify(src) by extension 'cmake'
[0.715s] [34mcolcon.colcon_core.package_identification[0m [1;30mLevel 1[0m _identify(src) by extension 'python'
[0.716s] [34mcolcon.colcon_core.package_identification[0m [1;30mLevel 1[0m _identify(src) by extensions ['python_setup_py']
[0.716s] [34mcolcon.colcon_core.package_identification[0m [1;30mLevel 1[0m _identify(src) by extension 'python_setup_py'
[0.716s] [34mcolcon.colcon_core.package_identification[0m [1;30mLevel 1[0m _identify(src/articubot_one) by extensions ['ignore', 'ignore_ament_install']
[0.716s] [34mcolcon.colcon_core.package_identification[0m [1;30mLevel 1[0m _identify(src/articubot_one) by extension 'ignore'
[0.716s] [34mcolcon.colcon_core.package_identification[0m [1;30mLevel 1[0m _identify(src/articubot_one) by extension 'ignore_ament_install'
[0.716s] [34mcolcon.colcon_core.package_identification[0m [1;30mLevel 1[0m _identify(src/articubot_one) by extensions ['colcon_pkg']
[0.716s] [34mcolcon.colcon_core.package_identification[0m [1;30mLevel 1[0m _identify(src/articubot_one) by extension 'colcon_pkg'
[0.716s] [34mcolcon.colcon_core.package_identification[0m [1;30mLevel 1[0m _identify(src/articubot_one) by extensions ['colcon_meta']
[0.716s] [34mcolcon.colcon_core.package_identification[0m [1;30mLevel 1[0m _identify(src/articubot_one) by extension 'colcon_meta'
[0.716s] [34mcolcon.colcon_core.package_identification[0m [1;30mLevel 1[0m _identify(src/articubot_one) by extensions ['ros']
[0.716s] [34mcolcon.colcon_core.package_identification[0m [1;30mLevel 1[0m _identify(src/articubot_one) by extension 'ros'
[0.718s] [34mcolcon.colcon_core.package_identification[0m [1;30mDEBUG[0m [32mPackage 'src/articubot_one' with type 'ros.ament_cmake' and name 'articubot_one'[0m
[0.718s] [34mcolcon.colcon_core.package_identification[0m [1;30mLevel 1[0m _identify(src/buildings) by extensions ['ignore', 'ignore_ament_install']
[0.718s] [34mcolcon.colcon_core.package_identification[0m [1;30mLevel 1[0m _identify(src/buildings) by extension 'ignore'
[0.718s] [34mcolcon.colcon_core.package_identification[0m [1;30mLevel 1[0m _identify(src/buildings) by extension 'ignore_ament_install'
[0.718s] [34mcolcon.colcon_core.package_identification[0m [1;30mLevel 1[0m _identify(src/buildings) by extensions ['colcon_pkg']
[0.718s] [34mcolcon.colcon_core.package_identification[0m [1;30mLevel 1[0m _identify(src/buildings) by extension 'colcon_pkg'
[0.718s] [34mcolcon.colcon_core.package_identification[0m [1;30mLevel 1[0m _identify(src/buildings) by extensions ['colcon_meta']
[0.718s] [34mcolcon.colcon_core.package_identification[0m [1;30mLevel 1[0m _identify(src/buildings) by extension 'colcon_meta'
[0.718s] [34mcolcon.colcon_core.package_identification[0m [1;30mLevel 1[0m _identify(src/buildings) by extensions ['ros']
[0.718s] [34mcolcon.colcon_core.package_identification[0m [1;30mLevel 1[0m _identify(src/buildings) by extension 'ros'
[0.718s] [34mcolcon.colcon_core.package_identification[0m [1;30mLevel 1[0m _identify(src/buildings) by extensions ['cmake', 'python']
[0.718s] [34mcolcon.colcon_core.package_identification[0m [1;30mLevel 1[0m _identify(src/buildings) by extension 'cmake'
[0.718s] [34mcolcon.colcon_core.package_identification[0m [1;30mLevel 1[0m _identify(src/buildings) by extension 'python'
[0.718s] [34mcolcon.colcon_core.package_identification[0m [1;30mLevel 1[0m _identify(src/buildings) by extensions ['python_setup_py']
[0.718s] [34mcolcon.colcon_core.package_identification[0m [1;30mLevel 1[0m _identify(src/buildings) by extension 'python_setup_py'
[0.718s] [34mcolcon.colcon_core.package_identification[0m [1;30mLevel 1[0m _identify(src/buildings/walls) by extensions ['ignore', 'ignore_ament_install']
[0.718s] [34mcolcon.colcon_core.package_identification[0m [1;30mLevel 1[0m _identify(src/buildings/walls) by extension 'ignore'
[0.718s] [34mcolcon.colcon_core.package_identification[0m [1;30mLevel 1[0m _identify(src/buildings/walls) by extension 'ignore_ament_install'
[0.718s] [34mcolcon.colcon_core.package_identification[0m [1;30mLevel 1[0m _identify(src/buildings/walls) by extensions ['colcon_pkg']
[0.718s] [34mcolcon.colcon_core.package_identification[0m [1;30mLevel 1[0m _identify(src/buildings/walls) by extension 'colcon_pkg'
[0.718s] [34mcolcon.colcon_core.package_identification[0m [1;30mLevel 1[0m _identify(src/buildings/walls) by extensions ['colcon_meta']
[0.718s] [34mcolcon.colcon_core.package_identification[0m [1;30mLevel 1[0m _identify(src/buildings/walls) by extension 'colcon_meta'
[0.718s] [34mcolcon.colcon_core.package_identification[0m [1;30mLevel 1[0m _identify(src/buildings/walls) by extensions ['ros']
[0.718s] [34mcolcon.colcon_core.package_identification[0m [1;30mLevel 1[0m _identify(src/buildings/walls) by extension 'ros'
[0.718s] [34mcolcon.colcon_core.package_identification[0m [1;30mLevel 1[0m _identify(src/buildings/walls) by extensions ['cmake', 'python']
[0.718s] [34mcolcon.colcon_core.package_identification[0m [1;30mLevel 1[0m _identify(src/buildings/walls) by extension 'cmake'
[0.718s] [34mcolcon.colcon_core.package_identification[0m [1;30mLevel 1[0m _identify(src/buildings/walls) by extension 'python'
[0.718s] [34mcolcon.colcon_core.package_identification[0m [1;30mLevel 1[0m _identify(src/buildings/walls) by extensions ['python_setup_py']
[0.718s] [34mcolcon.colcon_core.package_identification[0m [1;30mLevel 1[0m _identify(src/buildings/walls) by extension 'python_setup_py'
[0.718s] [34mcolcon.colcon_core.package_identification[0m [1;30mLevel 1[0m _identify(src/description) by extensions ['ignore', 'ignore_ament_install']
[0.718s] [34mcolcon.colcon_core.package_identification[0m [1;30mLevel 1[0m _identify(src/description) by extension 'ignore'
[0.718s] [34mcolcon.colcon_core.package_identification[0m [1;30mLevel 1[0m _identify(src/description) by extension 'ignore_ament_install'
[0.718s] [34mcolcon.colcon_core.package_identification[0m [1;30mLevel 1[0m _identify(src/description) by extensions ['colcon_pkg']
[0.718s] [34mcolcon.colcon_core.package_identification[0m [1;30mLevel 1[0m _identify(src/description) by extension 'colcon_pkg'
[0.718s] [34mcolcon.colcon_core.package_identification[0m [1;30mLevel 1[0m _identify(src/description) by extensions ['colcon_meta']
[0.718s] [34mcolcon.colcon_core.package_identification[0m [1;30mLevel 1[0m _identify(src/description) by extension 'colcon_meta'
[0.719s] [34mcolcon.colcon_core.package_identification[0m [1;30mLevel 1[0m _identify(src/description) by extensions ['ros']
[0.719s] [34mcolcon.colcon_core.package_identification[0m [1;30mLevel 1[0m _identify(src/description) by extension 'ros'
[0.719s] [34mcolcon.colcon_core.package_identification[0m [1;30mLevel 1[0m _identify(src/description) by extensions ['cmake', 'python']
[0.719s] [34mcolcon.colcon_core.package_identification[0m [1;30mLevel 1[0m _identify(src/description) by extension 'cmake'
[0.719s] [34mcolcon.colcon_core.package_identification[0m [1;30mLevel 1[0m _identify(src/description) by extension 'python'
[0.719s] [34mcolcon.colcon_core.package_identification[0m [1;30mLevel 1[0m _identify(src/description) by extensions ['python_setup_py']
[0.719s] [34mcolcon.colcon_core.package_identification[0m [1;30mLevel 1[0m _identify(src/description) by extension 'python_setup_py'
[0.719s] [34mcolcon.colcon_core.package_identification[0m [1;30mLevel 1[0m _identify(src/my_package) by extensions ['ignore', 'ignore_ament_install']
[0.719s] [34mcolcon.colcon_core.package_identification[0m [1;30mLevel 1[0m _identify(src/my_package) by extension 'ignore'
[0.719s] [34mcolcon.colcon_core.package_identification[0m [1;30mLevel 1[0m _identify(src/my_package) by extension 'ignore_ament_install'
[0.719s] [34mcolcon.colcon_core.package_identification[0m [1;30mLevel 1[0m _identify(src/my_package) by extensions ['colcon_pkg']
[0.719s] [34mcolcon.colcon_core.package_identification[0m [1;30mLevel 1[0m _identify(src/my_package) by extension 'colcon_pkg'
[0.719s] [34mcolcon.colcon_core.package_identification[0m [1;30mLevel 1[0m _identify(src/my_package) by extensions ['colcon_meta']
[0.719s] [34mcolcon.colcon_core.package_identification[0m [1;30mLevel 1[0m _identify(src/my_package) by extension 'colcon_meta'
[0.719s] [34mcolcon.colcon_core.package_identification[0m [1;30mLevel 1[0m _identify(src/my_package) by extensions ['ros']
[0.719s] [34mcolcon.colcon_core.package_identification[0m [1;30mLevel 1[0m _identify(src/my_package) by extension 'ros'
[0.719s] [34mcolcon.colcon_core.package_identification[0m [1;30mDEBUG[0m [32mPackage 'src/my_package' with type 'ros.ament_cmake' and name 'my_package'[0m
[0.719s] [34mcolcon.colcon_core.package_identification[0m [1;30mLevel 1[0m _identify(src/yolobot_algo) by extensions ['ignore', 'ignore_ament_install']
[0.720s] [34mcolcon.colcon_core.package_identification[0m [1;30mLevel 1[0m _identify(src/yolobot_algo) by extension 'ignore'
[0.720s] [34mcolcon.colcon_core.package_identification[0m [1;30mLevel 1[0m _identify(src/yolobot_algo) by extension 'ignore_ament_install'
[0.720s] [34mcolcon.colcon_core.package_identification[0m [1;30mLevel 1[0m _identify(src/yolobot_algo) by extensions ['colcon_pkg']
[0.720s] [34mcolcon.colcon_core.package_identification[0m [1;30mLevel 1[0m _identify(src/yolobot_algo) by extension 'colcon_pkg'
[0.720s] [34mcolcon.colcon_core.package_identification[0m [1;30mLevel 1[0m _identify(src/yolobot_algo) by extensions ['colcon_meta']
[0.720s] [34mcolcon.colcon_core.package_identification[0m [1;30mLevel 1[0m _identify(src/yolobot_algo) by extension 'colcon_meta'
[0.720s] [34mcolcon.colcon_core.package_identification[0m [1;30mLevel 1[0m _identify(src/yolobot_algo) by extensions ['ros']
[0.720s] [34mcolcon.colcon_core.package_identification[0m [1;30mLevel 1[0m _identify(src/yolobot_algo) by extension 'ros'
[0.720s] [34mcolcon.colcon_core.package_identification[0m [1;30mDEBUG[0m [32mPackage 'src/yolobot_algo' with type 'ros.ament_cmake' and name 'yolobot_algo'[0m
[0.720s] [34mcolcon.colcon_core.package_identification[0m [1;30mLevel 1[0m _identify(~) by extensions ['ignore', 'ignore_ament_install']
[0.720s] [34mcolcon.colcon_core.package_identification[0m [1;30mLevel 1[0m _identify(~) by extension 'ignore'
[0.720s] [34mcolcon.colcon_core.package_identification[0m [1;30mLevel 1[0m _identify(~) by extension 'ignore_ament_install'
[0.720s] [34mcolcon.colcon_core.package_identification[0m [1;30mLevel 1[0m _identify(~) by extensions ['colcon_pkg']
[0.720s] [34mcolcon.colcon_core.package_identification[0m [1;30mLevel 1[0m _identify(~) by extension 'colcon_pkg'
[0.720s] [34mcolcon.colcon_core.package_identification[0m [1;30mLevel 1[0m _identify(~) by extensions ['colcon_meta']
[0.720s] [34mcolcon.colcon_core.package_identification[0m [1;30mLevel 1[0m _identify(~) by extension 'colcon_meta'
[0.720s] [34mcolcon.colcon_core.package_identification[0m [1;30mLevel 1[0m _identify(~) by extensions ['ros']
[0.720s] [34mcolcon.colcon_core.package_identification[0m [1;30mLevel 1[0m _identify(~) by extension 'ros'
[0.720s] [34mcolcon.colcon_core.package_identification[0m [1;30mLevel 1[0m _identify(~) by extensions ['cmake', 'python']
[0.720s] [34mcolcon.colcon_core.package_identification[0m [1;30mLevel 1[0m _identify(~) by extension 'cmake'
[0.720s] [34mcolcon.colcon_core.package_identification[0m [1;30mLevel 1[0m _identify(~) by extension 'python'
[0.720s] [34mcolcon.colcon_core.package_identification[0m [1;30mLevel 1[0m _identify(~) by extensions ['python_setup_py']
[0.720s] [34mcolcon.colcon_core.package_identification[0m [1;30mLevel 1[0m _identify(~) by extension 'python_setup_py'
[0.720s] [34mcolcon.colcon_core.package_identification[0m [1;30mLevel 1[0m _identify(~/yolobot) by extensions ['ignore', 'ignore_ament_install']
[0.720s] [34mcolcon.colcon_core.package_identification[0m [1;30mLevel 1[0m _identify(~/yolobot) by extension 'ignore'
[0.720s] [34mcolcon.colcon_core.package_identification[0m [1;30mLevel 1[0m _identify(~/yolobot) by extension 'ignore_ament_install'
[0.720s] [34mcolcon.colcon_core.package_identification[0m [1;30mLevel 1[0m _identify(~/yolobot) by extensions ['colcon_pkg']
[0.720s] [34mcolcon.colcon_core.package_identification[0m [1;30mLevel 1[0m _identify(~/yolobot) by extension 'colcon_pkg'
[0.721s] [34mcolcon.colcon_core.package_identification[0m [1;30mLevel 1[0m _identify(~/yolobot) by extensions ['colcon_meta']
[0.721s] [34mcolcon.colcon_core.package_identification[0m [1;30mLevel 1[0m _identify(~/yolobot) by extension 'colcon_meta'
[0.721s] [34mcolcon.colcon_core.package_identification[0m [1;30mLevel 1[0m _identify(~/yolobot) by extensions ['ros']
[0.721s] [34mcolcon.colcon_core.package_identification[0m [1;30mLevel 1[0m _identify(~/yolobot) by extension 'ros'
[0.721s] [34mcolcon.colcon_core.package_identification[0m [1;30mLevel 1[0m _identify(~/yolobot) by extensions ['cmake', 'python']
[0.721s] [34mcolcon.colcon_core.package_identification[0m [1;30mLevel 1[0m _identify(~/yolobot) by extension 'cmake'
[0.721s] [34mcolcon.colcon_core.package_identification[0m [1;30mLevel 1[0m _identify(~/yolobot) by extension 'python'
[0.721s] [34mcolcon.colcon_core.package_identification[0m [1;30mLevel 1[0m _identify(~/yolobot) by extensions ['python_setup_py']
[0.721s] [34mcolcon.colcon_core.package_identification[0m [1;30mLevel 1[0m _identify(~/yolobot) by extension 'python_setup_py'
[0.721s] [34mcolcon.colcon_core.package_identification[0m [1;30mLevel 1[0m _identify(~/yolobot/src) by extensions ['ignore', 'ignore_ament_install']
[0.721s] [34mcolcon.colcon_core.package_identification[0m [1;30mLevel 1[0m _identify(~/yolobot/src) by extension 'ignore'
[0.721s] [34mcolcon.colcon_core.package_identification[0m [1;30mLevel 1[0m _identify(~/yolobot/src) by extension 'ignore_ament_install'
[0.721s] [34mcolcon.colcon_core.package_identification[0m [1;30mLevel 1[0m _identify(~/yolobot/src) by extensions ['colcon_pkg']
[0.721s] [34mcolcon.colcon_core.package_identification[0m [1;30mLevel 1[0m _identify(~/yolobot/src) by extension 'colcon_pkg'
[0.721s] [34mcolcon.colcon_core.package_identification[0m [1;30mLevel 1[0m _identify(~/yolobot/src) by extensions ['colcon_meta']
[0.721s] [34mcolcon.colcon_core.package_identification[0m [1;30mLevel 1[0m _identify(~/yolobot/src) by extension 'colcon_meta'
[0.721s] [34mcolcon.colcon_core.package_identification[0m [1;30mLevel 1[0m _identify(~/yolobot/src) by extensions ['ros']
[0.721s] [34mcolcon.colcon_core.package_identification[0m [1;30mLevel 1[0m _identify(~/yolobot/src) by extension 'ros'
[0.721s] [34mcolcon.colcon_core.package_identification[0m [1;30mLevel 1[0m _identify(~/yolobot/src) by extensions ['cmake', 'python']
[0.721s] [34mcolcon.colcon_core.package_identification[0m [1;30mLevel 1[0m _identify(~/yolobot/src) by extension 'cmake'
[0.721s] [34mcolcon.colcon_core.package_identification[0m [1;30mLevel 1[0m _identify(~/yolobot/src) by extension 'python'
[0.721s] [34mcolcon.colcon_core.package_identification[0m [1;30mLevel 1[0m _identify(~/yolobot/src) by extensions ['python_setup_py']
[0.721s] [34mcolcon.colcon_core.package_identification[0m [1;30mLevel 1[0m _identify(~/yolobot/src) by extension 'python_setup_py'
[0.721s] [34mcolcon.colcon_core.package_identification[0m [1;30mLevel 1[0m _identify(~/yolobot/src/yolobot_recognition) by extensions ['ignore', 'ignore_ament_install']
[0.721s] [34mcolcon.colcon_core.package_identification[0m [1;30mLevel 1[0m _identify(~/yolobot/src/yolobot_recognition) by extension 'ignore'
[0.721s] [34mcolcon.colcon_core.package_identification[0m [1;30mLevel 1[0m _identify(~/yolobot/src/yolobot_recognition) by extension 'ignore_ament_install'
[0.721s] [34mcolcon.colcon_core.package_identification[0m [1;30mLevel 1[0m _identify(~/yolobot/src/yolobot_recognition) by extensions ['colcon_pkg']
[0.721s] [34mcolcon.colcon_core.package_identification[0m [1;30mLevel 1[0m _identify(~/yolobot/src/yolobot_recognition) by extension 'colcon_pkg'
[0.721s] [34mcolcon.colcon_core.package_identification[0m [1;30mLevel 1[0m _identify(~/yolobot/src/yolobot_recognition) by extensions ['colcon_meta']
[0.721s] [34mcolcon.colcon_core.package_identification[0m [1;30mLevel 1[0m _identify(~/yolobot/src/yolobot_recognition) by extension 'colcon_meta'
[0.721s] [34mcolcon.colcon_core.package_identification[0m [1;30mLevel 1[0m _identify(~/yolobot/src/yolobot_recognition) by extensions ['ros']
[0.721s] [34mcolcon.colcon_core.package_identification[0m [1;30mLevel 1[0m _identify(~/yolobot/src/yolobot_recognition) by extension 'ros'
[0.721s] [34mcolcon.colcon_core.package_identification[0m [1;30mLevel 1[0m _identify(~/yolobot/src/yolobot_recognition) by extensions ['cmake', 'python']
[0.721s] [34mcolcon.colcon_core.package_identification[0m [1;30mLevel 1[0m _identify(~/yolobot/src/yolobot_recognition) by extension 'cmake'
[0.721s] [34mcolcon.colcon_core.package_identification[0m [1;30mLevel 1[0m _identify(~/yolobot/src/yolobot_recognition) by extension 'python'
[0.721s] [34mcolcon.colcon_core.package_identification[0m [1;30mLevel 1[0m _identify(~/yolobot/src/yolobot_recognition) by extensions ['python_setup_py']
[0.721s] [34mcolcon.colcon_core.package_identification[0m [1;30mLevel 1[0m _identify(~/yolobot/src/yolobot_recognition) by extension 'python_setup_py'
[0.721s] [34mcolcon.colcon_core.package_identification[0m [1;30mLevel 1[0m _identify(~/yolobot/src/yolobot_recognition/scripts) by extensions ['ignore', 'ignore_ament_install']
[0.721s] [34mcolcon.colcon_core.package_identification[0m [1;30mLevel 1[0m _identify(~/yolobot/src/yolobot_recognition/scripts) by extension 'ignore'
[0.721s] [34mcolcon.colcon_core.package_identification[0m [1;30mLevel 1[0m _identify(~/yolobot/src/yolobot_recognition/scripts) by extension 'ignore_ament_install'
[0.722s] [34mcolcon.colcon_core.package_identification[0m [1;30mLevel 1[0m _identify(~/yolobot/src/yolobot_recognition/scripts) by extensions ['colcon_pkg']
[0.722s] [34mcolcon.colcon_core.package_identification[0m [1;30mLevel 1[0m _identify(~/yolobot/src/yolobot_recognition/scripts) by extension 'colcon_pkg'
[0.722s] [34mcolcon.colcon_core.package_identification[0m [1;30mLevel 1[0m _identify(~/yolobot/src/yolobot_recognition/scripts) by extensions ['colcon_meta']
[0.722s] [34mcolcon.colcon_core.package_identification[0m [1;30mLevel 1[0m _identify(~/yolobot/src/yolobot_recognition/scripts) by extension 'colcon_meta'
[0.722s] [34mcolcon.colcon_core.package_identification[0m [1;30mLevel 1[0m _identify(~/yolobot/src/yolobot_recognition/scripts) by extensions ['ros']
[0.722s] [34mcolcon.colcon_core.package_identification[0m [1;30mLevel 1[0m _identify(~/yolobot/src/yolobot_recognition/scripts) by extension 'ros'
[0.722s] [34mcolcon.colcon_core.package_identification[0m [1;30mLevel 1[0m _identify(~/yolobot/src/yolobot_recognition/scripts) by extensions ['cmake', 'python']
[0.722s] [34mcolcon.colcon_core.package_identification[0m [1;30mLevel 1[0m _identify(~/yolobot/src/yolobot_recognition/scripts) by extension 'cmake'
[0.722s] [34mcolcon.colcon_core.package_identification[0m [1;30mLevel 1[0m _identify(~/yolobot/src/yolobot_recognition/scripts) by extension 'python'
[0.722s] [34mcolcon.colcon_core.package_identification[0m [1;30mLevel 1[0m _identify(~/yolobot/src/yolobot_recognition/scripts) by extensions ['python_setup_py']
[0.722s] [34mcolcon.colcon_core.package_identification[0m [1;30mLevel 1[0m _identify(~/yolobot/src/yolobot_recognition/scripts) by extension 'python_setup_py'
[0.722s] [34mcolcon.colcon_core.package_discovery[0m [1;30mLevel 1[0m discover_packages(recursive) using defaults
[0.722s] [34mcolcon.colcon_core.package_discovery[0m [1;30mLevel 1[0m discover_packages(ignore) discover
[0.722s] [34mcolcon.colcon_core.package_discovery[0m [1;30mLevel 1[0m discover_packages(ignore) using defaults
[0.722s] [34mcolcon.colcon_core.package_discovery[0m [1;30mLevel 1[0m discover_packages(path) discover
[0.722s] [34mcolcon.colcon_core.package_discovery[0m [1;30mLevel 1[0m discover_packages(path) using defaults
[0.765s] [34mcolcon.colcon_core.verb[0m [1;30mLevel 5[0m set package 'articubot_one' build argument 'cmake_args' from command line to 'None'
[0.765s] [34mcolcon.colcon_core.verb[0m [1;30mLevel 5[0m set package 'articubot_one' build argument 'cmake_target' from command line to 'None'
[0.765s] [34mcolcon.colcon_core.verb[0m [1;30mLevel 5[0m set package 'articubot_one' build argument 'cmake_target_skip_unavailable' from command line to 'False'
[0.765s] [34mcolcon.colcon_core.verb[0m [1;30mLevel 5[0m set package 'articubot_one' build argument 'cmake_clean_cache' from command line to 'False'
[0.765s] [34mcolcon.colcon_core.verb[0m [1;30mLevel 5[0m set package 'articubot_one' build argument 'cmake_clean_first' from command line to 'False'
[0.765s] [34mcolcon.colcon_core.verb[0m [1;30mLevel 5[0m set package 'articubot_one' build argument 'cmake_force_configure' from command line to 'False'
[0.765s] [34mcolcon.colcon_core.verb[0m [1;30mLevel 5[0m set package 'articubot_one' build argument 'ament_cmake_args' from command line to 'None'
[0.765s] [34mcolcon.colcon_core.verb[0m [1;30mLevel 5[0m set package 'articubot_one' build argument 'catkin_cmake_args' from command line to 'None'
[0.765s] [34mcolcon.colcon_core.verb[0m [1;30mLevel 5[0m set package 'articubot_one' build argument 'catkin_skip_building_tests' from command line to 'False'
[0.765s] [34mcolcon.colcon_core.verb[0m [1;30mDEBUG[0m [32mBuilding package 'articubot_one' with the following arguments: {'ament_cmake_args': None, 'build_base': '/Users/howardkang/auto_car/build/articubot_one', 'catkin_cmake_args': None, 'catkin_skip_building_tests': False, 'cmake_args': None, 'cmake_clean_cache': False, 'cmake_clean_first': False, 'cmake_force_configure': False, 'cmake_target': None, 'cmake_target_skip_unavailable': False, 'install_base': '/Users/howardkang/auto_car/install/articubot_one', 'merge_install': False, 'path': '/Users/howardkang/auto_car/src/articubot_one', 'symlink_install': True, 'test_result_base': None}[0m
[0.773s] [34mcolcon.colcon_core.verb[0m [1;30mLevel 5[0m set package 'my_package' build argument 'cmake_args' from command line to 'None'
[0.773s] [34mcolcon.colcon_core.verb[0m [1;30mLevel 5[0m set package 'my_package' build argument 'cmake_target' from command line to 'None'
[0.773s] [34mcolcon.colcon_core.verb[0m [1;30mLevel 5[0m set package 'my_package' build argument 'cmake_target_skip_unavailable' from command line to 'False'
[0.773s] [34mcolcon.colcon_core.verb[0m [1;30mLevel 5[0m set package 'my_package' build argument 'cmake_clean_cache' from command line to 'False'
[0.773s] [34mcolcon.colcon_core.verb[0m [1;30mLevel 5[0m set package 'my_package' build argument 'cmake_clean_first' from command line to 'False'
[0.773s] [34mcolcon.colcon_core.verb[0m [1;30mLevel 5[0m set package 'my_package' build argument 'cmake_force_configure' from command line to 'False'
[0.773s] [34mcolcon.colcon_core.verb[0m [1;30mLevel 5[0m set package 'my_package' build argument 'ament_cmake_args' from command line to 'None'
[0.773s] [34mcolcon.colcon_core.verb[0m [1;30mLevel 5[0m set package 'my_package' build argument 'catkin_cmake_args' from command line to 'None'
[0.773s] [34mcolcon.colcon_core.verb[0m [1;30mLevel 5[0m set package 'my_package' build argument 'catkin_skip_building_tests' from command line to 'False'
[0.773s] [34mcolcon.colcon_core.verb[0m [1;30mDEBUG[0m [32mBuilding package 'my_package' with the following arguments: {'ament_cmake_args': None, 'build_base': '/Users/howardkang/auto_car/build/my_package', 'catkin_cmake_args': None, 'catkin_skip_building_tests': False, 'cmake_args': None, 'cmake_clean_cache': False, 'cmake_clean_first': False, 'cmake_force_configure': False, 'cmake_target': None, 'cmake_target_skip_unavailable': False, 'install_base': '/Users/howardkang/auto_car/install/my_package', 'merge_install': False, 'path': '/Users/howardkang/auto_car/src/my_package', 'symlink_install': True, 'test_result_base': None}[0m
[0.780s] [34mcolcon.colcon_core.verb[0m [1;30mLevel 5[0m set package 'yolobot_algo' build argument 'cmake_args' from command line to 'None'
[0.780s] [34mcolcon.colcon_core.verb[0m [1;30mLevel 5[0m set package 'yolobot_algo' build argument 'cmake_target' from command line to 'None'
[0.780s] [34mcolcon.colcon_core.verb[0m [1;30mLevel 5[0m set package 'yolobot_algo' build argument 'cmake_target_skip_unavailable' from command line to 'False'
[0.780s] [34mcolcon.colcon_core.verb[0m [1;30mLevel 5[0m set package 'yolobot_algo' build argument 'cmake_clean_cache' from command line to 'False'
[0.780s] [34mcolcon.colcon_core.verb[0m [1;30mLevel 5[0m set package 'yolobot_algo' build argument 'cmake_clean_first' from command line to 'False'
[0.780s] [34mcolcon.colcon_core.verb[0m [1;30mLevel 5[0m set package 'yolobot_algo' build argument 'cmake_force_configure' from command line to 'False'
[0.780s] [34mcolcon.colcon_core.verb[0m [1;30mLevel 5[0m set package 'yolobot_algo' build argument 'ament_cmake_args' from command line to 'None'
[0.780s] [34mcolcon.colcon_core.verb[0m [1;30mLevel 5[0m set package 'yolobot_algo' build argument 'catkin_cmake_args' from command line to 'None'
[0.780s] [34mcolcon.colcon_core.verb[0m [1;30mLevel 5[0m set package 'yolobot_algo' build argument 'catkin_skip_building_tests' from command line to 'False'
[0.780s] [34mcolcon.colcon_core.verb[0m [1;30mDEBUG[0m [32mBuilding package 'yolobot_algo' with the following arguments: {'ament_cmake_args': None, 'build_base': '/Users/howardkang/auto_car/build/yolobot_algo', 'catkin_cmake_args': None, 'catkin_skip_building_tests': False, 'cmake_args': None, 'cmake_clean_cache': False, 'cmake_clean_first': False, 'cmake_force_configure': False, 'cmake_target': None, 'cmake_target_skip_unavailable': False, 'install_base': '/Users/howardkang/auto_car/install/yolobot_algo', 'merge_install': False, 'path': '/Users/howardkang/auto_car/src/yolobot_algo', 'symlink_install': True, 'test_result_base': None}[0m
[0.788s] [34mcolcon.colcon_core.executor[0m [1;30mINFO[0m Executing jobs using 'parallel' executor
[0.795s] [34mcolcon.colcon_parallel_executor.executor.parallel[0m [1;30mDEBUG[0m [32mrun_until_complete[0m
[0.795s] [34mcolcon.colcon_ros.task.ament_cmake.build[0m [1;30mINFO[0m Building ROS package in '/Users/howardkang/auto_car/src/articubot_one' with build type 'ament_cmake'
[0.795s] [34mcolcon.colcon_cmake.task.cmake.build[0m [1;30mINFO[0m Building CMake package in '/Users/howardkang/auto_car/src/articubot_one'
[0.806s] [34mcolcon.colcon_core.plugin_system[0m [1;30mINFO[0m Skipping extension 'colcon_core.shell.bat': Not used on non-Windows systems
[0.806s] [34mcolcon.colcon_core.shell[0m [1;30mINFO[0m Skip shell extension 'powershell' for command environment: Not usable outside of PowerShell
[0.806s] [34mcolcon.colcon_core.shell[0m [1;30mDEBUG[0m [32mSkip shell extension 'dsv' for command environment[0m
[0.815s] [34mcolcon.colcon_ros.prefix_path.ament[0m [1;30mWARNING[0m [33mThe path '/Users/howardkang/auto_car/install/rplidar_ros' in the environment variable AMENT_PREFIX_PATH doesn't exist[0m
[0.815s] [34mcolcon.colcon_ros.prefix_path.catkin[0m [1;30mWARNING[0m [33mThe path '/Users/howardkang/auto_car/install/rplidar_ros' in the environment variable CMAKE_PREFIX_PATH doesn't exist[0m
[0.834s] [34mcolcon.colcon_ros.task.ament_cmake.build[0m [1;30mINFO[0m Building ROS package in '/Users/howardkang/auto_car/src/my_package' with build type 'ament_cmake'
[0.834s] [34mcolcon.colcon_cmake.task.cmake.build[0m [1;30mINFO[0m Building CMake package in '/Users/howardkang/auto_car/src/my_package'
[0.843s] [34mcolcon.colcon_core.shell[0m [1;30mINFO[0m Skip shell extension 'powershell' for command environment: Not usable outside of PowerShell
[0.843s] [34mcolcon.colcon_core.shell[0m [1;30mDEBUG[0m [32mSkip shell extension 'dsv' for command environment[0m
[0.868s] [34mcolcon.colcon_ros.task.ament_cmake.build[0m [1;30mINFO[0m Building ROS package in '/Users/howardkang/auto_car/src/yolobot_algo' with build type 'ament_cmake'
[0.868s] [34mcolcon.colcon_cmake.task.cmake.build[0m [1;30mINFO[0m Building CMake package in '/Users/howardkang/auto_car/src/yolobot_algo'
[0.877s] [34mcolcon.colcon_core.shell[0m [1;30mINFO[0m Skip shell extension 'powershell' for command environment: Not usable outside of PowerShell
[0.877s] [34mcolcon.colcon_core.shell[0m [1;30mDEBUG[0m [32mSkip shell extension 'dsv' for command environment[0m
[0.908s] [34mcolcon.colcon_core.event_handler.log_command[0m [1;30mDEBUG[0m [32mInvoking command in '/Users/howardkang/auto_car/build/articubot_one': CONDA_PROMPT_MODIFIER=(ros2) SHLVL=2 _=/Users/howardkang/miniconda3/envs/ros2/bin/env __CF_USER_TEXT_ENCODING=0x1F5:0x0:0x0 /Users/howardkang/miniconda3/envs/ros2/bin/cmake --build /Users/howardkang/auto_car/build/articubot_one -- -j8 -l8[0m
[0.912s] [34mcolcon.colcon_core.event_handler.log_command[0m [1;30mDEBUG[0m [32mInvoking command in '/Users/howardkang/auto_car/build/my_package': CONDA_PROMPT_MODIFIER=(ros2) SHLVL=2 _=/Users/howardkang/miniconda3/envs/ros2/bin/env __CF_USER_TEXT_ENCODING=0x1F5:0x0:0x0 /Users/howardkang/miniconda3/envs/ros2/bin/cmake --build /Users/howardkang/auto_car/build/my_package -- -j8 -l8[0m
[0.916s] [34mcolcon.colcon_core.event_handler.log_command[0m [1;30mDEBUG[0m [32mInvoking command in '/Users/howardkang/auto_car/build/yolobot_algo': CONDA_PROMPT_MODIFIER=(ros2) SHLVL=2 _=/Users/howardkang/miniconda3/envs/ros2/bin/env __CF_USER_TEXT_ENCODING=0x1F5:0x0:0x0 /Users/howardkang/miniconda3/envs/ros2/bin/cmake --build /Users/howardkang/auto_car/build/yolobot_algo -- -j8 -l8[0m
[1.035s] [34mcolcon.colcon_core.event_handler.log_command[0m [1;30mDEBUG[0m [32mInvoked command in '/Users/howardkang/auto_car/build/articubot_one' returned '0': CONDA_PROMPT_MODIFIER=(ros2) SHLVL=2 _=/Users/howardkang/miniconda3/envs/ros2/bin/env __CF_USER_TEXT_ENCODING=0x1F5:0x0:0x0 /Users/howardkang/miniconda3/envs/ros2/bin/cmake --build /Users/howardkang/auto_car/build/articubot_one -- -j8 -l8[0m
[1.222s] [34mcolcon.colcon_core.event_handler.log_command[0m [1;30mDEBUG[0m [32mInvoking command in '/Users/howardkang/auto_car/build/articubot_one': CONDA_PROMPT_MODIFIER=(ros2) SHLVL=2 _=/Users/howardkang/miniconda3/envs/ros2/bin/env __CF_USER_TEXT_ENCODING=0x1F5:0x0:0x0 /Users/howardkang/miniconda3/envs/ros2/bin/cmake --install /Users/howardkang/auto_car/build/articubot_one[0m
[1.260s] [34mcolcon.colcon_core.environment[0m [1;30mLevel 1[0m create_environment_scripts_only(articubot_one)
[1.261s] [34mcolcon.colcon_core.event_handler.log_command[0m [1;30mDEBUG[0m [32mInvoked command in '/Users/howardkang/auto_car/build/articubot_one' returned '0': CONDA_PROMPT_MODIFIER=(ros2) SHLVL=2 _=/Users/howardkang/miniconda3/envs/ros2/bin/env __CF_USER_TEXT_ENCODING=0x1F5:0x0:0x0 /Users/howardkang/miniconda3/envs/ros2/bin/cmake --install /Users/howardkang/auto_car/build/articubot_one[0m
[1.278s] [34mcolcon.colcon_core.environment[0m [1;30mLevel 1[0m checking '/Users/howardkang/auto_car/install/articubot_one' for CMake module files
[1.279s] [34mcolcon.colcon_core.environment[0m [1;30mLevel 1[0m checking '/Users/howardkang/auto_car/install/articubot_one' for CMake config files
[1.279s] [34mcolcon.colcon_core.shell[0m [1;30mLevel 1[0m create_environment_hook('articubot_one', 'cmake_prefix_path')
[1.290s] [34mcolcon.colcon_core.shell[0m [1;30mINFO[0m Creating environment hook '/Users/howardkang/auto_car/install/articubot_one/share/articubot_one/hook/cmake_prefix_path.ps1'
[1.290s] [34mcolcon.colcon_core.shell[0m [1;30mINFO[0m Creating environment descriptor '/Users/howardkang/auto_car/install/articubot_one/share/articubot_one/hook/cmake_prefix_path.dsv'
[1.291s] [34mcolcon.colcon_core.shell[0m [1;30mINFO[0m Creating environment hook '/Users/howardkang/auto_car/install/articubot_one/share/articubot_one/hook/cmake_prefix_path.sh'
[1.292s] [34mcolcon.colcon_core.environment[0m [1;30mLevel 1[0m checking '/Users/howardkang/auto_car/install/articubot_one/lib'
[1.292s] [34mcolcon.colcon_core.environment[0m [1;30mLevel 1[0m checking '/Users/howardkang/auto_car/install/articubot_one/bin'
[1.292s] [34mcolcon.colcon_core.environment[0m [1;30mLevel 1[0m checking '/Users/howardkang/auto_car/install/articubot_one/lib/pkgconfig/articubot_one.pc'
[1.292s] [34mcolcon.colcon_core.environment[0m [1;30mLevel 1[0m checking '/Users/howardkang/auto_car/install/articubot_one/lib/python3.10/site-packages'
[1.292s] [34mcolcon.colcon_core.environment[0m [1;30mLevel 1[0m checking '/Users/howardkang/auto_car/install/articubot_one/bin'
[1.303s] [34mcolcon.colcon_core.shell[0m [1;30mINFO[0m Creating package script '/Users/howardkang/auto_car/install/articubot_one/share/articubot_one/package.ps1'
[1.304s] [34mcolcon.colcon_core.shell[0m [1;30mINFO[0m Creating package descriptor '/Users/howardkang/auto_car/install/articubot_one/share/articubot_one/package.dsv'
[1.304s] [34mcolcon.colcon_core.shell[0m [1;30mINFO[0m Creating package script '/Users/howardkang/auto_car/install/articubot_one/share/articubot_one/package.sh'
[1.305s] [34mcolcon.colcon_core.shell[0m [1;30mINFO[0m Creating package script '/Users/howardkang/auto_car/install/articubot_one/share/articubot_one/package.bash'
[1.306s] [34mcolcon.colcon_core.shell[0m [1;30mINFO[0m Creating package script '/Users/howardkang/auto_car/install/articubot_one/share/articubot_one/package.zsh'
[1.307s] [34mcolcon.colcon_core.environment[0m [1;30mLevel 1[0m create_file_with_runtime_dependencies(/Users/howardkang/auto_car/install/articubot_one/share/colcon-core/packages/articubot_one)
[1.408s] [34mcolcon.colcon_core.environment[0m [1;30mLevel 1[0m create_environment_scripts_only(articubot_one)
[1.417s] [34mcolcon.colcon_core.environment[0m [1;30mLevel 1[0m checking '/Users/howardkang/auto_car/install/articubot_one' for CMake module files
[1.417s] [34mcolcon.colcon_core.environment[0m [1;30mLevel 1[0m checking '/Users/howardkang/auto_car/install/articubot_one' for CMake config files
[1.417s] [34mcolcon.colcon_core.shell[0m [1;30mLevel 1[0m create_environment_hook('articubot_one', 'cmake_prefix_path')
[1.426s] [34mcolcon.colcon_core.shell[0m [1;30mINFO[0m Creating environment hook '/Users/howardkang/auto_car/install/articubot_one/share/articubot_one/hook/cmake_prefix_path.ps1'
[1.426s] [34mcolcon.colcon_core.shell[0m [1;30mINFO[0m Creating environment descriptor '/Users/howardkang/auto_car/install/articubot_one/share/articubot_one/hook/cmake_prefix_path.dsv'
[1.426s] [34mcolcon.colcon_core.shell[0m [1;30mINFO[0m Creating environment hook '/Users/howardkang/auto_car/install/articubot_one/share/articubot_one/hook/cmake_prefix_path.sh'
[1.427s] [34mcolcon.colcon_core.environment[0m [1;30mLevel 1[0m checking '/Users/howardkang/auto_car/install/articubot_one/lib'
[1.427s] [34mcolcon.colcon_core.environment[0m [1;30mLevel 1[0m checking '/Users/howardkang/auto_car/install/articubot_one/bin'
[1.427s] [34mcolcon.colcon_core.environment[0m [1;30mLevel 1[0m checking '/Users/howardkang/auto_car/install/articubot_one/lib/pkgconfig/articubot_one.pc'
[1.427s] [34mcolcon.colcon_core.environment[0m [1;30mLevel 1[0m checking '/Users/howardkang/auto_car/install/articubot_one/lib/python3.10/site-packages'
[1.427s] [34mcolcon.colcon_core.environment[0m [1;30mLevel 1[0m checking '/Users/howardkang/auto_car/install/articubot_one/bin'
[1.436s] [34mcolcon.colcon_core.shell[0m [1;30mINFO[0m Creating package script '/Users/howardkang/auto_car/install/articubot_one/share/articubot_one/package.ps1'
[1.436s] [34mcolcon.colcon_core.shell[0m [1;30mINFO[0m Creating package descriptor '/Users/howardkang/auto_car/install/articubot_one/share/articubot_one/package.dsv'
[1.436s] [34mcolcon.colcon_core.shell[0m [1;30mINFO[0m Creating package script '/Users/howardkang/auto_car/install/articubot_one/share/articubot_one/package.sh'
[1.437s] [34mcolcon.colcon_core.shell[0m [1;30mINFO[0m Creating package script '/Users/howardkang/auto_car/install/articubot_one/share/articubot_one/package.bash'
[1.437s] [34mcolcon.colcon_core.shell[0m [1;30mINFO[0m Creating package script '/Users/howardkang/auto_car/install/articubot_one/share/articubot_one/package.zsh'
[1.437s] [34mcolcon.colcon_core.environment[0m [1;30mLevel 1[0m create_file_with_runtime_dependencies(/Users/howardkang/auto_car/install/articubot_one/share/colcon-core/packages/articubot_one)
[1.949s] [34mcolcon.colcon_core.event_handler.log_command[0m [1;30mDEBUG[0m [32mInvoked command in '/Users/howardkang/auto_car/build/yolobot_algo' returned '0': CONDA_PROMPT_MODIFIER=(ros2) SHLVL=2 _=/Users/howardkang/miniconda3/envs/ros2/bin/env __CF_USER_TEXT_ENCODING=0x1F5:0x0:0x0 /Users/howardkang/miniconda3/envs/ros2/bin/cmake --build /Users/howardkang/auto_car/build/yolobot_algo -- -j8 -l8[0m
[1.962s] [34mcolcon.colcon_core.event_handler.log_command[0m [1;30mDEBUG[0m [32mInvoked command in '/Users/howardkang/auto_car/build/my_package' returned '0': CONDA_PROMPT_MODIFIER=(ros2) SHLVL=2 _=/Users/howardkang/miniconda3/envs/ros2/bin/env __CF_USER_TEXT_ENCODING=0x1F5:0x0:0x0 /Users/howardkang/miniconda3/envs/ros2/bin/cmake --build /Users/howardkang/auto_car/build/my_package -- -j8 -l8[0m
[2.185s] [34mcolcon.colcon_core.event_handler.log_command[0m [1;30mDEBUG[0m [32mInvoking command in '/Users/howardkang/auto_car/build/yolobot_algo': CONDA_PROMPT_MODIFIER=(ros2) SHLVL=2 _=/Users/howardkang/miniconda3/envs/ros2/bin/env __CF_USER_TEXT_ENCODING=0x1F5:0x0:0x0 /Users/howardkang/miniconda3/envs/ros2/bin/cmake --install /Users/howardkang/auto_car/build/yolobot_algo[0m
[2.191s] [34mcolcon.colcon_core.event_handler.log_command[0m [1;30mDEBUG[0m [32mInvoking command in '/Users/howardkang/auto_car/build/my_package': CONDA_PROMPT_MODIFIER=(ros2) SHLVL=2 _=/Users/howardkang/miniconda3/envs/ros2/bin/env __CF_USER_TEXT_ENCODING=0x1F5:0x0:0x0 /Users/howardkang/miniconda3/envs/ros2/bin/cmake --install /Users/howardkang/auto_car/build/my_package[0m
[2.302s] [34mcolcon.colcon_core.environment[0m [1;30mLevel 1[0m create_environment_scripts_only(yolobot_algo)
[2.302s] [34mcolcon.colcon_core.event_handler.log_command[0m [1;30mDEBUG[0m [32mInvoked command in '/Users/howardkang/auto_car/build/yolobot_algo' returned '0': CONDA_PROMPT_MODIFIER=(ros2) SHLVL=2 _=/Users/howardkang/miniconda3/envs/ros2/bin/env __CF_USER_TEXT_ENCODING=0x1F5:0x0:0x0 /Users/howardkang/miniconda3/envs/ros2/bin/cmake --install /Users/howardkang/auto_car/build/yolobot_algo[0m
[2.312s] [34mcolcon.colcon_core.environment[0m [1;30mLevel 1[0m checking '/Users/howardkang/auto_car/install/yolobot_algo' for CMake module files
[2.312s] [34mcolcon.colcon_core.environment[0m [1;30mLevel 1[0m checking '/Users/howardkang/auto_car/install/yolobot_algo' for CMake config files
[2.314s] [34mcolcon.colcon_core.shell[0m [1;30mLevel 1[0m create_environment_hook('yolobot_algo', 'cmake_prefix_path')
[2.323s] [34mcolcon.colcon_core.shell[0m [1;30mINFO[0m Creating environment hook '/Users/howardkang/auto_car/install/yolobot_algo/share/yolobot_algo/hook/cmake_prefix_path.ps1'
[2.323s] [34mcolcon.colcon_core.shell[0m [1;30mINFO[0m Creating environment descriptor '/Users/howardkang/auto_car/install/yolobot_algo/share/yolobot_algo/hook/cmake_prefix_path.dsv'
[2.323s] [34mcolcon.colcon_core.shell[0m [1;30mINFO[0m Creating environment hook '/Users/howardkang/auto_car/install/yolobot_algo/share/yolobot_algo/hook/cmake_prefix_path.sh'
[2.324s] [34mcolcon.colcon_core.environment[0m [1;30mLevel 1[0m checking '/Users/howardkang/auto_car/install/yolobot_algo/lib'
[2.324s] [34mcolcon.colcon_core.shell[0m [1;30mLevel 1[0m create_environment_hook('yolobot_algo', 'dyld_library_path')
[2.332s] [34mcolcon.colcon_core.shell[0m [1;30mINFO[0m Creating environment hook '/Users/howardkang/auto_car/install/yolobot_algo/share/yolobot_algo/hook/dyld_library_path.ps1'
[2.333s] [34mcolcon.colcon_core.shell[0m [1;30mINFO[0m Creating environment descriptor '/Users/howardkang/auto_car/install/yolobot_algo/share/yolobot_algo/hook/dyld_library_path.dsv'
[2.333s] [34mcolcon.colcon_core.shell[0m [1;30mINFO[0m Creating environment hook '/Users/howardkang/auto_car/install/yolobot_algo/share/yolobot_algo/hook/dyld_library_path.sh'
[2.333s] [34mcolcon.colcon_core.environment[0m [1;30mLevel 1[0m checking '/Users/howardkang/auto_car/install/yolobot_algo/bin'
[2.333s] [34mcolcon.colcon_core.environment[0m [1;30mLevel 1[0m checking '/Users/howardkang/auto_car/install/yolobot_algo/lib/pkgconfig/yolobot_algo.pc'
[2.333s] [34mcolcon.colcon_core.environment[0m [1;30mLevel 1[0m checking '/Users/howardkang/auto_car/install/yolobot_algo/lib/python3.10/site-packages'
[2.333s] [34mcolcon.colcon_core.shell[0m [1;30mLevel 1[0m create_environment_hook('yolobot_algo', 'pythonpath')
[2.342s] [34mcolcon.colcon_core.shell[0m [1;30mINFO[0m Creating environment hook '/Users/howardkang/auto_car/install/yolobot_algo/share/yolobot_algo/hook/pythonpath.ps1'
[2.342s] [34mcolcon.colcon_core.shell[0m [1;30mINFO[0m Creating environment descriptor '/Users/howardkang/auto_car/install/yolobot_algo/share/yolobot_algo/hook/pythonpath.dsv'
[2.342s] [34mcolcon.colcon_core.shell[0m [1;30mINFO[0m Creating environment hook '/Users/howardkang/auto_car/install/yolobot_algo/share/yolobot_algo/hook/pythonpath.sh'
[2.343s] [34mcolcon.colcon_core.environment[0m [1;30mLevel 1[0m checking '/Users/howardkang/auto_car/install/yolobot_algo/bin'
[2.350s] [34mcolcon.colcon_core.shell[0m [1;30mINFO[0m Creating package script '/Users/howardkang/auto_car/install/yolobot_algo/share/yolobot_algo/package.ps1'
[2.351s] [34mcolcon.colcon_core.shell[0m [1;30mINFO[0m Creating package descriptor '/Users/howardkang/auto_car/install/yolobot_algo/share/yolobot_algo/package.dsv'
[2.351s] [34mcolcon.colcon_core.shell[0m [1;30mINFO[0m Creating package script '/Users/howardkang/auto_car/install/yolobot_algo/share/yolobot_algo/package.sh'
[2.351s] [34mcolcon.colcon_core.shell[0m [1;30mINFO[0m Creating package script '/Users/howardkang/auto_car/install/yolobot_algo/share/yolobot_algo/package.bash'
[2.352s] [34mcolcon.colcon_core.shell[0m [1;30mINFO[0m Creating package script '/Users/howardkang/auto_car/install/yolobot_algo/share/yolobot_algo/package.zsh'
[2.352s] [34mcolcon.colcon_core.environment[0m [1;30mLevel 1[0m create_file_with_runtime_dependencies(/Users/howardkang/auto_car/install/yolobot_algo/share/colcon-core/packages/yolobot_algo)
[2.355s] [34mcolcon.colcon_core.environment[0m [1;30mLevel 1[0m create_environment_scripts_only(my_package)
[2.357s] [34mcolcon.colcon_core.event_handler.log_command[0m [1;30mDEBUG[0m [32mInvoked command in '/Users/howardkang/auto_car/build/my_package' returned '0': CONDA_PROMPT_MODIFIER=(ros2) SHLVL=2 _=/Users/howardkang/miniconda3/envs/ros2/bin/env __CF_USER_TEXT_ENCODING=0x1F5:0x0:0x0 /Users/howardkang/miniconda3/envs/ros2/bin/cmake --install /Users/howardkang/auto_car/build/my_package[0m
[2.365s] [34mcolcon.colcon_core.environment[0m [1;30mLevel 1[0m checking '/Users/howardkang/auto_car/install/my_package' for CMake module files
[2.366s] [34mcolcon.colcon_core.environment[0m [1;30mLevel 1[0m checking '/Users/howardkang/auto_car/install/my_package' for CMake config files
[2.368s] [34mcolcon.colcon_core.shell[0m [1;30mLevel 1[0m create_environment_hook('my_package', 'cmake_prefix_path')
[2.377s] [34mcolcon.colcon_core.shell[0m [1;30mINFO[0m Creating environment hook '/Users/howardkang/auto_car/install/my_package/share/my_package/hook/cmake_prefix_path.ps1'
[2.377s] [34mcolcon.colcon_core.shell[0m [1;30mINFO[0m Creating environment descriptor '/Users/howardkang/auto_car/install/my_package/share/my_package/hook/cmake_prefix_path.dsv'
[2.378s] [34mcolcon.colcon_core.shell[0m [1;30mINFO[0m Creating environment hook '/Users/howardkang/auto_car/install/my_package/share/my_package/hook/cmake_prefix_path.sh'
[2.378s] [34mcolcon.colcon_core.environment[0m [1;30mLevel 1[0m checking '/Users/howardkang/auto_car/install/my_package/lib'
[2.378s] [34mcolcon.colcon_core.shell[0m [1;30mLevel 1[0m create_environment_hook('my_package', 'dyld_library_path')
[2.386s] [34mcolcon.colcon_core.shell[0m [1;30mINFO[0m Creating environment hook '/Users/howardkang/auto_car/install/my_package/share/my_package/hook/dyld_library_path.ps1'
[2.387s] [34mcolcon.colcon_core.shell[0m [1;30mINFO[0m Creating environment descriptor '/Users/howardkang/auto_car/install/my_package/share/my_package/hook/dyld_library_path.dsv'
[2.387s] [34mcolcon.colcon_core.shell[0m [1;30mINFO[0m Creating environment hook '/Users/howardkang/auto_car/install/my_package/share/my_package/hook/dyld_library_path.sh'
[2.387s] [34mcolcon.colcon_core.environment[0m [1;30mLevel 1[0m checking '/Users/howardkang/auto_car/install/my_package/bin'
[2.387s] [34mcolcon.colcon_core.environment[0m [1;30mLevel 1[0m checking '/Users/howardkang/auto_car/install/my_package/lib/pkgconfig/my_package.pc'
[2.387s] [34mcolcon.colcon_core.environment[0m [1;30mLevel 1[0m checking '/Users/howardkang/auto_car/install/my_package/lib/python3.10/site-packages'
[2.387s] [34mcolcon.colcon_core.shell[0m [1;30mLevel 1[0m create_environment_hook('my_package', 'pythonpath')
[2.395s] [34mcolcon.colcon_core.shell[0m [1;30mINFO[0m Creating environment hook '/Users/howardkang/auto_car/install/my_package/share/my_package/hook/pythonpath.ps1'
[2.396s] [34mcolcon.colcon_core.shell[0m [1;30mINFO[0m Creating environment descriptor '/Users/howardkang/auto_car/install/my_package/share/my_package/hook/pythonpath.dsv'
[2.396s] [34mcolcon.colcon_core.shell[0m [1;30mINFO[0m Creating environment hook '/Users/howardkang/auto_car/install/my_package/share/my_package/hook/pythonpath.sh'
[2.396s] [34mcolcon.colcon_core.environment[0m [1;30mLevel 1[0m checking '/Users/howardkang/auto_car/install/my_package/bin'
[2.405s] [34mcolcon.colcon_core.shell[0m [1;30mINFO[0m Creating package script '/Users/howardkang/auto_car/install/my_package/share/my_package/package.ps1'
[2.405s] [34mcolcon.colcon_core.shell[0m [1;30mINFO[0m Creating package descriptor '/Users/howardkang/auto_car/install/my_package/share/my_package/package.dsv'
[2.405s] [34mcolcon.colcon_core.shell[0m [1;30mINFO[0m Creating package script '/Users/howardkang/auto_car/install/my_package/share/my_package/package.sh'
[2.406s] [34mcolcon.colcon_core.shell[0m [1;30mINFO[0m Creating package script '/Users/howardkang/auto_car/install/my_package/share/my_package/package.bash'
[2.406s] [34mcolcon.colcon_core.shell[0m [1;30mINFO[0m Creating package script '/Users/howardkang/auto_car/install/my_package/share/my_package/package.zsh'
[2.406s] [34mcolcon.colcon_core.environment[0m [1;30mLevel 1[0m create_file_with_runtime_dependencies(/Users/howardkang/auto_car/install/my_package/share/colcon-core/packages/my_package)
[2.535s] [34mcolcon.colcon_core.environment[0m [1;30mLevel 1[0m create_environment_scripts_only(yolobot_algo)
[2.544s] [34mcolcon.colcon_core.environment[0m [1;30mLevel 1[0m checking '/Users/howardkang/auto_car/install/yolobot_algo' for CMake module files
[2.544s] [34mcolcon.colcon_core.environment[0m [1;30mLevel 1[0m checking '/Users/howardkang/auto_car/install/yolobot_algo' for CMake config files
[2.545s] [34mcolcon.colcon_core.shell[0m [1;30mLevel 1[0m create_environment_hook('yolobot_algo', 'cmake_prefix_path')
[2.554s] [34mcolcon.colcon_core.shell[0m [1;30mINFO[0m Creating environment hook '/Users/howardkang/auto_car/install/yolobot_algo/share/yolobot_algo/hook/cmake_prefix_path.ps1'
[2.554s] [34mcolcon.colcon_core.shell[0m [1;30mINFO[0m Creating environment descriptor '/Users/howardkang/auto_car/install/yolobot_algo/share/yolobot_algo/hook/cmake_prefix_path.dsv'
[2.555s] [34mcolcon.colcon_core.shell[0m [1;30mINFO[0m Creating environment hook '/Users/howardkang/auto_car/install/yolobot_algo/share/yolobot_algo/hook/cmake_prefix_path.sh'
[2.555s] [34mcolcon.colcon_core.environment[0m [1;30mLevel 1[0m checking '/Users/howardkang/auto_car/install/yolobot_algo/lib'
[2.555s] [34mcolcon.colcon_core.shell[0m [1;30mLevel 1[0m create_environment_hook('yolobot_algo', 'dyld_library_path')
[2.564s] [34mcolcon.colcon_core.shell[0m [1;30mINFO[0m Creating environment hook '/Users/howardkang/auto_car/install/yolobot_algo/share/yolobot_algo/hook/dyld_library_path.ps1'
[2.564s] [34mcolcon.colcon_core.shell[0m [1;30mINFO[0m Creating environment descriptor '/Users/howardkang/auto_car/install/yolobot_algo/share/yolobot_algo/hook/dyld_library_path.dsv'
[2.564s] [34mcolcon.colcon_core.shell[0m [1;30mINFO[0m Creating environment hook '/Users/howardkang/auto_car/install/yolobot_algo/share/yolobot_algo/hook/dyld_library_path.sh'
[2.564s] [34mcolcon.colcon_core.environment[0m [1;30mLevel 1[0m checking '/Users/howardkang/auto_car/install/yolobot_algo/bin'
[2.565s] [34mcolcon.colcon_core.environment[0m [1;30mLevel 1[0m checking '/Users/howardkang/auto_car/install/yolobot_algo/lib/pkgconfig/yolobot_algo.pc'
[2.565s] [34mcolcon.colcon_core.environment[0m [1;30mLevel 1[0m checking '/Users/howardkang/auto_car/install/yolobot_algo/lib/python3.10/site-packages'
[2.565s] [34mcolcon.colcon_core.shell[0m [1;30mLevel 1[0m create_environment_hook('yolobot_algo', 'pythonpath')
[2.584s] [34mcolcon.colcon_core.shell[0m [1;30mINFO[0m Creating environment hook '/Users/howardkang/auto_car/install/yolobot_algo/share/yolobot_algo/hook/pythonpath.ps1'
[2.584s] [34mcolcon.colcon_core.shell[0m [1;30mINFO[0m Creating environment descriptor '/Users/howardkang/auto_car/install/yolobot_algo/share/yolobot_algo/hook/pythonpath.dsv'
[2.584s] [34mcolcon.colcon_core.shell[0m [1;30mINFO[0m Creating environment hook '/Users/howardkang/auto_car/install/yolobot_algo/share/yolobot_algo/hook/pythonpath.sh'
[2.585s] [34mcolcon.colcon_core.environment[0m [1;30mLevel 1[0m checking '/Users/howardkang/auto_car/install/yolobot_algo/bin'
[2.593s] [34mcolcon.colcon_core.shell[0m [1;30mINFO[0m Creating package script '/Users/howardkang/auto_car/install/yolobot_algo/share/yolobot_algo/package.ps1'
[2.593s] [34mcolcon.colcon_core.shell[0m [1;30mINFO[0m Creating package descriptor '/Users/howardkang/auto_car/install/yolobot_algo/share/yolobot_algo/package.dsv'
[2.593s] [34mcolcon.colcon_core.shell[0m [1;30mINFO[0m Creating package script '/Users/howardkang/auto_car/install/yolobot_algo/share/yolobot_algo/package.sh'
[2.593s] [34mcolcon.colcon_core.shell[0m [1;30mINFO[0m Creating package script '/Users/howardkang/auto_car/install/yolobot_algo/share/yolobot_algo/package.bash'
[2.594s] [34mcolcon.colcon_core.shell[0m [1;30mINFO[0m Creating package script '/Users/howardkang/auto_car/install/yolobot_algo/share/yolobot_algo/package.zsh'
[2.594s] [34mcolcon.colcon_core.environment[0m [1;30mLevel 1[0m create_file_with_runtime_dependencies(/Users/howardkang/auto_car/install/yolobot_algo/share/colcon-core/packages/yolobot_algo)
[2.603s] [34mcolcon.colcon_core.environment[0m [1;30mLevel 1[0m create_environment_scripts_only(my_package)
[2.610s] [34mcolcon.colcon_core.environment[0m [1;30mLevel 1[0m checking '/Users/howardkang/auto_car/install/my_package' for CMake module files
[2.611s] [34mcolcon.colcon_core.environment[0m [1;30mLevel 1[0m checking '/Users/howardkang/auto_car/install/my_package' for CMake config files
[2.612s] [34mcolcon.colcon_core.shell[0m [1;30mLevel 1[0m create_environment_hook('my_package', 'cmake_prefix_path')
[2.620s] [34mcolcon.colcon_core.shell[0m [1;30mINFO[0m Creating environment hook '/Users/howardkang/auto_car/install/my_package/share/my_package/hook/cmake_prefix_path.ps1'
[2.620s] [34mcolcon.colcon_core.shell[0m [1;30mINFO[0m Creating environment descriptor '/Users/howardkang/auto_car/install/my_package/share/my_package/hook/cmake_prefix_path.dsv'
[2.620s] [34mcolcon.colcon_core.shell[0m [1;30mINFO[0m Creating environment hook '/Users/howardkang/auto_car/install/my_package/share/my_package/hook/cmake_prefix_path.sh'
[2.620s] [34mcolcon.colcon_core.environment[0m [1;30mLevel 1[0m checking '/Users/howardkang/auto_car/install/my_package/lib'
[2.620s] [34mcolcon.colcon_core.shell[0m [1;30mLevel 1[0m create_environment_hook('my_package', 'dyld_library_path')
[2.628s] [34mcolcon.colcon_core.shell[0m [1;30mINFO[0m Creating environment hook '/Users/howardkang/auto_car/install/my_package/share/my_package/hook/dyld_library_path.ps1'
[2.628s] [34mcolcon.colcon_core.shell[0m [1;30mINFO[0m Creating environment descriptor '/Users/howardkang/auto_car/install/my_package/share/my_package/hook/dyld_library_path.dsv'
[2.628s] [34mcolcon.colcon_core.shell[0m [1;30mINFO[0m Creating environment hook '/Users/howardkang/auto_car/install/my_package/share/my_package/hook/dyld_library_path.sh'
[2.629s] [34mcolcon.colcon_core.environment[0m [1;30mLevel 1[0m checking '/Users/howardkang/auto_car/install/my_package/bin'
[2.629s] [34mcolcon.colcon_core.environment[0m [1;30mLevel 1[0m checking '/Users/howardkang/auto_car/install/my_package/lib/pkgconfig/my_package.pc'
[2.629s] [34mcolcon.colcon_core.environment[0m [1;30mLevel 1[0m checking '/Users/howardkang/auto_car/install/my_package/lib/python3.10/site-packages'
[2.629s] [34mcolcon.colcon_core.shell[0m [1;30mLevel 1[0m create_environment_hook('my_package', 'pythonpath')
[2.637s] [34mcolcon.colcon_core.shell[0m [1;30mINFO[0m Creating environment hook '/Users/howardkang/auto_car/install/my_package/share/my_package/hook/pythonpath.ps1'
[2.637s] [34mcolcon.colcon_core.shell[0m [1;30mINFO[0m Creating environment descriptor '/Users/howardkang/auto_car/install/my_package/share/my_package/hook/pythonpath.dsv'
[2.638s] [34mcolcon.colcon_core.shell[0m [1;30mINFO[0m Creating environment hook '/Users/howardkang/auto_car/install/my_package/share/my_package/hook/pythonpath.sh'
[2.638s] [34mcolcon.colcon_core.environment[0m [1;30mLevel 1[0m checking '/Users/howardkang/auto_car/install/my_package/bin'
[2.645s] [34mcolcon.colcon_core.shell[0m [1;30mINFO[0m Creating package script '/Users/howardkang/auto_car/install/my_package/share/my_package/package.ps1'
[2.646s] [34mcolcon.colcon_core.shell[0m [1;30mINFO[0m Creating package descriptor '/Users/howardkang/auto_car/install/my_package/share/my_package/package.dsv'
[2.646s] [34mcolcon.colcon_core.shell[0m [1;30mINFO[0m Creating package script '/Users/howardkang/auto_car/install/my_package/share/my_package/package.sh'
[2.646s] [34mcolcon.colcon_core.shell[0m [1;30mINFO[0m Creating package script '/Users/howardkang/auto_car/install/my_package/share/my_package/package.bash'
[2.647s] [34mcolcon.colcon_core.shell[0m [1;30mINFO[0m Creating package script '/Users/howardkang/auto_car/install/my_package/share/my_package/package.zsh'
[2.647s] [34mcolcon.colcon_core.environment[0m [1;30mLevel 1[0m create_file_with_runtime_dependencies(/Users/howardkang/auto_car/install/my_package/share/colcon-core/packages/my_package)
[2.647s] [34mcolcon.colcon_parallel_executor.executor.parallel[0m [1;30mDEBUG[0m [32mclosing loop[0m
[2.647s] [34mcolcon.colcon_parallel_executor.executor.parallel[0m [1;30mDEBUG[0m [32mloop closed[0m
[2.647s] [34mcolcon.colcon_parallel_executor.executor.parallel[0m [1;30mDEBUG[0m [32mrun_until_complete finished with '0'[0m
[2.647s] [34mcolcon.colcon_core.event_reactor[0m [1;30mDEBUG[0m [32mjoining thread[0m
[2.648s] [34mcolcon.colcon_core.event_reactor[0m [1;30mDEBUG[0m [32mjoined thread[0m
[2.656s] [34mcolcon.colcon_core.shell[0m [1;30mINFO[0m Creating prefix script '/Users/howardkang/auto_car/install/local_setup.ps1'
[2.657s] [34mcolcon.colcon_core.shell[0m [1;30mINFO[0m Creating prefix util module '/Users/howardkang/auto_car/install/_local_setup_util_ps1.py'
[2.658s] [34mcolcon.colcon_core.shell[0m [1;30mINFO[0m Creating prefix chain script '/Users/howardkang/auto_car/install/setup.ps1'
[2.667s] [34mcolcon.colcon_core.shell[0m [1;30mINFO[0m Creating prefix script '/Users/howardkang/auto_car/install/local_setup.sh'
[2.668s] [34mcolcon.colcon_core.shell[0m [1;30mINFO[0m Creating prefix util module '/Users/howardkang/auto_car/install/_local_setup_util_sh.py'
[2.668s] [34mcolcon.colcon_core.shell[0m [1;30mINFO[0m Creating prefix chain script '/Users/howardkang/auto_car/install/setup.sh'
[2.677s] [34mcolcon.colcon_core.shell[0m [1;30mINFO[0m Creating prefix script '/Users/howardkang/auto_car/install/local_setup.bash'
[2.677s] [34mcolcon.colcon_core.shell[0m [1;30mINFO[0m Creating prefix chain script '/Users/howardkang/auto_car/install/setup.bash'
[2.686s] [34mcolcon.colcon_core.shell[0m [1;30mINFO[0m Creating prefix script '/Users/howardkang/auto_car/install/local_setup.zsh'
[2.687s] [34mcolcon.colcon_core.shell[0m [1;30mINFO[0m Creating prefix chain script '/Users/howardkang/auto_car/install/setup.zsh'
