[0.112s] Invoking command in '/Users/howardkang/auto_car/build/my_package': CONDA_PROMPT_MODIFIER=(ros2) SHLVL=2 _=/Users/howardkang/miniconda3/envs/ros2/bin/env __CF_USER_TEXT_ENCODING=0x1F5:0x0:0x0 /Users/howardkang/miniconda3/envs/ros2/bin/cmake --build /Users/howardkang/auto_car/build/my_package -- -j8 -l8
[0.218s] [ 10%] Built target my_package__rosidl_generator_c
[0.228s] [ 12%] Built target my_package__cpp
[0.254s] [ 12%] Built target ament_cmake_python_symlink_my_package
[0.306s] [ 23%] Built target my_package__rosidl_typesupport_c
[0.319s] [ 35%] Built target my_package__rosidl_typesupport_fastrtps_c
[0.319s] [ 43%] Built target my_package__rosidl_typesupport_introspection_c
[0.324s] [ 58%] Built target my_package__rosidl_typesupport_introspection_cpp
[0.325s] [ 64%] Built target my_package__rosidl_typesupport_fastrtps_cpp
[0.332s] [ 74%] Built target my_package__rosidl_typesupport_cpp
[0.363s] [ 74%] Built target my_package
[0.392s] [ 76%] Built target my_package__py
[0.454s] [ 84%] Built target my_package__rosidl_generator_py
[0.500s] [ 89%] Built target my_package__rosidl_typesupport_c__pyext
[0.509s] [ 94%] Built target my_package__rosidl_typesupport_fastrtps_c__pyext
[0.511s] [100%] Built target my_package__rosidl_typesupport_introspection_c__pyext
[0.686s] running egg_info
[0.725s] writing my_package.egg-info/PKG-INFO
[0.753s] writing dependency_links to my_package.egg-info/dependency_links.txt
[0.924s] writing top-level names to my_package.egg-info/top_level.txt
[0.989s] reading manifest file 'my_package.egg-info/SOURCES.txt'
[0.989s] writing manifest file 'my_package.egg-info/SOURCES.txt'
[1.027s] [100%] Built target ament_cmake_python_build_my_package_egg
