[0.061s] Invoking command in '/Users/howardkang/auto_car/build/urdf_example': CONDA_PROMPT_MODIFIER=(ros2) SHLVL=2 _=/Users/howardkang/miniconda3/envs/ros2/bin/env __CF_USER_TEXT_ENCODING=0x1F5:0x0:0x0 /Users/howardkang/miniconda3/envs/ros2/bin/cmake --build /Users/howardkang/auto_car/build/urdf_example -- -j8 -l8
[0.146s] Invoked command in '/Users/howardkang/auto_car/build/urdf_example' returned '0': CONDA_PROMPT_MODIFIER=(ros2) SHLVL=2 _=/Users/howardkang/miniconda3/envs/ros2/bin/env __CF_USER_TEXT_ENCODING=0x1F5:0x0:0x0 /Users/howardkang/miniconda3/envs/ros2/bin/cmake --build /Users/howardkang/auto_car/build/urdf_example -- -j8 -l8
[0.302s] Invoking command in '/Users/howardkang/auto_car/build/urdf_example': CONDA_PROMPT_MODIFIER=(ros2) SHLVL=2 _=/Users/howardkang/miniconda3/envs/ros2/bin/env __CF_USER_TEXT_ENCODING=0x1F5:0x0:0x0 /Users/howardkang/miniconda3/envs/ros2/bin/cmake --install /Users/howardkang/auto_car/build/urdf_example
[0.314s] -- Install configuration: ""
[0.314s] -- Execute custom install script
[0.316s] -- Up-to-date symlink: /Users/howardkang/auto_car/install/urdf_example/share/urdf_example/description/example_gazebo.xacro
[0.316s] -- Up-to-date symlink: /Users/howardkang/auto_car/install/urdf_example/share/urdf_example/description/example_include.xacro
[0.316s] -- Up-to-date symlink: /Users/howardkang/auto_car/install/urdf_example/share/urdf_example/description/example_robot.urdf.xacro
[0.317s] -- Up-to-date symlink: /Users/howardkang/auto_car/install/urdf_example/share/urdf_example/launch/rsp.launch.py
[0.317s] -- Up-to-date symlink: /Users/howardkang/auto_car/install/urdf_example/share/urdf_example/launch/rsp_sim.launch.py
[0.317s] -- Up-to-date symlink: /Users/howardkang/auto_car/install/urdf_example/share/urdf_example/worlds/test_world.world
[0.318s] -- Up-to-date symlink: /Users/howardkang/auto_car/install/urdf_example/share/urdf_example/worlds/world_test.world
[0.318s] -- Up-to-date symlink: /Users/howardkang/auto_car/install/urdf_example/share/urdf_example/worlds/world_test2.world
[0.318s] -- Up-to-date symlink: /Users/howardkang/auto_car/install/urdf_example/share/ament_index/resource_index/package_run_dependencies/urdf_example
[0.318s] -- Up-to-date symlink: /Users/howardkang/auto_car/install/urdf_example/share/ament_index/resource_index/parent_prefix_path/urdf_example
[0.319s] -- Up-to-date symlink: /Users/howardkang/auto_car/install/urdf_example/share/urdf_example/environment/ament_prefix_path.sh
[0.319s] -- Up-to-date symlink: /Users/howardkang/auto_car/install/urdf_example/share/urdf_example/environment/ament_prefix_path.dsv
[0.319s] -- Up-to-date symlink: /Users/howardkang/auto_car/install/urdf_example/share/urdf_example/environment/path.sh
[0.319s] -- Up-to-date symlink: /Users/howardkang/auto_car/install/urdf_example/share/urdf_example/environment/path.dsv
[0.319s] -- Up-to-date symlink: /Users/howardkang/auto_car/install/urdf_example/share/urdf_example/local_setup.bash
[0.319s] -- Up-to-date symlink: /Users/howardkang/auto_car/install/urdf_example/share/urdf_example/local_setup.sh
[0.319s] -- Up-to-date symlink: /Users/howardkang/auto_car/install/urdf_example/share/urdf_example/local_setup.zsh
[0.319s] -- Up-to-date symlink: /Users/howardkang/auto_car/install/urdf_example/share/urdf_example/local_setup.dsv
[0.319s] -- Symlinking: /Users/howardkang/auto_car/install/urdf_example/share/urdf_example/package.dsv
[0.331s] -- Up-to-date symlink: /Users/howardkang/auto_car/install/urdf_example/share/ament_index/resource_index/packages/urdf_example
[0.331s] -- Up-to-date symlink: /Users/howardkang/auto_car/install/urdf_example/share/urdf_example/cmake/urdf_exampleConfig.cmake
[0.332s] -- Up-to-date symlink: /Users/howardkang/auto_car/install/urdf_example/share/urdf_example/cmake/urdf_exampleConfig-version.cmake
[0.332s] -- Up-to-date symlink: /Users/howardkang/auto_car/install/urdf_example/share/urdf_example/package.xml
[0.333s] Invoked command in '/Users/howardkang/auto_car/build/urdf_example' returned '0': CONDA_PROMPT_MODIFIER=(ros2) SHLVL=2 _=/Users/howardkang/miniconda3/envs/ros2/bin/env __CF_USER_TEXT_ENCODING=0x1F5:0x0:0x0 /Users/howardkang/miniconda3/envs/ros2/bin/cmake --install /Users/howardkang/auto_car/build/urdf_example
