[0.000000] (-) TimerEvent: {}
[0.000093] (-) JobUnselected: {'identifier': 'my_package'}
[0.000228] (-) JobUnselected: {'identifier': 'urdf_example'}
[0.000247] (yolov8_interface) JobQueued: {'identifier': 'yolov8_interface', 'dependencies': OrderedDict()}
[0.000262] (yolov8_interface) JobStarted: {'identifier': 'yolov8_interface'}
[0.042459] (yolov8_interface) JobProgress: {'identifier': 'yolov8_interface', 'progress': 'cmake'}
[0.043173] (yolov8_interface) JobProgress: {'identifier': 'yolov8_interface', 'progress': 'build'}
[0.043765] (yolov8_interface) Command: {'cmd': ['/Users/howardkang/miniconda3/envs/ros2/bin/cmake', '--build', '/Users/howardkang/auto_car/build/yolov8_interface', '--', '-j8', '-l8'], 'cwd': '/Users/howardkang/auto_car/build/yolov8_interface', 'env': OrderedDict([('AS', 'arm64-apple-darwin20.0.0-as'), ('AR', 'arm64-apple-darwin20.0.0-ar'), ('LDFLAGS', '-Wl,-pie -Wl,-headerpad_max_install_names -Wl,-dead_strip_dylibs -Wl,-rpath,/Users/howardkang/miniconda3/envs/ros2/lib -L/Users/howardkang/miniconda3/envs/ros2/lib'), ('ac_cv_func_malloc_0_nonnull', 'yes'), ('TERM_PROGRAM', 'Apple_Terminal'), ('GDAL_DRIVER_PATH', '/Users/howardkang/miniconda3/envs/ros2/lib/gdalplugins'), ('ac_cv_func_realloc_0_nonnull', 'yes'), ('PROJ_DATA', '/Users/howardkang/miniconda3/envs/ros2/share/proj'), ('GEM_HOME', '/Users/howardkang/miniconda3/envs/ros2/share/rubygems/'), ('TERM', 'xterm-256color'), ('SHELL', '/bin/bash'), ('HOST', 'arm64-apple-darwin20.0.0'), ('OBJC', 'arm64-apple-darwin20.0.0-clang'), ('NM', 'arm64-apple-darwin20.0.0-nm'), ('TMPDIR', '/var/folders/gt/yt8_jftd34j813fpcqn_mz500000gn/T/'), ('CPPFLAGS', '-D_FORTIFY_SOURCE=2 -isystem /Users/howardkang/miniconda3/envs/ros2/include'), ('CONDA_SHLVL', '2'), ('PAGESTUFF', 'arm64-apple-darwin20.0.0-pagestuff'), ('TERM_PROGRAM_VERSION', '452'), ('CONDA_PROMPT_MODIFIER', '(ros2)'), ('LIPO', 'arm64-apple-darwin20.0.0-lipo'), ('GAZEBO_MODEL_PATH', '/Users/howardkang/miniconda3/envs/ros2/share/gazebo-11/models:'), ('NMEDIT', 'arm64-apple-darwin20.0.0-nmedit'), ('SIZE', 'arm64-apple-darwin20.0.0-size'), ('GSETTINGS_SCHEMA_DIR_CONDA_BACKUP', ''), ('SDKROOT', '/Library/Developer/CommandLineTools/SDKs/MacOSX.sdk'), ('ROS_PYTHON_VERSION', '3'), ('TERM_SESSION_ID', '49F1C21A-8D21-4E8F-B152-A3FA27DD9FA7'), ('ROS_VERSION', '2'), ('INSTALL_NAME_TOOL', 'arm64-apple-darwin20.0.0-install_name_tool'), ('CXX_FOR_BUILD', '/Users/howardkang/miniconda3/envs/ros2/bin/arm64-apple-darwin20.0.0-clang++'), ('AMENT_PREFIX_PATH', '/Users/howardkang/miniconda3/envs/ros2'), ('GFORTRAN', '/Users/howardkang/miniconda3/envs/ros2/bin/arm64-apple-darwin20.0.0-gfortran'), ('SEGEDIT', 'arm64-apple-darwin20.0.0-segedit'), ('USER', 'howardkang'), ('SEG_HACK', 'arm64-apple-darwin20.0.0-seg_hack'), ('LD_LIBRARY_PATH', ':/Users/howardkang/miniconda3/envs/ros2/lib/gazebo-11/plugins:'), ('LIBTOOL', 'arm64-apple-darwin20.0.0-libtool'), ('CLANGXX', 'arm64-apple-darwin20.0.0-clang++'), ('CONDA_EXE', '/Users/howardkang/miniconda3/bin/conda'), ('FC_FOR_BUILD', '/Users/howardkang/miniconda3/envs/ros2/bin/arm64-apple-darwin20.0.0-gfortran'), ('CONDA_TOOLCHAIN_BUILD', 'arm64-apple-darwin20.0.0'), ('OTOOL', 'arm64-apple-darwin20.0.0-otool'), ('SSH_AUTH_SOCK', '/private/tmp/com.apple.launchd.wk9mgPo29b/Listeners'), ('__CF_USER_TEXT_ENCODING', '0x1F5:0x0:0x0'), ('DEBUG_FORTRANFLAGS', '-march=armv8.3-a -ftree-vectorize -fPIC -fno-stack-protector -O2 -pipe -isystem /Users/howardkang/miniconda3/envs/ros2/include -march=armv8.3-a -ftree-vectorize -fPIC -fno-stack-protector -O2 -pipe -Og -g -Wall -Wextra -fcheck=all -fbacktrace -fimplicit-none -fvar-tracking-assignments'), ('CXXFLAGS', '-ftree-vectorize -fPIC -fPIE -fstack-protector-strong -O2 -pipe -stdlib=libc++ -fvisibility-inlines-hidden -fmessage-length=0 -isystem /Users/howardkang/miniconda3/envs/ros2/include'), ('ROS_OS_OVERRIDE', 'conda:osx'), ('CONDA_TOOLCHAIN_HOST', 'arm64-apple-darwin20.0.0'), ('STRINGS', 'arm64-apple-darwin20.0.0-strings'), ('_CE_CONDA', ''), ('CONDA_PREFIX_1', '/Users/howardkang/miniconda3'), ('CHECKSYMS', 'arm64-apple-darwin20.0.0-checksyms'), ('PATH', '/Users/howardkang/miniconda3/envs/ros2/share/rubygems/bin:/Users/howardkang/miniconda3/envs/ros2/bin:/Users/howardkang/miniconda3/condabin:/usr/local/bin:/your/jupyterlab/directory:/Users/howardkang/Library/Python/3.9/lib/python/site-packages:/Users/howardkang/.local/bin:/usr/bin:/bin:/usr/sbin:/sbin:/usr/local/bin:/usr$'), ('MAVEN_HOME', '/Users/howardkang/apache-maven-3.9.5'), ('GAZEBO_RESOURCE_PATH', '/Users/howardkang/miniconda3/envs/ros2/share/gazebo-11:'), ('CPL_ZIP_ENCODING', 'UTF-8'), ('MESON_ARGS', '--buildtype release'), ('GSETTINGS_SCHEMA_DIR', '/Users/howardkang/miniconda3/envs/ros2/share/glib-2.0/schemas'), ('PROJ_NETWORK', 'ON'), ('XML_CATALOG_FILES', 'file:///Users/howardkang/miniconda3/envs/ros2/etc/xml/catalog file:///etc/xml/catalog'), ('__CFBundleIdentifier', 'com.apple.Terminal'), ('CONDA_PREFIX', '/Users/howardkang/miniconda3/envs/ros2'), ('LD', 'arm64-apple-darwin20.0.0-ld'), ('BUILD', 'arm64-apple-darwin20.0.0'), ('DEBUG_CXXFLAGS', '-ftree-vectorize -fPIC -fPIE -fstack-protector-strong -O2 -pipe -stdlib=libc++ -fvisibility-inlines-hidden -fmessage-length=0 -Og -g -Wall -Wextra -isystem /Users/howardkang/miniconda3/envs/ros2/include'), ('PWD', '/Users/howardkang/auto_car/build/yolov8_interface'), ('F90', '/Users/howardkang/miniconda3/envs/ros2/bin/arm64-apple-darwin20.0.0-gfortran'), ('COLCON', '1'), ('STRIP', 'arm64-apple-darwin20.0.0-strip'), ('OGRE_RESOURCE_PATH', '/Users/howardkang/miniconda3/envs/ros2/lib/OGRE'), ('CMAKE_ARGS', '-DCMAKE_AR=/Users/howardkang/miniconda3/envs/ros2/bin/arm64-apple-darwin20.0.0-ar -DCMAKE_CXX_COMPILER_AR=/Users/howardkang/miniconda3/envs/ros2/bin/arm64-apple-darwin20.0.0-ar -DCMAKE_C_COMPILER_AR=/Users/howardkang/miniconda3/envs/ros2/bin/arm64-apple-darwin20.0.0-ar -DCMAKE_RANLIB=/Users/howardkang/miniconda3/envs/ros2/bin/arm64-apple-darwin20.0.0-ranlib -DCMAKE_CXX_COMPILER_RANLIB=/Users/howardkang/miniconda3/envs/ros2/bin/arm64-apple-darwin20.0.0-ranlib -DCMAKE_C_COMPILER_RANLIB=/Users/howardkang/miniconda3/envs/ros2/bin/arm64-apple-darwin20.0.0-ranlib -DCMAKE_LINKER=/Users/howardkang/miniconda3/envs/ros2/bin/arm64-apple-darwin20.0.0-ld -DCMAKE_STRIP=/Users/howardkang/miniconda3/envs/ros2/bin/arm64-apple-darwin20.0.0-strip -DCMAKE_INSTALL_NAME_TOOL=/Users/howardkang/miniconda3/envs/ros2/bin/arm64-apple-darwin20.0.0-install_name_tool -DCMAKE_LIBTOOL=/Users/howardkang/miniconda3/envs/ros2/bin/arm64-apple-darwin20.0.0-libtool -DCMAKE_BUILD_TYPE=Release -DCMAKE_OSX_SYSROOT=/Library/Developer/CommandLineTools/SDKs/MacOSX.sdk'), ('F95', '/Users/howardkang/miniconda3/envs/ros2/bin/arm64-apple-darwin20.0.0-gfortran'), ('GAZEBO_MASTER_URI', 'http://localhost:11345'), ('XPC_FLAGS', '0x0'), ('DEBUG_FFLAGS', '-march=armv8.3-a -ftree-vectorize -fPIC -fno-stack-protector -O2 -pipe -isystem /Users/howardkang/miniconda3/envs/ros2/include -march=armv8.3-a -ftree-vectorize -fPIC -fno-stack-protector -O2 -pipe -Og -g -Wall -Wextra -fcheck=all -fbacktrace -fimplicit-none -fvar-tracking-assignments'), ('RMW_IMPLEMENTATION', 'rmw_cyclonedds_cpp'), ('F77', '/Users/howardkang/miniconda3/envs/ros2/bin/arm64-apple-darwin20.0.0-gfortran'), ('REDO_PREBINDING', 'arm64-apple-darwin20.0.0-redo_prebinding'), ('GDAL_DATA', '/Users/howardkang/miniconda3/envs/ros2/share/gdal'), ('XPC_SERVICE_NAME', '0'), ('_CE_M', ''), ('CLANG', 'arm64-apple-darwin20.0.0-clang'), ('CC_FOR_BUILD', '/Users/howardkang/miniconda3/envs/ros2/bin/arm64-apple-darwin20.0.0-clang'), ('CXX', 'arm64-apple-darwin20.0.0-clang++'), ('HOME', '/Users/howardkang'), ('SHLVL', '2'), ('OPENSSL_ROOT_DIR', '/opt/homebrew/opt/openssl@3'), ('ROS_DISTRO', 'humble'), ('FORTRANFLAGS', '-march=armv8.3-a -ftree-vectorize -fPIC -fno-stack-protector -O2 -pipe -isystem /Users/howardkang/miniconda3/envs/ros2/include'), ('CFLAGS', '-ftree-vectorize -fPIC -fPIE -fstack-protector-strong -O2 -pipe -isystem /Users/howardkang/miniconda3/envs/ros2/include'), ('FC', '/Users/howardkang/miniconda3/envs/ros2/bin/arm64-apple-darwin20.0.0-gfortran'), ('_CONDA_PYTHON_SYSCONFIGDATA_NAME', '_sysconfigdata_arm64_apple_darwin20_0_0'), ('GAZEBO_PLUGIN_PATH', '/Users/howardkang/miniconda3/envs/ros2/lib/gazebo-11/plugins:'), ('LOGNAME', 'howardkang'), ('CONDA_PYTHON_EXE', '/Users/howardkang/miniconda3/bin/python'), ('PYTHONPATH', '/Users/howardkang/miniconda3/envs/ros2/lib/python310/site-packages:/Users/howardkang/miniconda3/envs/ros2/lib/python3.10/site-packages'), ('M1_HOME', '/Users/pankaj/Downloads/apache-maven-3.9.5'), ('LC_CTYPE', 'UTF-8'), ('build_alias', 'arm64-apple-darwin20.0.0'), ('CONDA_DEFAULT_ENV', 'ros2'), ('GAZEBO_MODEL_DATABASE_URI', 'http://models.gazebosim.org'), ('RANLIB', 'arm64-apple-darwin20.0.0-ranlib'), ('DEBUG_CFLAGS', '-ftree-vectorize -fPIC -fPIE -fstack-protector-strong -O2 -pipe -Og -g -Wall -Wextra -isystem /Users/howardkang/miniconda3/envs/ros2/include'), ('SEG_ADDR_TABLE', 'arm64-apple-darwin20.0.0-seg_addr_table'), ('CC', 'arm64-apple-darwin20.0.0-clang'), ('CMAKE_PREFIX_PATH', ':/Users/howardkang/miniconda3/envs/ros2'), ('host_alias', 'arm64-apple-darwin20.0.0'), ('ROS_LOCALHOST_ONLY', '0'), ('LDFLAGS_LD', '-pie -headerpad_max_install_names -dead_strip_dylibs -rpath /Users/howardkang/miniconda3/envs/ros2/lib -L/Users/howardkang/miniconda3/envs/ros2/lib'), ('FFLAGS', '-march=armv8.3-a -ftree-vectorize -fPIC -fno-stack-protector -O2 -pipe -isystem /Users/howardkang/miniconda3/envs/ros2/include'), ('OBJC_FOR_BUILD', '/Users/howardkang/miniconda3/envs/ros2/bin/arm64-apple-darwin20.0.0-clang'), ('ROS_ETC_DIR', '/Users/howardkang/miniconda3/envs/ros2/etc/ros'), ('_', '/Users/howardkang/miniconda3/envs/ros2/bin/env')]), 'shell': False}
[0.101056] (-) TimerEvent: {}
[0.123518] (yolov8_interface) StdoutLine: {'line': b'[  2%] Built target yolov8_interface__cpp\n'}
[0.127602] (yolov8_interface) StdoutLine: {'line': b'[ 12%] Built target yolov8_interface__rosidl_generator_c\n'}
[0.139941] (yolov8_interface) StdoutLine: {'line': b'[ 12%] Built target ament_cmake_python_copy_yolov8_interface\n'}
[0.180135] (yolov8_interface) StdoutLine: {'line': b'[ 23%] Built target yolov8_interface__rosidl_typesupport_introspection_c\n'}
[0.184634] (yolov8_interface) StdoutLine: {'line': b'[ 33%] Built target yolov8_interface__rosidl_typesupport_c\n'}
[0.201552] (-) TimerEvent: {}
[0.201708] (yolov8_interface) StdoutLine: {'line': b'[ 43%] Built target yolov8_interface__rosidl_typesupport_cpp\n'}
[0.202455] (yolov8_interface) StdoutLine: {'line': b'[ 61%] Built target yolov8_interface__rosidl_typesupport_introspection_cpp\n'}
[0.202783] (yolov8_interface) StdoutLine: {'line': b'[ 64%] Built target yolov8_interface__rosidl_typesupport_fastrtps_cpp\n'}
[0.205011] (yolov8_interface) StdoutLine: {'line': b'[ 74%] Built target yolov8_interface__rosidl_typesupport_fastrtps_c\n'}
[0.232410] (yolov8_interface) StdoutLine: {'line': b'[ 74%] Built target yolov8_interface\n'}
[0.260715] (yolov8_interface) StdoutLine: {'line': b'[ 76%] Built target yolov8_interface__py\n'}
[0.295401] (yolov8_interface) StdoutLine: {'line': b'[ 84%] Built target yolov8_interface__rosidl_generator_py\n'}
[0.302428] (-) TimerEvent: {}
[0.333015] (yolov8_interface) StdoutLine: {'line': b'[ 97%] Built target yolov8_interface__rosidl_typesupport_c__pyext\n'}
[0.333209] (yolov8_interface) StdoutLine: {'line': b'[ 97%] Built target yolov8_interface__rosidl_typesupport_fastrtps_c__pyext\n'}
[0.333259] (yolov8_interface) StdoutLine: {'line': b'[100%] Built target yolov8_interface__rosidl_typesupport_introspection_c__pyext\n'}
[0.407447] (-) TimerEvent: {}
[0.512553] (-) TimerEvent: {}
[0.527022] (yolov8_interface) StdoutLine: {'line': b'running egg_info\n'}
[0.561271] (yolov8_interface) StdoutLine: {'line': b'writing yolov8_interface.egg-info/PKG-INFO\n'}
[0.587249] (yolov8_interface) StdoutLine: {'line': b'writing dependency_links to yolov8_interface.egg-info/dependency_links.txt\n'}
[0.617566] (-) TimerEvent: {}
[0.722082] (-) TimerEvent: {}
[0.747922] (yolov8_interface) StdoutLine: {'line': b'writing top-level names to yolov8_interface.egg-info/top_level.txt\n'}
[0.801656] (yolov8_interface) StdoutLine: {'line': b"reading manifest file 'yolov8_interface.egg-info/SOURCES.txt'\n"}
[0.802086] (yolov8_interface) StdoutLine: {'line': b"writing manifest file 'yolov8_interface.egg-info/SOURCES.txt'\n"}
[0.824531] (-) TimerEvent: {}
[0.830281] (yolov8_interface) StdoutLine: {'line': b'[100%] Built target ament_cmake_python_build_yolov8_interface_egg\n'}
[0.843469] (yolov8_interface) CommandEnded: {'returncode': 0}
[0.929649] (-) TimerEvent: {}
[1.030577] (-) TimerEvent: {}
[1.072384] (yolov8_interface) JobProgress: {'identifier': 'yolov8_interface', 'progress': 'install'}
[1.083925] (yolov8_interface) Command: {'cmd': ['/Users/howardkang/miniconda3/envs/ros2/bin/cmake', '--install', '/Users/howardkang/auto_car/build/yolov8_interface'], 'cwd': '/Users/howardkang/auto_car/build/yolov8_interface', 'env': OrderedDict([('AS', 'arm64-apple-darwin20.0.0-as'), ('AR', 'arm64-apple-darwin20.0.0-ar'), ('LDFLAGS', '-Wl,-pie -Wl,-headerpad_max_install_names -Wl,-dead_strip_dylibs -Wl,-rpath,/Users/howardkang/miniconda3/envs/ros2/lib -L/Users/howardkang/miniconda3/envs/ros2/lib'), ('ac_cv_func_malloc_0_nonnull', 'yes'), ('TERM_PROGRAM', 'Apple_Terminal'), ('GDAL_DRIVER_PATH', '/Users/howardkang/miniconda3/envs/ros2/lib/gdalplugins'), ('ac_cv_func_realloc_0_nonnull', 'yes'), ('PROJ_DATA', '/Users/howardkang/miniconda3/envs/ros2/share/proj'), ('GEM_HOME', '/Users/howardkang/miniconda3/envs/ros2/share/rubygems/'), ('TERM', 'xterm-256color'), ('SHELL', '/bin/bash'), ('HOST', 'arm64-apple-darwin20.0.0'), ('OBJC', 'arm64-apple-darwin20.0.0-clang'), ('NM', 'arm64-apple-darwin20.0.0-nm'), ('TMPDIR', '/var/folders/gt/yt8_jftd34j813fpcqn_mz500000gn/T/'), ('CPPFLAGS', '-D_FORTIFY_SOURCE=2 -isystem /Users/howardkang/miniconda3/envs/ros2/include'), ('CONDA_SHLVL', '2'), ('PAGESTUFF', 'arm64-apple-darwin20.0.0-pagestuff'), ('TERM_PROGRAM_VERSION', '452'), ('CONDA_PROMPT_MODIFIER', '(ros2)'), ('LIPO', 'arm64-apple-darwin20.0.0-lipo'), ('GAZEBO_MODEL_PATH', '/Users/howardkang/miniconda3/envs/ros2/share/gazebo-11/models:'), ('NMEDIT', 'arm64-apple-darwin20.0.0-nmedit'), ('SIZE', 'arm64-apple-darwin20.0.0-size'), ('GSETTINGS_SCHEMA_DIR_CONDA_BACKUP', ''), ('SDKROOT', '/Library/Developer/CommandLineTools/SDKs/MacOSX.sdk'), ('ROS_PYTHON_VERSION', '3'), ('TERM_SESSION_ID', '49F1C21A-8D21-4E8F-B152-A3FA27DD9FA7'), ('ROS_VERSION', '2'), ('INSTALL_NAME_TOOL', 'arm64-apple-darwin20.0.0-install_name_tool'), ('CXX_FOR_BUILD', '/Users/howardkang/miniconda3/envs/ros2/bin/arm64-apple-darwin20.0.0-clang++'), ('AMENT_PREFIX_PATH', '/Users/howardkang/miniconda3/envs/ros2'), ('GFORTRAN', '/Users/howardkang/miniconda3/envs/ros2/bin/arm64-apple-darwin20.0.0-gfortran'), ('SEGEDIT', 'arm64-apple-darwin20.0.0-segedit'), ('USER', 'howardkang'), ('SEG_HACK', 'arm64-apple-darwin20.0.0-seg_hack'), ('LD_LIBRARY_PATH', ':/Users/howardkang/miniconda3/envs/ros2/lib/gazebo-11/plugins:'), ('LIBTOOL', 'arm64-apple-darwin20.0.0-libtool'), ('CLANGXX', 'arm64-apple-darwin20.0.0-clang++'), ('CONDA_EXE', '/Users/howardkang/miniconda3/bin/conda'), ('FC_FOR_BUILD', '/Users/howardkang/miniconda3/envs/ros2/bin/arm64-apple-darwin20.0.0-gfortran'), ('CONDA_TOOLCHAIN_BUILD', 'arm64-apple-darwin20.0.0'), ('OTOOL', 'arm64-apple-darwin20.0.0-otool'), ('SSH_AUTH_SOCK', '/private/tmp/com.apple.launchd.wk9mgPo29b/Listeners'), ('__CF_USER_TEXT_ENCODING', '0x1F5:0x0:0x0'), ('DEBUG_FORTRANFLAGS', '-march=armv8.3-a -ftree-vectorize -fPIC -fno-stack-protector -O2 -pipe -isystem /Users/howardkang/miniconda3/envs/ros2/include -march=armv8.3-a -ftree-vectorize -fPIC -fno-stack-protector -O2 -pipe -Og -g -Wall -Wextra -fcheck=all -fbacktrace -fimplicit-none -fvar-tracking-assignments'), ('CXXFLAGS', '-ftree-vectorize -fPIC -fPIE -fstack-protector-strong -O2 -pipe -stdlib=libc++ -fvisibility-inlines-hidden -fmessage-length=0 -isystem /Users/howardkang/miniconda3/envs/ros2/include'), ('ROS_OS_OVERRIDE', 'conda:osx'), ('CONDA_TOOLCHAIN_HOST', 'arm64-apple-darwin20.0.0'), ('STRINGS', 'arm64-apple-darwin20.0.0-strings'), ('_CE_CONDA', ''), ('CONDA_PREFIX_1', '/Users/howardkang/miniconda3'), ('CHECKSYMS', 'arm64-apple-darwin20.0.0-checksyms'), ('PATH', '/Users/howardkang/miniconda3/envs/ros2/share/rubygems/bin:/Users/howardkang/miniconda3/envs/ros2/bin:/Users/howardkang/miniconda3/condabin:/usr/local/bin:/your/jupyterlab/directory:/Users/howardkang/Library/Python/3.9/lib/python/site-packages:/Users/howardkang/.local/bin:/usr/bin:/bin:/usr/sbin:/sbin:/usr/local/bin:/usr$'), ('MAVEN_HOME', '/Users/howardkang/apache-maven-3.9.5'), ('GAZEBO_RESOURCE_PATH', '/Users/howardkang/miniconda3/envs/ros2/share/gazebo-11:'), ('CPL_ZIP_ENCODING', 'UTF-8'), ('MESON_ARGS', '--buildtype release'), ('GSETTINGS_SCHEMA_DIR', '/Users/howardkang/miniconda3/envs/ros2/share/glib-2.0/schemas'), ('PROJ_NETWORK', 'ON'), ('XML_CATALOG_FILES', 'file:///Users/howardkang/miniconda3/envs/ros2/etc/xml/catalog file:///etc/xml/catalog'), ('__CFBundleIdentifier', 'com.apple.Terminal'), ('CONDA_PREFIX', '/Users/howardkang/miniconda3/envs/ros2'), ('LD', 'arm64-apple-darwin20.0.0-ld'), ('BUILD', 'arm64-apple-darwin20.0.0'), ('DEBUG_CXXFLAGS', '-ftree-vectorize -fPIC -fPIE -fstack-protector-strong -O2 -pipe -stdlib=libc++ -fvisibility-inlines-hidden -fmessage-length=0 -Og -g -Wall -Wextra -isystem /Users/howardkang/miniconda3/envs/ros2/include'), ('PWD', '/Users/howardkang/auto_car/build/yolov8_interface'), ('F90', '/Users/howardkang/miniconda3/envs/ros2/bin/arm64-apple-darwin20.0.0-gfortran'), ('COLCON', '1'), ('STRIP', 'arm64-apple-darwin20.0.0-strip'), ('OGRE_RESOURCE_PATH', '/Users/howardkang/miniconda3/envs/ros2/lib/OGRE'), ('CMAKE_ARGS', '-DCMAKE_AR=/Users/howardkang/miniconda3/envs/ros2/bin/arm64-apple-darwin20.0.0-ar -DCMAKE_CXX_COMPILER_AR=/Users/howardkang/miniconda3/envs/ros2/bin/arm64-apple-darwin20.0.0-ar -DCMAKE_C_COMPILER_AR=/Users/howardkang/miniconda3/envs/ros2/bin/arm64-apple-darwin20.0.0-ar -DCMAKE_RANLIB=/Users/howardkang/miniconda3/envs/ros2/bin/arm64-apple-darwin20.0.0-ranlib -DCMAKE_CXX_COMPILER_RANLIB=/Users/howardkang/miniconda3/envs/ros2/bin/arm64-apple-darwin20.0.0-ranlib -DCMAKE_C_COMPILER_RANLIB=/Users/howardkang/miniconda3/envs/ros2/bin/arm64-apple-darwin20.0.0-ranlib -DCMAKE_LINKER=/Users/howardkang/miniconda3/envs/ros2/bin/arm64-apple-darwin20.0.0-ld -DCMAKE_STRIP=/Users/howardkang/miniconda3/envs/ros2/bin/arm64-apple-darwin20.0.0-strip -DCMAKE_INSTALL_NAME_TOOL=/Users/howardkang/miniconda3/envs/ros2/bin/arm64-apple-darwin20.0.0-install_name_tool -DCMAKE_LIBTOOL=/Users/howardkang/miniconda3/envs/ros2/bin/arm64-apple-darwin20.0.0-libtool -DCMAKE_BUILD_TYPE=Release -DCMAKE_OSX_SYSROOT=/Library/Developer/CommandLineTools/SDKs/MacOSX.sdk'), ('F95', '/Users/howardkang/miniconda3/envs/ros2/bin/arm64-apple-darwin20.0.0-gfortran'), ('GAZEBO_MASTER_URI', 'http://localhost:11345'), ('XPC_FLAGS', '0x0'), ('DEBUG_FFLAGS', '-march=armv8.3-a -ftree-vectorize -fPIC -fno-stack-protector -O2 -pipe -isystem /Users/howardkang/miniconda3/envs/ros2/include -march=armv8.3-a -ftree-vectorize -fPIC -fno-stack-protector -O2 -pipe -Og -g -Wall -Wextra -fcheck=all -fbacktrace -fimplicit-none -fvar-tracking-assignments'), ('RMW_IMPLEMENTATION', 'rmw_cyclonedds_cpp'), ('F77', '/Users/howardkang/miniconda3/envs/ros2/bin/arm64-apple-darwin20.0.0-gfortran'), ('REDO_PREBINDING', 'arm64-apple-darwin20.0.0-redo_prebinding'), ('GDAL_DATA', '/Users/howardkang/miniconda3/envs/ros2/share/gdal'), ('XPC_SERVICE_NAME', '0'), ('_CE_M', ''), ('CLANG', 'arm64-apple-darwin20.0.0-clang'), ('CC_FOR_BUILD', '/Users/howardkang/miniconda3/envs/ros2/bin/arm64-apple-darwin20.0.0-clang'), ('CXX', 'arm64-apple-darwin20.0.0-clang++'), ('HOME', '/Users/howardkang'), ('SHLVL', '2'), ('OPENSSL_ROOT_DIR', '/opt/homebrew/opt/openssl@3'), ('ROS_DISTRO', 'humble'), ('FORTRANFLAGS', '-march=armv8.3-a -ftree-vectorize -fPIC -fno-stack-protector -O2 -pipe -isystem /Users/howardkang/miniconda3/envs/ros2/include'), ('CFLAGS', '-ftree-vectorize -fPIC -fPIE -fstack-protector-strong -O2 -pipe -isystem /Users/howardkang/miniconda3/envs/ros2/include'), ('FC', '/Users/howardkang/miniconda3/envs/ros2/bin/arm64-apple-darwin20.0.0-gfortran'), ('_CONDA_PYTHON_SYSCONFIGDATA_NAME', '_sysconfigdata_arm64_apple_darwin20_0_0'), ('GAZEBO_PLUGIN_PATH', '/Users/howardkang/miniconda3/envs/ros2/lib/gazebo-11/plugins:'), ('LOGNAME', 'howardkang'), ('CONDA_PYTHON_EXE', '/Users/howardkang/miniconda3/bin/python'), ('PYTHONPATH', '/Users/howardkang/miniconda3/envs/ros2/lib/python310/site-packages:/Users/howardkang/miniconda3/envs/ros2/lib/python3.10/site-packages'), ('M1_HOME', '/Users/pankaj/Downloads/apache-maven-3.9.5'), ('LC_CTYPE', 'UTF-8'), ('build_alias', 'arm64-apple-darwin20.0.0'), ('CONDA_DEFAULT_ENV', 'ros2'), ('GAZEBO_MODEL_DATABASE_URI', 'http://models.gazebosim.org'), ('RANLIB', 'arm64-apple-darwin20.0.0-ranlib'), ('DEBUG_CFLAGS', '-ftree-vectorize -fPIC -fPIE -fstack-protector-strong -O2 -pipe -Og -g -Wall -Wextra -isystem /Users/howardkang/miniconda3/envs/ros2/include'), ('SEG_ADDR_TABLE', 'arm64-apple-darwin20.0.0-seg_addr_table'), ('CC', 'arm64-apple-darwin20.0.0-clang'), ('CMAKE_PREFIX_PATH', ':/Users/howardkang/miniconda3/envs/ros2'), ('host_alias', 'arm64-apple-darwin20.0.0'), ('ROS_LOCALHOST_ONLY', '0'), ('LDFLAGS_LD', '-pie -headerpad_max_install_names -dead_strip_dylibs -rpath /Users/howardkang/miniconda3/envs/ros2/lib -L/Users/howardkang/miniconda3/envs/ros2/lib'), ('FFLAGS', '-march=armv8.3-a -ftree-vectorize -fPIC -fno-stack-protector -O2 -pipe -isystem /Users/howardkang/miniconda3/envs/ros2/include'), ('OBJC_FOR_BUILD', '/Users/howardkang/miniconda3/envs/ros2/bin/arm64-apple-darwin20.0.0-clang'), ('ROS_ETC_DIR', '/Users/howardkang/miniconda3/envs/ros2/etc/ros'), ('_', '/Users/howardkang/miniconda3/envs/ros2/bin/env')]), 'shell': False}
[1.094192] (yolov8_interface) StdoutLine: {'line': b'-- Install configuration: ""\n'}
[1.094269] (yolov8_interface) StdoutLine: {'line': b'-- Up-to-date: /Users/howardkang/auto_car/install/yolov8_interface/share/ament_index/resource_index/rosidl_interfaces/yolov8_interface\n'}
[1.094355] (yolov8_interface) StdoutLine: {'line': b'-- Up-to-date: /Users/howardkang/auto_car/install/yolov8_interface/include/yolov8_interface/yolov8_interface\n'}
[1.094436] (yolov8_interface) StdoutLine: {'line': b'-- Up-to-date: /Users/howardkang/auto_car/install/yolov8_interface/include/yolov8_interface/yolov8_interface/msg\n'}
[1.094481] (yolov8_interface) StdoutLine: {'line': b'-- Up-to-date: /Users/howardkang/auto_car/install/yolov8_interface/include/yolov8_interface/yolov8_interface/msg/inference_result.h\n'}
[1.094520] (yolov8_interface) StdoutLine: {'line': b'-- Up-to-date: /Users/howardkang/auto_car/install/yolov8_interface/include/yolov8_interface/yolov8_interface/msg/rosidl_generator_c__visibility_control.h\n'}
[1.094628] (yolov8_interface) StdoutLine: {'line': b'-- Up-to-date: /Users/howardkang/auto_car/install/yolov8_interface/include/yolov8_interface/yolov8_interface/msg/yolov8_inference.h\n'}
[1.094694] (yolov8_interface) StdoutLine: {'line': b'-- Up-to-date: /Users/howardkang/auto_car/install/yolov8_interface/include/yolov8_interface/yolov8_interface/msg/detail\n'}
[1.094782] (yolov8_interface) StdoutLine: {'line': b'-- Up-to-date: /Users/howardkang/auto_car/install/yolov8_interface/include/yolov8_interface/yolov8_interface/msg/detail/inference_result__struct.h\n'}
[1.094853] (yolov8_interface) StdoutLine: {'line': b'-- Up-to-date: /Users/howardkang/auto_car/install/yolov8_interface/include/yolov8_interface/yolov8_interface/msg/detail/yolov8_inference__struct.h\n'}
[1.094893] (yolov8_interface) StdoutLine: {'line': b'-- Up-to-date: /Users/howardkang/auto_car/install/yolov8_interface/include/yolov8_interface/yolov8_interface/msg/detail/yolov8_inference__functions.h\n'}
[1.094930] (yolov8_interface) StdoutLine: {'line': b'-- Up-to-date: /Users/howardkang/auto_car/install/yolov8_interface/include/yolov8_interface/yolov8_interface/msg/detail/inference_result__functions.c\n'}
[1.094975] (yolov8_interface) StdoutLine: {'line': b'-- Up-to-date: /Users/howardkang/auto_car/install/yolov8_interface/include/yolov8_interface/yolov8_interface/msg/detail/yolov8_inference__type_support.h\n'}
[1.095042] (yolov8_interface) StdoutLine: {'line': b'-- Up-to-date: /Users/howardkang/auto_car/install/yolov8_interface/include/yolov8_interface/yolov8_interface/msg/detail/inference_result__type_support.h\n'}
[1.095135] (yolov8_interface) StdoutLine: {'line': b'-- Up-to-date: /Users/howardkang/auto_car/install/yolov8_interface/include/yolov8_interface/yolov8_interface/msg/detail/yolov8_inference__functions.c\n'}
[1.095200] (yolov8_interface) StdoutLine: {'line': b'-- Up-to-date: /Users/howardkang/auto_car/install/yolov8_interface/include/yolov8_interface/yolov8_interface/msg/detail/inference_result__functions.h\n'}
[1.095240] (yolov8_interface) StdoutLine: {'line': b'-- Up-to-date: /Users/howardkang/auto_car/install/yolov8_interface/lib/libyolov8_interface__rosidl_generator_c.dylib\n'}
[1.095278] (yolov8_interface) StdoutLine: {'line': b'-- Up-to-date: /Users/howardkang/auto_car/install/yolov8_interface/include/yolov8_interface/yolov8_interface\n'}
[1.095313] (yolov8_interface) StdoutLine: {'line': b'-- Up-to-date: /Users/howardkang/auto_car/install/yolov8_interface/include/yolov8_interface/yolov8_interface/msg\n'}
[1.095348] (yolov8_interface) StdoutLine: {'line': b'-- Up-to-date: /Users/howardkang/auto_car/install/yolov8_interface/include/yolov8_interface/yolov8_interface/msg/detail\n'}
[1.095384] (yolov8_interface) StdoutLine: {'line': b'-- Up-to-date: /Users/howardkang/auto_car/install/yolov8_interface/include/yolov8_interface/yolov8_interface/msg/detail/yolov8_inference__rosidl_typesupport_fastrtps_c.h\n'}
[1.095420] (yolov8_interface) StdoutLine: {'line': b'-- Up-to-date: /Users/howardkang/auto_car/install/yolov8_interface/include/yolov8_interface/yolov8_interface/msg/detail/inference_result__rosidl_typesupport_fastrtps_c.h\n'}
[1.095465] (yolov8_interface) StdoutLine: {'line': b'-- Up-to-date: /Users/howardkang/auto_car/install/yolov8_interface/include/yolov8_interface/yolov8_interface/msg/rosidl_typesupport_fastrtps_c__visibility_control.h\n'}
[1.095497] (yolov8_interface) StdoutLine: {'line': b'-- Up-to-date: /Users/howardkang/auto_car/install/yolov8_interface/lib/libyolov8_interface__rosidl_typesupport_fastrtps_c.dylib\n'}
[1.096863] (yolov8_interface) StderrLine: {'line': b'error: /Users/howardkang/miniconda3/envs/ros2/bin/install_name_tool: no LC_RPATH load command with path: /Users/howardkang/auto_car/build/yolov8_interface found in: /Users/howardkang/auto_car/install/yolov8_interface/lib/libyolov8_interface__rosidl_typesupport_fastrtps_c.dylib (for architecture arm64), required for specified option "-delete_rpath /Users/howardkang/auto_car/build/yolov8_interface"\n'}
[1.097008] (yolov8_interface) StdoutLine: {'line': b'-- Up-to-date: /Users/howardkang/auto_car/install/yolov8_interface/include/yolov8_interface/yolov8_interface\n'}
[1.097149] (yolov8_interface) StdoutLine: {'line': b'-- Up-to-date: /Users/howardkang/auto_car/install/yolov8_interface/include/yolov8_interface/yolov8_interface/msg\n'}
[1.097241] (yolov8_interface) StdoutLine: {'line': b'-- Up-to-date: /Users/howardkang/auto_car/install/yolov8_interface/include/yolov8_interface/yolov8_interface/msg/inference_result.hpp\n'}
[1.097288] (yolov8_interface) StdoutLine: {'line': b'-- Up-to-date: /Users/howardkang/auto_car/install/yolov8_interface/include/yolov8_interface/yolov8_interface/msg/yolov8_inference.hpp\n'}
[1.097327] (yolov8_interface) StdoutLine: {'line': b'-- Up-to-date: /Users/howardkang/auto_car/install/yolov8_interface/include/yolov8_interface/yolov8_interface/msg/detail\n'}
[1.097362] (yolov8_interface) StdoutLine: {'line': b'-- Up-to-date: /Users/howardkang/auto_car/install/yolov8_interface/include/yolov8_interface/yolov8_interface/msg/detail/inference_result__struct.hpp\n'}
[1.097396] (yolov8_interface) StdoutLine: {'line': b'-- Up-to-date: /Users/howardkang/auto_car/install/yolov8_interface/include/yolov8_interface/yolov8_interface/msg/detail/inference_result__builder.hpp\n'}
[1.097492] (yolov8_interface) StdoutLine: {'line': b'-- Up-to-date: /Users/howardkang/auto_car/install/yolov8_interface/include/yolov8_interface/yolov8_interface/msg/detail/yolov8_inference__struct.hpp\n'}
[1.097556] (yolov8_interface) StdoutLine: {'line': b'-- Up-to-date: /Users/howardkang/auto_car/install/yolov8_interface/include/yolov8_interface/yolov8_interface/msg/detail/inference_result__traits.hpp\n'}
[1.097646] (yolov8_interface) StdoutLine: {'line': b'-- Up-to-date: /Users/howardkang/auto_car/install/yolov8_interface/include/yolov8_interface/yolov8_interface/msg/detail/yolov8_inference__builder.hpp\n'}
[1.097723] (yolov8_interface) StdoutLine: {'line': b'-- Up-to-date: /Users/howardkang/auto_car/install/yolov8_interface/include/yolov8_interface/yolov8_interface/msg/detail/yolov8_inference__traits.hpp\n'}
[1.097793] (yolov8_interface) StdoutLine: {'line': b'-- Up-to-date: /Users/howardkang/auto_car/install/yolov8_interface/include/yolov8_interface/yolov8_interface\n'}
[1.097863] (yolov8_interface) StdoutLine: {'line': b'-- Up-to-date: /Users/howardkang/auto_car/install/yolov8_interface/include/yolov8_interface/yolov8_interface/msg\n'}
[1.097920] (yolov8_interface) StdoutLine: {'line': b'-- Up-to-date: /Users/howardkang/auto_car/install/yolov8_interface/include/yolov8_interface/yolov8_interface/msg/rosidl_typesupport_fastrtps_cpp__visibility_control.h\n'}
[1.098011] (yolov8_interface) StdoutLine: {'line': b'-- Up-to-date: /Users/howardkang/auto_car/install/yolov8_interface/include/yolov8_interface/yolov8_interface/msg/detail\n'}
[1.098082] (yolov8_interface) StdoutLine: {'line': b'-- Up-to-date: /Users/howardkang/auto_car/install/yolov8_interface/include/yolov8_interface/yolov8_interface/msg/detail/yolov8_inference__rosidl_typesupport_fastrtps_cpp.hpp\n'}
[1.098166] (yolov8_interface) StdoutLine: {'line': b'-- Up-to-date: /Users/howardkang/auto_car/install/yolov8_interface/include/yolov8_interface/yolov8_interface/msg/detail/inference_result__rosidl_typesupport_fastrtps_cpp.hpp\n'}
[1.098240] (yolov8_interface) StdoutLine: {'line': b'-- Up-to-date: /Users/howardkang/auto_car/install/yolov8_interface/include/yolov8_interface/yolov8_interface/msg/detail/dds_fastrtps\n'}
[1.098292] (yolov8_interface) StdoutLine: {'line': b'-- Up-to-date: /Users/howardkang/auto_car/install/yolov8_interface/lib/libyolov8_interface__rosidl_typesupport_fastrtps_cpp.dylib\n'}
[1.098372] (yolov8_interface) StdoutLine: {'line': b'-- Up-to-date: /Users/howardkang/auto_car/install/yolov8_interface/include/yolov8_interface/yolov8_interface\n'}
[1.098424] (yolov8_interface) StdoutLine: {'line': b'-- Up-to-date: /Users/howardkang/auto_car/install/yolov8_interface/include/yolov8_interface/yolov8_interface/msg\n'}
[1.098462] (yolov8_interface) StdoutLine: {'line': b'-- Up-to-date: /Users/howardkang/auto_car/install/yolov8_interface/include/yolov8_interface/yolov8_interface/msg/detail\n'}
[1.098497] (yolov8_interface) StdoutLine: {'line': b'-- Up-to-date: /Users/howardkang/auto_car/install/yolov8_interface/include/yolov8_interface/yolov8_interface/msg/detail/inference_result__rosidl_typesupport_introspection_c.h\n'}
[1.098532] (yolov8_interface) StdoutLine: {'line': b'-- Up-to-date: /Users/howardkang/auto_car/install/yolov8_interface/include/yolov8_interface/yolov8_interface/msg/detail/inference_result__type_support.c\n'}
[1.098573] (yolov8_interface) StdoutLine: {'line': b'-- Up-to-date: /Users/howardkang/auto_car/install/yolov8_interface/include/yolov8_interface/yolov8_interface/msg/detail/yolov8_inference__rosidl_typesupport_introspection_c.h\n'}
[1.098607] (yolov8_interface) StdoutLine: {'line': b'-- Up-to-date: /Users/howardkang/auto_car/install/yolov8_interface/include/yolov8_interface/yolov8_interface/msg/detail/yolov8_inference__type_support.c\n'}
[1.098640] (yolov8_interface) StdoutLine: {'line': b'-- Up-to-date: /Users/howardkang/auto_car/install/yolov8_interface/include/yolov8_interface/yolov8_interface/msg/rosidl_typesupport_introspection_c__visibility_control.h\n'}
[1.098677] (yolov8_interface) StdoutLine: {'line': b'-- Installing: /Users/howardkang/auto_car/install/yolov8_interface/lib/libyolov8_interface__rosidl_typesupport_introspection_c.dylib\n'}
[1.101306] (yolov8_interface) StderrLine: {'line': b"[cctools-port]: generating fake signature for '/Users/howardkang/auto_car/install/yolov8_interface/lib/libyolov8_interface__rosidl_typesupport_introspection_c.dylib'\n"}
[1.108509] (yolov8_interface) StdoutLine: {'line': b'-- Installing: /Users/howardkang/auto_car/install/yolov8_interface/lib/libyolov8_interface__rosidl_typesupport_c.dylib\n'}
[1.110653] (yolov8_interface) StderrLine: {'line': b"[cctools-port]: generating fake signature for '/Users/howardkang/auto_car/install/yolov8_interface/lib/libyolov8_interface__rosidl_typesupport_c.dylib'\n"}
[1.117534] (yolov8_interface) StdoutLine: {'line': b'-- Up-to-date: /Users/howardkang/auto_car/install/yolov8_interface/include/yolov8_interface/yolov8_interface\n'}
[1.117668] (yolov8_interface) StdoutLine: {'line': b'-- Up-to-date: /Users/howardkang/auto_car/install/yolov8_interface/include/yolov8_interface/yolov8_interface/msg\n'}
[1.117749] (yolov8_interface) StdoutLine: {'line': b'-- Up-to-date: /Users/howardkang/auto_car/install/yolov8_interface/include/yolov8_interface/yolov8_interface/msg/detail\n'}
[1.117814] (yolov8_interface) StdoutLine: {'line': b'-- Up-to-date: /Users/howardkang/auto_car/install/yolov8_interface/include/yolov8_interface/yolov8_interface/msg/detail/inference_result__type_support.cpp\n'}
[1.117866] (yolov8_interface) StdoutLine: {'line': b'-- Up-to-date: /Users/howardkang/auto_car/install/yolov8_interface/include/yolov8_interface/yolov8_interface/msg/detail/yolov8_inference__type_support.cpp\n'}
[1.117936] (yolov8_interface) StdoutLine: {'line': b'-- Up-to-date: /Users/howardkang/auto_car/install/yolov8_interface/include/yolov8_interface/yolov8_interface/msg/detail/yolov8_inference__rosidl_typesupport_introspection_cpp.hpp\n'}
[1.117998] (yolov8_interface) StdoutLine: {'line': b'-- Up-to-date: /Users/howardkang/auto_car/install/yolov8_interface/include/yolov8_interface/yolov8_interface/msg/detail/inference_result__rosidl_typesupport_introspection_cpp.hpp\n'}
[1.118066] (yolov8_interface) StdoutLine: {'line': b'-- Up-to-date: /Users/howardkang/auto_car/install/yolov8_interface/lib/libyolov8_interface__rosidl_typesupport_introspection_cpp.dylib\n'}
[1.118101] (yolov8_interface) StdoutLine: {'line': b'-- Up-to-date: /Users/howardkang/auto_car/install/yolov8_interface/lib/libyolov8_interface__rosidl_typesupport_cpp.dylib\n'}
[1.118143] (yolov8_interface) StdoutLine: {'line': b'-- Up-to-date: /Users/howardkang/auto_car/install/yolov8_interface/share/yolov8_interface/environment/pythonpath.sh\n'}
[1.118180] (yolov8_interface) StdoutLine: {'line': b'-- Up-to-date: /Users/howardkang/auto_car/install/yolov8_interface/share/yolov8_interface/environment/pythonpath.dsv\n'}
[1.118214] (yolov8_interface) StdoutLine: {'line': b'-- Up-to-date: /Users/howardkang/auto_car/install/yolov8_interface/lib/python3.10/site-packages/yolov8_interface-0.0.0-py3.10.egg-info\n'}
[1.118249] (yolov8_interface) StdoutLine: {'line': b'-- Installing: /Users/howardkang/auto_car/install/yolov8_interface/lib/python3.10/site-packages/yolov8_interface-0.0.0-py3.10.egg-info/PKG-INFO\n'}
[1.118347] (yolov8_interface) StdoutLine: {'line': b'-- Installing: /Users/howardkang/auto_car/install/yolov8_interface/lib/python3.10/site-packages/yolov8_interface-0.0.0-py3.10.egg-info/SOURCES.txt\n'}
[1.118644] (yolov8_interface) StdoutLine: {'line': b'-- Installing: /Users/howardkang/auto_car/install/yolov8_interface/lib/python3.10/site-packages/yolov8_interface-0.0.0-py3.10.egg-info/top_level.txt\n'}
[1.118862] (yolov8_interface) StdoutLine: {'line': b'-- Installing: /Users/howardkang/auto_car/install/yolov8_interface/lib/python3.10/site-packages/yolov8_interface-0.0.0-py3.10.egg-info/dependency_links.txt\n'}
[1.119129] (yolov8_interface) StdoutLine: {'line': b'-- Up-to-date: /Users/howardkang/auto_car/install/yolov8_interface/lib/python3.10/site-packages/yolov8_interface\n'}
[1.119202] (yolov8_interface) StdoutLine: {'line': b'-- Up-to-date: /Users/howardkang/auto_car/install/yolov8_interface/lib/python3.10/site-packages/yolov8_interface/yolov8_interface_s__rosidl_typesupport_fastrtps_c.cpython-310-darwin.so\n'}
[1.119320] (yolov8_interface) StdoutLine: {'line': b'-- Up-to-date: /Users/howardkang/auto_car/install/yolov8_interface/lib/python3.10/site-packages/yolov8_interface/_yolov8_interface_s.ep.rosidl_typesupport_fastrtps_c.c\n'}
[1.119401] (yolov8_interface) StdoutLine: {'line': b'-- Up-to-date: /Users/howardkang/auto_car/install/yolov8_interface/lib/python3.10/site-packages/yolov8_interface/msg\n'}
[1.119510] (yolov8_interface) StdoutLine: {'line': b'-- Up-to-date: /Users/howardkang/auto_car/install/yolov8_interface/lib/python3.10/site-packages/yolov8_interface/msg/_inference_result_s.c\n'}
[1.119598] (yolov8_interface) StdoutLine: {'line': b'-- Up-to-date: /Users/howardkang/auto_car/install/yolov8_interface/lib/python3.10/site-packages/yolov8_interface/msg/__init__.py\n'}
[1.119665] (yolov8_interface) StdoutLine: {'line': b'-- Up-to-date: /Users/howardkang/auto_car/install/yolov8_interface/lib/python3.10/site-packages/yolov8_interface/msg/_inference_result.py\n'}
[1.119735] (yolov8_interface) StdoutLine: {'line': b'-- Up-to-date: /Users/howardkang/auto_car/install/yolov8_interface/lib/python3.10/site-packages/yolov8_interface/msg/_yolov8_inference_s.c\n'}
[1.119771] (yolov8_interface) StdoutLine: {'line': b'-- Up-to-date: /Users/howardkang/auto_car/install/yolov8_interface/lib/python3.10/site-packages/yolov8_interface/msg/_yolov8_inference.py\n'}
[1.119807] (yolov8_interface) StdoutLine: {'line': b'-- Up-to-date: /Users/howardkang/auto_car/install/yolov8_interface/lib/python3.10/site-packages/yolov8_interface/yolov8_interface_s__rosidl_typesupport_c.cpython-310-darwin.so\n'}
[1.119845] (yolov8_interface) StdoutLine: {'line': b'-- Up-to-date: /Users/howardkang/auto_car/install/yolov8_interface/lib/python3.10/site-packages/yolov8_interface/__init__.py\n'}
[1.119885] (yolov8_interface) StdoutLine: {'line': b'-- Up-to-date: /Users/howardkang/auto_car/install/yolov8_interface/lib/python3.10/site-packages/yolov8_interface/_yolov8_interface_s.ep.rosidl_typesupport_introspection_c.c\n'}
[1.119919] (yolov8_interface) StdoutLine: {'line': b'-- Up-to-date: /Users/howardkang/auto_car/install/yolov8_interface/lib/python3.10/site-packages/yolov8_interface/yolov8_interface_s__rosidl_typesupport_introspection_c.cpython-310-darwin.so\n'}
[1.119953] (yolov8_interface) StdoutLine: {'line': b'-- Up-to-date: /Users/howardkang/auto_car/install/yolov8_interface/lib/python3.10/site-packages/yolov8_interface/libyolov8_interface__rosidl_generator_py.dylib\n'}
[1.119986] (yolov8_interface) StdoutLine: {'line': b'-- Up-to-date: /Users/howardkang/auto_car/install/yolov8_interface/lib/python3.10/site-packages/yolov8_interface/_yolov8_interface_s.ep.rosidl_typesupport_c.c\n'}
[1.131191] (-) TimerEvent: {}
[1.141469] (yolov8_interface) StdoutLine: {'line': b"Listing 'lib/python3.10/site-packages/yolov8_interface'...\n"}
[1.141540] (yolov8_interface) StdoutLine: {'line': b"Can't list 'lib/python3.10/site-packages/yolov8_interface'\n"}
[1.143989] (yolov8_interface) StdoutLine: {'line': b'-- Up-to-date: /Users/howardkang/auto_car/install/yolov8_interface/lib/python3.10/site-packages/yolov8_interface/yolov8_interface_s__rosidl_typesupport_fastrtps_c.cpython-310-darwin.so\n'}
[1.145722] (yolov8_interface) StderrLine: {'line': b'error: /Users/howardkang/miniconda3/envs/ros2/bin/install_name_tool: no LC_RPATH load command with path: /Users/howardkang/auto_car/build/yolov8_interface/rosidl_generator_py/yolov8_interface found in: /Users/howardkang/auto_car/install/yolov8_interface/lib/python3.10/site-packages/yolov8_interface/yolov8_interface_s__rosidl_typesupport_fastrtps_c.cpython-310-darwin.so (for architecture arm64), required for specified option "-delete_rpath /Users/howardkang/auto_car/build/yolov8_interface/rosidl_generator_py/yolov8_interface"\n'}
[1.145794] (yolov8_interface) StderrLine: {'line': b'error: /Users/howardkang/miniconda3/envs/ros2/bin/install_name_tool: no LC_RPATH load command with path: /Users/howardkang/auto_car/build/yolov8_interface found in: /Users/howardkang/auto_car/install/yolov8_interface/lib/python3.10/site-packages/yolov8_interface/yolov8_interface_s__rosidl_typesupport_fastrtps_c.cpython-310-darwin.so (for architecture arm64), required for specified option "-delete_rpath /Users/howardkang/auto_car/build/yolov8_interface"\n'}
[1.145910] (yolov8_interface) StdoutLine: {'line': b'-- Up-to-date: /Users/howardkang/auto_car/install/yolov8_interface/lib/python3.10/site-packages/yolov8_interface/yolov8_interface_s__rosidl_typesupport_introspection_c.cpython-310-darwin.so\n'}
[1.147526] (yolov8_interface) StderrLine: {'line': b'error: /Users/howardkang/miniconda3/envs/ros2/bin/install_name_tool: no LC_RPATH load command with path: /Users/howardkang/auto_car/build/yolov8_interface/rosidl_generator_py/yolov8_interface found in: /Users/howardkang/auto_car/install/yolov8_interface/lib/python3.10/site-packages/yolov8_interface/yolov8_interface_s__rosidl_typesupport_introspection_c.cpython-310-darwin.so (for architecture arm64), required for specified option "-delete_rpath /Users/howardkang/auto_car/build/yolov8_interface/rosidl_generator_py/yolov8_interface"\n'}
[1.147591] (yolov8_interface) StderrLine: {'line': b'error: /Users/howardkang/miniconda3/envs/ros2/bin/install_name_tool: no LC_RPATH load command with path: /Users/howardkang/auto_car/build/yolov8_interface found in: /Users/howardkang/auto_car/install/yolov8_interface/lib/python3.10/site-packages/yolov8_interface/yolov8_interface_s__rosidl_typesupport_introspection_c.cpython-310-darwin.so (for architecture arm64), required for specified option "-delete_rpath /Users/howardkang/auto_car/build/yolov8_interface"\n'}
[1.147765] (yolov8_interface) StdoutLine: {'line': b'-- Up-to-date: /Users/howardkang/auto_car/install/yolov8_interface/lib/python3.10/site-packages/yolov8_interface/yolov8_interface_s__rosidl_typesupport_c.cpython-310-darwin.so\n'}
[1.149180] (yolov8_interface) StderrLine: {'line': b'error: /Users/howardkang/miniconda3/envs/ros2/bin/install_name_tool: no LC_RPATH load command with path: /Users/howardkang/auto_car/build/yolov8_interface/rosidl_generator_py/yolov8_interface found in: /Users/howardkang/auto_car/install/yolov8_interface/lib/python3.10/site-packages/yolov8_interface/yolov8_interface_s__rosidl_typesupport_c.cpython-310-darwin.so (for architecture arm64), required for specified option "-delete_rpath /Users/howardkang/auto_car/build/yolov8_interface/rosidl_generator_py/yolov8_interface"\n'}
[1.149238] (yolov8_interface) StderrLine: {'line': b'error: /Users/howardkang/miniconda3/envs/ros2/bin/install_name_tool: no LC_RPATH load command with path: /Users/howardkang/auto_car/build/yolov8_interface found in: /Users/howardkang/auto_car/install/yolov8_interface/lib/python3.10/site-packages/yolov8_interface/yolov8_interface_s__rosidl_typesupport_c.cpython-310-darwin.so (for architecture arm64), required for specified option "-delete_rpath /Users/howardkang/auto_car/build/yolov8_interface"\n'}
[1.149387] (yolov8_interface) StdoutLine: {'line': b'-- Up-to-date: /Users/howardkang/auto_car/install/yolov8_interface/lib/libyolov8_interface__rosidl_generator_py.dylib\n'}
[1.150856] (yolov8_interface) StderrLine: {'line': b'error: /Users/howardkang/miniconda3/envs/ros2/bin/install_name_tool: no LC_RPATH load command with path: /Users/howardkang/auto_car/build/yolov8_interface found in: /Users/howardkang/auto_car/install/yolov8_interface/lib/libyolov8_interface__rosidl_generator_py.dylib (for architecture arm64), required for specified option "-delete_rpath /Users/howardkang/auto_car/build/yolov8_interface"\n'}
[1.151078] (yolov8_interface) StdoutLine: {'line': b'-- Up-to-date: /Users/howardkang/auto_car/install/yolov8_interface/share/yolov8_interface/msg/InferenceResult.idl\n'}
[1.151170] (yolov8_interface) StdoutLine: {'line': b'-- Up-to-date: /Users/howardkang/auto_car/install/yolov8_interface/share/yolov8_interface/msg/Yolov8Inference.idl\n'}
[1.151255] (yolov8_interface) StdoutLine: {'line': b'-- Up-to-date: /Users/howardkang/auto_car/install/yolov8_interface/share/yolov8_interface/msg/InferenceResult.msg\n'}
[1.151314] (yolov8_interface) StdoutLine: {'line': b'-- Up-to-date: /Users/howardkang/auto_car/install/yolov8_interface/share/yolov8_interface/msg/Yolov8Inference.msg\n'}
[1.151388] (yolov8_interface) StdoutLine: {'line': b'-- Up-to-date: /Users/howardkang/auto_car/install/yolov8_interface/share/ament_index/resource_index/package_run_dependencies/yolov8_interface\n'}
[1.151469] (yolov8_interface) StdoutLine: {'line': b'-- Up-to-date: /Users/howardkang/auto_car/install/yolov8_interface/share/ament_index/resource_index/parent_prefix_path/yolov8_interface\n'}
[1.151523] (yolov8_interface) StdoutLine: {'line': b'-- Up-to-date: /Users/howardkang/auto_car/install/yolov8_interface/share/yolov8_interface/environment/ament_prefix_path.sh\n'}
[1.151587] (yolov8_interface) StdoutLine: {'line': b'-- Up-to-date: /Users/howardkang/auto_car/install/yolov8_interface/share/yolov8_interface/environment/ament_prefix_path.dsv\n'}
[1.151625] (yolov8_interface) StdoutLine: {'line': b'-- Up-to-date: /Users/howardkang/auto_car/install/yolov8_interface/share/yolov8_interface/environment/path.sh\n'}
[1.151687] (yolov8_interface) StdoutLine: {'line': b'-- Up-to-date: /Users/howardkang/auto_car/install/yolov8_interface/share/yolov8_interface/environment/path.dsv\n'}
[1.151752] (yolov8_interface) StdoutLine: {'line': b'-- Up-to-date: /Users/howardkang/auto_car/install/yolov8_interface/share/yolov8_interface/local_setup.bash\n'}
[1.151789] (yolov8_interface) StdoutLine: {'line': b'-- Up-to-date: /Users/howardkang/auto_car/install/yolov8_interface/share/yolov8_interface/local_setup.sh\n'}
[1.151825] (yolov8_interface) StdoutLine: {'line': b'-- Up-to-date: /Users/howardkang/auto_car/install/yolov8_interface/share/yolov8_interface/local_setup.zsh\n'}
[1.151884] (yolov8_interface) StdoutLine: {'line': b'-- Up-to-date: /Users/howardkang/auto_car/install/yolov8_interface/share/yolov8_interface/local_setup.dsv\n'}
[1.151952] (yolov8_interface) StdoutLine: {'line': b'-- Installing: /Users/howardkang/auto_car/install/yolov8_interface/share/yolov8_interface/package.dsv\n'}
[1.152188] (yolov8_interface) StdoutLine: {'line': b'-- Up-to-date: /Users/howardkang/auto_car/install/yolov8_interface/share/ament_index/resource_index/packages/yolov8_interface\n'}
[1.152316] (yolov8_interface) StdoutLine: {'line': b'-- Up-to-date: /Users/howardkang/auto_car/install/yolov8_interface/share/yolov8_interface/cmake/export_yolov8_interface__rosidl_generator_cExport.cmake\n'}
[1.152370] (yolov8_interface) StdoutLine: {'line': b'-- Up-to-date: /Users/howardkang/auto_car/install/yolov8_interface/share/yolov8_interface/cmake/export_yolov8_interface__rosidl_generator_cExport-noconfig.cmake\n'}
[1.152456] (yolov8_interface) StdoutLine: {'line': b'-- Up-to-date: /Users/howardkang/auto_car/install/yolov8_interface/share/yolov8_interface/cmake/export_yolov8_interface__rosidl_typesupport_fastrtps_cExport.cmake\n'}
[1.152520] (yolov8_interface) StdoutLine: {'line': b'-- Up-to-date: /Users/howardkang/auto_car/install/yolov8_interface/share/yolov8_interface/cmake/export_yolov8_interface__rosidl_typesupport_fastrtps_cExport-noconfig.cmake\n'}
[1.152605] (yolov8_interface) StdoutLine: {'line': b'-- Up-to-date: /Users/howardkang/auto_car/install/yolov8_interface/share/yolov8_interface/cmake/export_yolov8_interface__rosidl_generator_cppExport.cmake\n'}
[1.152707] (yolov8_interface) StdoutLine: {'line': b'-- Up-to-date: /Users/howardkang/auto_car/install/yolov8_interface/share/yolov8_interface/cmake/export_yolov8_interface__rosidl_typesupport_fastrtps_cppExport.cmake\n'}
[1.152776] (yolov8_interface) StdoutLine: {'line': b'-- Up-to-date: /Users/howardkang/auto_car/install/yolov8_interface/share/yolov8_interface/cmake/export_yolov8_interface__rosidl_typesupport_fastrtps_cppExport-noconfig.cmake\n'}
[1.152867] (yolov8_interface) StdoutLine: {'line': b'-- Up-to-date: /Users/howardkang/auto_car/install/yolov8_interface/share/yolov8_interface/cmake/yolov8_interface__rosidl_typesupport_introspection_cExport.cmake\n'}
[1.152919] (yolov8_interface) StdoutLine: {'line': b'-- Up-to-date: /Users/howardkang/auto_car/install/yolov8_interface/share/yolov8_interface/cmake/yolov8_interface__rosidl_typesupport_introspection_cExport-noconfig.cmake\n'}
[1.153002] (yolov8_interface) StdoutLine: {'line': b'-- Up-to-date: /Users/howardkang/auto_car/install/yolov8_interface/share/yolov8_interface/cmake/yolov8_interface__rosidl_typesupport_cExport.cmake\n'}
[1.153079] (yolov8_interface) StdoutLine: {'line': b'-- Up-to-date: /Users/howardkang/auto_car/install/yolov8_interface/share/yolov8_interface/cmake/yolov8_interface__rosidl_typesupport_cExport-noconfig.cmake\n'}
[1.153165] (yolov8_interface) StdoutLine: {'line': b'-- Up-to-date: /Users/howardkang/auto_car/install/yolov8_interface/share/yolov8_interface/cmake/yolov8_interface__rosidl_typesupport_introspection_cppExport.cmake\n'}
[1.153246] (yolov8_interface) StdoutLine: {'line': b'-- Up-to-date: /Users/howardkang/auto_car/install/yolov8_interface/share/yolov8_interface/cmake/yolov8_interface__rosidl_typesupport_introspection_cppExport-noconfig.cmake\n'}
[1.153376] (yolov8_interface) StdoutLine: {'line': b'-- Up-to-date: /Users/howardkang/auto_car/install/yolov8_interface/share/yolov8_interface/cmake/yolov8_interface__rosidl_typesupport_cppExport.cmake\n'}
[1.153447] (yolov8_interface) StdoutLine: {'line': b'-- Up-to-date: /Users/howardkang/auto_car/install/yolov8_interface/share/yolov8_interface/cmake/yolov8_interface__rosidl_typesupport_cppExport-noconfig.cmake\n'}
[1.153758] (yolov8_interface) StdoutLine: {'line': b'-- Up-to-date: /Users/howardkang/auto_car/install/yolov8_interface/share/yolov8_interface/cmake/export_yolov8_interface__rosidl_generator_pyExport.cmake\n'}
[1.153889] (yolov8_interface) StdoutLine: {'line': b'-- Up-to-date: /Users/howardkang/auto_car/install/yolov8_interface/share/yolov8_interface/cmake/export_yolov8_interface__rosidl_generator_pyExport-noconfig.cmake\n'}
[1.154022] (yolov8_interface) StdoutLine: {'line': b'-- Up-to-date: /Users/howardkang/auto_car/install/yolov8_interface/share/yolov8_interface/cmake/rosidl_cmake-extras.cmake\n'}
[1.154093] (yolov8_interface) StdoutLine: {'line': b'-- Up-to-date: /Users/howardkang/auto_car/install/yolov8_interface/share/yolov8_interface/cmake/ament_cmake_export_dependencies-extras.cmake\n'}
[1.154167] (yolov8_interface) StdoutLine: {'line': b'-- Up-to-date: /Users/howardkang/auto_car/install/yolov8_interface/share/yolov8_interface/cmake/ament_cmake_export_include_directories-extras.cmake\n'}
[1.154226] (yolov8_interface) StdoutLine: {'line': b'-- Up-to-date: /Users/howardkang/auto_car/install/yolov8_interface/share/yolov8_interface/cmake/ament_cmake_export_libraries-extras.cmake\n'}
[1.154299] (yolov8_interface) StdoutLine: {'line': b'-- Up-to-date: /Users/howardkang/auto_car/install/yolov8_interface/share/yolov8_interface/cmake/ament_cmake_export_targets-extras.cmake\n'}
[1.154357] (yolov8_interface) StdoutLine: {'line': b'-- Up-to-date: /Users/howardkang/auto_car/install/yolov8_interface/share/yolov8_interface/cmake/rosidl_cmake_export_typesupport_targets-extras.cmake\n'}
[1.154397] (yolov8_interface) StdoutLine: {'line': b'-- Up-to-date: /Users/howardkang/auto_car/install/yolov8_interface/share/yolov8_interface/cmake/rosidl_cmake_export_typesupport_libraries-extras.cmake\n'}
[1.154449] (yolov8_interface) StdoutLine: {'line': b'-- Up-to-date: /Users/howardkang/auto_car/install/yolov8_interface/share/yolov8_interface/cmake/yolov8_interfaceConfig.cmake\n'}
[1.154485] (yolov8_interface) StdoutLine: {'line': b'-- Up-to-date: /Users/howardkang/auto_car/install/yolov8_interface/share/yolov8_interface/cmake/yolov8_interfaceConfig-version.cmake\n'}
[1.154521] (yolov8_interface) StdoutLine: {'line': b'-- Up-to-date: /Users/howardkang/auto_car/install/yolov8_interface/share/yolov8_interface/package.xml\n'}
[1.155381] (yolov8_interface) CommandEnded: {'returncode': 0}
[1.236276] (-) TimerEvent: {}
[1.341364] (-) TimerEvent: {}
[1.411664] (yolov8_interface) JobEnded: {'identifier': 'yolov8_interface', 'rc': 0}
[1.412195] (-) EventReactorShutdown: {}
