[0.124s] Invoking command in '/Users/howardkang/auto_car/build/my_package': CONDA_PROMPT_MODIFIER=(ros2) SHLVL=2 _=/Users/howardkang/miniconda3/envs/ros2/bin/env __CF_USER_TEXT_ENCODING=0x1F5:0x0:0x0 /Users/howardkang/miniconda3/envs/ros2/bin/cmake --build /Users/howardkang/auto_car/build/my_package -- -j8 -l8
[0.272s] [  2%] Built target my_package__cpp
[0.280s] [ 12%] Built target my_package__rosidl_generator_c
[0.296s] [ 12%] Built target ament_cmake_python_symlink_my_package
[0.421s] [ 23%] Built target my_package__rosidl_typesupport_introspection_c
[0.432s] [ 38%] Built target my_package__rosidl_typesupport_fastrtps_cpp
[0.432s] [ 43%] Built target my_package__rosidl_typesupport_introspection_cpp
[0.439s] [ 53%] Built target my_package__rosidl_typesupport_cpp
[0.441s] [ 64%] Built target my_package__rosidl_typesupport_fastrtps_c
[0.454s] [ 74%] Built target my_package__rosidl_typesupport_c
[0.518s] [ 74%] Built target my_package
[0.577s] [ 76%] Built target my_package__py
[0.630s] [ 84%] Built target my_package__rosidl_generator_py
[0.695s] [ 89%] Built target my_package__rosidl_typesupport_c__pyext
[0.698s] [ 94%] Built target my_package__rosidl_typesupport_fastrtps_c__pyext
[0.703s] [100%] Built target my_package__rosidl_typesupport_introspection_c__pyext
[1.632s] running egg_info
[1.759s] writing my_package.egg-info/PKG-INFO
[1.812s] writing dependency_links to my_package.egg-info/dependency_links.txt
[2.177s] writing top-level names to my_package.egg-info/top_level.txt
[2.350s] reading manifest file 'my_package.egg-info/SOURCES.txt'
[2.351s] writing manifest file 'my_package.egg-info/SOURCES.txt'
[2.351s] [100%] Built target ament_cmake_python_build_my_package_egg
